book/booking3.csv
Academic license - for non-commercial use only - expires 2021-04-02
Using license file /home/takeda/gurobi.lic
Changed value of parameter TimeLimit to 86400.0
   Prev: inf  Min: 0.0  Max: inf  Default: inf
Changed value of parameter MIPFocus to 1
   Prev: 0  Min: 0  Max: 3  Default: 0
No parameters matching 'LPMethod' found

Statistics for model Unnamed :
  Linear constraint matrix    : 0 Constrs, 0 Vars, 0 NZs
  Matrix coefficient range    : [ 0, 0 ]
  Objective coefficient range : [ 0, 0 ]
  Variable bound range        : [ 0, 0 ]
  RHS coefficient range       : [ 0, 0 ]

========================= Solve Assignment Problem =========================
Gurobi Optimizer version 9.1.1 build v9.1.1rc0 (linux64)
Thread count: 4 physical cores, 8 logical processors, using up to 8 threads
Optimize a model with 82217 rows, 192493 columns and 639074 nonzeros
Model fingerprint: 0xd8de02a0
Variable types: 40712 continuous, 151781 integer (151781 binary)
Coefficient statistics:
  Matrix range     [2e-03, 9e+04]
  Objective range  [1e+00, 1e+01]
  Bounds range     [1e+00, 6e+02]
  RHS range        [1e-01, 4e+07]
Presolve removed 22081 rows and 182623 columns (presolve time = 6s) ...
Presolve removed 24756 rows and 182880 columns (presolve time = 11s) ...
Presolve removed 24838 rows and 182622 columns
Presolve time: 11.97s
Presolved: 57379 rows, 9871 columns, 399735 nonzeros
Variable types: 1238 continuous, 8633 integer (8633 binary)

Root simplex log...

Iteration    Objective       Primal Inf.    Dual Inf.      Time
       0      handle free variables                         14s
    6999    1.5778612e+35   5.395103e+35   1.577861e+05     15s
   12575    1.3262873e+34   8.429858e+35   1.326287e+04     20s
   14610    9.8103646e+33   3.015017e+35   9.810365e+03     25s
   16358    6.7596861e+33   3.967468e+36   6.759686e+03     30s
   18024    4.4140408e+33   3.924125e+35   4.414041e+03     35s
   19441    3.2052546e+33   3.668159e+35   3.205255e+03     40s
   20481    2.1641774e+33   9.823914e+35   2.164177e+03     45s
   21893    6.8336518e+32   1.722823e+35   6.833652e+02     50s
   23837    1.3470640e+32   3.383387e+34   1.347064e+02     55s
   25426    1.8835883e+31   1.200329e+35   1.883588e+01     60s
   28797    4.1242477e+04   1.335727e+07   0.000000e+00     65s
   30479    2.8202832e+04   7.761978e+07   0.000000e+00     70s
   32097    1.9501030e+04   1.328106e+06   0.000000e+00     75s
   33828    1.4209290e+04   5.331050e+05   0.000000e+00     80s
   35996    8.5196265e+03   3.664149e+05   0.000000e+00     85s
   38390    6.1327697e+03   8.662451e+05   0.000000e+00     90s
   40868    4.8495320e+03   1.178357e+05   0.000000e+00     95s
   43299    4.2625449e+03   0.000000e+00   0.000000e+00    100s
   43299    4.2625449e+03   0.000000e+00   0.000000e+00    100s
   43299    4.2625449e+03   0.000000e+00   0.000000e+00    100s

Root relaxation: objective 4.262545e+03, 43299 iterations, 86.80 seconds
Total elapsed time = 100.04s
Total elapsed time = 105.99s

    Nodes    |    Current Node    |     Objective Bounds      |     Work
 Expl Unexpl |  Obj  Depth IntInf | Incumbent    BestBd   Gap | It/Node Time

     0     0 4262.54494    0 1270          - 4262.54494      -     -  112s
     0     0 4356.19690    0 1300          - 4356.19690      -     -  124s
     0     0 4429.09329    0 1422          - 4429.09329      -     -  132s
     0     0 4460.78812    0 1415          - 4460.78812      -     -  140s
     0     0 4465.49572    0 1356          - 4465.49572      -     -  141s
     0     0 4466.29309    0 1377          - 4466.29309      -     -  142s
     0     0 4466.29866    0 1372          - 4466.29866      -     -  142s
     0     0 4603.32144    0 1465          - 4603.32144      -     -  157s
     0     0 4636.81145    0 1457          - 4636.81145      -     -  169s
     0     0 4639.89286    0 1483          - 4639.89286      -     -  175s
     0     0 4640.12030    0 1428          - 4640.12030      -     -  180s
     0     0 4640.18233    0 1378          - 4640.18233      -     -  183s
     0     0 4640.21178    0 1410          - 4640.21178      -     -  186s
     0     0 4968.23102    0 1821          - 4968.23102      -     -  241s
     0     0 5054.01164    0 1714          - 5054.01164      -     -  261s
     0     0 5067.19827    0 1691          - 5067.19827      -     -  273s
     0     0 5068.03286    0 1662          - 5068.03286      -     -  279s
     0     0 5068.28444    0 1667          - 5068.28444      -     -  282s
     0     0 5068.28982    0 1658          - 5068.28982      -     -  285s
     0     0 5154.02801    0 1577          - 5154.02801      -     -  374s
     0     0 5175.97345    0 1785          - 5175.97345      -     -  409s
     0     0 5181.32705    0 1744          - 5181.32705      -     -  423s
     0     0 5181.57741    0 1686          - 5181.57741      -     -  437s
     0     0 5181.81297    0 1671          - 5181.81297      -     -  439s
     0     0 5181.85537    0 1647          - 5181.85537      -     -  446s
H    0     0                    160003.00000 5181.85537  96.8%     -  457s
     0     0 5219.87469    0 1638 160003.000 5219.87469  96.7%     -  516s
H    0     0                    70961.000000 5219.87469  92.6%     -  524s
H    0     0                    35977.200000 5219.87469  85.5%     -  579s
H    0     0                    31216.699973 5219.87469  83.3%     -  628s
     0     2 5219.87469    0 1551 31216.7000 5219.87469  83.3%     -  656s
     1     4 5219.87469    1 1477 31216.7000 5219.87469  83.3%  5857  661s
     3     8 5232.08693    2 1699 31216.7000 5219.87469  83.3%  7445  720s
     7    12 5235.21123    3 1753 31216.7000 5232.08693  83.2%  9290  752s
H   10    12                    31184.700000 5232.08693  83.2%  8242  752s
    11    16 5235.21123    4 1638 31184.7000 5232.08693  83.2%  7724  773s
H   15    20                    31174.700000 5232.08693  83.2%  5870  817s
    19    24 5235.21123    6 1599 31174.7000 5232.08693  83.2%  5521  865s
H   23    31                    28643.700000 5232.08693  81.7%  4698  884s
H   30    37                    28642.699987 5232.08693  81.7%  3838  912s
H   34    37                    28590.699979 5232.08693  81.7%  3527  912s
H   36    41                    28579.700000 5232.08693  81.7%  3336  950s
H   38    41                    28549.700000 5232.08693  81.7%  3277  950s
H   39    41                    27822.700000 5232.08693  81.2%  3240  950s
    40    49 5259.36547   10 1656 27822.7000 5232.08693  81.2%  3189  977s
H   42    49                    27822.699773 5232.08693  81.2%  3162  977s
H   45    49                    27793.700000 5232.08693  81.2%  2957  977s
H   48    59                    27516.700000 5232.08693  81.0%  2947  998s
    58    69 5285.78144   15 1647 27516.7000 5232.08693  81.0%  2699 1024s
H   59    69                    27505.700000 5232.08693  81.0%  2653 1024s
H   65    69                    26728.700000 5232.08693  80.4%  2554 1024s
    68    85 5285.78144   18 1631 26728.7000 5232.08693  80.4%  2457 1036s
H   77    85                    26717.700000 5232.08693  80.4%  2206 1036s
    84    98 5288.97569   22 1664 26717.7000 5232.08693  80.4%  2079 1070s
    97   109 5288.97569   26 1627 26717.7000 5232.08693  80.4%  1950 1134s
H  102   109                    26716.700000 5232.08693  80.4%  1858 1134s
   108   121 5288.97576   30 1669 26716.7000 5232.08693  80.4%  1823 1147s
   120   140 5290.89383   36 1616 26716.7000 5232.08693  80.4%  1746 1161s
   139   159 5333.31279   39 1652 26716.7000 5232.08693  80.4%  1583 1173s
   158   181 5343.51967   42 1544 26716.7000 5232.08693  80.4%  1459 1185s
   180   203 5385.14192   50 1479 26716.7000 5232.08693  80.4%  1333 1197s
H  184   203                    26716.699906 5232.08693  80.4%  1305 1197s
   202   209 5589.65867   56 1509 26716.6999 5232.08693  80.4%  1222 1213s
   208   234 5686.36866   57 1496 26716.6999 5232.08693  80.4%  1202 1225s
   233   252 5982.32846   61 1495 26716.6999 5232.08693  80.4%  1113 1240s
   254   275 8243.44520   62 1517 26716.6999 5232.08693  80.4%  1075 1250s
   277   293 9229.18915   69 1489 26716.6999 5232.08693  80.4%  1029 1263s
   296   311 10059.2440   71 1422 26716.6999 5232.08693  80.4%   988 1308s
   314   350 9937.39156   73 1503 26716.6999 5232.08693  80.4%   953 1321s
H  350   350                    26695.700000 5232.08693  80.4%   880 1321s
   356   384 10034.6842   80 1389 26695.7000 5232.08693  80.4%   870 1338s
H  395   408                    26685.700000 5232.08693  80.4%   817 1531s
H  400   408                    24037.599999 5232.08693  78.2%   810 1531s
   419   451 10199.7624   99 1323 24037.6000 5232.08693  78.2%   786 1550s
   473   468 13078.1059  111 1311 24037.6000 5232.08693  78.2%   738 1568s
H  475   468                    24008.600000 5232.08693  78.2%   737 1568s
H  479   468                    24007.600000 5232.08693  78.2%   734 1568s
   492   496 13190.7742  113 1332 24007.6000 5232.08693  78.2%   736 1603s
H  524   496                    23822.200000 5232.08693  78.0%   714 1603s
   525   551 infeasible  119      23822.2000 5232.08693  78.0%   714 1620s
H  526   551                    23782.199991 5232.08693  78.0%   713 1620s
H  526   551                    20372.199995 5232.08693  74.3%   713 1620s
   586   595 13988.6461  129 1308 20372.2000 5232.08693  74.3%   671 1646s
H  591   595                    20342.200000 5232.08693  74.3%   669 1646s
   635   643 infeasible  140      20342.2000 5232.08693  74.3%   650 1664s
H  636   643                    20278.000000 5232.08693  74.2%   649 1664s
H  687   681                    18804.000000 5232.08693  72.2%   628 1696s
H  729   734                    18752.000000 5232.08693  72.1%   615 1716s
H  756   734                    18443.000000 5232.08693  71.6%   598 1716s
H  776   734                    18405.500000 5232.08693  71.6%   599 1716s
H  797   748                    18385.500000 5232.08693  71.5%   587 1753s
H  800   748                    18372.000000 5232.08693  71.5%   585 1753s
   814   799 infeasible  198      18372.0000 5232.08693  71.5%   585 1775s
H  815   799                    18360.000000 5232.08693  71.5%   585 1775s
H  858   799                    18353.000000 5232.08693  71.5%   575 1775s
   871   858 15120.2083  209  863 18353.0000 5232.08693  71.5%   571 1795s
H  899   858                    18341.000000 5232.08693  71.5%   571 1795s
   930   916 15165.3065  218  749 18341.0000 5232.08693  71.5%   561 1817s
H  951   916                    18323.000000 5232.08693  71.4%   554 1817s
H  967   916                    18240.999947 5232.08693  71.3%   554 1817s
   998   961 15337.1203  232  654 18240.9999 5232.08693  71.3%   545 1851s
H 1035   961                    18231.200000 5232.08693  71.3%   537 1851s
  1045  1082 15422.0221  252  459 18231.2000 5232.08693  71.3%   534 1878s
H 1047  1082                    17410.200000 5232.08693  69.9%   533 1878s
  1169  1168 15520.3978  285  328 17410.2000 5235.21123  69.9%   498 1905s
H 1203  1168                    17409.200000 5235.21123  69.9%   497 1905s
H 1205  1168                    17388.200000 5235.21123  69.9%   497 1905s
H 1268  1168                    17377.200000 5235.21123  69.9%   485 1905s
  1269  1242 5250.56203    4 1839 17377.2000 5235.21123  69.9%   485 1939s
H 1318  1242                    17261.200000 5235.21123  69.7%   485 1939s
  1353  1315 5282.54980    9 1785 17261.2000 5235.21123  69.7%   482 1980s
H 1405  1315                    17239.000000 5235.21123  69.6%   480 1980s
  1445  1353 5304.64714   22 1689 17239.0000 5235.21123  69.6%   480 2015s
H 1454  1351                    16923.000000 5235.21123  69.1%   483 2015s
H 1483  1350                    16645.000000 5235.21123  68.5%   485 2102s
  1484  1351 13881.6489  141 1638 16645.0000 5235.21123  68.5%   485 2289s
H 1485  1284                    16644.999976 5235.21123  68.5%   484 2653s
  1486  1284 8025.68821   58 1489 16645.0000 5235.21123  68.5%   484 2656s
  1487  1285 8570.83612   90 2025 16645.0000 5235.21123  68.5%   484 2706s
  1488  1286 7453.98198   78 2159 16645.0000 5293.77420  68.2%   483 2824s
  1489  1286 15034.2565  190 1862 16645.0000 5293.77420  68.2%   483 2873s
H 1489  1221                    16532.000000 5293.77420  68.0%   483 2930s
  1491  1223 5317.77092   16 2027 16532.0000 5317.77092  67.8%   482 2975s
  1492  1223 14957.4500  198 1977 16532.0000 5320.97848  67.8%   482 2992s
H 1492  1162                    16523.200000 5320.97848  67.8%   482 3018s
H 1493  1105                    16523.199994 5321.22037  67.8%   482 3048s
  1494  1106 8570.83612   90 1875 16523.2000 5321.22037  67.8%   481 3050s
  1495  1106 9893.46083   98 2006 16523.2000 5357.15933  67.6%   481 3114s
  1496  1107 5362.26278    6 1902 16523.2000 5362.26278  67.5%   481 3171s
  1497  1108 15262.0647  272 2007 16523.2000 5362.96969  67.5%   480 3188s
H 1497  1052                    16523.199988 5362.96969  67.5%   480 3204s
  1498  1052 15201.0887  220 1948 16523.2000 5363.15952  67.5%   480 3205s
  1499  1053 8398.09064   88 1966 16523.2000 5363.32820  67.5%   480 3211s
  1500  1054 6009.65445   42 1974 16523.2000 5364.28165  67.5%   479 3223s
  1501  1054 10434.5266  151 1965 16523.2000 5364.43963  67.5%   479 3230s
  1502  1055 10025.5504   92 1928 16523.2000 5364.44916  67.5%   479 3254s
  1503  1056 15021.2974  222 2048 16523.2000 5380.17552  67.4%   478 3314s
H 1503  1003                    16514.199994 5380.17552  67.4%   478 3336s
H 1503   953                    16514.199989 5380.17552  67.4%   478 3336s
  1505   954 5384.41609   44 2297 16514.2000 5384.41609  67.4%   478 3353s
H 1505   906                    16437.700000 5384.41609  67.2%   478 3380s
H 1505   860                    16384.700000 5384.41609  67.1%   478 3380s
H 1505   816                    15857.700000 5384.41609  66.0%   478 3380s
H 1505   775                    15846.699995 5384.41609  66.0%   478 3380s
  1507   776 5385.25909   19 2237 15846.7000 5385.25909  66.0%   477 3391s
H 1507   737                    15846.699992 5385.25909  66.0%   477 3417s
H 1507   700                    15846.699988 5385.25909  66.0%   477 3417s
  1509   702 12123.7191   76 2060 15846.7000 5388.68881  66.0%   477 3429s
  1510   702 5925.29236   60 2194 15846.7000 5388.83927  66.0%   476 3432s
  1511   703 15346.5168  117 2152 15846.7000 5388.85320  66.0%   476 3436s
  1512   704 10598.3982  191 2112 15846.7000 5391.06841  66.0%   476 3508s
  1514   706 5391.06841   53 1638 15846.7000 5391.06841  66.0%   600 3606s
  1516   707 5391.06841   11 1500 15846.7000 5391.06841  66.0%   600 3750s
H 1516   671                    15836.700000 5391.06841  66.0%   600 3774s
  1518   673 10360.5777  143 1773 15836.7000 5391.06841  66.0%   599 3805s
  1519   673 5391.06841    5 2116 15836.7000 5391.06841  66.0%   598 3844s
  1520   674 15496.9159  279 1947 15836.7000 5393.01853  65.9%   598 3888s
  1521   675 5402.29501   13 1875 15836.7000 5402.29501  65.9%   598 3911s
  1522   675 5403.83867   15 1945 15836.7000 5403.83867  65.9%   597 3921s
  1523   676 14830.3968  169 2007 15836.7000 5405.12055  65.9%   597 3928s
  1524   677 6005.31436   33 1976 15836.7000 5405.51609  65.9%   596 3930s
  1526   678 10631.9616  206 1943 15836.7000 5405.63216  65.9%   596 3946s
  1527   679 5432.55632   40 2031 15836.7000 5432.55632  65.7%   595 3978s
  1528   679 15032.1365  248 1984 15836.7000 5435.20912  65.7%   595 3983s
  1529   680 5435.89365   16 2016 15836.7000 5435.89365  65.7%   594 3988s
  1530   681 15538.9777  288 2030 15836.7000 5435.94472  65.7%   594 4002s
  1531   681 15373.9130  256 2190 15836.7000 5440.08677  65.6%   594 4027s
  1532   682 10431.2571  156 2192 15836.7000 5441.13908  65.6%   593 4033s
  1533   683 14860.9779  183 2153 15836.7000 5441.23421  65.6%   593 4035s
  1535   684 8376.21773   65 2142 15836.7000 5441.37161  65.6%   592 4040s
  1536   685 15388.7300  242 2137 15836.7000 5444.38432  65.6%   592 4048s
  1537   685 13614.6401  110 2185 15836.7000 5444.78961  65.6%   591 4056s
  1538   686 5445.23122    4 2141 15836.7000 5445.23122  65.6%   591 4060s
H 1539   652                    15816.700000 5445.36330  65.6%   591 4074s
  1540   652 10045.9690   95 2118 15816.7000 5445.43198  65.6%   590 4077s
  1541   653 15341.6462  230 2118 15816.7000 5446.74042  65.6%   590 4087s
H 1541   620                    15582.200000 5446.74042  65.0%   590 4136s
H 1541   589                    11583.200000 5446.74042  53.0%   590 4236s
  1543   593 5446.74042   23 2086 11583.2000 5446.74042  53.0%   675 4263s
  1545   597 5446.89266   24 2102 11583.2000 5446.74042  53.0%   678 4278s
  1549   599 5446.95729   25 2143 11583.2000 5446.89266  53.0%   682 4283s
  1553   602 5453.09051   25 2173 11583.2000 5446.95729  53.0%   688 4292s
H 1557   575                    11583.199749 5446.95729  53.0%   691 4299s
  1561   577 5461.49449   26 2154 11583.1997 5446.95729  53.0%   697 4332s
  1565   583 5461.49449   27 2153 11583.1997 5446.95729  53.0%   709 4345s
  1572   586 5482.83128   28 1954 11583.1997 5446.95729  53.0%   713 4374s
  1577   591 5516.15067   28 2023 11583.1997 5446.95729  53.0%   731 4405s
  1584   598 5482.85272   29 1980 11583.1997 5446.95729  53.0%   731 4412s
  1593   603 5493.17979   30 1858 11583.1997 5446.95729  53.0%   731 4422s
  1601   607 5499.95033   31 1724 11583.1997 5446.95729  53.0%   733 4431s
  1608   613 5507.20987   31 1908 11583.1997 5446.95729  53.0%   736 4444s
  1616   619 5509.43398   32 1871 11583.1997 5446.95729  53.0%   738 4453s
  1625   631 5552.92263   33 1709 11583.1997 5446.95729  53.0%   738 4460s
  1640   631 5616.75401   35 1561 11583.1997 5446.95729  53.0%   738 4470s
  1645   638 5616.75401   36 1575 11583.1997 5446.95729  53.0%   742 4477s
  1654   646 5810.47331   38 1481 11583.1997 5446.95729  53.0%   747 4485s
  1665   650 5846.40117   38 1522 11583.1997 5446.95729  53.0%   748 4493s
  1672   654 6159.00018   39 1491 11583.1997 5446.95729  53.0%   750 4502s
  1679   660 6305.99791   40 1442 11583.1997 5446.95729  53.0%   755 4516s
  1687   665 6309.17144   41 1466 11583.1997 5446.95729  53.0%   759 4523s
  1695   671 6745.92328   42 1460 11583.1997 5446.95729  53.0%   767 4535s
  1703   686 6745.93966   43 1445 11583.1997 5446.95729  53.0%   773 4547s
  1721   690 6823.66277   45 1445 11583.1997 5446.95729  53.0%   774 4559s
  1731   698 6836.51113   46 1432 11583.1997 5446.95729  53.0%   779 4569s
  1742   704 7421.87358   47 1254 11583.1997 5446.95729  53.0%   786 4580s
H 1744   674                    11413.199990 5446.95729  52.3%   786 4580s
H 1752   659                    11389.699995 5446.95729  52.2%   792 4595s
  1766   680 7013.87307   50 1458 11389.7000 5446.95729  52.2%   801 4608s
H 1775   652                    11379.700000 5446.95729  52.1%   806 4608s
H 1778   626                    11343.600000 5446.95729  52.0%   806 4608s
  1792   639 7050.61165   52 1377 11343.6000 5446.95729  52.0%   802 4621s
H 1796   615                    11339.200000 5446.95729  52.0%   803 4621s
H 1799   592                    11339.199990 5446.95729  52.0%   805 4621s
  1810   617 7070.27360   54 1376 11339.2000 5446.95729  52.0%   805 4634s
  1841   619 7130.32606   56 1324 11339.2000 5446.95729  52.0%   806 4644s
H 1859   608                    11320.200000 5446.95729  51.9%   813 4658s
  1885   619 7210.08012   62 1282 11320.2000 5446.95729  51.9%   817 4673s
H 1901   594                    11300.200000 5446.95729  51.8%   822 4673s
  1913   607 7250.69318   65 1291 11300.2000 5446.95729  51.8%   820 4690s
H 1931   582                    11280.200000 5446.95729  51.7%   824 4690s
  1942   587 8885.63964   68 1311 11280.2000 5446.95729  51.7%   824 4703s
H 1956   565                    11279.200000 5446.95729  51.7%   828 4703s
  1961   583 11141.3694   70 1336 11279.2000 5446.95729  51.7%   830 4713s
  1995   581 11149.7295   73 1235 11279.2000 5446.95729  51.7%   826 4744s
  2010   593 11202.6669   76 1330 11279.2000 5446.95729  51.7%   834 4762s
H 2018   573                    11278.200000 5446.95729  51.7%   833 4762s
  2039   619 11247.7049   81 1154 11278.2000 5447.04067  51.7%   832 4794s
H 2067   594                    11276.200000 5447.04067  51.7%   830 4794s
  2097   598 5452.89203   27 2210 11276.2000 5447.04067  51.7%   822 4955s
H 2100   582                    11240.199992 5447.04067  51.5%   821 4955s
H 2104   565                    11240.199942 5447.04067  51.5%   820 4955s
  2111   609 5452.89203   31 2189 11240.1999 5447.04067  51.5%   822 5006s
H 2114   594                    11240.199890 5447.04067  51.5%   821 5006s
  2161   598 5555.94969   40 2182 11240.1999 5447.04067  51.5%   826 5035s
  2186   615 5603.64765   41 2039 11240.1999 5447.04067  51.5%   827 5072s
  2211   625 5675.32834   42 2135 11240.1999 5447.04067  51.5%   829 5104s
  2233   635 5689.68274   43 2066 11240.1999 5447.04067  51.5%   834 5126s
  2261   697 5733.13838   44 2072 11240.1999 5447.04067  51.5%   837 5156s
  2332   728 5800.79789   45 2204 11240.1999 5447.04067  51.5%   825 5182s
H 2333   728                    11230.200000 5447.04067  51.5%   825 5182s
  2377   789 5802.27217   46 2200 11230.2000 5447.04067  51.5%   820 5257s
H 2383   789                    11229.200000 5447.04067  51.5%   820 5257s
H 2406   789                    11183.200000 5447.04067  51.3%   814 5257s
  2441   824 5806.32183   52 2153 11183.2000 5447.04067  51.3%   808 5311s
H 2443   824                    11134.200000 5447.04067  51.1%   808 5311s
  2502   844 6080.24999   56 1971 11134.2000 5447.04067  51.1%   814 5339s
H 2504   844                    11134.199992 5447.04067  51.1%   814 5339s
H 2505   844                    11134.199991 5447.04067  51.1%   813 5339s
H 2506   843                    11122.199992 5447.04067  51.0%   814 5339s
H 2516   757                    10855.700000 5447.04067  49.8%   813 5339s
H 2522   814                    10794.700000 5447.04067  49.5%   820 5376s
H 2524   814                    10794.699971 5447.04067  49.5%   820 5376s
H 2577   814                    10793.699938 5447.04067  49.5%   817 5376s
  2581   885 6107.59459   74 2067 10793.6999 5447.04067  49.5%   819 5420s
H 2652   956                    10753.200000 5447.04067  49.3%   808 5449s
H 2732   989                    10752.200000 5447.04067  49.3%   802 5477s
H 2744   989                    10751.200000 5447.04067  49.3%   803 5477s
H 2754   989                    10741.200000 5447.04067  49.3%   803 5477s
  2769  1067 6339.79252  105 1887 10741.2000 5447.04067  49.3%   807 5523s
H 2799  1067                    10733.200000 5447.04067  49.3%   806 5523s
  2849  1168 6586.39072  117 1659 10733.2000 5447.04067  49.3%   803 5556s
H 2901  1168                    10731.200000 5447.04067  49.2%   798 5556s
  2956  1295 6858.37909  121 1667 10731.2000 5447.04067  49.2%   792 5587s
H 3026  1295                    10721.200000 5447.04067  49.2%   786 5587s
  3086  1425 7432.11111  130 1679 10721.2000 5447.04067  49.2%   777 5627s
H 3088  1425                    10712.200000 5447.04067  49.2%   777 5627s
  3229  1570 10707.3154  136 1567 10712.2000 5447.04145  49.2%   758 5673s
H 3397  1657                    10712.199962 5447.04145  49.2%   746 5826s
H 3400  1657                    10712.199762 5447.04145  49.2%   748 5826s
H 3401  1657                    10711.200000 5447.04145  49.1%   748 5826s
H 3455  1656                    10703.199988 5447.04145  49.1%   741 5826s
  3484  1845 5503.81982   35 1819 10703.2000 5447.04145  49.1%   741 5870s
H 3505  1845                    10702.200000 5447.04145  49.1%   741 5870s
  3685  1984 5642.96755   40 1387 10702.2000 5447.04145  49.1%   722 5925s
H 3688  1984                    10701.200000 5447.04145  49.1%   722 5925s
H 3690  1984                    10700.200000 5447.04145  49.1%   723 5925s
  3848  2188 6741.52596   47 1410 10700.2000 5447.04145  49.1%   718 5978s
H 3956  2188                    10700.199991 5447.04145  49.1%   717 5978s
  4093  2349 7958.56820   62 1327 10700.2000 5447.04145  49.1%   708 6048s
  4280  2550 8215.21754   70 1416 10700.2000 5447.04145  49.1%   690 6111s
H 4474  2550                    10700.199584 5447.04145  49.1%   669 6111s
  4493  2694 8792.21351  107  692 10700.1996 5447.04145  49.1%   670 6163s
H 4655  2243                    10010.600000 5447.04145  45.6%   653 6163s
  4688  2201     cutoff  162      10010.6000 5447.09197  45.6%   654 6237s
H 4691  1962                    9713.2000000 5447.09197  43.9%   654 6237s
H 4709  1959                    9577.4000000 5447.09197  43.1%   654 6237s
H 4723  1607                    8937.9999918 5447.09197  39.1%   656 6237s
  4743  1648 5521.76876   35 1970 8937.99999 5447.09197  39.1%   663 6279s
H 4752  1634                    8928.0000000 5447.09197  39.0%   663 6279s
H 4764  1524                    8879.0000000 5447.09197  38.7%   662 6279s
H 4777  1432                    8788.0000000 5447.09197  38.0%   665 6279s
  4785  1458 5484.91815   35 1963 8788.00000 5447.09197  38.0%   668 6332s
H 4786  1454                    8787.0000000 5447.09197  38.0%   668 6332s
H 4792  1389                    8676.8000000 5447.09197  37.2%   673 6332s
H 4804  1379                    8589.8000000 5447.09197  36.6%   676 6332s
H 4811  1432                    8576.8000000 5447.09197  36.5%   676 6414s
  4874  1493 6266.31017   39 2037 8576.80000 5447.09197  36.5%   686 6496s
H 4888  1491                    8551.8000000 5447.09197  36.3%   687 6496s
H 4947  1582                    8531.7999901 5447.09197  36.2%   689 6559s
H 4954  1574                    8449.8000000 5447.09197  35.5%   693 6559s
  5050  1672 6299.50014   46 1828 8449.80000 5447.09197  35.5%   692 6633s
H 5075  1672                    8447.8000000 5447.09197  35.5%   696 6633s
  5173  1705 6356.82118   50 1727 8447.80000 5447.09197  35.5%   696 6702s
H 5188  1705                    8446.8000000 5447.09197  35.5%   700 6702s
H 5215  1705                    8445.8000000 5447.09197  35.5%   705 6702s
  5221  1833 6722.57248   55 1662 8445.80000 5447.09197  35.5%   708 6771s
H 5261  1833                    8444.8000000 5447.09197  35.5%   712 6771s
  5349  1896 7870.81277   62 1426 8444.80000 5447.09197  35.5%   709 6838s
H 5381  1894                    8423.8000000 5447.09197  35.3%   714 6839s
  5420  1976 8230.83337   73 1398 8423.80000 5447.09313  35.3%   717 6916s
H 5487  1976                    8413.8000000 5447.09313  35.3%   718 6916s
  5532  2150 5515.94856   56 2060 8413.80000 5447.09313  35.3%   721 6989s
H 5651  2150                    8413.7999959 5447.09313  35.3%   719 6989s
  5706  2392 5662.18139   90 1765 8413.80000 5447.09313  35.3%   715 7075s
H 5707  2385                    8381.8000000 5447.09313  35.0%   715 7075s
  5983  2402 infeasible  134      8381.80000 5447.09313  35.0%   702 7169s
  6054  2567 8299.69348  134 1432 8381.80000 5447.09896  35.0%   712 7269s
  6221  2703 5502.83942   57 2008 8381.80000 5447.09896  35.0%   707 7356s
H 6296  2667                    8363.8000000 5447.09896  34.9%   707 7356s
H 6362  2762                    8363.7999955 5447.09896  34.9%   708 7629s
H 6372  2746                    8362.8000000 5447.09896  34.9%   711 7629s
H 6400  2746                    8362.7999841 5447.09896  34.9%   709 7629s
H 6410  2733                    8353.8000000 5447.09896  34.8%   710 7629s
H 6413  2729                    8352.7999920 5447.09896  34.8%   710 7629s
  6480  2923 5494.05212   68 2045 8352.79999 5447.09896  34.8%   715 7750s
H 6484  2915                    8342.8000000 5447.09896  34.7%   714 7750s
  6674  3024 5654.05528   98 1682 8342.80000 5447.09896  34.7%   707 7868s
H 6811  3090                    8333.8000000 5447.09896  34.6%   708 8019s
H 6923  3181                    8324.8000000 5447.11604  34.6%   721 8143s
H 6958  3180                    8323.8000000 5447.11604  34.6%   722 8143s
H 6998  3170                    8314.8000000 5447.11604  34.5%   725 8143s
  7026  3306 5564.76775   64 1676 8314.80000 5447.11604  34.5%   729 8277s
  7183  3391 7009.49595   99 1625 8314.80000 5447.12021  34.5%   738 8427s
H 7290  3391                    8314.7999902 5447.12021  34.5%   742 8427s
  7291  3469 5447.12021   43 2176 8314.79999 5447.12021  34.5%   743 8562s
H 7324  3468                    8313.8000000 5447.12021  34.5%   746 8563s
  7399  3580 5499.53595   57 1927 8313.80000 5447.12021  34.5%   745 8693s
  7511  3723 5563.31932   80 1810 8313.80000 5447.12021  34.5%   746 8829s
H 7636  3723                    8313.7999963 5447.12021  34.5%   751 8829s
  7675  3804 6327.72555  124 1564 8313.80000 5447.12021  34.5%   752 8979s
  7804  4040 5456.02311   54 2177 8313.80000 5447.12180  34.5%   760 9141s
  8040  4234 5575.68824  126 1879 8313.80000 5447.12180  34.5%   757 9295s
H 8065  4234                    8313.7999864 5447.12180  34.5%   758 9295s
  8250  4257 6412.43363  176 1607 8313.79999 5447.12180  34.5%   760 9463s
  8348  4402 8306.14850  181 1415 8313.79999 5447.14591  34.5%   780 9631s
  8507  4548 5813.01248   96 1625 8313.79999 5447.14591  34.5%   795 9791s
  8751  4798 5522.38492   77 2019 8313.79999 5447.14591  34.5%   802 9994s
  9032  4991 5692.81471  122 1757 8313.79999 5447.14591  34.5%   795 10175s
H 9068  4989                    8311.8000000 5447.14591  34.5%   796 10175s
  9268  5169 6194.58132  170 1701 8311.80000 5447.14591  34.5%   798 10345s
H 9358  5169                    8311.7999906 5447.14591  34.5%   798 10345s
  9513  5449     cutoff  218      8311.79999 5447.22579  34.5%   802 10584s
  9801  5618 5647.00106  114 1771 8311.79999 5447.23931  34.5%   802 10877s
H 9804  5618                    8311.7999826 5447.23931  34.5%   802 10877s
 10045  5816 5465.03255   63 2143 8311.79998 5447.23931  34.5%   809 11102s
 10264  5817 5511.14445   73 1638 8311.79998 5447.23931  34.5%   815 11366s
 10266  5818 6772.27298  181 1608 8311.79998 5447.23931  34.5%   815 11418s
 10267  5819 6745.43044  192 2012 8311.79998 5447.23931  34.5%   815 11464s
 10268  5820 6924.90812  111 1984 8311.79998 5447.23931  34.5%   815 11521s
 10269  5820 5817.74631  155 2191 8311.79998 5447.23931  34.5%   814 11564s
 10270  5821 5706.14876  129 1914 8311.79998 5447.23931  34.5%   814 11615s
 10271  5822 5499.53972   60 1940 8311.79998 5447.23931  34.5%   814 11638s
 10272  5822 5469.23180   49 2039 8311.79998 5447.23931  34.5%   814 11655s
 10273  5823 5458.65744   39 2160 8311.79998 5447.23931  34.5%   814 11687s
 10274  5824 5651.25920  107 2148 8311.79998 5447.23931  34.5%   814 11693s
 10275  5824 6412.95639  103 2168 8311.79998 5447.23931  34.5%   814 11697s
 10276  5825 7033.46511  194 2156 8311.79998 5447.23931  34.5%   814 11702s
 10277  5826 5505.36030   82 2128 8311.79998 5447.23931  34.5%   814 11708s
 10278  5826 5904.37810   87 2155 8311.79998 5457.10233  34.3%   814 11753s
 10279  5827 8163.40841   63 2213 8311.79998 5458.93879  34.3%   814 11775s
 10280  5828 5513.95718   94 2169 8311.79998 5459.05771  34.3%   814 11781s
 10281  5828 5497.12050   78 2129 8311.79998 5459.12680  34.3%   814 11785s
 10282  5829 5491.91328   84 2068 8311.79998 5463.58213  34.3%   813 11818s
 10283  5830 5713.96490  134 2119 8311.79998 5464.49440  34.3%   813 11839s
 10284  5830 6215.99792  140 2146 8311.79998 5464.55257  34.3%   813 11847s
 10285  5831 7870.08593  137 2138 8311.79998 5465.60539  34.2%   813 11860s
H10285  5539                    8311.7999484 5465.60539  34.2%   813 11864s
 10286  5540 8175.37060  108 2105 8311.79995 5465.73674  34.2%   813 11865s
 10287  5540 5628.40081  101 2109 8311.79995 5465.80026  34.2%   813 11875s
 10288  5541 5511.54351   87 2055 8311.79995 5466.07247  34.2%   813 11888s
H10288  5263                    8311.7998437 5466.07247  34.2%   813 12135s
 10290  5267 5466.07247   38 2038 8311.79984 5466.07247  34.2%   827 12177s
H10292  5008                    8311.7997396 5466.07247  34.2%   827 12195s
 10296  5010 5466.23984   40 2152 8311.79974 5466.12378  34.2%   828 12214s
 10300  5013 5471.23501   40 2098 8311.79974 5466.23984  34.2%   830 12303s
 10308  5018 5480.61940   41 2120 8311.79974 5466.23984  34.2%   831 12324s
 10312  5023 5480.61940   42 2104 8311.79974 5466.23984  34.2%   831 12346s
 10318  5026 5499.81102   43 1903 8311.79974 5466.23984  34.2%   832 12386s
 10323  5031 5540.42321   43 1881 8311.79974 5466.23984  34.2%   837 12425s
 10330  5040 5499.81102   44 1895 8311.79974 5466.23984  34.2%   837 12436s
 10341  5044 5510.89611   45 1797 8311.79974 5466.23984  34.2%   836 12450s
 10349  5050 5526.46808   46 1806 8311.79974 5466.23984  34.2%   837 12464s
 10357  5060 5530.47656   47 1826 8311.79974 5466.23984  34.2%   838 12474s
 10370  5070 5568.18262   48 1770 8311.79974 5466.23984  34.2%   837 12485s
 10384  5080 5577.88633   50 1752 8311.79974 5466.23984  34.2%   837 12495s
 10399  5080 5645.54556   51 1542 8311.79974 5466.23984  34.2%   837 12556s
 10404  5089 5645.55604   52 1510 8311.79974 5466.23984  34.2%   837 12572s
 10415  5095 5866.52599   53 1537 8311.79974 5466.23984  34.2%   838 12585s
 10424  5100 6178.02196   54 1405 8311.79974 5466.23984  34.2%   838 12595s
 10432  5106 6458.86616   55 1398 8311.79974 5466.23984  34.2%   839 12613s
 10441  5110 6748.61483   57 1482 8311.79974 5466.23984  34.2%   840 12633s
 10448  5116 6961.68516   58 1356 8311.79974 5466.23984  34.2%   842 12646s
 10458  5126 7110.99667   58 1555 8311.79974 5466.23984  34.2%   842 12662s
 10472  5138 7085.29166   60 1371 8311.79974 5466.23984  34.2%   843 12675s
 10488  5140 7088.99857   61 1294 8311.79974 5466.23984  34.2%   843 12692s
H10500  4885                    8301.8000000 5466.23984  34.2%   843 12692s
 10502  4891 7272.88915   63 1354 8301.80000 5466.23984  34.2%   844 12708s
 10524  4902     cutoff   64      8301.80000 5466.23984  34.2%   843 12733s
H10526  4664                    8301.7999959 5466.23984  34.2%   843 12733s
 10547  4665 8183.57862   64 1365 8301.80000 5466.23984  34.2%   843 12748s
 10559  4674 8190.52835   66 1389 8301.80000 5466.23984  34.2%   844 12763s
H10566  4445                    8301.7999928 5466.23984  34.2%   844 12763s
 10579  4451 7702.18888   61 1251 8301.79999 5466.23984  34.2%   844 12795s
H10588  4233                    8301.7999909 5466.23984  34.2%   844 12795s
 10595  4240 5482.48795   42 2020 8301.79999 5466.23984  34.2%   844 12819s
 10604  4246 5495.37976   43 1973 8301.79999 5466.23984  34.2%   845 12861s
 10613  4253 5513.20026   45 1969 8301.79999 5466.23984  34.2%   847 12883s
H10614  4048                    8301.7999728 5466.23984  34.2%   847 12883s
 10623  4064 5596.19126   49 1718 8301.79997 5466.23984  34.2%   849 12906s
 10642  4072 5601.93001   50 1707 8301.79997 5466.23984  34.2%   849 12931s
 10656  4097 5679.65956   53 1418 8301.79997 5466.23984  34.2%   850 12947s
 10686  4116 6570.25711   59 1552 8301.79997 5466.23984  34.2%   849 12990s
 10715  4134 7059.06401   63 1526 8301.79997 5466.23984  34.2%   849 13014s
 10742  4150 7489.29166   67 1405 8301.79997 5466.23984  34.2%   849 13038s
 10767  4183 7923.18214   75 1400 8301.79997 5466.26546  34.2%   850 13066s
 10817  4193 5466.27696   42 2164 8301.79997 5466.26546  34.2%   849 13090s
 10856  4201 5472.21941   53 2188 8301.79997 5466.26546  34.2%   848 13139s
 10898  4198 5489.63896   58 2051 8301.79997 5466.26546  34.2%   848 13203s
 10909  4240 5489.68280   61 2036 8301.79997 5466.26546  34.2%   849 13234s
 10955  4281 5498.42817   72 2034 8301.79997 5466.26546  34.2%   847 13267s
 11011  4309 5510.76549   85 1978 8301.79997 5466.26546  34.2%   844 13330s
H11035  4108                    8301.7999462 5466.26546  34.2%   843 13330s
 11058  4138 5522.08675   97 1996 8301.79995 5466.26546  34.2%   842 13374s
 11096  4154 5546.17323  101 1779 8301.79995 5466.26546  34.2%   844 13444s
 11124  4204 5601.97880  106 1767 8301.79995 5466.26546  34.2%   844 13489s
H11178  4001                    8301.7998972 5466.26546  34.2%   842 13489s
 11184  4036 5622.69381  129 1527 8301.79990 5466.26546  34.2%   843 13519s
 11221  4072 5827.74006  136 1464 8301.79990 5466.26546  34.2%   844 13568s
 11273  4128 7495.60251  152 1393 8301.79990 5466.26546  34.2%   845 13610s
 11362  4124 7891.48254  153 1569 8301.79990 5466.27696  34.2%   843 13654s
 11409  4152 5472.66506   43 2220 8301.79990 5466.27696  34.2%   845 13699s
 11453  4180 5472.66506   44 2215 8301.79990 5466.27696  34.2%   846 13790s
 11503  4212 5512.24030   45 1887 8301.79990 5466.27696  34.2%   849 13878s
 11561  4283 5512.73607   46 1836 8301.79990 5466.27696  34.2%   852 13919s
 11659  4369 5530.10698   50 1891 8301.79990 5466.27696  34.2%   849 13972s
 11787  4478 7047.60494   54 1757 8301.79990 5466.27696  34.2%   845 14030s
 11954  4594 7099.92374   57 1645 8301.79990 5466.27696  34.2%   838 14082s
 12137  4733 7105.88874   59 1662 8301.79990 5466.27696  34.2%   830 14121s
 12347  4841 7681.63089   68 1502 8301.79990 5466.27696  34.2%   820 14165s
H12458  4630                    8301.7998929 5466.27696  34.2%   816 14165s
 12571  4669     cutoff   72      8301.79989 5466.27696  34.2%   812 14216s
 12695  4652 8039.58521   73 1617 8301.79989 5466.27696  34.2%   809 14274s
 12719  4711 8196.15023   75 1404 8301.79989 5466.27696  34.2%   809 14328s
 12794  4700 8196.16205   76 1404 8301.79989 5466.28042  34.2%   810 14566s
 12815  4754 5466.28043   46 2161 8301.79989 5466.28042  34.2%   814 14619s
 12876  4789 5498.05011   57 2070 8301.79989 5466.28042  34.2%   814 14695s
 12948  4771 5553.30312   82 1818 8301.79989 5466.28042  34.2%   816 14764s
 12980  4780 5638.90687   88 1906 8301.79989 5466.28042  34.2%   821 14816s
 13009  4823 5674.56878  100 1891 8301.79989 5466.28042  34.2%   826 14878s
 13062  4899 5812.22655  118 1789 8301.79989 5466.28042  34.2%   827 14938s
 13156  4912 5928.23242  156 1657 8301.79989 5466.28042  34.2%   826 14994s
 13204  4941 infeasible  169      8301.79989 5466.28043  34.2%   831 15052s
 13265  5007 5481.63987   57 1918 8301.79989 5466.28043  34.2%   834 15152s
 13358  5069 5527.19304   92 1908 8301.79989 5466.28043  34.2%   835 15220s
H13444  4873                    8301.7998844 5466.28043  34.2%   834 15220s
 13460  4959 5579.88930  110 1845 8301.79988 5466.28043  34.2%   836 15293s
 13553  5070 5648.31646  117 1601 8301.79988 5466.28043  34.2%   836 15354s
 13697  5131 6707.38175  140 1492 8301.79988 5466.28043  34.2%   835 15427s
H13739  4938                    8286.0000000 5466.28043  34.0%   836 15427s
 13846  4964 6955.29098  145 1500 8286.00000 5466.28043  34.0%   833 15505s
 13940  4983     cutoff  177      8286.00000 5466.28520  34.0%   834 15586s
 14006  5001 5513.16949   70 1942 8286.00000 5466.28520  34.0%   839 15681s
 14077  5067 5599.58710  106 2030 8286.00000 5466.28520  34.0%   844 15779s
 14167  5082 5954.43710  130 1649 8286.00000 5466.28558  34.0%   844 15865s
 14226  5183 5469.62424   52 2098 8286.00000 5466.28558  34.0%   851 15963s
 14347  5262 5557.93622  115 1711 8286.00000 5466.28558  34.0%   852 16058s
 14466  5334 5654.88564  124 1929 8286.00000 5466.28558  34.0%   854 16135s
H14534  5162                    8285.9999939 5466.28558  34.0%   855 16135s
 14578  5516 5758.39313  143 1946 8285.99999 5466.28558  34.0%   856 16265s
 14978  5459 5800.52679  166 1866 8285.99999 5466.28558  34.0%   842 16362s
 15068  5511 5899.52045  187 1532 8285.99999 5466.28558  34.0%   843 16485s
 15170  5547 7257.00472  212 1582 8285.99999 5466.28558  34.0%   848 16629s
 15258  5675 7777.01979  213 1632 8285.99999 5466.31651  34.0%   853 16779s
 15439  5710 5506.28627   79 2031 8285.99999 5466.31651  34.0%   853 16933s
 15548  5833 5647.53602  108 1984 8285.99999 5466.31651  34.0%   858 17103s
 15721  5958 6447.34038  161 1346 8285.99999 5466.31829  34.0%   860 17285s
 15968  5957 5505.93466   57 1862 8285.99999 5466.34134  34.0%   859 17436s
 16075  6024 6457.84323   69 1611 8285.99999 5466.34134  34.0%   865 17597s
 16180  6067 7932.19114   82 1403 8285.99999 5466.36990  34.0%   871 17862s
 16296  6143 5472.87258   63 2141 8285.99999 5469.63305  34.0%   876 18086s
 16425  6266 5501.61211   84 1986 8285.99999 5469.63305  34.0%   879 18305s
 16593  6407 5710.87441  146 1803 8285.99999 5469.63305  34.0%   882 18500s
 16798  6862 7096.55040  227 1305 8285.99999 5469.63305  34.0%   883 18705s
H17147  6594                    8285.0000000 5469.63305  34.0%   874 18705s
 17355  6710 8274.93491  478  196 8285.00000 5469.68043  34.0%   867 18955s
H17374  6553                    8284.0000000 5469.68043  34.0%   866 18955s
 17570  6657 5631.35288  120 1870 8284.00000 5469.68043  34.0%   869 19146s
H17574  6519                    8283.0000000 5469.68043  34.0%   870 19146s
 17755  6725 7174.28597  174 1484 8283.00000 5469.73483  34.0%   873 19405s
 17976  6832 5548.70742   94 1673 8283.00000 5469.73483  34.0%   874 19675s
 18130  6915 infeasible  145      8283.00000 5469.73483  34.0%   884 19915s
 18283  7078 7583.20183  168 1504 8283.00000 5469.75176  34.0%   893 20170s
 18498  7289 5669.68256  110 1599 8283.00000 5469.76136  34.0%   897 20422s
 18737  7507 7503.37590  144 1528 8283.00000 5469.86904  34.0%   900 20692s
 18993  7645 6288.03589   99 1706 8283.00000 5469.87079  34.0%   905 20976s
 19171  7841 5505.26635   68 1994 8283.00000 5469.87079  34.0%   912 21284s
 19425  8102 5768.36607  119 1609 8283.00000 5470.09623  34.0%   916 21598s
 19735  8369 7134.49882  116 1527 8283.00000 5470.50633  34.0%   921 21895s
 20038  8568 5595.43731  142 1859 8283.00000 5470.50633  34.0%   923 22230s
 20255  8919 7252.35929  177 1832 8283.00000 5470.60622  34.0%   932 22554s
H20582  8919                    8282.9999987 5470.60622  34.0%   933 22554s
 20639  8972 5564.12084  105 1814 8283.00000 5470.60622  34.0%   932 22935s
 20712 10066 5731.49456  128 1766 8283.00000 5470.90927  34.0%   936 24718s
H21616 10066                    8282.9999951 5470.93606  33.9%   946 24718s
H21886 10066                    8282.9999929 5470.96210  33.9%   959 24718s
 22294 10425 5490.42843   68 2181 8282.99999 5470.96210  33.9%   964 25116s
H22300 10425                    8282.9999801 5470.96210  33.9%   964 25116s
 22730 10685 5490.44385   75 2185 8282.99998 5470.96210  33.9%   954 25543s
H22732 10685                    8282.9999697 5470.96210  33.9%   954 25543s
H22736 10685                    8282.9999663 5470.96210  33.9%   954 25543s
 23055 11247 5719.35436  159 1829 8282.99997 5472.18942  33.9%   958 25984s
 23671 12155 5787.34856  140 1667 8282.99997 5472.19066  33.9%   959 26354s
 24667 12517 5516.22001   72 1855 8282.99997 5472.19066  33.9%   939 26653s
 25124 12724 5725.18400  146 1436 8282.99997 5472.20580  33.9%   936 27086s
H25277 12724                    8282.9998935 5472.20638  33.9%   939 27086s
H25380 13028                    8282.9997873 5472.20638  33.9%   947 27422s
 25702 13626 5780.63408  139 1790 8282.99979 5472.21298  33.9%   948 27757s
 26402 13807 5507.96163   50 1943 8282.99979 5472.23205  33.9%   942 28089s
 26650 13948 5494.18224   59 2097 8282.99979 5472.23205  33.9%   950 28506s
 26833 14256 5740.44377  128 1775 8282.99979 5472.23205  33.9%   958 28850s
 27181 14485 7897.59916  278  954 8282.99979 5472.41867  33.9%   961 29161s
 27466 14720 5744.81353   70 1831 8282.99979 5472.42475  33.9%   965 29489s
 27739 14868 5513.13233   57 1990 8282.99979 5472.54130  33.9%   970 29824s
 27917 15119 5476.15429   55 2122 8282.99979 5472.54130  33.9%   981 30162s
 28225 15519 5653.96125   78 1867 8282.99979 5472.66702  33.9%   985 30497s
 28639 16191 5531.32226   80 1939 8282.99979 5472.66702  33.9%   985 30965s
 29413 16453 7926.30523  131 1531 8282.99979 5472.67393  33.9%   975 31355s
 29814 16687 5555.90490   75 1844 8282.99979 5472.70471  33.9%   975 31863s
H29899 16687                    8282.9997667 5472.72693  33.9%   978 31863s
 30089 16805 5591.78546   51 1945 8282.99977 5472.72693  33.9%   980 32304s
 30207 17183 5771.24746   58 1787 8282.99977 5472.72693  33.9%   987 32632s
H30221 17183                    8282.9997086 5472.72693  33.9%   987 32632s
 30625 17501 6690.68487   77 1580 8282.99971 5472.72693  33.9%   988 33028s
 30971 17938 5664.15750  113 1842 8282.99971 5472.72693  33.9%   991 33517s
 31516 18203 5800.69308   91 2099 8282.99971 5472.80933  33.9%   990 34024s
 31845 18413 infeasible  161      8282.99971 5472.85076  33.9%   998 34493s
 32094 18683 6088.04362   56 1987 8282.99971 5472.86590  33.9%  1007 35009s
 32381 19018 6432.61200  126 1536 8282.99971 5472.88768  33.9%  1012 35622s
 32800 19401 5738.36534   68 1850 8282.99971 5472.90213  33.9%  1018 36091s
 33235 19652 5735.13486   86 1971 8282.99971 5473.02450  33.9%  1024 36516s
 33537 20022 5702.41048   83 2214 8282.99971 5473.10630  33.9%  1032 37144s
 33947 20391 5694.90377   67 2071 8282.99971 5473.10630  33.9%  1039 37728s
 34368 20755 7634.06669  208 1515 8282.99971 5473.40571  33.9%  1046 38324s
 34787 21279 5787.39158  113 1995 8282.99971 5473.53359  33.9%  1051 39023s
H35092 21122                    8272.0000000 5473.53735  33.8%  1048 39023s
 35393 21723 5854.01973   59 2155 8272.00000 5473.61051  33.8%  1051 39592s
H35397 21723                    8271.9999656 5473.61051  33.8%  1052 39592s
 36063 21939 7216.30615  160 1549 8271.99997 5473.68271  33.8%  1047 40088s
H36109 21939                    8271.9999312 5473.68271  33.8%  1048 40088s
 36329 22215 5902.19482  117 1830 8271.99993 5473.82158  33.8%  1055 40760s
H36365 22215                    8271.9998245 5473.82158  33.8%  1055 40760s
H36459 22215                    8271.9997650 5473.96621  33.8%  1057 40760s
 36691 22450 5685.51121   66 2096 8271.99977 5473.99019  33.8%  1061 41213s
 36954 22819 5719.68286   76 2001 8271.99977 5473.99019  33.8%  1069 41831s
 37403 23095 infeasible  164      8271.99977 5474.01795  33.8%  1073 42323s
H37406 23095                    8271.9995302 5474.01795  33.8%  1073 42323s
 37739 23292 8092.42408   79 1469 8271.99953 5474.03277  33.8%  1081 42865s
 37983 23623 5791.27853  108 2040 8271.99953 5474.17359  33.8%  1089 43663s
H37985 23623                    8271.9994130 5474.17359  33.8%  1089 43663s
 38403 24030 5681.98364   42 2121 8271.99941 5474.17359  33.8%  1097 44167s
 38828 24261 8051.33795  179 1491 8271.99941 5474.19447  33.8%  1102 44648s
 39187 24555 7980.53063  101 1557 8271.99941 5474.39135  33.8%  1110 45170s
 39561 24994 6025.90936  150 1924 8271.99941 5474.42813  33.8%  1116 45673s
 40099 25278 5697.21982   59 2106 8271.99941 5474.42813  33.8%  1117 46181s
 40396 25793 7884.16352  129 1715 8271.99941 5474.46539  33.8%  1118 46720s
 40962 26231 6398.38185  131 1509 8271.99941 5474.66326  33.8%  1118 47308s
 41522 26348 6128.91366   74 1909 8271.99941 5475.02701  33.8%  1119 47858s
 41711 26851 5702.68329   74 2070 8271.99941 5475.18063  33.8%  1127 48937s
 42348 27180 7412.37645  101 1897 8271.99941 5475.28244  33.8%  1138 49588s
 42727 27662 5690.68578   64 2090 8271.99941 5475.58629  33.8%  1147 50480s
 43295 27854 5775.28179   71 1884 8271.99941 5475.64138  33.8%  1153 51079s
 43558 28089 5691.67845   63 2034 8271.99941 5475.70328  33.8%  1165 51701s
 43845 28625 5770.90601   61 2021 8271.99941 5475.72577  33.8%  1178 52420s
 44452 29010 8165.25148  218  631 8271.99941 5475.85029  33.8%  1182 53065s
 44972 29320 5899.29371  115 1961 8271.99941 5475.85945  33.8%  1188 54042s
 45451 29699 6029.30117   68 1934 8271.99941 5475.95739  33.8%  1197 54660s
 45896 29878 6006.77196   83 1676 8271.99941 5475.95739  33.8%  1205 55443s
 46119 30152 6233.21999   83 1628 8271.99941 5475.98517  33.8%  1218 56130s
 46451 30533 6122.13663   99 1634 8271.99941 5476.11245  33.8%  1225 56872s
 46998 30859 5962.56238  112 1841 8271.99941 5476.24658  33.8%  1231 57533s
 47413 31462 6104.65826   77 1924 8271.99941 5476.37173  33.8%  1237 58292s
H47805 31250                    8261.8000000 5476.37173  33.7%  1235 58292s
 48060 31594 5863.11800  121 1954 8261.80000 5476.56289  33.7%  1237 59101s
H48196 31594                    8261.7999897 5476.56289  33.7%  1239 59101s
 48476 32147 6011.42675  121 1983 8261.79999 5476.93767  33.7%  1242 59724s
H48508 32124                    8260.8000000 5476.93767  33.7%  1242 59724s
H48636 31945                    8251.8000000 5476.93767  33.6%  1241 59724s
 49078 32463 5683.66590   52 2139 8251.80000 5477.19382  33.6%  1242 60337s
H49100 32437                    8249.8000000 5477.19382  33.6%  1242 60337s
H49572 32422                    8248.7992072 5477.22254  33.6%  1244 60337s
 49673 32846 5695.66632   66 2025 8248.79921 5477.22254  33.6%  1243 60920s
 50145 33587 7877.09595  237  789 8248.79921 5477.27736  33.6%  1246 61620s
H50387 33400                    8239.8000000 5477.27736  33.5%  1248 61620s
 50993 33754 5889.13741   98 1838 8239.80000 5477.28880  33.5%  1242 62232s
H51113 33754                    8239.7999916 5477.31125  33.5%  1244 62232s
 51455 34089 5704.94091   58 2077 8239.79999 5477.32390  33.5%  1249 62812s
H51495 34089                    8239.7999833 5477.32390  33.5%  1250 62812s
 51850 34539 8039.43070  137 1676 8239.79998 5477.34060  33.5%  1254 63359s
H51900 34539                    8239.7999402 5477.34060  33.5%  1254 63359s
 52367 34813     cutoff  135      8239.79994 5477.38579  33.5%  1254 63808s
 52722 35143 5857.09646  101 1974 8239.79994 5477.58930  33.5%  1254 64286s
 53097 35439 5697.93353   47 1953 8239.79994 5477.60471  33.5%  1258 64682s
 53430 35725 5697.17485   55 2133 8239.79994 5477.64930  33.5%  1260 65138s
 53751 36145 5860.10741   57 2084 8239.79994 5477.80862  33.5%  1264 65844s
 54306 36351 6231.65501   78 2256 8239.79994 5477.80862  33.5%  1264 66263s
 54551 36585 6721.29529  131 1887 8239.79994 5477.94963  33.5%  1270 66873s
 54894 36827 5899.34864   72 2041 8239.79994 5478.18158  33.5%  1273 67574s
H54900 36827                    8239.7994362 5478.18158  33.5%  1274 67574s
 55175 36949 6370.38447  145 1683 8239.79944 5478.18832  33.5%  1274 68055s
 55378 37164 5727.14514   54 2080 8239.79944 5478.20321  33.5%  1281 68543s
H55527 37164                    8239.7994310 5478.20321  33.5%  1286 68543s
 55619 37421 6204.46486   71 1805 8239.79943 5478.21584  33.5%  1288 69210s
 55937 37732 5722.46350   69 2133 8239.79943 5478.26660  33.5%  1295 69826s
 56292 38338 5693.25284   62 2132 8239.79943 5478.27024  33.5%  1299 70362s
 56966 38678 7109.09273  220 1541 8239.79943 5478.32542  33.5%  1296 70889s
H57283 38678                    8239.7994255 5478.53038  33.5%  1294 70889s
 57369 38923 6016.10910  100 1796 8239.79943 5478.54378  33.5%  1299 71439s
 57694 39255 5719.03698   97 2155 8239.79943 5478.80908  33.5%  1302 71927s
 58026 39504 6247.25302  136 1547 8239.79943 5478.80908  33.5%  1302 72422s
 58330 39828 5718.15102   51 2107 8239.79943 5479.04567  33.5%  1306 73055s
 58713 40087 6603.44631   56 1707 8239.79943 5479.34475  33.5%  1311 73635s
 59102 40242 5682.84586   54 2122 8239.79943 5479.36625  33.5%  1318 74261s
 59339 40629 5716.63305   58 2097 8239.79943 5479.62080  33.5%  1325 74956s
 59793 41030 5739.71614   81 2110 8239.79943 5479.66245  33.5%  1329 75570s
 60226 41296 5692.38673   56 2008 8239.79943 5479.66245  33.5%  1331 76215s
 60583 41692 infeasible  169      8239.79943 5479.66877  33.5%  1337 76858s
 61070 42106 5853.99833   52 2285 8239.79943 5479.66877  33.5%  1340 77615s
H61325 42106                    8239.7993824 5479.66877  33.5%  1340 77615s
 61557 42766 6166.71047   94 1839 8239.79938 5479.69904  33.5%  1341 78370s
 62343 42970 5792.18945   67 2063 8239.79938 5479.73171  33.5%  1337 79004s
 62574 43456 5696.60219   49 2072 8239.79938 5479.83416  33.5%  1342 80071s
 63167 43903 5862.93413   69 2051 8239.79938 5479.93565  33.5%  1346 80933s
 63684 44201 5714.45234   74 2008 8239.79938 5480.00485  33.5%  1349 81660s
 63982 44548 6582.15632  177 1602 8239.79938 5480.05898  33.5%  1350 82403s
 64377 44990 6093.19832  122 1639 8239.79938 5480.22255  33.5%  1354 83087s
 64903 45317 6845.37521  139 1691 8239.79938 5480.52973  33.5%  1357 83654s
 65356 45640 5864.92200   51 2162 8239.79938 5480.68721  33.5%  1362 84319s
 65770 46006 5700.91657   44 2145 8239.79938 5480.91655  33.5%  1367 84941s
 66194 46655 7143.21902   64 1515 8239.79938 5480.94649  33.5%  1372 85545s
 66899 47123 6045.56363  127 1633 8239.79938 5480.94649  33.5%  1367 86288s
 67451 47204 5699.01603   70 2097 8239.79938 5480.94649  33.5%  1365 86400s

Cutting planes:
  Gomory: 29
  Cover: 78
  Implied bound: 57
  Clique: 15
  MIR: 415
  StrongCG: 1
  Flow cover: 566
  GUB cover: 1
  Inf proof: 1
  Zero half: 401
  RLT: 190
  Relax-and-lift: 554

Explored 67532 nodes (92333422 simplex iterations) in 86400.27 seconds
Thread count was 8 (of 8 available processors)

Solution count 10: 8239.8 8239.8 8239.8 ... 8249.8

Time limit reached
Best objective 8.239799354936e+03, best bound 5.480946486527e+03, gap 33.4820%
-----------------------------------------------------------------
penalty count => 

[weight]
Object1's weight : 1
Object2's weight : 1
Object3's weight : 1
Object4's weight : 1
Object5's weight : 0

[penalty & benefit]
Different discharge port in one hold                  : 10  39.99999798217446
Different loading port in pair hold                   : 1  85
Different discharge port in pair hold                 : 10  74
The number of cars passed holds that exceed threshold : 10  768.9999304251212
The benefit remaining RT of hold near the entrance    : 63.01999324381367
The penalty of total dead space                       : 1000  1488.0

 => Total penalty is 8239.79935493615
-----------------------------------------------------------------
