book/booking2.csv
Academic license - for non-commercial use only - expires 2021-04-02
Using license file /home/takeda/gurobi.lic
Changed value of parameter TimeLimit to 86400.0
   Prev: inf  Min: 0.0  Max: inf  Default: inf
Changed value of parameter MIPFocus to 1
   Prev: 0  Min: 0  Max: 3  Default: 0
No parameters matching 'LPMethod' found

Statistics for model Unnamed :
  Linear constraint matrix    : 0 Constrs, 0 Vars, 0 NZs
  Matrix coefficient range    : [ 0, 0 ]
  Objective coefficient range : [ 0, 0 ]
  Variable bound range        : [ 0, 0 ]
  RHS coefficient range       : [ 0, 0 ]

========================= Solve Assignment Problem =========================
Gurobi Optimizer version 9.1.1 build v9.1.1rc0 (linux64)
Thread count: 4 physical cores, 8 logical processors, using up to 8 threads
Optimize a model with 55560 rows, 153961 columns and 375476 nonzeros
Model fingerprint: 0x6738918c
Variable types: 26778 continuous, 127183 integer (127183 binary)
Coefficient statistics:
  Matrix range     [1e-03, 9e+04]
  Objective range  [1e+00, 1e+01]
  Bounds range     [1e+00, 7e+02]
  RHS range        [1e-01, 4e+07]
Presolve removed 14030 rows and 146197 columns (presolve time = 5s) ...
Presolve removed 15398 rows and 146239 columns (presolve time = 10s) ...
Presolve removed 15294 rows and 146135 columns
Presolve time: 11.13s
Presolved: 40266 rows, 7826 columns, 261447 nonzeros
Variable types: 1034 continuous, 6792 integer (6792 binary)

Root simplex log...

Iteration    Objective       Primal Inf.    Dual Inf.      Time
       0   -4.6580000e+03   4.437072e+03   0.000000e+00     13s
    3485   -6.1484788e+02   6.486793e+03   0.000000e+00     15s
    8910    1.1927600e+03   0.000000e+00   0.000000e+00     17s
    9029    1.1927600e+03   0.000000e+00   0.000000e+00     18s
Extra simplex iterations after uncrush: 119

Root relaxation: objective 1.192760e+03, 9029 iterations, 5.71 seconds
Total elapsed time = 34.51s

    Nodes    |    Current Node    |     Objective Bounds      |     Work
 Expl Unexpl |  Obj  Depth IntInf | Incumbent    BestBd   Gap | It/Node Time

     0     0 1192.75996    0 1083          - 1192.75996      -     -   39s
     0     0 1396.28751    0 1640          - 1396.28751      -     -   74s
     0     0 1421.13643    0 1387          - 1421.13643      -     -   90s
     0     0 1421.91731    0 1396          - 1421.91731      -     -   94s
     0     0 1421.93019    0 1362          - 1421.93019      -     -   95s
     0     0 1498.14218    0 1414          - 1498.14218      -     -  124s
     0     0 1516.20860    0 1355          - 1516.20860      -     -  138s
     0     0 1518.27798    0 1377          - 1518.27798      -     -  145s
     0     0 1518.36078    0 1329          - 1518.36078      -     -  149s
     0     0 1518.36078    0 1309          - 1518.36078      -     -  152s
     0     0 1597.22714    0 1426          - 1597.22714      -     -  177s
     0     0 1614.79170    0 1240          - 1614.79170      -     -  198s
     0     0 1616.62361    0 1236          - 1616.62361      -     -  206s
     0     0 1619.37066    0 1206          - 1619.37066      -     -  210s
     0     0 1619.42809    0 1278          - 1619.42809      -     -  226s
     0     0 1619.42809    0 1233          - 1619.42809      -     -  233s
     0     0 1651.77332    0 1478          - 1651.77332      -     -  266s
     0     0 1672.45316    0 1294          - 1672.45316      -     -  314s
     0     0 1673.27427    0 1327          - 1673.27427      -     -  323s
H    0     0                    22284.200000 1673.27427  92.5%     -  350s
H    0     0                    21156.200000 1673.27427  92.1%     -  350s
H    0     0                    20896.200000 1673.27427  92.0%     -  350s
H    0     0                    20642.200000 1673.27427  91.9%     -  350s
     0     0 1678.42840    0 1389 20642.2000 1678.42840  91.9%     -  350s
     0     0 1678.58765    0 1337 20642.2000 1678.58765  91.9%     -  356s
     0     0 1678.66633    0 1353 20642.2000 1678.66633  91.9%     -  360s
     0     0 1678.69800    0 1353 20642.2000 1678.69800  91.9%     -  363s
     0     0 1703.40798    0 1396 20642.2000 1703.40798  91.7%     -  398s
H    0     0                    20611.200000 1703.40798  91.7%     -  404s
H    0     0                    12852.199974 1703.40798  86.7%     -  423s
     0     2 1703.40798    0 1374 12852.2000 1703.40798  86.7%     -  468s
     3     8 1710.84009    2 1351 12852.2000 1703.47314  86.7%  4031  482s
H    5     8                    12832.200000 1703.47314  86.7%  2901  482s
     7    12 1716.60965    3 1354 12832.2000 1709.41667  86.7%  3093  489s
    11    16 1716.60965    4 1276 12832.2000 1709.41667  86.7%  2629  505s
H   13    16                    12812.200000 1709.41667  86.7%  2816  505s
    15    20 1716.60965    5 1287 12812.2000 1710.84009  86.6%  3090  514s
H   18    20                    12801.200000 1710.84009  86.6%  3109  514s
    19    24 1729.57511    5 1345 12801.2000 1710.84009  86.6%  3119  525s
H   20    24                    12791.200000 1710.84009  86.6%  2963  525s
H   23    30                    12773.900000 1710.84009  86.6%  2730  533s
    29    34 1732.21093    7 1313 12773.9000 1710.84009  86.6%  2339  540s
H   30    34                    12771.900000 1710.84009  86.6%  2261  540s
H   32    34                    12758.900000 1710.84009  86.6%  2169  540s
H   37    41                    12748.900000 1710.84009  86.6%  1958  544s
    40    45 1732.21093   10 1244 12748.9000 1710.84009  86.6%  1897  553s
    44    51 1732.21093   11 1242 12748.9000 1710.84009  86.6%  1799  573s
    50    59 1732.21093   13 1240 12748.9000 1710.84009  86.6%  1768  584s
    58    64 1732.21093   15 1223 12748.9000 1710.84009  86.6%  1584  594s
    63    68 1732.21093   17 1209 12748.9000 1710.84009  86.6%  1617  606s
    67    81 1732.47411   18 1209 12748.9000 1710.84009  86.6%  1548  613s
    80    93 1733.20315   22 1191 12748.9000 1710.84009  86.6%  1381  619s
H   83    93                    12738.900000 1710.84009  86.6%  1355  619s
H   91    93                    12732.900000 1710.84009  86.6%  1263  619s
    92   101 1736.91254   25 1242 12732.9000 1710.84009  86.6%  1265  624s
H  100   105                    12732.899990 1710.84009  86.6%  1216  681s
   104   112 1759.50840   26 1208 12732.9000 1710.84009  86.6%  1200  686s
   111   121 1760.92567   27 1225 12732.9000 1710.84009  86.6%  1213  695s
H  116   121                    12687.900000 1710.84009  86.5%  1171  695s
   120   142 1767.19582   27 1155 12687.9000 1710.84009  86.5%  1181  705s
H  140   142                    12687.899971 1710.84009  86.5%  1087  705s
   141   153 1996.65211   30 1171 12687.9000 1710.84009  86.5%  1106  711s
   152   172 2102.62506   32 1124 12687.9000 1710.84009  86.5%  1065  718s
   171   187 2248.04583   38 1059 12687.9000 1710.84009  86.5%   993  724s
   186   198 2477.26586   42 1064 12687.9000 1710.84009  86.5%   949  731s
   198   208 5577.36779   45 1215 12687.9000 1710.84009  86.5%   960  757s
H  203   208                    12658.900000 1710.84009  86.5%   953  757s
   209   218 5222.34455   47 1093 12658.9000 1710.84009  86.5%   959  764s
H  218   218                    8398.9000000 1710.84009  79.6%   952  764s
H  219   238                    8388.9000000 1710.84009  79.6%   959  773s
H  236   238                    8149.9000000 1710.84009  79.0%   921  773s
   240   252 6205.05476   61 1042 8149.90000 1710.84009  79.0%   921  782s
H  255   252                    8144.9000000 1710.84009  79.0%   916  782s
   256   268 6261.49879   67 1014 8144.90000 1710.84009  79.0%   922  791s
   273   294 6299.40855   70 1052 8144.90000 1710.84009  79.0%   915  803s
H  296   294                    8143.9000000 1710.84009  79.0%   876  803s
H  300   298                    8143.8999975 1710.84009  79.0%   874  874s
H  301   298                    8124.8999919 1710.84009  78.9%   871  874s
   304   319 6362.73595   76  974 8124.89999 1710.84009  78.9%   878  884s
   329   326 6378.07220   82  990 8124.89999 1710.84009  78.9%   857  897s
H  330   320                    6593.9000000 1710.84009  74.1%   854  897s
   338   345 infeasible   84      6593.90000 1710.84009  74.1%   857  907s
H  371   372                    6586.9000000 1710.84009  74.0%   817  918s
H  395   372                    6583.9000000 1710.84009  74.0%   790  918s
   401   401 6452.03886  103  856 6583.90000 1710.84009  74.0%   784  929s
   437   424 6492.41127  115  736 6583.90000 1710.84009  74.0%   752  938s
H  448   424                    6580.9000000 1710.84009  74.0%   743  938s
H  456   424                    6552.9000000 1710.84009  73.9%   739  938s
   467   442 infeasible  123      6552.90000 1711.75058  73.9%   731  953s
   497   456 1715.81072    4 1379 6552.90000 1711.75058  73.9%   712  979s
H  499   455                    6537.9000000 1711.75058  73.8%   714  979s
   511   486 1724.82721    5 1308 6537.90000 1711.75058  73.8%   703  989s
H  550   514                    6536.9000000 1711.75058  73.8%   679 1005s
   580   559 1731.64293   12 1226 6536.90000 1711.75058  73.8%   667 1016s
H  599   555                    6520.9000000 1711.75058  73.7%   657 1016s
   627   611 1733.78609   20 1231 6520.90000 1711.75058  73.7%   639 1032s
H  655   572                    6370.9000000 1711.75058  73.1%   617 1032s
H  680   566                    6310.9000000 1711.75058  72.9%   605 1032s
   689   606 5898.44691   47 1189 6310.90000 1711.75058  72.9%   605 1062s
H  700   604                    6290.9000000 1711.75058  72.8%   597 1062s
H  712   603                    6257.2999993 1711.75058  72.6%   591 1062s
H  724   589                    5750.9000000 1711.75058  70.2%   587 1062s
H  735   636                    5749.9000000 1711.75058  70.2%   585 1075s
   786   676 2245.72698   62 1206 5749.90000 1711.75058  70.2%   568 1099s
H  791   675                    5739.9000000 1711.75058  70.2%   571 1099s
H  792   675                    5722.9000000 1711.75058  70.1%   570 1099s
   836   735 2733.78642   66 1133 5722.90000 1711.75058  70.1%   551 1114s
H  900   739                    5720.8999461 1711.75058  70.1%   533 1137s
H  900   687                    5452.2000000 1711.75058  68.6%   533 1137s
H  903   664                    5379.9000000 1711.75058  68.2%   533 1137s
   904   714 3025.85492   71 1200 5379.90000 1711.75058  68.2%   534 1158s
H  944   673                    5214.2000000 1711.75058  67.2%   525 1158s
H  977   691                    5067.2000000 1711.75058  66.2%   512 1179s
H  979   686                    5014.1998657 1711.75058  65.9%   513 1179s
H 1004   716                    4903.2000000 1711.75058  65.1%   515 1204s
  1035   751 3250.34306   80 1303 4903.20000 1711.75058  65.1%   526 1230s
  1074   801 3243.37592   80 1323 4903.20000 1711.75058  65.1%   542 1254s
H 1077   801                    4893.2000000 1711.75058  65.0%   541 1254s
  1125   860 3357.04282   86 1260 4893.20000 1711.75058  65.0%   545 1276s
H 1172   860                    4893.1999965 1711.75058  65.0%   544 1276s
  1190   940 3326.75322   95 1208 4893.20000 1711.75058  65.0%   546 1342s
H 1197   939                    4884.2000000 1711.75058  65.0%   544 1342s
H 1275   939                    4883.2000000 1711.75058  64.9%   533 1342s
  1276   977 infeasible  101      4883.20000 1711.75058  64.9%   535 1368s
H 1277   977                    4872.2000000 1711.75058  64.9%   535 1368s
H 1327   997                    4840.2000000 1711.75058  64.6%   546 1395s
H 1338   988                    4831.2000000 1711.75058  64.6%   546 1395s
H 1361   957                    4791.2000000 1711.75058  64.3%   558 1433s
  1362   958 4565.81609  136 1396 4791.20000 1711.75058  64.3%   558 1504s
  1364   959 4737.47635  235 1648 4791.20000 1711.75058  64.3%   557 1573s
  1365   960 4783.50593   64 1508 4791.20000 1711.75058  64.3%   557 1595s
  1366   961 2014.34046   32 1488 4791.20000 1711.75058  64.3%   556 1613s
  1367   961 3082.08687   19 1621 4791.20000 1752.86564  63.4%   556 1624s
  1368   962 4703.44224  194 1491 4791.20000 1755.71657  63.4%   555 1635s
  1369   963 4732.81296  221 1481 4791.20000 1757.76960  63.3%   555 1645s
  1370   963 4730.57183  209 1506 4791.20000 1757.96051  63.3%   555 1650s
H 1371   915                    4791.1999849 1757.96073  63.3%   554 1703s
H 1371   869                    4789.2000000 1804.46252  62.3%   554 1703s
  1372   870 3661.96451  123 1701 4789.20000 1860.35842  61.2%   554 1706s
  1373   870 3730.31938  141 1603 4789.20000 1869.44277  61.0%   553 1732s
  1374   871 3431.53384   69 1674 4789.20000 1871.64326  60.9%   553 1753s
  1375   872 4625.86137  163 1529 4789.20000 1872.13734  60.9%   553 1770s
  1376   872 4171.16520   75 1544 4789.20000 1872.18188  60.9%   552 1775s
  1377   873 4359.20269  102 1501 4789.20000 1872.19070  60.9%   552 1782s
  1378   874 1936.74777   28 1546 4789.20000 1936.74777  59.6%   551 1813s
  1379   874 1953.78136    3 1532 4789.20000 1953.78136  59.2%   551 1859s
  1380   875 4731.77093  214 1567 4789.20000 1961.58719  59.0%   551 1911s
  1381   876 3622.16634  115 1512 4789.20000 1962.55891  59.0%   550 1928s
  1382   876 3666.15779   59 1542 4789.20000 1962.63358  59.0%   550 1939s
  1383   877 4359.22474  102 1500 4789.20000 1962.64317  59.0%   549 1952s
H 1383   833                    4788.2000000 1962.64317  59.0%   549 2012s
  1385   834 1979.73363    9 1712 4788.20000 1979.73363  58.7%   549 2033s
  1386   835 1979.88951   36 1631 4788.20000 1979.88951  58.7%   548 2035s
  1387   836 4107.10010   80 1651 4788.20000 1979.89250  58.7%   548 2040s
  1388   836 4729.37984  201 1598 4788.20000 1985.83640  58.5%   547 2068s
  1390   839 3249.48875   80 1396 4788.20000 1985.83640  58.5%   649 2096s
  1392   840 4625.86137  163 1541 4788.20000 1985.83640  58.5%   649 2150s
  1393   841 3279.06263   41 1496 4788.20000 1985.83640  58.5%   648 2177s
  1394   842 1985.83640   22 1370 4788.20000 1985.83640  58.5%   648 2207s
  1395   842 3431.53384   69 1432 4788.20000 1985.83640  58.5%   647 2239s
  1396   843 3741.38071  144 1494 4788.20000 1985.83640  58.5%   647 2281s
  1397   844 4205.38970   77 1569 4788.20000 1985.83640  58.5%   646 2327s
  1398   844 3742.53816  146 1642 4788.20000 1985.98082  58.5%   646 2331s
  1400   846 3498.66363   82 1651 4788.20000 1986.14003  58.5%   645 2337s
  1401   846 3256.11431   81 1676 4788.20000 2013.29088  58.0%   644 2361s
  1402   847 2019.65018   27 1809 4788.20000 2019.65018  57.8%   644 2386s
  1403   848 3612.04811  113 1743 4788.20000 2022.93935  57.8%   643 2421s
  1404   848 3547.25119   57 1696 4788.20000 2023.53870  57.7%   643 2429s
  1405   849 2023.58858   25 1669 4788.20000 2023.58858  57.7%   643 2432s
  1406   850 2023.60321   33 1714 4788.20000 2023.60321  57.7%   642 2442s
  1407   850 3461.31493   78 1709 4788.20000 2028.85911  57.6%   642 2480s
  1408   851 2030.15630   34 1706 4788.20000 2030.15630  57.6%   641 2490s
  1409   852 2030.37870   31 1766 4788.20000 2030.37870  57.6%   641 2497s
  1410   852 2030.42420   35 1671 4788.20000 2030.42420  57.6%   640 2505s
  1411   853 3503.00589  113 1678 4788.20000 2030.42441  57.6%   640 2512s
H 1411   810                    4788.1999940 2030.42441  57.6%   640 2531s
  1413   811 3369.89645   90 1766 4788.19999 2037.12147  57.5%   639 2544s
  1414   812 2037.45323   28 1794 4788.19999 2037.45323  57.4%   638 2554s
  1415   813 2037.48339   28 1713 4788.19999 2037.48339  57.4%   638 2561s
  1416   813 4424.35908  127 1803 4788.19999 2037.63491  57.4%   638 2649s
  1418   816 3337.66404   55 1396 4788.19999 2037.63491  57.4%   722 2675s
  1420   817 4361.12565  106 1559 4788.19999 2037.63491  57.4%   721 2768s
  1421   818 4729.08609  207 1544 4788.19999 2037.63491  57.4%   721 2790s
  1422   819 4259.33068   73 1461 4788.19999 2037.63491  57.4%   720 2838s
  1423   819 3161.37926   54 1494 4788.19999 2037.63491  57.4%   720 2884s
  1424   820 2037.63491   22 1615 4788.19999 2037.63491  57.4%   719 2916s
  1425   821 2037.63491   14 1550 4788.19999 2037.63491  57.4%   719 2939s
  1426   821 2037.63491   23 1760 4788.19999 2037.63491  57.4%   718 2955s
  1427   822 3489.74626   87 1657 4788.19999 2037.70665  57.4%   718 2986s
  1428   823 2901.38595   40 1670 4788.19999 2037.80677  57.4%   717 2997s
  1429   823 2037.82959   61 1716 4788.19999 2037.82959  57.4%   717 3007s
  1430   824 4698.77830  188 1778 4788.19999 2039.18572  57.4%   716 3052s
  1431   825 2287.92996   36 1695 4788.19999 2039.70074  57.4%   716 3065s
  1432   825 4534.35449  129 1615 4788.19999 2040.03279  57.4%   715 3071s
  1433   826 4241.59083   81 1686 4788.19999 2040.37397  57.4%   715 3076s
  1434   827 4737.73135  246 1601 4788.19999 2040.43621  57.4%   714 3081s
  1435   827 2040.43752   28 1556 4788.19999 2040.43752  57.4%   714 3086s
  1436   828 4746.91202  248 1746 4788.19999 2041.14878  57.4%   713 3108s
  1437   829 4698.28392  185 1790 4788.19999 2041.26182  57.4%   713 3121s
  1438   829 2042.93818   41 1706 4788.19999 2042.93818  57.3%   712 3133s
  1439   830 2043.48126    6 1587 4788.19999 2043.48126  57.3%   712 3145s
  1440   831 4787.06898  282 1614 4788.19999 2043.48350  57.3%   711 3151s
  1441   831 2045.33703   48 1714 4788.19999 2045.33703  57.3%   711 3170s
  1442   832 2773.75768   67 1819 4788.19999 2045.67216  57.3%   710 3175s
  1443   833 2045.72204   15 1742 4788.19999 2045.72204  57.3%   710 3183s
  1444   833 3720.37152  137 1653 4788.19999 2045.72530  57.3%   709 3188s
  1445   834 3082.08687   19 1610 4788.19999 2045.84332  57.3%   709 3199s
  1446   835 3488.78663   87 1610 4788.19999 2045.84332  57.3%   708 3303s
  1447   838 2045.85219   39 1567 4788.19999 2045.84332  57.3%   793 3315s
  1453   844 2045.85219   41 1536 4788.19999 2045.85219  57.3%   790 3320s
H 1454   801                    4788.1997579 2045.85219  57.3%   790 3320s
  1465   809 2045.86103   42 1474 4788.19976 2045.85219  57.3%   789 3325s
  1475   817 2050.11020   44 1587 4788.19976 2045.85219  57.3%   792 3333s
  1480   821 2045.87786   44 1508 4788.19976 2045.85219  57.3%   790 3336s
H 1483   780                    4788.1997059 2045.85219  57.3%   789 3336s
H 1484   742                    4608.2000000 2045.85219  55.6%   789 3336s
  1486   749 2050.11396   45 1581 4608.20000 2045.85219  55.6%   790 3340s
H 1492   711                    4585.2000000 2045.85219  55.4%   789 3340s
  1494   727 2057.33298   47 1472 4585.20000 2045.85219  55.4%   792 3346s
H 1495   692                    4585.1999976 2045.85219  55.4%   791 3346s
H 1510   686                    4585.1999949 2045.85219  55.4%   794 3353s
H 1510   655                    4585.1999862 2045.85219  55.4%   794 3353s
H 1525   620                    4585.1999766 2045.85219  55.4%   791 3353s
  1542   637 2076.01437   52 1344 4585.19998 2045.85219  55.4%   785 3361s
  1564   652 2357.58430   55 1226 4585.19998 2045.85219  55.4%   784 3366s
H 1574   621                    4585.1999035 2045.85219  55.4%   787 3366s
  1587   625 2689.75070   57 1317 4585.19990 2045.85219  55.4%   784 3370s
  1595   635 2853.33224   58 1365 4585.19990 2045.85219  55.4%   788 3376s
H 1607   605                    4585.1998695 2045.85219  55.4%   791 3376s
  1608   618 3174.78432   60 1308 4585.19987 2045.85219  55.4%   793 3384s
  1621   627 3109.54473   62 1263 4585.19987 2045.85219  55.4%   798 3392s
  1636   635 3118.93235   64 1302 4585.19987 2045.85219  55.4%   807 3398s
H 1638   610                    4585.1998257 2045.85219  55.4%   806 3398s
  1649   622 3368.36143   67 1235 4585.19983 2045.85219  55.4%   815 3408s
  1670   626 3249.71104   71 1192 4585.19983 2045.85219  55.4%   821 3415s
H 1679   599                    4585.1990100 2045.85219  55.4%   821 3415s
  1689   606 3277.28012   75 1137 4585.19901 2045.85219  55.4%   824 3421s
  1709   628 3293.98472   78 1101 4585.19901 2045.85219  55.4%   832 3431s
  1747   669     cutoff   81      4585.19901 2045.85223  55.4%   832 3440s
  1807   689 2049.90057   50 1510 4585.19901 2045.85223  55.4%   817 3448s
  1847   727 2050.62137   67 1515 4585.19901 2045.85223  55.4%   811 3461s
  1899   718 2057.43087   78 1530 4585.19901 2045.85223  55.4%   805 3511s
  1907   755 2057.44176   80 1531 4585.19901 2045.85223  55.4%   805 3530s
  1953   777 2110.65468   87 1405 4585.19901 2045.85223  55.4%   809 3551s
H 1977   745                    4555.2000000 2045.85223  55.1%   808 3551s
H 1998   727                    4555.1999992 2045.85223  55.1%   806 3604s
H 2000   706                    4555.1997939 2045.85223  55.1%   806 3604s
  2010   761 2140.76268  104 1291 4555.19979 2045.85223  55.1%   804 3627s
  2087   795 2164.74222  114 1256 4555.19979 2045.85223  55.1%   794 3706s
H 2107   768                    4546.1999921 2045.85223  55.0%   793 3706s
  2163   818 2173.00174  121 1335 4546.19999 2045.85223  55.0%   782 3725s
H 2165   798                    4546.1999814 2045.85223  55.0%   781 3725s
H 2235   811                    4536.2000000 2045.85223  54.9%   773 3748s
  2303   851 2178.73232  138 1318 4536.20000 2045.85223  54.9%   768 3770s
H 2312   831                    4536.1999972 2045.85223  54.9%   770 3770s
H 2322   812                    4536.1999900 2045.85223  54.9%   772 3770s
H 2339   811                    4535.2000000 2045.85223  54.9%   770 3770s
H 2376   860                    4535.1999981 2045.85223  54.9%   769 3792s
H 2382   860                    4535.1999622 2045.85223  54.9%   773 3792s
  2437   917 3121.26586  153 1310 4535.19996 2045.85223  54.9%   779 3817s
H 2441   917                    4535.1998294 2045.85223  54.9%   782 3817s
  2518   955 3256.63674  157 1378 4535.19983 2045.85223  54.9%   778 3844s
  2562  1023 3269.23131  159 1410 4535.19983 2045.85223  54.9%   778 3870s
  2630  1105 4430.62434  165 1210 4535.19983 2045.85223  54.9%   782 3897s
H 2663  1105                    4533.4000000 2045.85223  54.9%   784 3897s
  2720  1165 4516.86980  174 1279 4533.40000 2045.85223  54.9%   781 3928s
H 2743  1164                    4526.7000000 2045.85223  54.8%   790 3928s
H 2782  1164                    4526.6999979 2045.85223  54.8%   787 3928s
  2802  1242 4519.73393  175 1249 4526.70000 2045.85223  54.8%   787 3959s
H 2809  1242                    4526.6999971 2045.85223  54.8%   788 3959s
H 2810  1242                    4525.7000000 2045.85223  54.8%   788 3959s
H 2814  1156                    4507.7000000 2045.85223  54.6%   789 3959s
  2888  1224 2062.29807   49 1548 4507.70000 2045.85223  54.6%   786 4021s
H 2900  1224                    4507.6999905 2045.85223  54.6%   785 4021s
H 2912  1224                    4507.6999899 2045.85223  54.6%   785 4021s
H 2984  1050                    4316.4991824 2045.85223  52.6%   772 4021s
  3011  1154 2090.67664   62 1403 4316.49918 2045.85223  52.6%   773 4051s
H 3017  1075                    4177.7000000 2045.85223  51.0%   772 4051s
H 3152  1077                    4146.6999500 2045.85223  50.7%   765 4086s
H 3152  1064                    4126.6999850 2045.85223  50.4%   765 4086s
H 3153  1063                    4109.2000000 2045.85223  50.2%   765 4086s
H 3159  1048                    4073.6999922 2045.85223  49.8%   766 4086s
H 3202  1086                    4053.7000000 2045.85223  49.5%   775 4122s
  3292  1121 2439.51727   74 1550 4053.70000 2045.85223  49.5%   777 4179s
H 3306  1107                    4043.7000000 2045.85223  49.4%   779 4179s
H 3332  1107                    4043.6993316 2045.85223  49.4%   778 4179s
H 3333  1182                    4043.6988114 2045.85223  49.4%   778 4218s
H 3408  1182                    4042.6999767 2045.85683  49.4%   782 4218s
  3423  1241 2071.33093   57 1490 4042.69998 2045.85683  49.4%   786 4254s
H 3463  1203                    3969.2000000 2045.85683  48.5%   789 4254s
H 3501  1277                    3939.1999931 2045.85683  48.1%   797 4297s
H 3525  1271                    3919.2000000 2045.86006  47.8%   799 4297s
H 3629  1323                    3907.2000000 2045.86006  47.6%   793 4352s
H 3657  1323                    3907.1999893 2045.86006  47.6%   799 4352s
H 3680  1315                    3898.1999969 2045.86006  47.5%   800 4352s
  3703  1365 3089.19185   58 1387 3898.20000 2045.86006  47.5%   803 4404s
H 3721  1362                    3896.2000000 2045.86006  47.5%   809 4404s
H 3751  1362                    3896.1999963 2045.86006  47.5%   817 4404s
  3755  1388 3877.48354   64 1221 3896.20000 2045.86088  47.5%   819 4460s
H 3770  1381                    3886.1999934 2045.86088  47.4%   823 4460s
H 3781  1368                    3877.1999988 2045.86088  47.2%   825 4460s
  3805  1404 2048.45722   52 1797 3877.20000 2045.86088  47.2%   833 4519s
H 3824  1404                    3877.1999781 2045.86088  47.2%   842 4519s
H 3838  1401                    3875.2000000 2045.86088  47.2%   844 4519s
  3866  1477 2081.14765   59 1557 3875.20000 2045.86088  47.2%   847 4608s
H 3927  1477                    3875.1999938 2045.86088  47.2%   845 4608s
  3960  1552 2204.79132   86 1378 3875.19999 2045.86088  47.2%   850 4664s
H 3969  1552                    3875.1999820 2045.86088  47.2%   850 4664s
H 3975  1550                    3874.1999917 2045.86088  47.2%   853 4664s
H 3978  1334                    3754.2000000 2045.86088  45.5%   853 4664s
  4050  1424     cutoff   98      3754.20000 2045.86088  45.5%   854 4736s
H 4058  1424                    3754.1999955 2045.86088  45.5%   855 4736s
H 4132  1424                    3754.1999715 2045.86103  45.5%   858 4736s
  4154  1465 2147.11376   69 1435 3754.19997 2045.86103  45.5%   859 4787s
  4220  1559 2103.62889   46 1603 3754.19997 2045.86103  45.5%   881 4867s
H 4232  1547                    3746.2000000 2045.86103  45.4%   881 4867s
  4346  1604     cutoff   81      3746.20000 2045.86103  45.4%   889 4933s
H 4349  1604                    3746.1999521 2045.86103  45.4%   890 4933s
H 4380  1581                    3736.1998634 2045.86103  45.2%   893 4933s
  4443  1647 3692.63676   90 1407 3736.19986 2045.86103  45.2%   896 5002s
  4563  1708     cutoff   91      3736.19986 2045.86103  45.2%   907 5082s
  4655  1817     cutoff  101      3736.19986 2045.86103  45.2%   921 5160s
H 4659  1817                    3736.1997105 2045.86103  45.2%   922 5160s
H 4718  1816                    3735.2000000 2045.86103  45.2%   926 5160s
H 4764  1802                    3726.2000000 2045.86103  45.1%   929 5160s
  4784  1896     cutoff  106      3726.20000 2045.86103  45.1%   927 5232s
H 4820  1894                    3725.1999990 2045.86103  45.1%   933 5232s
H 4822  1882                    3716.2000000 2045.86103  44.9%   933 5232s
H 4827  1881                    3707.1999922 2045.86103  44.8%   932 5232s
  4915  1913     cutoff  112      3707.19999 2045.86103  44.8%   929 5337s
H 4961  1901                    3687.1999834 2045.86103  44.5%   934 5337s
  4981  2038 3644.06778  121 1343 3687.19998 2045.86103  44.5%   939 5472s
H 4985  2036                    3686.2000000 2045.86103  44.5%   939 5472s
  5160  2257 3662.86183  118 1360 3686.20000 2045.87120  44.5%   933 5601s
H 5167  2257                    3686.1999866 2045.87120  44.5%   935 5601s
H 5201  2254                    3684.2000000 2045.87784  44.5%   933 5601s
  5405  2337 2150.50018   74 1485 3684.20000 2045.87784  44.5%   922 5671s
H 5414  2337                    3684.1999956 2045.87784  44.5%   925 5671s
H 5417  2337                    3684.1999946 2045.87784  44.5%   924 5671s
H 5437  2337                    3684.1999680 2045.87784  44.5%   927 5671s
H 5468  2337                    3684.1999460 2045.87784  44.5%   929 5671s
H 5474  2337                    3684.1998667 2045.87784  44.5%   930 5671s
  5500  2382     cutoff   88      3684.19987 2045.87784  44.5%   934 5754s
  5547  2445     cutoff   86      3684.19987 2045.87786  44.5%   934 5850s
  5640  2582 2109.28833   59 1648 3684.19987 2045.87838  44.5%   950 5959s
  5805  2715     cutoff   91      3684.19987 2045.88397  44.5%   961 6045s
  5957  2788 2105.18959   67 1700 3684.19987 2045.88397  44.5%   970 6167s
  6066  2965 3091.97135  111 1313 3684.19987 2045.88397  44.5%   982 6302s
  6253  3025 3610.31798  189  715 3684.19987 2045.88643  44.5%   974 6389s
  6354  3167 2102.07660   49 1563 3684.19987 2045.93115  44.5%   989 6525s
H 6442  3167                    3684.1998526 2045.93115  44.5%   995 6525s
  6500  3198     cutoff   95      3684.19985 2045.93115  44.5%   991 6627s
  6591  3226     cutoff  111      3684.19985 2045.93115  44.5%  1002 6775s
  6699  3282     cutoff  108      3684.19985 2045.95972  44.5%  1019 6892s
  6769  3373 2151.61510   72 1516 3684.19985 2045.95972  44.5%  1022 7086s
  6927  3530 2120.56472   79 1539 3684.19985 2045.95972  44.5%  1037 7216s
  7146  3714 3605.69464  136 1275 3684.19985 2046.47155  44.5%  1036 7364s
  7340  4065 2309.56697   72 1550 3684.19985 2046.50837  44.5%  1041 7502s
  7740  4195 2515.11496   78 1382 3684.19985 2046.84291  44.4%  1024 7689s
H 7751  4195                    3684.1998356 2046.84291  44.4%  1028 7689s
  7926  4354 2306.48932   75 1547 3684.19984 2046.87200  44.4%  1034 7863s
  8134  4521 3605.63336   94 1478 3684.19984 2046.95190  44.4%  1044 8064s
  8362  4649     cutoff  106      3684.19984 2047.11861  44.4%  1053 8259s
  8518  4806 2132.20223   50 1524 3684.19984 2047.45323  44.4%  1058 8449s
  8711  5244 2134.68803   57 1800 3684.19984 2047.83476  44.4%  1071 8831s
  9193  5403 3493.93974  115 1319 3684.19984 2047.88685  44.4%  1058 9067s
  9414  5559 3147.72022   72 1581 3684.19984 2047.95209  44.4%  1066 9300s
  9617  5792     cutoff   85      3684.19984 2048.35604  44.4%  1079 9589s
  9896  5929 3622.43621   92 1392 3684.19984 2048.59368  44.4%  1088 9816s
 10089  6070 2107.68449   67 1686 3684.19984 2048.59368  44.4%  1090 10024s
 10321  6071 2086.20404   63 1396 3684.19984 2048.59368  44.4%  1085 10198s
 10323  6072 2164.74224  115 1604 3684.19984 2048.59368  44.4%  1085 10257s
 10324  6073 2112.91191   63 1715 3684.19984 2048.59368  44.4%  1084 10301s
 10325  6074 3169.55606  113 1531 3684.19984 2048.59368  44.4%  1084 10345s
 10326  6074 2090.71206   64 1786 3684.19984 2066.31614  43.9%  1084 10409s
 10327  6075 2096.95986   68 1769 3684.19984 2096.95986  43.1%  1084 10442s
 10328  6076 3624.03013  197 1597 3684.19984 2099.21137  43.0%  1084 10459s
 10329  6076 2980.90888   82 1572 3684.19984 2099.67336  43.0%  1084 10469s
 10330  6077 2131.48284   64 1642 3684.19984 2101.91298  42.9%  1084 10478s
 10331  6078 2138.09355   81 1546 3684.19984 2102.04146  42.9%  1084 10480s
 10332  6078 3592.01223  183 1585 3684.19984 2102.09179  42.9%  1084 10485s
 10333  6079 2102.09976   48 1540 3684.19984 2102.09976  42.9%  1084 10491s
 10334  6080 2169.09055   59 1773 3684.19984 2169.09055  41.1%  1083 10545s
 10335  6080 2175.09618   47 1755 3684.19984 2175.09618  41.0%  1083 10572s
 10336  6081 2924.09165   78 1724 3684.19984 2175.21842  41.0%  1083 10581s
 10337  6082 3540.00343   84 1685 3684.19984 2175.22118  41.0%  1083 10594s
 10338  6082 2969.04000   93 1595 3684.19984 2193.80652  40.5%  1083 10655s
 10339  6083 2608.32928   76 1576 3684.19984 2199.19393  40.3%  1083 10682s
 10340  6084 2199.71285   85 1558 3684.19984 2199.71285  40.3%  1083 10693s
 10341  6084 2942.86205  112 1501 3684.19984 2200.39560  40.3%  1083 10704s
 10342  6085 2379.46553   79 1554 3684.19984 2200.58677  40.3%  1083 10712s
 10343  6086 2200.67394   57 1516 3684.19984 2200.67394  40.3%  1082 10716s
 10344  6086 3661.68320  133 1514 3684.19984 2200.68449  40.3%  1082 10722s
 10345  6087 2207.24306   69 1498 3684.19984 2207.24306  40.1%  1082 10754s
 10346  6088 2208.17485   60 1531 3684.19984 2208.17485  40.1%  1082 10788s
 10347  6088 3351.90336  137 1596 3684.19984 2209.01956  40.0%  1082 10827s
 10348  6089 2209.25603   71 1615 3684.19984 2209.25603  40.0%  1082 10836s
 10349  6090 2209.32922   81 1610 3684.19984 2209.32922  40.0%  1082 10840s
 10351  6091 3519.09370  238 1638 3684.19984 2209.64234  40.0%  1082 10859s
 10353  6094 2379.70158   83 1396 3684.19984 2209.64234  40.0%  1097 10880s
 10355  6095 3400.60478   65 1603 3684.19984 2209.64234  40.0%  1097 10973s
 10356  6096 2554.48348   81 1614 3684.19984 2209.64234  40.0%  1097 10989s
 10357  6097 2932.52822  105 1506 3684.19984 2209.64234  40.0%  1097 11009s
 10358  6097 3260.09717   76 1627 3684.19984 2209.64234  40.0%  1097 11032s
 10359  6098 3017.62488   96 1485 3684.19984 2209.64234  40.0%  1096 11045s
 10360  6099 2368.54452   73 1756 3684.19984 2209.64234  40.0%  1096 11056s
 10361  6099 2296.84142   77 1602 3684.19984 2209.64234  40.0%  1096 11062s
 10362  6100 2209.64234   74 1591 3684.19984 2209.64234  40.0%  1096 11067s
 10363  6101 2377.75460   91 1615 3684.19984 2209.64234  40.0%  1096 11070s
 10366  6103 2212.60779   95 1556 3684.19984 2212.60779  39.9%  1096 11083s
 10367  6103 2213.42795   51 1522 3684.19984 2213.42795  39.9%  1096 11089s
 10368  6104 2213.54933   58 1531 3684.19984 2213.54933  39.9%  1095 11091s
 10370  6105 2215.39979   70 1785 3684.19984 2215.39979  39.9%  1095 11108s
 10371  6106 2215.87506   61 1685 3684.19984 2215.87506  39.9%  1095 11126s
 10372  6107 2216.04850   55 1731 3684.19984 2216.04850  39.8%  1095 11133s
 10373  6107 2216.06027  139 1681 3684.19984 2216.06027  39.8%  1095 11137s
 10374  6108 3524.11730  154 1703 3684.19984 2217.02331  39.8%  1095 11143s
 10375  6109 2933.11502  101 1695 3684.19984 2217.82435  39.8%  1095 11155s
 10377  6110 3499.51816   81 1664 3684.19984 2218.08906  39.8%  1094 11163s
 10378  6111 2317.46330   80 1754 3684.19984 2218.12375  39.8%  1094 11170s
 10379  6111 3331.94879  161 1754 3684.19984 2218.12375  39.8%  1094 11257s
 10380  6115 2218.12375   64 1588 3684.19984 2218.12375  39.8%  1107 11268s
 10382  6118 2218.14637   65 1643 3684.19984 2218.12375  39.8%  1107 11273s
 10386  6121 2218.14638   66 1653 3684.19984 2218.14637  39.8%  1107 11284s
 10390  6124 2218.15813   66 1669 3684.19984 2218.14638  39.8%  1108 11288s
 10394  6126 2218.17045   67 1634 3684.19984 2218.14638  39.8%  1107 11290s
 10398  6129 2218.15812   67 1644 3684.19984 2218.14638  39.8%  1107 11298s
 10402  6133 2218.17470   68 1664 3684.19984 2218.14638  39.8%  1107 11306s
 10411  6140 2220.15022   69 1686 3684.19984 2218.14638  39.8%  1107 11317s
 10417  6149 2218.19047   69 1651 3684.19984 2218.14638  39.8%  1107 11328s
 10428  6161 2220.15022   70 1645 3684.19984 2218.14638  39.8%  1107 11346s
 10444  6179 2232.58184   73 1675 3684.19984 2218.14638  39.8%  1107 11367s
 10467  6193 2232.58896   74 1644 3684.19984 2218.14638  39.8%  1107 11384s
 10489  6211 2235.59116   75 1593 3684.19984 2218.14638  39.8%  1107 11420s
 10514  6230 2253.30545   78 1443 3684.19984 2218.14638  39.8%  1108 11443s
 10546  6242 2526.30721   81 1475 3684.19984 2218.14638  39.8%  1109 11462s
 10572  6248 2681.08240   82 1324 3684.19984 2218.14638  39.8%  1111 11487s
 10598  6261 2780.45248   84 1418 3684.19984 2218.14638  39.8%  1113 11637s
 10626  6285 2967.69305   85 1419 3684.19984 2218.14638  39.8%  1114 11675s
 10671  6303 3317.61252   88 1306 3684.19984 2218.14638  39.8%  1115 11712s
 10718  6302 3566.96164   92 1294 3684.19984 2218.14638  39.8%  1113 11752s
 10774  6334 3461.77311  124 1042 3684.19984 2218.14638  39.8%  1113 11781s
 10831  6374 3660.00731  142  801 3684.19984 2218.15109  39.8%  1111 11822s
 10905  6418 2239.34369   71 1531 3684.19984 2218.15109  39.8%  1108 11850s
 10974  6432 2670.72623   80 1315 3684.19984 2218.15109  39.8%  1106 11875s
 11011  6506 3104.74125   85 1278 3684.19984 2218.15109  39.8%  1107 11905s
 11107  6587 3511.20800  109 1162 3684.19984 2218.15109  39.8%  1103 11931s
 11249  6598 3668.90912  144  980 3684.19984 2218.15506  39.8%  1095 11982s
 11361  6588 2222.04379   69 1799 3684.19984 2218.15506  39.8%  1091 12015s
 11413  6574 2222.04869   70 1776 3684.19984 2218.15506  39.8%  1093 12067s
 11422  6600 2222.92515   71 1755 3684.19984 2218.15506  39.8%  1098 12122s
 11451  6647 2228.88495   79 1703 3684.19984 2218.15506  39.8%  1100 12163s
 11508  6671 2256.85716  106 1480 3684.19984 2218.15506  39.8%  1100 12204s
 11553  6684 3553.97036  122 1420 3684.19984 2218.15864  39.8%  1101 12256s
 11596  6694 2222.02862   70 1772 3684.19984 2218.15864  39.8%  1104 12426s
H11610  6383                    3683.2000000 2218.15864  39.8%  1105 12426s
 11628  6431 2227.08340   75 1704 3683.20000 2218.15864  39.8%  1105 12478s
H11647  6134                    3683.1999954 2218.15864  39.8%  1105 12478s
H11681  5846                    3683.1999875 2218.15864  39.8%  1105 12478s
H11682  5647                    3683.1999841 2218.15864  39.8%  1105 12550s
H11686  5397                    3683.1999785 2218.15864  39.8%  1105 12550s
H11688  5159                    3683.1999571 2218.15864  39.8%  1105 12550s
H11707  4928                    3683.1999488 2218.15864  39.8%  1105 12550s
H11718  4711                    3683.1999108 2218.15864  39.8%  1105 12550s
H11745  4499                    3683.1998939 2218.15864  39.8%  1105 12550s
 11746  4571 2274.43857  102 1619 3683.19989 2218.15864  39.8%  1105 12613s
 11833  4563 3105.38222  118 1261 3683.19989 2218.15864  39.8%  1105 12671s
 11885  4580 3515.84755  128 1253 3683.19989 2218.15864  39.8%  1107 12764s
H11957  4363                    3683.1979142 2218.15864  39.8%  1108 12764s
 11958  4393 3528.87604  141 1242 3683.19791 2218.16037  39.8%  1108 12836s
 12012  4424 2223.49599   70 1634 3683.19791 2218.16037  39.8%  1112 12905s
 12075  4460 2250.91206   88 1537 3683.19791 2218.16037  39.8%  1113 13052s
 12136  4521 3681.23511  104 1295 3683.19791 2218.16333  39.8%  1115 13129s
H12167  4327                    3683.1979067 2218.16333  39.8%  1115 13129s
 12225  4400 2223.93820   68 1705 3683.19791 2218.16333  39.8%  1116 13207s
H12335  4189                    3683.1979014 2218.16333  39.8%  1117 13207s
 12341  4279 2420.48616  103 1204 3683.19790 2218.16333  39.8%  1117 13300s
 12472  4284     cutoff  111      3683.19790 2218.16471  39.8%  1113 13399s
 12586  4282 2224.03889   71 1725 3683.19790 2218.16471  39.8%  1116 13574s
 12622  4323 2222.07247   71 1720 3683.19790 2218.16471  39.8%  1119 13673s
 12677  4366 2222.07303   72 1720 3683.19790 2218.16471  39.8%  1125 13828s
 12753  4403 2235.49010   74 1576 3683.19790 2218.16471  39.8%  1129 13904s
H12839  4265                    3683.1978980 2218.16471  39.8%  1133 13996s
 12914  4312 2520.12910   86 1613 3683.19790 2218.16471  39.8%  1138 14073s
 13015  4339 3596.54723   94 1281 3683.19790 2218.16471  39.8%  1140 14158s
 13146  4384 3508.22255  106 1245 3683.19790 2218.16796  39.8%  1142 14250s
 13264  4459 2230.99706   90 1759 3683.19790 2218.16796  39.8%  1143 14385s
 13406  4471 2513.12149  127 1547 3683.19790 2218.16796  39.8%  1141 14463s
 13511  4527 3556.15875  133 1602 3683.19790 2218.16891  39.8%  1145 14557s
 13637  4617 2246.85231   74 1549 3683.19790 2218.16896  39.8%  1146 14653s
 13797  4585     cutoff  109      3683.19790 2218.16896  39.8%  1145 14816s
 13840  4751 2222.05510   69 1702 3683.19790 2218.17303  39.8%  1149 14955s
 14024  4900 2887.96282  119 1445 3683.19790 2218.17303  39.8%  1144 15072s
 14282  4903 3580.57717  164 1089 3683.19790 2218.19047  39.8%  1137 15218s
 14407  5025 2227.92866   97 1776 3683.19790 2218.19047  39.8%  1136 15326s
 14591  5114 2974.15999  131 1511 3683.19790 2218.19047  39.8%  1136 15475s
 14751  5351 3384.69458  210  930 3683.19790 2218.19047  39.8%  1133 15594s
 15061  5575 3638.56663  340  195 3683.19790 2219.63204  39.7%  1123 15780s
 15459  5526 3560.42982  109 1544 3683.19790 2219.89332  39.7%  1107 16021s
 15591  5520 2229.32355   72 1833 3683.19790 2219.89332  39.7%  1112 16189s
 15633  5624 2262.61709   82 1585 3683.19790 2219.89332  39.7%  1113 16348s
 15804  5738 3514.14618  102 1372 3683.19790 2220.15213  39.7%  1118 16520s
 16018  5798 2226.41447   74 1723 3683.19790 2220.16525  39.7%  1123 16708s
 16201  5893 2966.51681   88 1242 3683.19790 2220.88919  39.7%  1130 16901s
 16419  5944 2224.93160   91 1720 3683.19790 2221.21598  39.7%  1137 17084s
 16620  5976 2263.86470   89 1436 3683.19790 2221.26325  39.7%  1145 17282s
 16793  5981 2335.28603   92 1305 3683.19790 2221.36385  39.7%  1155 17465s
 16919  6126     cutoff  105      3683.19790 2221.71200  39.7%  1159 17670s
 17173  6118     cutoff  118      3683.19790 2222.02862  39.7%  1161 17914s
 17351  6271 2222.05082   72 1697 3683.19790 2222.03189  39.7%  1172 18197s
 17647  6325 3508.71008  133 1322 3683.19790 2222.03308  39.7%  1174 18539s
 17865  6583 3432.33875  101 1393 3683.19790 2222.03840  39.7%  1185 19010s
 18318  6799 2804.05088   96 1325 3683.19790 2222.04099  39.7%  1181 19365s
 18883  6747     cutoff  110      3683.19790 2222.04297  39.7%  1173 19711s
 19081  6857 3586.23111  110 1553 3683.19790 2222.04419  39.7%  1178 20054s
 19387  6909 2263.72335   97 1405 3683.19790 2222.04451  39.7%  1184 20424s
 19608  7049 2226.85851   75 1704 3683.19790 2222.04451  39.7%  1192 20827s
 19906  7251 2239.21930   79 1654 3683.19790 2222.04572  39.7%  1193 21273s
 20287  7437     cutoff  122      3683.19790 2222.04683  39.7%  1199 21667s
 20511  7735 3296.20751   95 1491 3683.19790 2222.04869  39.7%  1206 22152s
 20899  8202 2249.96617   93 1819 3683.19790 2222.05017  39.7%  1215 22715s
 21515  8597 2259.34640   82 1578 3683.19790 2222.05082  39.7%  1214 23305s
 22009  9082 infeasible  102      3683.19790 2222.05151  39.7%  1214 23780s
 22650  9412 2926.94240  100 1529 3683.19790 2222.05215  39.7%  1213 24208s
 23095  9877 2514.18105  123 1598 3683.19790 2222.05215  39.7%  1225 24588s
 23706 10677 2224.84570   87 1807 3683.19790 2222.05340  39.7%  1221 25041s
 24744 11114 3525.85242  118 1035 3683.19790 2222.05368  39.7%  1207 25396s
 25303 11782 3292.23444  130 1424 3683.19790 2222.05495  39.7%  1200 25820s
 26159 12192 2223.85504   91 1601 3683.19790 2222.05531  39.7%  1185 26325s
 26636 12717 2227.40469   80 1708 3683.19790 2222.05531  39.7%  1186 26779s
 27266 13019 2247.44679   97 1534 3683.19790 2222.05660  39.7%  1178 27126s
 27632 13660 3470.32368  109 1342 3683.19790 2222.05799  39.7%  1184 27584s
 28413 13935     cutoff  114      3683.19790 2222.05898  39.7%  1177 28040s
 28814 14224 2252.56130   82 1545 3683.19790 2222.05981  39.7%  1183 28414s
 29193 14475 2226.98444   78 1771 3683.19790 2222.06075  39.7%  1193 28828s
 29565 15043 2695.38486  114 1329 3683.19790 2222.06088  39.7%  1198 29284s
H29921 14905                    3676.2000000 2222.06092  39.6%  1197 29284s
H30343 15607                    3676.1999892 2222.06103  39.6%  1188 29802s
H30343 15584                    3675.2000000 2222.06103  39.5%  1188 29802s
H30700 15382                    3665.1999696 2222.06118  39.4%  1181 29802s
 31227 15690 2233.12766   82 1675 3665.19997 2222.06200  39.4%  1177 30267s
H31300 15690                    3665.1999014 2222.06200  39.4%  1177 30267s
H31631 16120                    3665.1997657 2222.06207  39.4%  1185 30855s
H31762 16109                    3664.2009676 2222.06225  39.4%  1188 30855s
H31933 16109                    3664.1999994 2222.06225  39.4%  1189 30855s
 32250 16874 2457.66826   95 1524 3664.20000 2222.06332  39.4%  1193 31484s
H32633 16874                    3664.1999950 2222.06336  39.4%  1190 31484s
H32733 16874                    3664.1999907 2222.06336  39.4%  1189 31484s
H33070 16874                    3664.1999686 2222.06427  39.4%  1189 31484s
 33171 17302 3137.63382  123 1344 3664.19997 2222.06431  39.4%  1191 31948s
H33172 17302                    3664.1999671 2222.06431  39.4%  1191 31948s
H33175 17302                    3664.1999638 2222.06431  39.4%  1191 31948s
H33209 17302                    3664.1999451 2222.06431  39.4%  1191 31948s
H33250 17302                    3664.1999062 2222.06431  39.4%  1191 31949s
H33305 17302                    3664.1998917 2222.06450  39.4%  1191 31949s
H33336 17302                    3664.1998213 2222.06450  39.4%  1191 31949s
H33600 17302                    3664.1997187 2222.06490  39.4%  1187 31949s
H33642 17724                    3664.1997163 2222.06546  39.4%  1189 32473s
 34151 18567 3162.05510  130 1329 3664.19972 2222.06584  39.4%  1195 33058s
 35247 19024 3517.13540  268  293 3664.19972 2222.06626  39.4%  1187 33578s
H35359 19024                    3664.1994586 2222.06626  39.4%  1186 33578s
 35842 19363 2228.28090   90 1724 3664.19946 2222.06745  39.4%  1190 34009s
 36273 19698 2534.55711  118 1423 3664.19946 2222.06751  39.4%  1193 34492s
 36722 20054 3550.52523  110 1466 3664.19946 2222.06777  39.4%  1198 35004s
 37269 20605 2243.87897   79 1582 3664.19946 2222.06789  39.4%  1204 35516s
 38045 21147 2223.79258   74 1636 3664.19946 2222.06807  39.4%  1201 36057s
 38774 21628 3510.19546  112 1527 3664.19946 2222.06843  39.4%  1197 36583s
 39370 22236 2782.23133  111 1467 3664.19946 2222.06904  39.4%  1199 37123s
 40165 22606 2230.62817   75 1666 3664.19946 2222.06917  39.4%  1197 37629s
 40725 23150 2222.92636   76 1697 3664.19946 2222.06969  39.4%  1203 38119s
 41363 23454 2561.23573  104 1507 3664.19946 2222.07167  39.4%  1204 38600s
 41780 23764 2242.20238   85 1482 3664.19946 2222.07303  39.4%  1210 39116s
 42206 24455     cutoff  131      3664.19946 2222.07306  39.4%  1213 39899s
 43089 25030 2224.58760   86 1779 3664.19946 2222.07366  39.4%  1217 40477s
 43835 25353     cutoff  128      3664.19946 2222.07384  39.4%  1217 40937s
 44243 25668 3172.20982  107 1488 3664.19946 2222.07445  39.4%  1219 41483s
 44725 26263 2252.97007   78 1611 3664.19946 2222.07660  39.4%  1227 42048s
 45655 26635 3426.11942  124 1354 3664.19946 2222.07972  39.4%  1224 42589s
 46179 26889 2273.23761  108 1503 3664.19946 2222.08072  39.4%  1227 43064s
 46554 27287 2263.57570   94 1601 3664.19946 2222.08187  39.4%  1230 43509s
 47167 27579 2258.63950   91 1476 3664.19946 2222.08432  39.4%  1232 44017s
 47558 27885 2249.00447   79 1798 3664.19946 2222.09008  39.4%  1238 44555s
 48038 28342 2224.82590   78 1663 3664.19946 2222.09047  39.4%  1244 45078s
 48561 29159 3361.78080  201  891 3664.19946 2222.09383  39.4%  1244 45617s
 49532 29761 2260.98910   95 1422 3664.19946 2222.09665  39.4%  1241 46045s
 50224 30254 infeasible  117      3664.19946 2222.09986  39.4%  1239 46558s
 50957 30563 2248.11005   77 1612 3664.19946 2222.10341  39.4%  1236 47045s
 51372 30821 2287.36745  107 1467 3664.19946 2222.10784  39.4%  1238 47420s
 51734 31088     cutoff  106      3664.19946 2222.10847  39.4%  1243 47799s
 52157 31287 2256.02883  112 1530 3664.19946 2222.10980  39.4%  1246 48271s
 52510 31946 2225.56506   95 1627 3664.19946 2222.10985  39.4%  1252 48822s
H53161 31589                    3654.1998254 2222.11123  39.2%  1253 48822s
 53367 31927 3555.69266  135 1322 3654.19983 2222.11168  39.2%  1254 49284s
H53409 31927                    3654.1996858 2222.11168  39.2%  1254 49284s
H53517 31927                    3654.1994926 2222.11171  39.2%  1255 49284s
 53838 32336 3505.08774  123 1395 3654.19949 2222.11485  39.2%  1257 49694s
 54360 32733 3305.11128  132 1187 3654.19949 2222.12354  39.2%  1256 50108s
H54613 32704                    3653.2000000 2222.12354  39.2%  1253 50108s
H54900 33022                    3653.1978822 2222.12889  39.2%  1254 50490s
H55322 33445                    3653.1978540 2222.13507  39.2%  1256 50994s
 55896 33648 3641.30076  116 1518 3653.19785 2222.16058  39.2%  1256 51389s
 56186 33894 2227.33722   76 1757 3653.19785 2222.16621  39.2%  1258 51899s
 56499 34169 2280.71178  113 1604 3653.19785 2222.17178  39.2%  1263 52261s
 56847 34409     cutoff  111      3653.19785 2222.17241  39.2%  1263 52708s
 57147 34687 2248.66344   95 1787 3653.19785 2222.17734  39.2%  1265 53122s
 57506 35199 2262.34210   95 1640 3653.19785 2222.18451  39.2%  1268 53577s
 58124 35568     cutoff  105      3653.19785 2222.18996  39.2%  1268 53896s
 58644 35761 2234.24023   91 1599 3653.19785 2222.20204  39.2%  1269 54290s
 58976 35965     cutoff  113      3653.19785 2222.21535  39.2%  1271 54692s
 59256 36262     cutoff  108      3653.19785 2222.24769  39.2%  1273 55129s
 59723 36735 3521.51920  147 1425 3653.19785 2222.27119  39.2%  1276 55542s
 60340 37115 2230.58012   77 1662 3653.19785 2222.32936  39.2%  1274 55910s
 60821 37400 3156.22501   89 1374 3653.19785 2222.37826  39.2%  1275 56285s
 61196 37598 2439.78225   90 1549 3653.19785 2222.46090  39.2%  1277 56698s
 61474 37822 2250.86687   91 1530 3653.19785 2222.67563  39.2%  1280 57045s
 61768 38201 3128.87329  118 1342 3653.19785 2222.80911  39.2%  1284 57633s
 62300 38541 2236.55397   83 1590 3653.19785 2222.81693  39.2%  1286 58253s
 62739 39155 2579.06557  120 1243 3653.19785 2222.82552  39.2%  1290 58789s
 63492 39493 2964.33666  119 1467 3653.19785 2222.83704  39.2%  1290 59214s
 63962 39713 2251.53029  100 1473 3653.19785 2222.83718  39.2%  1291 59754s
 64443 39967 2246.92854   89 1536 3653.19785 2222.83777  39.2%  1295 60255s
 64877 40573     cutoff  125      3653.19785 2222.83777  39.2%  1301 60810s
 65615 41234 2251.26898   83 1647 3653.19785 2222.83779  39.2%  1299 61335s
 66439 41697 2227.01582   89 1665 3653.19785 2222.84408  39.2%  1298 61790s
 67001 42026     cutoff  112      3653.19785 2222.84443  39.2%  1300 62327s
 67450 42292     cutoff  138      3653.19785 2222.84623  39.2%  1304 62789s
 67846 42842     cutoff  115      3653.19785 2222.84945  39.2%  1308 63353s
 68568 43028 2406.80029  104 1537 3653.19785 2222.85131  39.2%  1308 63802s
 68851 43382 2239.98504   80 1723 3653.19785 2222.85919  39.2%  1311 64327s
 69384 43733 3586.45618  136 1461 3653.19785 2222.86020  39.2%  1315 64940s
 69816 44255 3390.82728  190 1135 3653.19785 2222.86958  39.2%  1318 65453s
 70446 44582 3588.09415  136 1393 3653.19785 2222.87561  39.2%  1319 65905s
 70877 44942     cutoff  137      3653.19785 2222.87909  39.2%  1321 66465s
 71415 45246 2332.46104   98 1471 3653.19785 2222.88868  39.2%  1322 67015s
 71933 45969 2232.21787   74 1647 3653.19785 2222.89420  39.2%  1326 67489s
 72800 46489     cutoff  111      3653.19785 2222.89781  39.2%  1325 68056s
 73472 46818 3416.80660  127 1228 3653.19785 2222.90132  39.2%  1327 68592s
 73878 47755 3404.70357  200 1080 3653.19785 2222.90362  39.2%  1330 69334s
H74379 47755                    3653.1978535 2222.90379  39.2%  1329 69334s
 75082 48176 2471.88489  112 1379 3653.19785 2222.90549  39.2%  1327 69713s
H75327 48176                    3653.1978528 2222.90549  39.2%  1328 69713s
 75636 48474 3455.20409  155 1012 3653.19785 2222.90556  39.2%  1327 70189s
 76112 49062     cutoff  126      3653.19785 2222.90668  39.2%  1327 70701s
 76889 49698 2229.15786   79 1629 3653.19785 2222.90716  39.2%  1326 71128s
 77579 50163 3401.50977  210 1056 3653.19785 2222.90768  39.2%  1321 71541s
H77871 50163                    3653.1975533 2222.90886  39.2%  1321 71541s
 78174 50592 2245.78233   83 1680 3653.19755 2222.90892  39.2%  1321 72075s
 78698 51001 2263.67602   99 1476 3653.19755 2222.90892  39.2%  1320 72538s
 79276 51472 infeasible  132      3653.19755 2222.90953  39.2%  1320 72985s
 79913 51730 2242.69336   95 1611 3653.19755 2222.91092  39.2%  1318 73480s
 80298 51993 2229.45023   80 1676 3653.19755 2222.91179  39.2%  1320 74027s
 80722 52398     cutoff  111      3653.19755 2222.91243  39.2%  1323 74497s
 81250 52744 2265.35759   89 1386 3653.19755 2222.91465  39.2%  1324 75059s
H81746 52744                    3653.1973425 2222.91557  39.2%  1326 75059s
 81821 53008 2357.54849  123 1546 3653.19734 2222.91705  39.2%  1327 75578s
H82230 53408                    3653.1973375 2222.91785  39.2%  1331 76079s
 82780 54599 3348.60638  169 1044 3653.19734 2222.92060  39.2%  1334 76600s
 84090 55368 3596.54556  398  303 3653.19734 2222.92125  39.2%  1325 77088s
 85002 55630 3548.10817  125 1392 3653.19734 2222.92171  39.2%  1321 77537s
 85398 55918 3496.10420  118 1419 3653.19734 2222.92183  39.2%  1323 78095s
H85516 55918                    3653.1973371 2222.92183  39.2%  1324 78095s
H85649 55918                    3653.1973301 2222.92183  39.2%  1324 78095s
 85752 56573 2282.39804   92 1705 3653.19733 2222.92408  39.2%  1324 78510s
 86521 57161 2268.41499  101 1515 3653.19733 2222.92504  39.2%  1322 78887s
 87241 57502 2573.80727   96 1394 3653.19733 2222.92621  39.2%  1319 79367s
 87714 58037 2225.23855   83 1674 3653.19733 2222.92710  39.2%  1320 79834s
 88395 58274 3477.31647  125 1458 3653.19733 2222.92824  39.2%  1318 80251s
 88705 58871 2392.31378  112 1435 3653.19733 2222.93067  39.2%  1320 80719s
 89397 59219 3013.83944  108 1372 3653.19733 2222.93231  39.2%  1318 81185s
 89872 59581 3373.57426  115 1518 3653.19733 2222.93368  39.2%  1318 81621s
 90401 59958 3340.10268  106 1473 3653.19733 2222.93440  39.2%  1319 82170s
 91024 60273     cutoff  127      3653.19733 2222.93473  39.2%  1320 82635s
 91528 60589 2227.16080   82 1640 3653.19733 2222.93531  39.2%  1323 83103s
 91968 60854 2256.96264  112 1624 3653.19733 2222.93562  39.2%  1325 83602s
 92367 61126 2236.63567   91 1604 3653.19733 2222.93616  39.2%  1329 84265s
 92810 61351     cutoff  139      3653.19733 2222.93688  39.2%  1331 84795s
 93261 61793 3596.49445   99 1471 3653.19733 2222.93912  39.2%  1336 85298s
 93802 62345 3380.17759  112 1380 3653.19733 2222.93958  39.2%  1335 85786s
 94651 62631     cutoff  152      3653.19733 2222.94088  39.2%  1333 86223s
 95137 62776 2225.06713   86 1624 3653.19733 2222.94118  39.2%  1335 86400s

Cutting planes:
  Gomory: 36
  Cover: 37
  Implied bound: 21
  Clique: 12
  MIR: 262
  Flow cover: 468
  GUB cover: 1
  Inf proof: 4
  Zero half: 278
  RLT: 149
  Relax-and-lift: 464
  BQP: 2

Explored 95335 nodes (127457211 simplex iterations) in 86400.11 seconds
Thread count was 8 (of 8 available processors)

Solution count 10: 3653.2 3653.2 3653.2 ... 3654.2

Time limit reached
Warning: max constraint violation (2.1460e-04) exceeds tolerance
Best objective 3.653197333961e+03, best bound 2.222941183181e+03, gap 39.1508%
-----------------------------------------------------------------
penalty count => 

[weight]
Object1's weight : 1
Object2's weight : 1
Object3's weight : 1
Object4's weight : 1
Object5's weight : 0

[penalty & benefit]
Different discharge port in one hold                  : 10  33.0
Different loading port in pair hold                   : 1  53
Different discharge port in pair hold                 : 10  65
The number of cars passed holds that exceed threshold : 10  328.9999936023582
The benefit remaining RT of hold near the entrance    : 66.98026020624258
The penalty of total dead space                       : 1000  930.0

 => Total penalty is 3653.197333961158
-----------------------------------------------------------------
