File:book/booking2.csv
Academic license - for non-commercial use only - expires 2021-04-02
Using license file /home/takeda/gurobi.lic
Changed value of parameter TimeLimit to 86400.0
   Prev: inf  Min: 0.0  Max: inf  Default: inf
Changed value of parameter MIPFocus to 1
   Prev: 0  Min: 0  Max: 3  Default: 0
No parameters matching 'LPMethod' found

Statistics for model Unnamed :
  Linear constraint matrix    : 0 Constrs, 0 Vars, 0 NZs
  Matrix coefficient range    : [ 0, 0 ]
  Objective coefficient range : [ 0, 0 ]
  Variable bound range        : [ 0, 0 ]
  RHS coefficient range       : [ 0, 0 ]

========================= Solve Assignment Problem =========================
Gurobi Optimizer version 9.1.1 build v9.1.1rc0 (linux64)
Thread count: 4 physical cores, 8 logical processors, using up to 8 threads
Optimize a model with 452545 rows, 443824 columns and 16709879 nonzeros
Model fingerprint: 0xc0365eaf
Model has 29920 quadratic constraints
Variable types: 287702 continuous, 156122 integer (140986 binary)
Coefficient statistics:
  Matrix range     [4e-03, 8e+04]
  QMatrix range    [1e+00, 1e+00]
  QLMatrix range   [1e+00, 1e+00]
  Objective range  [1e+00, 1e+03]
  Bounds range     [1e+00, 3e+02]
  RHS range        [1e-01, 4e+07]
  QRHS range       [1e+00, 3e+02]
Presolve removed 19790 rows and 374118 columns (presolve time = 6s) ...
Presolve removed 19874 rows and 377893 columns (presolve time = 10s) ...
Presolve removed 51950 rows and 377893 columns (presolve time = 18s) ...
Presolve removed 51950 rows and 377893 columns (presolve time = 20s) ...
Presolve removed 51950 rows and 377893 columns (presolve time = 25s) ...
Presolve removed 51950 rows and 377893 columns (presolve time = 30s) ...
Presolve removed 54283 rows and 380226 columns (presolve time = 39s) ...
Presolve removed 45325 rows and 377742 columns
Presolve time: 38.83s
Presolved: 594932 rows, 200076 columns, 11639478 nonzeros
Variable types: 42 continuous, 200034 integer (29287 binary)

Deterministic concurrent LP optimizer: primal simplex, dual simplex, and barrier
Showing barrier log only...

Root barrier log...

Elapsed ordering time = 5s
Elapsed ordering time = 10s
Elapsed ordering time = 15s
Elapsed ordering time = 20s
Elapsed ordering time = 25s
Elapsed ordering time = 30s
Elapsed ordering time = 35s
Elapsed ordering time = 40s
Elapsed ordering time = 45s
Elapsed ordering time = 50s
Elapsed ordering time = 55s
Elapsed ordering time = 60s
Elapsed ordering time = 65s
Elapsed ordering time = 70s
Elapsed ordering time = 75s
Elapsed ordering time = 80s
Elapsed ordering time = 85s
Elapsed ordering time = 90s
Elapsed ordering time = 95s
Elapsed ordering time = 100s
Elapsed ordering time = 105s
Elapsed ordering time = 110s
Elapsed ordering time = 115s
Elapsed ordering time = 120s
Elapsed ordering time = 125s
Elapsed ordering time = 130s
Elapsed ordering time = 135s
Elapsed ordering time = 140s
Elapsed ordering time = 145s
Elapsed ordering time = 150s
Elapsed ordering time = 155s
Elapsed ordering time = 160s
Elapsed ordering time = 165s
Elapsed ordering time = 170s
Elapsed ordering time = 175s
Elapsed ordering time = 180s
Elapsed ordering time = 185s
Elapsed ordering time = 190s
Elapsed ordering time = 195s
Elapsed ordering time = 200s
Elapsed ordering time = 205s
Elapsed ordering time = 210s
Elapsed ordering time = 215s
Elapsed ordering time = 220s
Elapsed ordering time = 225s
Elapsed ordering time = 230s
Elapsed ordering time = 235s
Elapsed ordering time = 240s
Elapsed ordering time = 245s
Elapsed ordering time = 250s
Elapsed ordering time = 255s
Elapsed ordering time = 260s
Elapsed ordering time = 265s
Elapsed ordering time = 270s
Elapsed ordering time = 275s
Elapsed ordering time = 280s
Elapsed ordering time = 285s
Elapsed ordering time = 290s
Elapsed ordering time = 295s
Elapsed ordering time = 300s
Elapsed ordering time = 305s
Elapsed ordering time = 310s
Elapsed ordering time = 315s
Elapsed ordering time = 320s
Elapsed ordering time = 325s
Elapsed ordering time = 330s
Elapsed ordering time = 335s
Elapsed ordering time = 340s
Elapsed ordering time = 345s
Elapsed ordering time = 350s
Elapsed ordering time = 355s
Elapsed ordering time = 360s
Elapsed ordering time = 365s
Elapsed ordering time = 370s
Elapsed ordering time = 375s
Elapsed ordering time = 380s
Elapsed ordering time = 385s
Elapsed ordering time = 391s
Elapsed ordering time = 395s
Elapsed ordering time = 400s
Elapsed ordering time = 405s
Elapsed ordering time = 410s
Elapsed ordering time = 415s
Elapsed ordering time = 420s
Elapsed ordering time = 425s
Elapsed ordering time = 430s
Elapsed ordering time = 435s
Elapsed ordering time = 440s
Elapsed ordering time = 445s
Elapsed ordering time = 450s
Elapsed ordering time = 455s
Elapsed ordering time = 460s
Elapsed ordering time = 465s
Elapsed ordering time = 470s
Elapsed ordering time = 475s
Elapsed ordering time = 480s
Elapsed ordering time = 485s
Elapsed ordering time = 490s
Elapsed ordering time = 495s
Elapsed ordering time = 500s
Elapsed ordering time = 505s
Elapsed ordering time = 510s
Elapsed ordering time = 515s
Elapsed ordering time = 520s
Elapsed ordering time = 525s
Elapsed ordering time = 530s
Elapsed ordering time = 535s
Elapsed ordering time = 540s
Elapsed ordering time = 545s
Elapsed ordering time = 550s
Elapsed ordering time = 555s
Elapsed ordering time = 560s
Elapsed ordering time = 565s
Elapsed ordering time = 570s
Elapsed ordering time = 575s
Elapsed ordering time = 580s
Elapsed ordering time = 585s
Elapsed ordering time = 590s
Elapsed ordering time = 595s
Elapsed ordering time = 600s
Elapsed ordering time = 605s
Elapsed ordering time = 610s
Elapsed ordering time = 615s
Elapsed ordering time = 620s
Elapsed ordering time = 625s
Elapsed ordering time = 630s
Elapsed ordering time = 635s
Elapsed ordering time = 640s
Elapsed ordering time = 645s
Elapsed ordering time = 650s
Elapsed ordering time = 655s
Elapsed ordering time = 660s
Elapsed ordering time = 665s
Elapsed ordering time = 670s
Elapsed ordering time = 675s
Elapsed ordering time = 680s
Elapsed ordering time = 685s
Elapsed ordering time = 690s
Elapsed ordering time = 695s
Elapsed ordering time = 700s
Elapsed ordering time = 705s
Elapsed ordering time = 710s
Elapsed ordering time = 715s
Elapsed ordering time = 720s
Elapsed ordering time = 725s
Elapsed ordering time = 730s
Elapsed ordering time = 735s
Elapsed ordering time = 740s
Ordering time: 742.27s

Barrier performed 0 iterations in 961.94 seconds
Barrier solve interrupted - model solved by another algorithm

Concurrent spin time: 575.35s (can be avoided by choosing Method=3)

Solved with primal simplex

Root relaxation: objective -6.698000e+02, 84829 iterations, 1169.15 seconds
Total elapsed time = 1347.63s

    Nodes    |    Current Node    |     Objective Bounds      |     Work
 Expl Unexpl |  Obj  Depth IntInf | Incumbent    BestBd   Gap | It/Node Time

     0     0 -669.80000    0 3191          - -669.80000      -     - 2665s
     0     0 -669.80000    0 4480          - -669.80000      -     - 13482s
     0     0 -669.80000    0 4701          - -669.80000      -     - 20342s
     0     0 -669.80000    0 5495          - -669.80000      -     - 33447s
     0     0 -669.80000    0 5635          - -669.80000      -     - 39842s
     0     0 -669.80000    0 2394          - -669.80000      -     - 53424s
     0     0 -669.80000    0 4639          - -669.80000      -     - 66854s
     0     0 -669.80000    0 2536          - -669.80000      -     - 75583s
     0     0 -669.80000    0 4261          - -669.80000      -     - 86208s
H    0     0                    2799638.0800 -669.80000   100%     - 86252s
     0     0          -    0      2799638.08 -669.80000   100%     - 86400s

Cutting planes:
  Learned: 24
  Cover: 2
  Implied bound: 773
  Clique: 9
  MIR: 59
  StrongCG: 5
  Flow cover: 76
  Zero half: 38
  RLT: 490
  Relax-and-lift: 35
  BQP: 20

Explored 1 nodes (7317920 simplex iterations) in 86400.08 seconds
Thread count was 8 (of 8 available processors)

Solution count 1: 2.79964e+06 

Time limit reached
Best objective 2.799638080000e+06, best bound -6.697999999906e+02, gap 100.0239%
-----------------------------------------------------------------
penalty count => 

[weight]
Object1's weight : 1
Object2's weight : 1
Object3's weight : 1
Object4's weight : 1
Object5's weight : 1

[penalty & benefit]
Different discharge port in one hold                  : 10 × 397.0
Different loading port in pair hold                   : 1 × 119
Different discharge port in pair hold                 : 10 × 389
The number of cars passed holds that exceed threshold : 1861679.0
The benefit remaining RT of hold near the entrance    : 2.42
The penalty of total dead space                       : 1000 × 930.0

 => Total penalty is 2799638.08
-----------------------------------------------------------------
