File:book/booking3.csv
Academic license - for non-commercial use only - expires 2021-04-02
Using license file /home/takeda/gurobi.lic
Changed value of parameter TimeLimit to 86400.0
   Prev: inf  Min: 0.0  Max: inf  Default: inf
Changed value of parameter MIPFocus to 1
   Prev: 0  Min: 0  Max: 3  Default: 0
No parameters matching 'LPMethod' found

Statistics for model Unnamed :
  Linear constraint matrix    : 0 Constrs, 0 Vars, 0 NZs
  Matrix coefficient range    : [ 0, 0 ]
  Objective coefficient range : [ 0, 0 ]
  Variable bound range        : [ 0, 0 ]
  RHS coefficient range       : [ 0, 0 ]

========================= Solve Assignment Problem =========================
Gurobi Optimizer version 9.1.1 build v9.1.1rc0 (linux64)
Thread count: 4 physical cores, 8 logical processors, using up to 8 threads
Optimize a model with 545577 rows, 513445 columns and 18568570 nonzeros
Model fingerprint: 0x39e996d7
Model has 29920 quadratic constraints
Variable types: 333155 continuous, 180290 integer (165154 binary)
Coefficient statistics:
  Matrix range     [4e-03, 8e+04]
  QMatrix range    [1e+00, 1e+00]
  QLMatrix range   [1e+00, 1e+00]
  Objective range  [1e+00, 1e+03]
  Bounds range     [1e+00, 3e+02]
  RHS range        [1e-01, 4e+07]
  QRHS range       [1e+00, 3e+02]
Presolve removed 62551 rows and 439425 columns (presolve time = 5s) ...
Presolve removed 62654 rows and 439425 columns (presolve time = 13s) ...
Presolve removed 62696 rows and 445783 columns (presolve time = 18s) ...
Presolve removed 62696 rows and 445783 columns (presolve time = 20s) ...
Presolve removed 62696 rows and 445783 columns (presolve time = 25s) ...
Presolve removed 62696 rows and 445783 columns (presolve time = 30s) ...
Presolve removed 75441 rows and 445783 columns (presolve time = 37s) ...
Presolve removed 75441 rows and 445783 columns (presolve time = 45s) ...
Presolve removed 75441 rows and 445783 columns (presolve time = 50s) ...
Presolve removed 75441 rows and 445783 columns (presolve time = 55s) ...
Presolve removed 75441 rows and 445783 columns (presolve time = 60s) ...
Presolve removed 75441 rows and 445783 columns (presolve time = 69s) ...
Presolve removed 75441 rows and 445783 columns (presolve time = 79s) ...
Presolve removed 75441 rows and 445783 columns (presolve time = 84s) ...
Presolve removed 78192 rows and 448534 columns (presolve time = 102s) ...
Presolve removed 68802 rows and 445618 columns
Presolve time: 101.58s
Presolved: 664487 rows, 201821 columns, 13402757 nonzeros
Variable types: 30 continuous, 201791 integer (30976 binary)

Deterministic concurrent LP optimizer: primal simplex, dual simplex, and barrier
Showing barrier log only...

Root barrier log...

Elapsed ordering time = 6s
Elapsed ordering time = 11s
Elapsed ordering time = 16s
Elapsed ordering time = 20s
Elapsed ordering time = 27s
Elapsed ordering time = 32s
Elapsed ordering time = 36s
Elapsed ordering time = 40s
Elapsed ordering time = 47s
Elapsed ordering time = 51s
Elapsed ordering time = 56s
Elapsed ordering time = 60s
Elapsed ordering time = 65s
Elapsed ordering time = 70s
Elapsed ordering time = 75s
Elapsed ordering time = 80s
Elapsed ordering time = 87s
Elapsed ordering time = 91s
Elapsed ordering time = 96s
Elapsed ordering time = 100s
Ordering time: 103.16s

Barrier statistics:
 Dense cols : 58
 Free vars  : 464
 AA' NZ     : 1.405e+07
 Factor NZ  : 9.925e+07 (roughly 1.2 GBytes of memory)
 Factor Ops : 7.718e+11 (roughly 100 seconds per iteration)
 Threads    : 1

                  Objective                Residual
Iter       Primal          Dual         Primal    Dual     Compl     Time
   0  -3.00690777e+10  1.58412133e+06  4.60e+06 1.50e+04  8.13e+06   670s
   1  -2.08457954e+10  6.31650476e+07  2.76e+06 1.15e+04  5.49e+06   767s
   2  -1.67389420e+10  1.03075677e+08  1.15e+06 6.69e+03  3.39e+06   856s
   3  -1.91132504e+10  7.24928706e+07  4.89e+05 3.75e+03  1.98e+06   931s
   4  -1.83231995e+10  4.95129121e+07  2.83e+05 2.34e+03  1.25e+06  1008s
   5  -1.69500874e+10  3.44448161e+07  1.80e+05 1.54e+03  8.22e+05  1081s
   6  -1.51572197e+10  2.90355527e+07  1.16e+05 1.27e+03  6.75e+05  1160s
   7  -1.35159295e+10  2.40115618e+07  7.42e+04 1.03e+03  5.43e+05  1227s
   8  -1.14551019e+10  1.49935374e+07  3.92e+04 6.04e+02  3.22e+05  1285s
   9  -9.72373551e+09  1.14052376e+07  2.24e+04 4.40e+02  2.34e+05  1335s
  10  -8.61399396e+09  8.36182144e+06  1.65e+04 3.03e+02  1.62e+05  1386s
  11  -7.27029547e+09  6.44079619e+06  9.37e+03 2.15e+02  1.14e+05  1439s
  12  -5.85548131e+09  4.63458585e+06  4.12e+03 1.36e+02  7.22e+04  1491s
  13  -4.92473709e+09  3.16946319e+06  2.39e+03 7.37e+01  4.01e+04  1541s
  14  -4.21494155e+09  2.51408237e+06  1.60e+03 4.63e+01  2.57e+04  1589s
  15  -3.27162783e+09  1.97193677e+06  8.71e+02 2.45e+01  1.42e+04  1639s
  16  -1.88516379e+09  1.49533416e+06  2.22e+02 7.44e+00  4.84e+03  1691s

Barrier performed 16 iterations in 1690.60 seconds
Barrier solve interrupted - model solved by another algorithm

Concurrent spin time: 529.61s (can be avoided by choosing Method=3)

Solved with primal simplex

Root relaxation: objective -6.698000e+02, 108678 iterations, 1269.51 seconds
Total elapsed time = 1693.03s

    Nodes    |    Current Node    |     Objective Bounds      |     Work
 Expl Unexpl |  Obj  Depth IntInf | Incumbent    BestBd   Gap | It/Node Time

     0     0 -669.80000    0 3766          - -669.80000      -     - 3656s
     0     0 -669.80000    0 5182          - -669.80000      -     - 9832s
     0     0 -669.80000    0 4978          - -669.80000      -     - 15506s
     0     0 -669.80000    0 5661          - -669.80000      -     - 23960s
     0     0 -669.80000    0 5582          - -669.80000      -     - 31137s
     0     0 -669.80000    0 6045          - -669.80000      -     - 41639s
     0     0 -669.80000    0 6226          - -669.80000      -     - 47004s
     0     0 -669.80000    0 6512          - -669.80000      -     - 56792s
     0     0 -669.80000    0 6272          - -669.80000      -     - 63137s
     0     0 -669.80000    0 6795          - -669.80000      -     - 72668s
H    0     0                    1425778.3600 -669.80000   100%     - 72949s

Cutting planes:
  Learned: 31
  Gomory: 2
  Cover: 20
  Implied bound: 8
  Clique: 79
  MIR: 83
  StrongCG: 43
  Flow cover: 79
  Zero half: 650
  Mod-K: 1
  Network: 1
  RLT: 623
  Relax-and-lift: 18
  BQP: 68

Explored 1 nodes (5052797 simplex iterations) in 86400.14 seconds
Thread count was 8 (of 8 available processors)

Solution count 1: 1.42578e+06 

Time limit reached
Best objective 1.425778360000e+06, best bound -6.698000000058e+02, gap 100.0470%
-----------------------------------------------------------------
penalty count => 

[weight]
Object1's weight : 1
Object2's weight : 1
Object3's weight : 1
Object4's weight : 1
Object5's weight : 1

[penalty & benefit]
Different discharge port in one hold                  : 10 × 428.0
Different loading port in pair hold                   : 1 × 224
Different discharge port in pair hold                 : 10 × 380
The number of cars passed holds that exceed threshold : 49483.0
The benefit remaining RT of hold near the entrance    : 1.63
The penalty of total dead space                       : 1000 × 1368.0

 => Total penalty is 1425778.3599999999
-----------------------------------------------------------------
