Academic license - for non-commercial use only - expires 2021-04-02
Using license file /home/takeda/gurobi.lic
Changed value of parameter TimeLimit to 3600.0
   Prev: inf  Min: 0.0  Max: inf  Default: inf
Changed value of parameter MIPFocus to 1
   Prev: 0  Min: 0  Max: 3  Default: 0
No parameters matching 'LPMethod' found

Statistics for model Unnamed :
  Linear constraint matrix    : 0 Constrs, 0 Vars, 0 NZs
  Matrix coefficient range    : [ 0, 0 ]
  Objective coefficient range : [ 0, 0 ]
  Variable bound range        : [ 0, 0 ]
  RHS coefficient range       : [ 0, 0 ]

========================= Solve Assignment Problem =========================
Gurobi Optimizer version 9.1.1 build v9.1.1rc0 (linux64)
Thread count: 4 physical cores, 8 logical processors, using up to 8 threads
Optimize a model with 90162 rows, 63700 columns and 1663940 nonzeros
Model fingerprint: 0x2df43b38
Model has 9605 quadratic constraints
Variable types: 24368 continuous, 39332 integer (34473 binary)
Coefficient statistics:
  Matrix range     [2e-03, 2e+05]
  QMatrix range    [1e+00, 1e+00]
  QLMatrix range   [1e+00, 1e+00]
  Objective range  [1e+00, 1e+03]
  Bounds range     [1e+00, 5e+02]
  RHS range        [1e-01, 4e+07]
  QRHS range       [1e+00, 5e+02]
Presolve removed 42469 rows and 43357 columns
Presolve time: 4.25s
Presolved: 107771 rows, 63204 columns, 1136098 nonzeros
Variable types: 0 continuous, 63204 integer (8564 binary)

Deterministic concurrent LP optimizer: primal and dual simplex (primal and dual model)
Showing first log only...


Root simplex log...

Iteration    Objective       Primal Inf.    Dual Inf.      Time
       0    1.8360000e+03   2.651985e+03   2.341522e+08     12s
Concurrent spin time: 0.00s

Solved with dual simplex (dual model)

Root relaxation: objective -4.461980e+03, 7932 iterations, 3.93 seconds
Total elapsed time = 14.89s
Total elapsed time = 20.02s
Total elapsed time = 25.07s

    Nodes    |    Current Node    |     Objective Bounds      |     Work
 Expl Unexpl |  Obj  Depth IntInf | Incumbent    BestBd   Gap | It/Node Time

     0     0 -4461.9800    0  731          - -4461.9800      -     -   26s
     0     0 -4461.9800    0 1316          - -4461.9800      -     -  146s
     0     0 -4461.9800    0 1008          - -4461.9800      -     -  174s
     0     0 -4461.9800    0  631          - -4461.9800      -     -  236s
     0     0 -4461.9800    0  860          - -4461.9800      -     -  237s
     0     0 -4461.9800    0  875          - -4461.9800      -     -  275s
     0     0 -4461.9800    0 1890          - -4461.9800      -     -  426s
     0     0 -4461.9800    0  850          - -4461.9800      -     -  570s
     0     0 -4461.9800    0  994          - -4461.9800      -     -  596s
H    0     0                    1094610.3300 -4461.9800   100%     -  597s
     0     0 -4461.9800    0 1322 1094610.33 -4461.9800   100%     -  686s
H    0     0                    70001.330000 -4461.9800   106%     -  698s
H    0     0                    66794.330000 -4461.9800   107%     -  698s
H    0     0                    12396.810000 -4461.9800   136%     -  699s
H    0     0                    -4255.170000 -4461.9800  4.86%     - 2560s
H    0     0                    -4255.320000 -4461.9800  4.86%     - 2565s
H    0     0                    -4256.380000 -4461.9800  4.83%     - 2568s
     0     2 -4461.9800    0  695 -4256.3800 -4461.9800  4.83%     - 2578s
H    1     4                    -4256.920000 -4461.9800  4.82%  6643 2646s
     3     8 -4461.9800    2 1852 -4256.9200 -4461.9800  4.82% 110493 2768s
H    5     8                    -4258.920000 -4461.9800  4.77% 108859 2768s
     7    12 -4461.9800    3 3133 -4258.9200 -4461.9800  4.77% 166612 2951s
    11    16 -4461.9800    3 2298 -4258.9200 -4461.9800  4.77% 193920 3498s
    15    20 -4461.9800    4 1800 -4258.9200 -4461.9800  4.77% 273587 3505s
    19    22 -4461.9800    5 1614 -4258.9200 -4461.9800  4.77% 216634 3515s
    23    30 -4461.9800    6 2047 -4258.9200 -4461.9800  4.77% 179956 3524s
H   31    38                    -4258.980000 -4461.9800  4.77% 133879 3529s
    39    61 -4461.9800    9 1149 -4258.9800 -4461.9800  4.77% 106721 3546s
H   44    61                    -4259.010000 -4461.9800  4.77% 94628 3546s
H   61    61                    -4259.190000 -4461.9800  4.76% 68847 3546s
    62   149 -4461.9800   14 1046 -4259.1900 -4461.9800  4.76% 67801 3592s
H  150   170                    -4268.780000 -4461.9800  4.53% 28911 3600s
H  169   170                    -4278.860000 -4461.9800  4.28% 25735 3600s

Cutting planes:
  Learned: 2
  Gomory: 3
  Cover: 2
  Implied bound: 146
  MIR: 71
  StrongCG: 28
  Flow cover: 15
  GUB cover: 1
  Zero half: 114
  RLT: 57
  Relax-and-lift: 8
  BQP: 9

Explored 173 nodes (5375612 simplex iterations) in 3600.07 seconds
Thread count was 8 (of 8 available processors)

Solution count 10: -4278.86 -4268.78 -4259.19 ... -4255.17

Time limit reached
Best objective -4.278860000000e+03, best bound -4.461980000001e+03, gap 4.2796%
-----------------------------------------------------------------
penalty count => 

[weight]
Object1's weight : 1
Object2's weight : 1
Object3's weight : 1
Object4's weight : 1
Object5's weight : 1

[penalty & benefit]
Different discharge port in one hold                  : 10 × 5.0
Different loading port in pair hold                   : 1 × 16
Different discharge port in pair hold                 : 10 × 9
The number of cars passed holds that exceed threshold : 0
The benefit remaining RT of hold near the entrance    : 547.62
The penalty of total dead space                       : 1000 × 0

 => Total penalty is -4278.86
-----------------------------------------------------------------
