File:book/exp_height.csv
Academic license - for non-commercial use only - expires 2021-04-02
Using license file /home/takeda/gurobi.lic
Changed value of parameter TimeLimit to 3600.0
   Prev: inf  Min: 0.0  Max: inf  Default: inf
Changed value of parameter MIPFocus to 1
   Prev: 0  Min: 0  Max: 3  Default: 0
No parameters matching 'LPMethod' found

Statistics for model Unnamed :
  Linear constraint matrix    : 0 Constrs, 0 Vars, 0 NZs
  Matrix coefficient range    : [ 0, 0 ]
  Objective coefficient range : [ 0, 0 ]
  Variable bound range        : [ 0, 0 ]
  RHS coefficient range       : [ 0, 0 ]

========================= Solve Assignment Problem =========================
Gurobi Optimizer version 9.1.1 build v9.1.1rc0 (linux64)
Thread count: 4 physical cores, 8 logical processors, using up to 8 threads
Optimize a model with 7221 rows, 4923 columns and 61095 nonzeros
Model fingerprint: 0xef3aade3
Model has 1449 quadratic constraints
Variable types: 2605 continuous, 2318 integer (1814 binary)
Coefficient statistics:
  Matrix range     [1e-02, 4e+03]
  QMatrix range    [1e+00, 1e+00]
  QLMatrix range   [1e+00, 1e+00]
  Objective range  [1e+00, 1e+03]
  Bounds range     [1e+00, 8e+01]
  RHS range        [3e-01, 4e+07]
  QRHS range       [1e+00, 8e+01]
Presolve removed 3341 rows and 2783 columns
Presolve time: 0.38s
Presolved: 9811 rows, 6298 columns, 42393 nonzeros
Presolved model has 1008 SOS constraint(s)
Variable types: 1016 continuous, 5282 integer (1499 binary)

Root relaxation: objective 0.000000e+00, 2648 iterations, 0.35 seconds

    Nodes    |    Current Node    |     Objective Bounds      |     Work
 Expl Unexpl |  Obj  Depth IntInf | Incumbent    BestBd   Gap | It/Node Time

     0     0    0.00000    0  546          -    0.00000      -     -    1s
     0     0    0.00000    0  811          -    0.00000      -     -    2s
     0     0    0.00000    0  813          -    0.00000      -     -    3s
     0     0    0.00000    0  569          -    0.00000      -     -    5s
     0     0    0.00000    0  569          -    0.00000      -     -    5s
     0     0    0.00000    0  540          -    0.00000      -     -    7s
     0     0    0.00000    0  583          -    0.00000      -     -    8s
H    0     0                    2185.0000000    0.00000   100%     -   10s
     0     0    0.00000    0  729 2185.00000    0.00000   100%     -   11s
     0     0    0.00000    0  738 2185.00000    0.00000   100%     -   12s
     0     0    0.00000    0  802 2185.00000    0.00000   100%     -   14s
H    0     0                    1175.0000000    0.00000   100%     -   14s
H    0     0                    1056.0000000    0.00000   100%     -   15s
     0     2    0.00000    0  552 1056.00000    0.00000   100%     -   17s
     3     8    0.00000    2  838 1056.00000    0.00000   100%  5998   20s
    23    27    3.76900    5 1140 1056.00000    0.00000   100%  3784   26s
H   29    31                    1055.0000000    0.00000   100%  3395   26s
    43    43    4.91038    7 1139 1055.00000    0.00000   100%  3051   31s
    59    57    0.00000    8 1088 1055.00000    0.00000   100%  3200   36s
    75    71    1.98635   10 1304 1055.00000    0.31090   100%  3182   40s
   117   112   23.00000   19  527 1055.00000    0.31090   100%  2506   45s
   143   127     cutoff   24      1055.00000    0.31090   100%  2334   50s
H  173   140                      95.0000000    0.31090   100%  2216   56s
   209   168   76.00000   49   27   95.00000    0.31090   100%  2010   60s
H  213   168                      75.0000000    0.31090   100%  1973   60s
   258   172     cutoff    9        75.00000    1.00000  98.7%  1930   66s
   265   183   11.86064    9 1083   75.00000    1.00000  98.7%  1989   71s
H  299   200                      64.0000000    1.00000  98.4%  2063   84s
   303   206   20.94065   11 1185   64.00000    1.00000  98.4%  2089   88s
   319   213   32.57609   13 1115   64.00000    1.00000  98.4%  2124   91s
   326   225   62.00000   14  882   64.00000    1.00000  98.4%  2218   95s
   366   233   33.63075   16  853   64.00000    1.00000  98.4%  2203  101s
   389   238   34.60532   17  889   64.00000    1.00000  98.4%  2113  111s
   429   238   41.32153   20  718   64.00000    1.00000  98.4%  2010  115s
   495   239    4.72013    8 1238   64.00000    1.00000  98.4%  1882  121s
   561   259   29.07298   10  833   64.00000    1.00000  98.4%  1792  128s
   588   280 infeasible   15        64.00000    1.00000  98.4%  1749  145s
   660   295   11.00000   12  962   64.00000    1.00000  98.4%  1730  157s
   667   314   11.00000   13 1008   64.00000    1.00000  98.4%  1750  162s
   702   345   28.93117   17  997   64.00000    1.00000  98.4%  1744  170s
   787   368   56.70008   22  787   64.00000    1.00000  98.4%  1655  175s
   858   389     cutoff   24        64.00000    1.04097  98.4%  1591  189s
   955   407     cutoff   26        64.00000    3.76911  94.1%  1495  202s
  1003   431   21.00000   17  845   64.00000    3.76911  94.1%  1480  206s
  1093   475   51.56235   26  847   64.00000    4.01705  93.7%  1436  211s
  1252   507 infeasible    8        64.00000    5.03285  92.1%  1339  216s
  1354   532   22.35572   10 1087   64.00000    5.03285  92.1%  1303  220s
  1457   584     cutoff   16        64.00000    7.90313  87.7%  1267  225s
  1580   596   51.37723   22  754   64.00000    9.69091  84.9%  1235  232s
  1679   607   30.11179   10 1139   64.00000   10.26950  84.0%  1218  238s
  1703   625   31.06885   13 1127   64.00000   10.26950  84.0%  1236  244s
  1747   641   32.00000   15 1066   64.00000   10.26950  84.0%  1244  249s
  1852   674   42.09640   18  973   64.00000   11.00000  82.8%  1216  256s
  1963   709   11.24193   17  954   64.00000   11.00000  82.8%  1209  261s
  2066   754   56.42481   25  958   64.00000   11.00000  82.8%  1205  266s
  2163   755   40.75355   16 1388   64.00000   11.13727  82.6%  1204  271s
  2167   758   31.16789   13  896   64.00000   11.13727  82.6%  1202  276s
  2172   762   15.32777   17  401   64.00000   11.13727  82.6%  1211  280s
  2175   764   24.63611   23  386   64.00000   11.13727  82.6%  1209  287s
  2177   766   33.00000   24  509   64.00000   11.13727  82.6%  1208  290s
  2180   768   42.81616   19  611   64.00000   11.13727  82.6%  1206  295s
  2182   769   21.00000   19  530   64.00000   11.13727  82.6%  1205  302s
  2185   776   11.13727   25  582   64.00000   11.13727  82.6%  1247  306s
  2205   781   11.13727   28  459   64.00000   11.13727  82.6%  1264  310s
  2234   798   11.13727   31  521   64.00000   11.13727  82.6%  1277  316s
  2256   811   11.13727   34  557   64.00000   11.13727  82.6%  1289  320s
  2294   832   34.64241   41  556   64.00000   11.13727  82.6%  1312  326s
  2331   852 infeasible   48        64.00000   11.13727  82.6%  1323  330s
  2419   886   17.27005   33  794   64.00000   11.13727  82.6%  1311  335s
  2505   893   11.13727   35  586   64.00000   11.13727  82.6%  1294  340s
  2631   893   11.25260   38  635   64.00000   11.13727  82.6%  1263  345s
  2748   878   31.35239   43  572   64.00000   11.13727  82.6%  1238  350s
  2827   879   43.23914   46  525   64.00000   11.13727  82.6%  1228  355s
  2914   899   51.62968   49  484   64.00000   11.13727  82.6%  1222  360s
  3012   901   53.15955   44  449   64.00000   11.13727  82.6%  1214  367s
  3034   892   36.00192   29  533   64.00000   11.13727  82.6%  1212  370s
  3061   911   27.19716   33  513   64.00000   11.13727  82.6%  1226  376s
  3123   908   22.07238   32  588   64.00000   11.13727  82.6%  1230  382s
  3158   904   32.00000   37  425   64.00000   11.13727  82.6%  1228  385s
  3210   898   36.37492   36  443   64.00000   11.13727  82.6%  1237  391s
  3274   893   13.06867   32  795   64.00000   11.13727  82.6%  1241  397s
  3331   892   17.72336   33  620   64.00000   11.13727  82.6%  1240  401s
  3420   888   21.27741   34  739   64.00000   11.13727  82.6%  1240  408s
  3464   886     cutoff   37        64.00000   11.13727  82.6%  1237  412s
  3530   884     cutoff   45        64.00000   11.13727  82.6%  1229  416s
  3699   858   62.80905   45  511   64.00000   11.13727  82.6%  1207  423s
  3752   851   11.13727   36  596   64.00000   11.13727  82.6%  1210  433s
  3833   838   31.62980   38  666   64.00000   11.13727  82.6%  1203  437s
  3907   837     cutoff   41        64.00000   11.13727  82.6%  1196  440s
  4098   813   37.02754   42  506   64.00000   11.13727  82.6%  1184  447s
  4169   821   34.48787   42  561   64.00000   11.13727  82.6%  1183  451s
  4276   803   20.80468   40  779   64.00000   11.13727  82.6%  1173  455s
  4544   810   14.85691   44  676   64.00000   12.00000  81.2%  1139  463s
  4720   825   13.17986   46  634   64.00000   13.00000  79.7%  1121  466s
  4816   856   30.02504   47  734   64.00000   13.00000  79.7%  1117  471s
  4939   883   23.60811   51  501   64.00000   13.19268  79.4%  1114  476s
  5000   894   36.51450   56  498   64.00000   13.35535  79.1%  1120  480s
  5051   909   49.20386   51  630   64.00000   13.55739  78.8%  1121  486s
  5186   922     cutoff   57        64.00000   13.55739  78.8%  1113  492s
  5320   951   23.53288   35  619   64.00000   21.00000  67.2%  1112  496s
  5360   982   32.00000   38  578   64.00000   21.06292  67.1%  1125  502s
  5478  1008   56.46657   52  234   64.00000   21.23305  66.8%  1126  508s
  5659  1061   22.25095   40  481   64.00000   21.65632  66.2%  1117  513s
  5831  1087   33.82781   42  517   64.00000   22.29612  65.2%  1108  519s
  6004  1175   54.18970   44  400   64.00000   22.88118  64.2%  1098  525s
  6371  1238   44.00000   48  510   64.00000   23.32228  63.6%  1062  531s
  6650  1295   52.44286   46  460   64.00000   23.66823  63.0%  1041  540s
  6970  1341   47.54500   51  612   64.00000   24.42284  61.8%  1021  551s
  7274  1371   50.19164   54  624   64.00000   24.74513  61.3%  1001  560s
  7604  1406     cutoff   42        64.00000   26.76408  58.2%   982  569s
  7832  1437     cutoff   52        64.00000   27.54020  57.0%   978  579s
  8056  1473   56.81617   40  704   64.00000   28.52857  55.4%   973  590s
  8285  1504     cutoff   48        64.00000   29.32820  54.2%   970  602s
  8557  1545   31.88095   35  428   64.00000   30.41993  52.5%   961  613s
  8871  1593   51.69350   37  560   64.00000   31.00000  51.6%   951  625s
  9174  1653   34.00000   37  507   64.00000   31.00000  51.6%   944  638s
  9430  1670   43.00000   43  380   64.00000   31.14072  51.3%   940  650s
  9757  1760     cutoff   54        64.00000   31.95027  50.1%   934  664s
 10314  1796   42.35309   37  323   64.00000   32.04960  49.9%   908  679s
 10672  1857   53.00000   48  545   64.00000   32.42415  49.3%   906  696s
 11068  1914   35.00000   41  416   64.00000   32.89888  48.6%   894  710s
 11543  1973     cutoff   40        64.00000   33.00000  48.4%   887  723s
 11955  2106     cutoff   41        64.00000   33.21567  48.1%   878  737s
 12627  2246 infeasible   41        64.00000   34.00000  46.9%   857  749s
 13138  2293     cutoff   46        64.00000   34.00000  46.9%   846  760s
 13519  2317   53.00000   57  395   64.00000   34.33073  46.4%   841  771s
 13888  2338     cutoff   39        64.00000   34.59819  45.9%   837  782s
 14276  2424   48.76829   53  428   64.00000   35.00000  45.3%   834  795s
 14963  2530   43.00000   54  486   64.00000   35.26312  44.9%   816  806s
 15716  2646   57.83418   45  555   64.00000   36.00000  43.8%   795  816s
 16410  2789     cutoff   50        64.00000   36.59948  42.8%   778  827s
 17129  2770   46.00000   55  214   64.00000   37.14423  42.0%   758  835s
 17575  2824   48.25273   34  507   64.00000   37.42585  41.5%   751  845s
 18322  2816     cutoff   36        64.00000   39.62316  38.1%   733  853s
 18706  2841   43.02686   49  417   64.00000   41.00000  35.9%   729  861s
 18897  2852   47.65959   52  284   64.00000   41.00000  35.9%   732  870s
 19038  2858 infeasible   46        64.00000   41.05431  35.9%   734  878s
 19192  2848   53.00000   53  275   64.00000   41.11843  35.8%   738  886s
 19457  2859   45.59013   57  594   64.00000   41.67956  34.9%   738  894s
 19663  2856   45.57196   51  506   64.00000   42.00000  34.4%   741  905s
 19924  2850   53.00000   43  320   64.00000   42.11806  34.2%   741  914s
 20312  2811   61.59181   38  398   64.00000   42.37429  33.8%   738  924s
 20749  2792     cutoff   43        64.00000   42.90463  33.0%   734  934s
 21051  2804   54.78021   49  518   64.00000   43.00000  32.8%   734  944s
 21336  2810   59.56108   44  624   64.00000   43.00000  32.8%   733  953s
 21529  2820   43.28962   49  372   64.00000   43.07463  32.7%   735  963s
 22043  2858   52.48798   51  534   64.00000   43.39734  32.2%   732  970s
 22632  2882     cutoff   46        64.00000   43.82341  31.5%   724  978s
 23222  2867   45.27719   62  374   64.00000   44.00000  31.3%   714  985s
 23670  2854     cutoff   43        64.00000   44.00000  31.2%   710  991s
 23963  2958   46.01817   43  563   64.00000   44.00000  31.2%   710 1001s
 24542  3040 infeasible   44        64.00000   44.04514  31.2%   700 1011s
 25138  3296   53.00000   41  371   64.00000   44.23096  30.9%   690 1019s
 26213  3921   53.00000   43  481   64.00000   44.49282  30.5%   669 1025s
 28040  4773     cutoff   48        64.00000   44.90196  29.8%   630 1030s
 30959  5642   45.11336  146   75   64.00000   45.00000  29.7%   574 1035s
 34063  6612   45.00918  142   41   64.00000   45.00000  29.7%   523 1041s
 40859  7365 infeasible  111        64.00000   45.00000  29.7%   441 1045s
 44228  8082 infeasible  134        64.00000   45.00000  29.7%   408 1050s
 44928  8929   45.08914  140   96   64.00000   45.00000  29.7%   402 1055s
 52466  9563   45.08979  141   98   64.00000   45.00000  29.7%   347 1060s
 55623 10398 infeasible  143        64.00000   45.00000  29.7%   328 1067s
 61836 11125   46.16947  147   93   64.00000   45.00000  29.7%   297 1070s
 64943 11743     cutoff  147        64.00000   45.00000  29.7%   284 1075s
 66222 12579   46.10438  146  157   64.00000   45.00000  29.7%   279 1080s
 73570 13089   45.00000  122   34   64.00000   45.00000  29.7%   253 1085s
 76559 14158 infeasible  125        64.00000   45.00000  29.7%   245 1094s
 80563 14181   55.21439  142   54   64.00000   45.00000  29.7%   234 1095s
 86394 14980   45.00000   89   23   64.00000   45.00000  29.7%   219 1100s
 91232 15420   46.00000  143   27   64.00000   45.00000  29.7%   208 1106s
 94345 15877     cutoff  140        64.00000   45.00000  29.7%   202 1110s
 97815 17076   56.07272  149  105   64.00000   45.00000  29.7%   196 1118s
 103232 17562   45.21978  141   55   64.00000   45.00000  29.7%   187 1120s
 108624 19032   45.00000  127   30   64.00000   45.00000  29.7%   179 1128s
 114889 19535   45.00000  134   33   64.00000   45.00000  29.7%   171 1130s
 119184 20735   45.00000  121   27   64.00000   45.00000  29.7%   165 1137s
 125872 21261   45.09148  140   96   64.00000   45.00000  29.7%   158 1140s
 129771 22091   45.00000   89   29   64.00000   45.00000  29.7%   154 1146s
 136765 22665 infeasible  142        64.00000   45.00000  29.7%   147 1150s
 140285 24671   46.20713  147   71   64.00000   45.00000  29.7%   144 1157s
 144905 24860   45.00000  132   30   64.00000   45.00000  29.7%   140 1160s
 149924 25646 infeasible  146        64.00000   45.00000  29.7%   137 1165s
 154446 26242 infeasible  139        64.00000   45.00000  29.7%   134 1170s
 159200 27261   46.13730  148  108   64.00000   45.00000  29.7%   131 1175s
 161802 28197   46.11377  144   97   64.00000   45.00000  29.7%   129 1182s
 166964 28716   46.00000  142   33   64.00000   45.00000  29.7%   126 1185s
 171887 29466   46.25333  144   99   64.00000   45.00000  29.7%   123 1190s
 177352 30534   45.00000  116   28   64.00000   45.00000  29.7%   120 1195s
 183609 31695   46.00000  142   84   64.00000   45.00000  29.7%   117 1202s
 190494 31975   46.00000  147   33   64.00000   45.00000  29.7%   113 1205s
 194155 32841 infeasible   97        64.00000   45.00000  29.7%   111 1210s
 200462 33062   46.11951  149  114   64.00000   45.00000  29.7%   108 1216s
 203698 33179   45.00000  127   32   64.00000   45.00000  29.7%   107 1220s
 204720 33563   46.17451  151   94   64.00000   45.00000  29.7%   106 1225s
 213726 34472   45.00000  122   35   64.00000   45.00000  29.7%   103 1230s
 219405 35543 infeasible  142        64.00000   45.00000  29.7%   101 1235s
 224700 36648   45.06451  140   96   64.00000   45.00000  29.7%  98.9 1240s
 231572 37547   45.00000  128   33   64.00000   45.00000  29.7%  96.5 1245s
 236376 38673   45.00000  116   38   64.00000   45.00000  29.7%  95.0 1251s
 242606 39293 infeasible   66        64.00000   45.00000  29.7%  93.2 1255s
 247095 40622 infeasible   99        64.00000   45.00000  29.7%  91.9 1261s
 255005 41435   46.08093  147   98   64.00000   45.00000  29.7%  89.6 1265s
 260287 42388   46.00000  141   21   64.00000   45.00000  29.7%  88.3 1270s
 265987 43292   46.00000  142   21   64.00000   45.00000  29.7%  86.9 1275s
 270847 44162   46.00000  146   36   64.00000   45.00000  29.7%  85.8 1280s
 276515 44931   45.08326  137   98   64.00000   45.00000  29.7%  84.5 1285s
 281339 45221   46.08020  142  109   64.00000   45.00000  29.7%  83.4 1290s
 285277 46066 infeasible  136        64.00000   45.00000  29.7%  82.6 1295s
 291580 46931   55.32064  138   55   64.00000   45.00000  29.7%  81.2 1300s
 297638 47811   46.00000  141   26   64.00000   45.00000  29.7%  80.0 1305s
 303096 49156   46.08914  146   93   64.00000   45.00000  29.7%  79.1 1310s
 308549 50410   46.00000  141   25   64.00000   45.00000  29.7%  78.2 1315s
 313086 51301   46.10086  147   97   64.00000   45.00000  29.7%  77.5 1320s
 318801 52271   46.25333  146   92   64.00000   45.00000  29.7%  76.6 1325s
 324208 53098   46.16244  147   97   64.00000   45.00000  29.7%  75.8 1330s
 329356 54062   49.67589  142  202   64.00000   45.00000  29.7%  75.1 1335s
 335020 55328   46.00000  149   30   64.00000   45.00000  29.7%  74.3 1340s
 338679 55821   46.62505  152   94   64.00000   45.00000  29.7%  73.8 1345s
 343925 56531   46.25333  151   90   64.00000   45.00000  29.7%  73.2 1350s
 349045 57384   46.40346  148   93   64.00000   45.00000  29.7%  72.6 1355s
 351672 57905   45.32093  142   52   64.00000   45.00000  29.7%  72.3 1360s
 354239 58282   46.00000  147   31   64.00000   45.00000  29.7%  72.0 1365s
 357141 58958 infeasible  139        64.00000   45.00000  29.7%  71.8 1370s
 359100 59226   46.68533  147   96   64.00000   45.00000  29.7%  71.6 1375s
 362118 60161   45.58323  148   71   64.00000   45.00000  29.7%  71.3 1380s
 367532 60993   45.00000  142   28   64.00000   45.00000  29.7%  70.7 1385s
 372376 61902   55.74544  129  189   64.00000   45.00000  29.7%  70.1 1390s
 378098 62358   45.25685  145   91   64.00000   45.00000  29.7%  69.4 1395s
 382897 63173 infeasible  145        64.00000   45.00000  29.7%  69.0 1400s
 387554 63802 infeasible  118        64.00000   45.00000  29.7%  68.5 1405s
 392823 64692   46.00000  145   29   64.00000   45.00000  29.7%  67.9 1410s
 397090 65351   56.30777  149   95   64.00000   45.00000  29.7%  67.5 1415s
 403288 66169   46.07272  146   92   64.00000   45.00000  29.7%  66.9 1420s
 407703 66695   46.00000  141   37   64.00000   45.00000  29.7%  66.5 1425s
 413285 68047   46.10204  146   92   64.00000   45.00000  29.7%  66.0 1430s
 418643 68903     cutoff  155        64.00000   45.00000  29.7%  65.5 1435s
 424036 69797   56.16029  154   97   64.00000   45.00000  29.7%  65.1 1440s
 428250 70615   46.52268  151   65   64.00000   45.00000  29.7%  64.7 1445s
 433340 71936   46.25685  150   91   64.00000   45.00000  29.7%  64.4 1450s
 437510 72895   45.57173  142   71   64.00000   45.00000  29.7%  64.1 1455s
 442900 73632   46.69485  148   95   64.00000   45.00000  29.7%  63.7 1460s
 447029 74268   46.68533  150   95   64.00000   45.00000  29.7%  63.4 1465s
 453396 75616   46.08914  147   93   64.00000   45.00000  29.7%  62.8 1470s
 459164 76614   56.14169  151   40   64.00000   45.00000  29.7%  62.4 1475s
 462828 77211 infeasible  106        64.00000   45.00000  29.7%  62.1 1480s
 469063 77951 infeasible  100        64.00000   45.00000  29.7%  61.6 1485s
 475387 79007 infeasible  100        64.00000   45.00000  29.7%  61.1 1490s
 481582 80375   46.00000  142   25   64.00000   45.00000  29.7%  60.6 1495s
 486113 81225   46.07695  145  221   64.00000   45.00000  29.7%  60.3 1501s
 489533 81839 infeasible  151        64.00000   45.00000  29.7%  60.1 1505s
 496609 82778     cutoff  149        64.00000   45.00000  29.7%  59.6 1510s
 502556 83860   46.00000  140   34   64.00000   45.00000  29.7%  59.2 1515s
 507139 85020   46.00000  142   35   64.00000   45.00000  29.7%  59.0 1520s
 512755 86192   46.07741  144   97   64.00000   45.00000  29.7%  58.7 1525s
 518404 87444   55.12752  142   76   64.00000   45.00000  29.7%  58.2 1530s
 523508 88471   45.08444  140   96   64.00000   45.00000  29.7%  57.9 1535s
 529002 89405   46.24539  149  122   64.00000   45.00000  29.7%  57.6 1540s
 533699 90552   45.00176  139  101   64.00000   45.00000  29.7%  57.4 1545s
 537546 91137   46.00000  148   35   64.00000   45.00000  29.7%  57.2 1550s
 540164 91599   46.08228  146  222   64.00000   45.00000  29.7%  57.0 1555s
 547692 92714   46.00000  145   35   64.00000   45.00000  29.7%  56.6 1560s
 553463 93661   46.10556  148  159   64.00000   45.00000  29.7%  56.2 1565s
 560270 94997   45.00000  103   29   64.00000   45.00000  29.7%  55.9 1570s
 565067 95786     cutoff  145        64.00000   45.00000  29.7%  55.6 1575s
 570937 96910   56.29793  152   48   64.00000   45.00000  29.7%  55.3 1580s
 577006 97828   46.06451  146   96   64.00000   45.00000  29.7%  55.0 1585s
 582665 98754   45.00000  131   32   64.00000   45.00000  29.7%  54.7 1591s
 589614 99128     cutoff  149        64.00000   45.00000  29.7%  54.3 1595s
 598027 100348   56.17451  149   94   64.00000   45.00000  29.7%  53.7 1600s
 604045 101258 infeasible  115        64.00000   45.00000  29.7%  53.4 1605s
 608750 101677   46.07741  147  101   64.00000   45.00000  29.7%  53.2 1610s
 614857 102229 infeasible  125        64.00000   45.00000  29.7%  52.9 1615s
 623938 102590 infeasible  146        64.00000   45.00000  29.7%  52.3 1620s
 630512 103373     cutoff  146        64.00000   45.00000  29.7%  51.9 1625s
 636950 103787     cutoff  140        64.00000   45.00000  29.7%  51.6 1631s
 643512 104622 infeasible  152        64.00000   45.00000  29.7%  51.3 1635s
 649536 105494   55.11489  139   44   64.00000   45.00000  29.7%  51.0 1640s
 654510 106100 infeasible  103        64.00000   45.00000  29.7%  50.8 1645s
 662347 106664   45.06451  142   93   64.00000   45.00000  29.7%  50.4 1650s
 667697 107360 infeasible   68        64.00000   45.00000  29.7%  50.2 1655s
 674186 108678     cutoff  144        64.00000   45.00000  29.7%  49.9 1660s
 678858 109047 infeasible  140        64.00000   45.00000  29.7%  49.7 1665s
 687096 109791   45.00000  137   33   64.00000   45.00000  29.7%  49.3 1670s
 693280 110634   46.00000  147   33   64.00000   45.00000  29.7%  49.1 1675s
 698579 111365 infeasible   78        64.00000   45.00000  29.7%  48.9 1680s
 704904 112149   45.00000  112   32   64.00000   45.00000  29.7%  48.6 1685s
 710586 112945 infeasible  123        64.00000   45.00000  29.7%  48.4 1690s
 716871 113680   46.08649  148  113   64.00000   45.00000  29.7%  48.2 1695s
 723141 114516 infeasible  145        64.00000   45.00000  29.7%  48.0 1700s
 729579 115026 infeasible  112        64.00000   45.00000  29.7%  47.8 1705s
 736236 115870   45.00000  135   29   64.00000   45.00000  29.7%  47.5 1710s
 740812 116493   46.08649  147  110   64.00000   45.00000  29.7%  47.4 1715s
 746625 117009   45.25662  143   54   64.00000   45.00000  29.7%  47.2 1720s
 753649 118132 infeasible  114        64.00000   45.00000  29.7%  47.0 1725s
 760190 119023     cutoff  148        64.00000   45.00000  29.7%  46.7 1730s
 764243 119372 infeasible  150        64.00000   45.00000  29.7%  46.6 1735s
 771804 119948   45.09500  139   96   64.00000   45.00000  29.7%  46.3 1740s
 778534 120804   46.08093  146   96   64.00000   45.00000  29.7%  46.1 1745s
 785581 121565 infeasible  113        64.00000   45.00000  29.7%  45.8 1750s
 792448 122029   46.18658  146   78   64.00000   45.00000  29.7%  45.6 1755s
 798292 122656   46.00000  138   29   64.00000   45.00000  29.7%  45.4 1760s
 801207 122993   56.12000  147   47   64.00000   45.00000  29.7%  45.3 1765s
 805712 123424   45.00000  117   30   64.00000   45.00000  29.7%  45.2 1770s
 810173 123853     cutoff  141        64.00000   45.00000  29.7%  45.1 1775s
 815513 124374   55.08992  142   71   64.00000   45.00000  29.7%  44.9 1780s
 819986 124902   46.00000  144   33   64.00000   45.00000  29.7%  44.7 1785s
 825498 125372     cutoff  145        64.00000   45.00000  29.7%  44.6 1790s
 830250 125807 infeasible  112        64.00000   45.00000  29.7%  44.4 1795s
 833590 126145     cutoff  146        64.00000   45.00000  29.7%  44.3 1800s
 838268 126530 infeasible  139        64.00000   45.00000  29.7%  44.2 1805s
 843172 126763     cutoff  142        64.00000   45.00000  29.7%  44.0 1810s
 847975 127437   46.16181  147   99   64.00000   45.00000  29.7%  43.9 1815s
 853216 128382   45.00000  130   32   64.00000   45.00000  29.7%  43.7 1820s
 858082 129082   46.14484  145   75   64.00000   45.00000  29.7%  43.6 1825s
 862589 129752   46.15221  148   77   64.00000   45.00000  29.7%  43.5 1830s
 867134 130173 infeasible  127        64.00000   45.00000  29.7%  43.4 1835s
 871091 130719 infeasible  124        64.00000   45.00000  29.7%  43.3 1840s
 873617 131119   46.06451  145   96   64.00000   45.00000  29.7%  43.3 1845s
 878446 131606   46.11951  148  111   64.00000   45.00000  29.7%  43.1 1850s
 881500 131952   45.08979  132   97   64.00000   45.00000  29.7%  43.1 1855s
 883586 132253   46.05981  145   97   64.00000   45.00000  29.7%  43.0 1860s
 886286 132588     cutoff  149        64.00000   45.00000  29.7%  43.0 1866s
 888352 132837   46.00000  145   30   64.00000   45.00000  29.7%  42.9 1870s
 891891 133150   45.00000  118   29   64.00000   45.00000  29.7%  42.8 1875s
 894978 133343   56.29655  150   59   64.00000   45.00000  29.7%  42.7 1880s
 898757 133602 infeasible  141        64.00000   45.00000  29.7%  42.6 1886s
 900560 134042   56.09031  149   97   64.00000   45.00000  29.7%  42.6 1890s
 906274 134855 infeasible  104        64.00000   45.00000  29.7%  42.4 1895s
 913830 135602   46.12600  146  107   64.00000   45.00000  29.7%  42.2 1900s
 920652 136904   45.00000  115   33   64.00000   45.00000  29.7%  42.1 1905s
 926590 137949   45.07975  141   96   64.00000   45.00000  29.7%  41.9 1910s
 931664 138767   46.08020  143  103   64.00000   45.00000  29.7%  41.8 1915s
 936507 139698 infeasible  137        64.00000   45.00000  29.7%  41.8 1920s
 941663 140567   55.12486  148   43   64.00000   45.00000  29.7%  41.7 1925s
 947029 141748   46.53263  146   70   64.00000   45.00000  29.7%  41.6 1930s
 950262 142370 infeasible  136        64.00000   45.00000  29.7%  41.5 1935s
 954990 143519   45.00000  132   33   64.00000   45.00000  29.7%  41.5 1940s
 957959 144234   55.12344  144   51   64.00000   45.00000  29.7%  41.5 1946s
 961841 145128 infeasible  137        64.00000   45.00000  29.7%  41.4 1950s
 966626 145908   46.00000  147   33   64.00000   45.00000  29.7%  41.4 1955s
 973123 146585   55.11239  145   75   64.00000   45.00000  29.7%  41.3 1960s
 978484 147461   45.00000   90   37   64.00000   45.00000  29.7%  41.2 1965s
 983963 148223   46.05655  145  171   64.00000   45.00000  29.7%  41.1 1970s
 988618 149214   45.00000  127   33   64.00000   45.00000  29.7%  41.0 1975s
 994126 150479   46.18845  147  123   64.00000   45.00000  29.7%  40.9 1980s
 999089 151435 infeasible   89        64.00000   45.00000  29.7%  40.8 1985s
 1007798 152362   45.00000  120   32   64.00000   45.00000  29.7%  40.6 1991s
 1014770 153102   45.00000  131   36   64.00000   45.00000  29.7%  40.5 1995s
 1019857 153931 infeasible  143        64.00000   45.00000  29.7%  40.4 2001s
 1021403 154232   46.00000  140   33   64.00000   45.00000  29.7%  40.4 2005s
 1027645 154981   56.08138  150   50   64.00000   45.00000  29.7%  40.3 2010s
 1033797 155757   56.35964  153   40   64.00000   45.00000  29.7%  40.2 2015s
 1038891 156631   46.06451  144   89   64.00000   45.00000  29.7%  40.1 2020s
 1044635 157323 infeasible  123        64.00000   45.00000  29.7%  40.0 2025s
 1050319 158455   46.07741  144   92   64.00000   45.00000  29.7%  40.0 2030s
 1055623 159399   46.04577  142  114   64.00000   45.00000  29.7%  39.9 2035s
 1061712 160569   46.13256  147  105   64.00000   45.00000  29.7%  39.8 2040s
 1068713 161746   55.10072  145   40   64.00000   45.00000  29.7%  39.7 2045s
 1075051 162662   46.00000  142   29   64.00000   45.00000  29.7%  39.6 2050s
 1080815 164090 infeasible  149        64.00000   45.00000  29.7%  39.5 2055s
 1084337 164537     cutoff  138        64.00000   45.00000  29.7%  39.5 2060s
 1089208 165318   46.00000  146   32   64.00000   45.00000  29.7%  39.5 2065s
 1094589 166239   46.13730  145  108   64.00000   45.00000  29.7%  39.4 2070s
 1099989 167328   46.10867  143  111   64.00000   45.00000  29.7%  39.4 2075s
 1107408 168425   46.34019  142  108   64.00000   45.00000  29.7%  39.2 2080s
 1113960 169566   46.00000  144   34   64.00000   45.00000  29.7%  39.1 2085s
 1118981 170896   45.00000  129   37   64.00000   45.00000  29.7%  39.1 2090s
 1124289 171948   45.00000  133   34   64.00000   45.00000  29.7%  39.1 2095s
 1129483 172563   46.11743  145   56   64.00000   45.00000  29.7%  39.0 2109s
 1130237 172684   46.06920  145   96   64.00000   45.00000  29.7%  39.0 2110s
 1135806 173597 infeasible  145        64.00000   45.00000  29.7%  38.9 2115s
 1142939 174832     cutoff  150        64.00000   45.00000  29.7%  38.8 2120s
 1149243 175843     cutoff  144        64.00000   45.00000  29.7%  38.7 2125s
 1154588 177176 infeasible  153        64.00000   45.00000  29.7%  38.6 2130s
 1162443 177766   46.11047  147  107   64.00000   45.00000  29.7%  38.5 2135s
 1169628 178734 infeasible  114        64.00000   45.00000  29.7%  38.4 2140s
 1175910 179562     cutoff  139        64.00000   45.00000  29.7%  38.3 2145s
 1182861 180118   46.00000  144   32   64.00000   45.00000  29.7%  38.2 2150s
 1190378 180669   46.00000  142   38   64.00000   45.00000  29.7%  38.1 2155s
 1197536 181349   46.25333  143   96   64.00000   45.00000  29.7%  38.0 2160s
 1204292 182426   45.26640  142   55   64.00000   45.00000  29.7%  37.8 2165s
 1210712 183188     cutoff  145        64.00000   45.00000  29.7%  37.8 2170s
 1217324 183894 infeasible  144        64.00000   45.00000  29.7%  37.7 2175s
 1223595 185018   56.25065  147   97   64.00000   45.00000  29.7%  37.6 2180s
 1228686 185641   46.22440  141   75   64.00000   45.00000  29.7%  37.6 2185s
 1234414 186361 infeasible  146        64.00000   45.00000  29.7%  37.5 2190s
 1240096 187178   45.12449  137   78   64.00000   45.00000  29.7%  37.5 2195s
 1246616 187859   46.16028  142   81   64.00000   45.00000  29.7%  37.4 2200s
 1251953 188591   56.36779  140   69   64.00000   45.00000  29.7%  37.3 2205s
 1258986 189446 infeasible  138        64.00000   45.00000  29.7%  37.3 2210s
 1263570 190029 infeasible  113        64.00000   45.00000  29.7%  37.2 2215s
 1269679 191099   57.09146  144   92   64.00000   45.00000  29.7%  37.2 2220s
 1276104 191922   45.00655  136   76   64.00000   45.00000  29.7%  37.1 2225s
 1281505 192680   46.63774  138   99   64.00000   45.00000  29.7%  37.1 2230s
 1286873 193271   45.00000  123   29   64.00000   45.00000  29.7%  37.0 2235s
 1290217 193617   46.00000  136   34   64.00000   45.00000  29.7%  37.0 2249s
 1290646 193696 infeasible  134        64.00000   45.00000  29.7%  37.0 2250s
 1293545 194245   46.00000  138   33   64.00000   45.00000  29.7%  37.0 2255s
 1297179 194706   46.00000  133   36   64.00000   45.00000  29.7%  36.9 2260s
 1301350 195032 infeasible  144        64.00000   45.00000  29.7%  36.9 2265s
 1307157 196028 infeasible  144        64.00000   45.00000  29.7%  36.8 2270s
 1311912 196531 infeasible  124        64.00000   45.00000  29.7%  36.7 2276s
 1317090 197041   55.66894  135   40   64.00000   45.00000  29.7%  36.7 2280s
 1324329 197184 infeasible  125        64.00000   45.00000  29.7%  36.5 2285s
 1331233 197557   45.13104  138   77   64.00000   45.00000  29.7%  36.4 2290s
 1335057 197884 infeasible  125        64.00000   45.00000  29.7%  36.3 2295s
 1341399 198326   46.34019  142  107   64.00000   45.00000  29.7%  36.3 2300s
 1345538 198750 infeasible  137        64.00000   45.00000  29.7%  36.2 2305s
 1350435 199267   46.24864  144   93   64.00000   45.00000  29.7%  36.2 2310s
 1355289 199773   55.57276  139   46   64.00000   45.00000  29.7%  36.1 2315s
 1358965 200156 infeasible  131        64.00000   45.00000  29.7%  36.1 2320s
 1362530 200801   46.00000  135   33   64.00000   45.00000  29.7%  36.1 2325s
 1365453 201135   46.33389  142  106   64.00000   45.00000  29.7%  36.0 2330s
 1366737 201495   46.00000  134   27   64.00000   45.00000  29.7%  36.0 2335s
 1373351 201894 infeasible  136        64.00000   45.00000  29.7%  36.0 2340s
 1377810 202465   46.34019  141  108   64.00000   45.00000  29.7%  35.9 2345s
 1384860 202650   46.00000  141   29   64.00000   45.00000  29.7%  35.8 2350s
 1390758 203014     cutoff  137        64.00000   45.00000  29.7%  35.7 2355s
 1398171 203383 infeasible  130        64.00000   45.00000  29.7%  35.6 2360s
 1404663 203532     cutoff  141        64.00000   45.00000  29.7%  35.5 2365s
 1410180 203955   45.12449  138   82   64.00000   45.00000  29.7%  35.4 2371s
 1415142 204275 infeasible  141        64.00000   45.00000  29.7%  35.3 2375s
 1419291 204646   46.00000  138   33   64.00000   45.00000  29.7%  35.3 2380s
 1424315 205011 infeasible  132        64.00000   45.00000  29.7%  35.2 2385s
 1430388 205231 infeasible  126        64.00000   45.00000  29.7%  35.1 2390s
 1435691 205613   45.00000   97   30   64.00000   45.00000  29.7%  35.1 2395s
 1440069 206270 infeasible  135        64.00000   45.00000  29.7%  35.0 2400s
 1443998 206889   46.00000  143   32   64.00000   45.00000  29.7%  35.0 2405s
 1448384 207455   46.00000  142   37   64.00000   45.00000  29.7%  35.0 2410s
 1452656 207818     cutoff   94        64.00000   45.00000  29.7%  34.9 2416s
 1456638 208434   56.08138  142   53   64.00000   45.00000  29.7%  34.9 2420s
 1460770 208935     cutoff  139        64.00000   45.00000  29.7%  34.9 2425s
 1464670 209527   46.25333  142   92   64.00000   45.00000  29.7%  34.9 2430s
 1468766 210178   46.09383  140   94   64.00000   45.00000  29.7%  34.8 2435s
 1472360 210683   45.10811  135   80   64.00000   45.00000  29.7%  34.8 2440s
 1476795 211178   55.19647  138   57   64.00000   45.00000  29.7%  34.8 2445s
 1481196 211827   45.00000  119   31   64.00000   45.00000  29.7%  34.8 2450s
 1485497 212446   57.10415  152   97   64.00000   45.00000  29.7%  34.7 2455s
 1490482 212891 infeasible  138        64.00000   45.00000  29.7%  34.7 2460s
 1494202 213540   55.20313  139   53   64.00000   45.00000  29.7%  34.6 2465s
 1499199 213681   45.00000  128   23   64.00000   45.00000  29.7%  34.6 2470s
 1504429 214154   46.08093  142   94   64.00000   45.00000  29.7%  34.5 2475s
 1510517 214335   45.08914  136   96   64.00000   45.00000  29.7%  34.4 2480s
 1516524 214794     cutoff  147        64.00000   45.00000  29.7%  34.4 2486s
 1521949 214940   45.00000  121   28   64.00000   45.00000  29.7%  34.3 2490s
 1526495 215440     cutoff  141        64.00000   45.00000  29.7%  34.2 2495s
 1529839 215744   56.10989  147   43   64.00000   45.00000  29.7%  34.2 2500s
 1533425 216206   46.00000  136   23   64.00000   45.00000  29.7%  34.2 2505s
 1537349 216922   55.34133  144   37   64.00000   45.00000  29.7%  34.2 2510s
 1541804 217347   46.00000  136   31   64.00000   45.00000  29.7%  34.2 2515s
 1546667 217957   46.08093  140   99   64.00000   45.00000  29.7%  34.1 2520s
 1551266 218365   58.10973  145   44   64.00000   45.00000  29.7%  34.1 2525s
 1554809 218650 infeasible  136        64.00000   45.00000  29.7%  34.0 2531s
 1557081 219083   46.10237  144  107   64.00000   45.00000  29.7%  34.0 2535s
 1561332 219367 infeasible  103        64.00000   45.00000  29.7%  34.0 2540s
 1565633 219870     cutoff  140        64.00000   45.00000  29.7%  34.0 2545s
 1570466 220071   45.22977  140   56   64.00000   45.00000  29.7%  33.9 2550s
 1574990 220833 infeasible  111        64.00000   45.00000  29.7%  33.9 2555s
 1579870 221514   46.11025  145  106   64.00000   45.00000  29.7%  33.8 2560s
 1586882 221715   56.16413  148  101   64.00000   45.00000  29.7%  33.7 2565s
 1592297 221946   46.08093  146  160   64.00000   45.00000  29.7%  33.7 2570s
 1597935 222439 infeasible   94        64.00000   45.00000  29.7%  33.6 2575s
 1606517 222552   45.00000  130   28   64.00000   45.00000  29.7%  33.5 2580s
 1615207 222545   45.00000  127   25   64.00000   45.00000  29.7%  33.3 2585s
 1620334 222543   45.00000  123   24   64.00000   45.00000  29.7%  33.2 2590s
 1627238 222733   46.33389  141  111   64.00000   45.00000  29.7%  33.2 2595s
 1632619 223054     cutoff  136        64.00000   45.00000  29.7%  33.1 2600s
 1636526 223614   46.20623  139   99   64.00000   45.00000  29.7%  33.1 2605s
 1641622 224173   46.10556  144   97   64.00000   45.00000  29.7%  33.0 2610s
 1647177 224415 infeasible   99        64.00000   45.00000  29.7%  33.0 2615s
 1652627 224760 infeasible  139        64.00000   45.00000  29.7%  32.9 2620s
 1659672 225329 infeasible   91        64.00000   45.00000  29.7%  32.8 2625s
 1664684 225339   45.00000  132   25   64.00000   45.00000  29.7%  32.8 2630s
 1671366 225673   56.29241  145   51   64.00000   45.00000  29.7%  32.7 2635s
 1674349 226052   45.00000   94   24   64.00000   45.00000  29.7%  32.7 2640s
 1682134 226525 infeasible  138        64.00000   45.00000  29.7%  32.6 2645s
 1688544 226513   45.00000  110   30   64.00000   45.00000  29.7%  32.5 2650s
 1695364 226860   46.68533  151   97   64.00000   45.00000  29.7%  32.4 2655s
 1702044 227137 infeasible   92        64.00000   45.00000  29.7%  32.3 2660s
 1708850 227566   45.00000  107   25   64.00000   45.00000  29.7%  32.2 2665s
 1714979 228093   56.09852  145  109   64.00000   45.00000  29.7%  32.2 2670s
 1721271 228113     cutoff  134        64.00000   45.00000  29.7%  32.1 2676s
 1727305 228035   45.00000  124   33   64.00000   45.00000  29.7%  32.0 2680s
 1734526 228557   45.00000  126   24   64.00000   45.00000  29.7%  31.9 2685s
 1739122 228695   45.00000  122   28   64.00000   45.00000  29.7%  31.9 2690s
 1747320 228825 infeasible  133        64.00000   45.00000  29.7%  31.8 2695s
 1755237 228728   45.00000  130   27   64.00000   45.00000  29.7%  31.7 2700s
 1761998 228791   46.09292  148  108   64.00000   45.00000  29.7%  31.6 2705s
 1769323 228827 infeasible  122        64.00000   45.00000  29.7%  31.5 2710s
 1774918 229333   45.00000  122   23   64.00000   45.00000  29.7%  31.4 2716s
 1781467 229813   45.01759  138   95   64.00000   45.00000  29.7%  31.4 2720s
 1786636 230148   45.00000  133   29   64.00000   45.00000  29.7%  31.3 2725s
 1792230 230760   45.00000  132   33   64.00000   45.00000  29.7%  31.3 2730s
 1797334 230884 infeasible   97        64.00000   45.00000  29.7%  31.2 2735s
 1800364 231196   46.11025  141  108   64.00000   45.00000  29.7%  31.2 2740s
 1804037 231830   56.11034  143   47   64.00000   45.00000  29.7%  31.2 2745s
 1809860 232032   45.00000  116   28   64.00000   45.00000  29.7%  31.2 2750s
 1816045 232388   45.00000   74   32   64.00000   45.00000  29.7%  31.1 2755s
 1820453 233056 infeasible  139        64.00000   45.00000  29.7%  31.1 2760s
 1824377 233748   45.00000  137   33   64.00000   45.00000  29.7%  31.1 2765s
 1828728 234462   45.00000  126   36   64.00000   45.00000  29.7%  31.0 2770s
 1833551 235565   46.00000  139   27   64.00000   45.00000  29.7%  31.0 2775s
 1838059 236571   46.00000  141   30   64.00000   45.00000  29.7%  31.0 2781s
 1841113 237311 infeasible  146        64.00000   45.00000  29.7%  31.0 2785s
 1846789 238020   46.08914  144   96   64.00000   45.00000  29.7%  30.9 2790s
 1851711 238657   45.00000  134   24   64.00000   45.00000  29.7%  30.9 2795s
 1856632 239265   46.06451  143   97   64.00000   45.00000  29.7%  30.9 2800s
 1860868 239904 infeasible  129        64.00000   45.00000  29.7%  30.8 2805s
 1863962 240377   45.00000  121   36   64.00000   45.00000  29.7%  30.8 2810s
 1868619 241216 infeasible  143        64.00000   45.00000  29.7%  30.8 2815s
 1872087 241857 infeasible  134        64.00000   45.00000  29.7%  30.8 2820s
 1878635 242555   45.00000  128   30   64.00000   45.00000  29.7%  30.7 2825s
 1886334 243053   45.00000   76   23   64.00000   45.00000  29.7%  30.6 2830s
 1892086 243510 infeasible  138        64.00000   45.00000  29.7%  30.6 2835s
 1899463 243712 infeasible  139        64.00000   45.00000  29.7%  30.5 2840s
 1907058 243550 infeasible  129        64.00000   45.00000  29.7%  30.4 2845s
 1915527 243444   45.00000  125   26   64.00000   45.00000  29.7%  30.3 2850s
 1924268 243614   45.00000   95   26   64.00000   45.00000  29.7%  30.2 2856s
 1936848 243616     cutoff  147        64.00000   45.00000  29.7%  30.0 2860s
 1950507 243556   45.00000  100   25   64.00000   45.00000  29.7%  29.9 2865s
 1963151 243591   45.00000  108   29   64.00000   45.00000  29.7%  29.7 2870s
 1975012 243943 infeasible  112        64.00000   45.00000  29.7%  29.6 2875s
 1988798 244255 infeasible  132        64.00000   45.00000  29.7%  29.4 2880s
 2002091 244541 infeasible  137        64.00000   45.00000  29.7%  29.3 2885s
 2014192 244470 infeasible  129        64.00000   45.00000  29.7%  29.1 2890s
 2025978 244251   45.00000  118   29   64.00000   45.00000  29.7%  29.0 2895s
 2037474 244194 infeasible  137        64.00000   45.00000  29.7%  28.9 2900s
 2048616 244092 infeasible  132        64.00000   45.00000  29.7%  28.7 2905s
 2055390 244086 infeasible  121        64.00000   45.00000  29.7%  28.7 2910s
 2068112 243955   45.00000   94   22   64.00000   45.00000  29.7%  28.5 2915s
 2081229 244031     cutoff  135        64.00000   45.00000  29.7%  28.4 2920s
 2094238 244030   45.00000   93   20   64.00000   45.00000  29.7%  28.3 2925s
 2107890 244051   45.00000   90   24   64.00000   45.00000  29.7%  28.1 2930s
 2120232 243890   45.00000   97   26   64.00000   45.00000  29.7%  28.0 2935s
 2134376 243969   45.00000  123   21   64.00000   45.00000  29.7%  27.8 2940s
 2146675 243926 infeasible  108        64.00000   45.00000  29.7%  27.7 2945s
 2155338 244391   45.00000  132   24   64.00000   45.00000  29.7%  27.7 2950s
 2165032 244529   45.14856  139   97   64.00000   45.00000  29.7%  27.6 2955s
 2176159 245089   45.00000  126   33   64.00000   45.00000  29.7%  27.5 2960s
 2184364 245517   45.00000  136   32   64.00000   45.00000  29.7%  27.4 2965s
 2195978 245904 infeasible  125        64.00000   45.00000  29.7%  27.3 2970s
 2209424 246185 infeasible  109        64.00000   45.00000  29.7%  27.2 2975s
 2215408 246124 infeasible  121        64.00000   45.00000  29.7%  27.1 2980s
 2228701 246286   45.00000  120   27   64.00000   45.00000  29.7%  27.0 2985s
 2238941 246329   60.37066  109  191   64.00000   45.00000  29.7%  26.9 2990s
 2247484 246274   45.00000  107   28   64.00000   45.00000  29.7%  26.8 2995s
 2256611 246441   45.00000  123   28   64.00000   45.00000  29.7%  26.7 3000s
 2265957 246711 infeasible  130        64.00000   45.00000  29.7%  26.7 3005s
 2273265 246687   45.00000  117   28   64.00000   45.00000  29.7%  26.6 3010s
 2282481 246568   45.00000  124   24   64.00000   45.00000  29.7%  26.5 3015s
 2291191 246389 infeasible  108        64.00000   45.00000  29.7%  26.4 3020s
 2299745 246293 infeasible  102        64.00000   45.00000  29.7%  26.4 3025s
 2307861 246325   45.00000  129   24   64.00000   45.00000  29.7%  26.3 3030s
 2315400 246314   45.00000  124   29   64.00000   45.00000  29.7%  26.2 3035s
 2323688 246269 infeasible  137        64.00000   45.00000  29.7%  26.2 3040s
 2331779 246158 infeasible  119        64.00000   45.00000  29.7%  26.1 3045s
 2339942 245993   45.00000  110   28   64.00000   45.00000  29.7%  26.0 3050s
 2349203 246128   45.00000  111   28   64.00000   45.00000  29.7%  25.9 3055s
 2357684 246264   45.00000  107   29   64.00000   45.00000  29.7%  25.9 3060s
 2365567 246253 infeasible  115        64.00000   45.00000  29.7%  25.8 3065s
 2378907 246259   45.00000  119   26   64.00000   45.00000  29.7%  25.7 3070s
 2392376 245998 infeasible  117        64.00000   45.00000  29.7%  25.6 3075s
 2403396 245957   45.00000  100   27   64.00000   45.00000  29.7%  25.5 3080s
 2415306 246021 infeasible   96        64.00000   45.00000  29.7%  25.4 3085s
 2427559 246121   45.00000  126   27   64.00000   45.00000  29.7%  25.3 3090s
 2435500 245957 infeasible   97        64.00000   45.00000  29.7%  25.2 3095s
 2446923 245927 infeasible   99        64.00000   45.00000  29.7%  25.1 3100s
 2459528 246029 infeasible  112        64.00000   45.00000  29.7%  25.0 3105s
 2472477 245857   45.00000  115   29   64.00000   45.00000  29.7%  24.9 3110s
 2481160 246291   45.00000   91   32   64.00000   45.00000  29.7%  24.9 3115s
 2489139 246722 infeasible  138        64.00000   45.00000  29.7%  24.8 3120s
 2494808 247802   46.34087  152  110   64.00000   45.00000  29.7%  24.8 3125s
 2499348 248534   45.00000  124   28   64.00000   45.00000  29.7%  24.8 3130s
 2504053 249774   45.00000  141   33   64.00000   45.00000  29.7%  24.9 3135s
 2508094 250877   46.11340  147  107   64.00000   45.00000  29.7%  24.9 3140s
 2511788 251729   45.00000  125   31   64.00000   45.00000  29.7%  24.9 3145s
 2516714 252759 infeasible  144        64.00000   45.00000  29.7%  24.9 3150s
 2520808 253575 infeasible  140        64.00000   45.00000  29.7%  24.9 3155s
 2525424 254506 infeasible   93        64.00000   45.00000  29.7%  25.0 3160s
 2528337 255249   45.13143  140   78   64.00000   45.00000  29.7%  25.0 3165s
 2532225 256124   46.12625  147  108   64.00000   45.00000  29.7%  25.0 3170s
 2537179 257247   45.00000  130   25   64.00000   45.00000  29.7%  25.0 3175s
 2541572 258365   46.34087  149  111   64.00000   45.00000  29.7%  25.0 3180s
 2546440 259367   45.24923  143   58   64.00000   45.00000  29.7%  25.0 3185s
 2550900 260338   45.00848  138   49   64.00000   45.00000  29.7%  25.1 3190s
 2555554 261361   45.00000  102   28   64.00000   45.00000  29.7%  25.1 3195s
 2557375 261648   46.00000  145   28   64.00000   45.00000  29.7%  25.1 3200s
 2561033 262331   45.13636  145   78   64.00000   45.00000  29.7%  25.1 3205s
 2565994 263099   55.24923  144   58   64.00000   45.00000  29.7%  25.1 3210s
 2569798 263677 infeasible   92        64.00000   45.00000  29.7%  25.1 3215s
 2575047 264552   45.00000  131   33   64.00000   45.00000  29.7%  25.1 3220s
 2580065 265372 infeasible  131        64.00000   45.00000  29.7%  25.2 3225s
 2588148 266284 infeasible  124        64.00000   45.00000  29.7%  25.1 3230s
 2593200 267053     cutoff  139        64.00000   45.00000  29.7%  25.1 3235s
 2598912 268259   45.25947  136   58   64.00000   45.00000  29.7%  25.1 3240s
 2604875 269080 infeasible  146        64.00000   45.00000  29.7%  25.1 3245s
 2610612 270124   45.13143  144   77   64.00000   45.00000  29.7%  25.1 3250s
 2616348 271127   45.00000  117   33   64.00000   45.00000  29.7%  25.1 3255s
 2623630 272175 infeasible  134        64.00000   45.00000  29.7%  25.1 3260s
 2629589 272772     cutoff  141        64.00000   45.00000  29.7%  25.1 3265s
 2637145 273682   46.00000  140   23   64.00000   45.00000  29.7%  25.0 3270s
 2642612 274468   45.00000   91   29   64.00000   45.00000  29.7%  25.0 3275s
 2649337 275731 infeasible  148        64.00000   45.00000  29.7%  25.0 3280s
 2656375 276554   46.21536  151   69   64.00000   45.00000  29.7%  25.0 3285s
 2662007 277299   45.09693  141   78   64.00000   45.00000  29.7%  25.0 3290s
 2668505 278237 infeasible   98        64.00000   45.00000  29.7%  25.0 3295s
 2675560 279163   46.00000  143   30   64.00000   45.00000  29.7%  25.0 3300s
 2680508 280023   45.08326  139   98   64.00000   45.00000  29.7%  25.0 3305s
 2687257 281050   45.20143  143   58   64.00000   45.00000  29.7%  25.0 3310s
 2694723 282040   45.00000  125   32   64.00000   45.00000  29.7%  25.0 3315s
 2702868 282909   45.20143  143   56   64.00000   45.00000  29.7%  24.9 3320s
 2709728 284261   46.11836  150  112   64.00000   45.00000  29.7%  24.9 3325s
 2719196 285159   46.11994  149  112   64.00000   45.00000  29.7%  24.9 3330s
 2724638 286564   45.28679  143   53   64.00000   45.00000  29.7%  24.9 3335s
 2727481 287252   45.09383  141   92   64.00000   45.00000  29.7%  24.9 3340s
 2733430 288019   45.00000  133   30   64.00000   45.00000  29.7%  24.9 3345s
 2738816 288932   56.07115  149  112   64.00000   45.00000  29.7%  24.9 3350s
 2743895 289945   46.06451  144   96   64.00000   45.00000  29.7%  24.9 3355s
 2749752 290936   45.21439  144   58   64.00000   45.00000  29.7%  24.9 3360s
 2755243 291903   55.13569  143   72   64.00000   45.00000  29.7%  24.9 3365s
 2761157 293096   56.17340  146   70   64.00000   45.00000  29.7%  24.9 3370s
 2769502 294305   56.30759  144   48   64.00000   45.00000  29.7%  24.9 3375s
 2775436 295197   57.10415  156   93   64.00000   45.00000  29.7%  24.9 3380s
 2780017 295986   45.00821  139  103   64.00000   45.00000  29.7%  24.9 3385s
 2784748 296980   45.00731  139   58   64.00000   45.00000  29.7%  24.9 3390s
 2790366 297972   46.27604  152   96   64.00000   45.00000  29.7%  24.9 3395s
 2794062 298486   45.00000  125   37   64.00000   45.00000  29.7%  24.9 3401s
 2797018 299122 infeasible  145        64.00000   45.00000  29.7%  24.9 3405s
 2802795 300178 infeasible  139        64.00000   45.00000  29.7%  24.9 3410s
 2808260 301343   45.00000  118   30   64.00000   45.00000  29.7%  24.9 3415s
 2815313 302192   46.00000  139   29   64.00000   45.00000  29.7%  24.9 3420s
 2820090 303462   45.08354  135   78   64.00000   45.00000  29.7%  24.9 3425s
 2826033 304342   56.11448  144   42   64.00000   45.00000  29.7%  24.9 3430s
 2832117 305808     cutoff  149        64.00000   45.00000  29.7%  24.9 3435s
 2836318 306800   46.23368  147   94   64.00000   45.00000  29.7%  24.9 3440s
 2843225 308654   46.08093  148   95   64.00000   45.00000  29.7%  24.9 3445s
 2849443 309684   46.06543  146  157   64.00000   45.00000  29.7%  24.9 3450s
 2854852 310806   46.00000  136   36   64.00000   45.00000  29.7%  24.9 3455s
 2858877 311317   46.00000  143   33   64.00000   45.00000  29.7%  24.9 3460s
 2868151 311983     cutoff  142        64.00000   45.00000  29.7%  24.9 3465s
 2878492 312934 infeasible  115        64.00000   45.00000  29.7%  24.8 3470s
 2886739 313841   45.00000  122   29   64.00000   45.00000  29.7%  24.8 3475s
 2894418 314673   45.00000  117   33   64.00000   45.00000  29.7%  24.8 3480s
 2899942 315425 infeasible  142        64.00000   45.00000  29.7%  24.8 3485s
 2904976 316254 infeasible  135        64.00000   45.00000  29.7%  24.8 3490s
 2910686 317108 infeasible  143        64.00000   45.00000  29.7%  24.8 3495s
 2915406 317694   45.00000  137   29   64.00000   45.00000  29.7%  24.8 3500s
 2923412 318787 infeasible  116        64.00000   45.00000  29.7%  24.8 3505s
 2929201 319809   46.10395  144  108   64.00000   45.00000  29.7%  24.8 3510s
 2936824 320838     cutoff  145        64.00000   45.00000  29.7%  24.8 3515s
 2944134 322443   46.09278  145  111   64.00000   45.00000  29.7%  24.7 3520s
 2948968 323829   46.10221  146  108   64.00000   45.00000  29.7%  24.8 3525s
 2954066 325069   45.00000  124   32   64.00000   45.00000  29.7%  24.8 3533s
 2954953 325536   46.00000  137   29   64.00000   45.00000  29.7%  24.8 3535s
 2960413 327033   46.09749  147  106   64.00000   45.00000  29.7%  24.8 3540s
 2965454 328349 infeasible  140        64.00000   45.00000  29.7%  24.8 3545s
 2971162 329641   45.20140  141   58   64.00000   45.00000  29.7%  24.8 3550s
 2975780 330980   45.00000   78   30   64.00000   45.00000  29.7%  24.8 3555s
 2987539 331850 infeasible   69        64.00000   45.00000  29.7%  24.7 3560s
 2995362 332874 infeasible  112        64.00000   45.00000  29.7%  24.7 3565s
 3003189 333995   45.00000  128   34   64.00000   45.00000  29.7%  24.7 3570s
 3010674 334839   45.00000   97   33   64.00000   45.00000  29.7%  24.7 3575s
 3018662 335498   46.00000  143   33   64.00000   45.00000  29.7%  24.6 3580s
 3025653 336555   45.00000   93   34   64.00000   45.00000  29.7%  24.6 3585s
 3031808 337367   46.00000  148   37   64.00000   45.00000  29.7%  24.6 3590s
 3037813 337969   46.09383  154  162   64.00000   45.00000  29.7%  24.6 3595s
 3044853 339096 infeasible  102        64.00000   45.00000  29.7%  24.6 3600s

Cutting planes:
  Learned: 8
  Gomory: 2
  Cover: 1
  Implied bound: 13
  Clique: 8
  MIR: 59
  StrongCG: 4
  Flow cover: 95
  Inf proof: 2
  Zero half: 457
  RLT: 408
  Relax-and-lift: 68
  BQP: 45

Explored 3045018 nodes (74936739 simplex iterations) in 3600.01 seconds
Thread count was 8 (of 8 available processors)

Solution count 7: 64 75 95 ... 2185

Time limit reached
Best objective 6.400000000000e+01, best bound 4.500000000000e+01, gap 29.6875%
-----------------------------------------------------------------
penalty count => 

[weight]
Object1's weight : 1
Object2's weight : 1
Object3's weight : 1
Object4's weight : 1
Object5's weight : 1

[penalty & benefit]
Different discharge port in one hold                  : 10  2.0
Different loading port in pair hold                   : 1  4
Different discharge port in pair hold                 : 10  4
The number of cars passed holds that exceed threshold : 0
The benefit remaining RT of hold near the entrance    : 0
The penalty of total dead space                       : 1000  0

 => Total penalty is 64.0
-----------------------------------------------------------------
