File:book/exp_height.csv
Academic license - for non-commercial use only - expires 2021-04-02
Using license file /home/takeda/gurobi.lic
Changed value of parameter TimeLimit to 3600.0
   Prev: inf  Min: 0.0  Max: inf  Default: inf
Changed value of parameter MIPFocus to 1
   Prev: 0  Min: 0  Max: 3  Default: 0
No parameters matching 'LPMethod' found

Statistics for model Unnamed :
  Linear constraint matrix    : 0 Constrs, 0 Vars, 0 NZs
  Matrix coefficient range    : [ 0, 0 ]
  Objective coefficient range : [ 0, 0 ]
  Variable bound range        : [ 0, 0 ]
  RHS coefficient range       : [ 0, 0 ]

========================= Solve Assignment Problem =========================
Gurobi Optimizer version 9.1.1 build v9.1.1rc0 (linux64)
Thread count: 4 physical cores, 8 logical processors, using up to 8 threads
Optimize a model with 7221 rows, 4923 columns and 61095 nonzeros
Model fingerprint: 0xb0811787
Model has 945 quadratic constraints
Variable types: 2605 continuous, 2318 integer (1814 binary)
Coefficient statistics:
  Matrix range     [1e-02, 4e+03]
  QMatrix range    [1e+00, 1e+00]
  QLMatrix range   [1e+00, 1e+00]
  Objective range  [1e+00, 1e+03]
  Bounds range     [1e+00, 8e+01]
  RHS range        [3e-01, 4e+07]
  QRHS range       [1e+00, 8e+01]
Presolve removed 3341 rows and 2799 columns
Presolve time: 0.19s
Presolved: 8299 rows, 4770 columns, 38865 nonzeros
Variable types: 0 continuous, 4770 integer (995 binary)

Root relaxation: objective 0.000000e+00, 2199 iterations, 0.24 seconds

    Nodes    |    Current Node    |     Objective Bounds      |     Work
 Expl Unexpl |  Obj  Depth IntInf | Incumbent    BestBd   Gap | It/Node Time

     0     0    0.00000    0  406          -    0.00000      -     -    0s
H    0     0                    3473.0000000    0.00000   100%     -    0s
H    0     0                    2457.0000000    0.00000   100%     -    1s
H    0     0                    1450.0000000    0.00000   100%     -    1s
H    0     0                    1435.0000000    0.00000   100%     -    1s
H    0     0                     410.0000000    0.00000   100%     -    1s
     0     0    0.00000    0  474  410.00000    0.00000   100%     -    1s
H    0     0                     368.0000000    0.00000   100%     -    1s
     0     0    0.00000    0  454  368.00000    0.00000   100%     -    1s
H    0     0                     337.0000000    0.00000   100%     -    2s
H    0     0                     324.0000000    0.00000   100%     -    2s
H    0     0                     296.0000000    0.00000   100%     -    2s
H    0     0                     236.0000000    0.00000   100%     -    2s
     0     0    0.00000    0  313  236.00000    0.00000   100%     -    3s
H    0     0                     206.0000000    0.00000   100%     -    3s
     0     0    0.00000    0  293  206.00000    0.00000   100%     -    3s
H    0     0                     186.0000000    0.00000   100%     -    3s
H    0     0                     176.0000000    0.00000   100%     -    3s
H    0     0                     125.0000000    0.00000   100%     -    3s
     0     0    0.41213    0  292  125.00000    0.41213   100%     -    3s
H    0     0                      94.0000000    0.41213   100%     -    4s
     0     0    0.62588    0  337   94.00000    0.62588  99.3%     -    4s
     0     0    2.00000    0  297   94.00000    2.00000  97.9%     -    6s
     0     0    2.00000    0  288   94.00000    2.00000  97.9%     -    6s
     0     0    2.00000    0  257   94.00000    2.00000  97.9%     -    7s
     0     2    2.00000    0  257   94.00000    2.00000  97.9%     -   11s
    37    18    5.29672    8  369   94.00000    2.00000  97.9%  1680   15s
    94    44   29.46687   12  375   94.00000    2.00000  97.9%  1540   20s
   156    92   27.24465   20  250   94.00000    2.00000  97.9%  1319   25s
H  205   101                      74.0000000    2.00000  97.3%  1088   26s
H  263   127                      66.0000000    2.00000  97.0%   952   28s
H  277   121                      65.0000000    4.35188  93.3%   920   29s
   292   127   25.05192   11  337   65.00000    4.35188  93.3%   925   32s
   354   146   21.00102   10  452   65.00000    6.98343  89.3%   970   35s
   590   227   55.00000   24  213   65.00000    8.77167  86.5%   864   43s
   724   262   33.13178   17  417   65.00000   10.00000  84.6%   816   45s
  1090   355   42.88658   17  318   65.00000   19.03842  70.7%   739   50s
  1294   385     cutoff   23        65.00000   21.00000  67.7%   725   55s
  1477   430     cutoff   24        65.00000   22.36825  65.6%   708   60s
  1643   466   59.76846   28  201   65.00000   23.96218  63.1%   675   65s
  1931   516   33.90783   16  459   65.00000   24.74162  61.9%   646   71s
  2089   552     cutoff   21        65.00000   24.74162  61.9%   630   75s
  2348   581   31.25381   14  467   65.00000   30.82588  52.6%   621   80s
  2466   627   62.00000   22  404   65.00000   31.00000  52.3%   620   85s
  2858   681     cutoff   23        65.00000   31.64872  51.3%   588   91s
  3293   723   34.00000   21  279   65.00000   33.00000  49.2%   559   97s
  3621   736   46.57633   29  230   65.00000   34.00000  47.7%   535  100s
  4198   787   53.00000   23  890   65.00000   36.00000  44.6%   503  108s
  4202   790   62.51147   20  468   65.00000   36.00000  44.6%   502  110s
  4207   793   37.73947   18  311   65.00000   36.00000  44.6%   502  116s
  4210   795   59.32184   20  408   65.00000   36.00000  44.6%   501  122s
  4217   800   36.00000   17  496   65.00000   36.00000  44.6%   521  125s
  4252   810   36.00000   22  478   65.00000   36.00000  44.6%   533  130s
  4310   821   36.00000   28  360   65.00000   36.00000  44.6%   548  135s
  4413   832   43.42045   19  484   65.00000   36.00000  44.6%   556  140s
  4505   833   54.95081   25  356   65.00000   36.00000  44.6%   568  145s
  4682   819   36.00000   30  370   65.00000   36.00000  44.6%   567  150s
  4806   808   55.07500   36  340   65.00000   36.00000  44.6%   572  156s
  4912   818   36.00000   31  245   65.00000   36.00000  44.6%   581  165s
  5132   770 infeasible   42        65.00000   36.00000  44.6%   578  171s
  5287   737   37.41388   31  294   65.00000   36.00000  44.6%   581  176s
  5419   714   41.79406   29  503   65.00000   36.00000  44.6%   588  181s
  5566   713 infeasible   24        65.00000   36.00000  44.6%   594  186s
  5726   697   45.11220   35  309   65.00000   36.00000  44.6%   594  191s
  5837   687 infeasible   52        65.00000   36.00000  44.6%   598  195s
  6019   697   36.00000   39  336   65.00000   36.00000  44.6%   595  201s
  6372   601   47.01483   37  239   65.00000   36.00000  44.6%   583  205s
  6554   577   36.00000   30  516   65.00000   36.00000  44.6%   580  211s
  6683   577   41.54793   29  239   65.00000   36.00000  44.6%   581  215s
  6805   595   41.54439   28  432   65.00000   36.00000  44.6%   588  221s
  6972   628 infeasible   35        65.00000   36.00000  44.6%   592  227s
  7126   638   36.00000   47  267   65.00000   36.00000  44.6%   591  230s
  7446   680   53.29684   38  302   65.00000   36.00000  44.6%   588  236s
  7672   702   37.00000   38  260   65.00000   36.00000  44.6%   584  240s
  8160   746   45.00000   47  272   65.00000   36.00000  44.6%   573  248s
  8256   780 infeasible   27        65.00000   36.00000  44.6%   572  251s
  8550   776 infeasible   38        65.00000   36.00000  44.6%   568  255s
  9227   794     cutoff   31        65.00000   37.39468  42.5%   552  263s
  9551   804   44.84551   38  298   65.00000   38.73593  40.4%   547  268s
  9886   820     cutoff   42        65.00000   41.03548  36.9%   542  273s
 10145   809 infeasible   37        65.00000   42.27379  35.0%   540  277s
 10406   817 infeasible   38        65.00000   42.90220  34.0%   541  282s
 10595   825 infeasible   38        65.00000   43.00000  33.8%   541  288s
 10844   821 infeasible   40        65.00000   43.10947  33.7%   537  293s
 11114   807 infeasible   39        65.00000   44.00000  32.3%   538  299s
 11465   803 infeasible   35        65.00000   44.00000  32.3%   536  305s
 11767   778 infeasible   41        65.00000   44.00000  32.3%   537  313s
 12415   707     cutoff   42        65.00000   45.00000  30.8%   524  320s
 12934   622 infeasible   55        65.00000   45.36910  30.2%   517  325s
H13159   614                      64.0000000   45.41978  29.0%   513  325s
 13684   393   53.13396   42  398   64.00000   47.00000  26.6%   504  331s
 14322   289 infeasible   34        64.00000   51.00000  20.3%   495  338s
 14761    61   53.30056   34  410   64.00000   53.00000  17.2%   494  343s
 15230     0     cutoff   44        64.00000   57.00000  10.9%   487  347s

Cutting planes:
  Learned: 5
  Gomory: 1
  Cover: 4
  Implied bound: 4
  Clique: 7
  MIR: 88
  StrongCG: 11
  Flow cover: 121
  GUB cover: 1
  Inf proof: 8
  Zero half: 305
  Network: 6
  RLT: 311
  Relax-and-lift: 56
  BQP: 54

Explored 15312 nodes (7468507 simplex iterations) in 347.29 seconds
Thread count was 8 (of 8 available processors)

Solution count 10: 64 65 66 ... 236

Optimal solution found (tolerance 1.00e-04)
Best objective 6.400000000000e+01, best bound 6.400000000000e+01, gap 0.0000%
-----------------------------------------------------------------
penalty count => 

[weight]
Object1's weight : 1
Object2's weight : 1
Object3's weight : 1
Object4's weight : 1
Object5's weight : 1

[penalty & benefit]
Different discharge port in one hold                  : 10 × 2.0
Different loading port in pair hold                   : 1 × 4
Different discharge port in pair hold                 : 10 × 4
The number of cars passed holds that exceed threshold : 0
The benefit remaining RT of hold near the entrance    : 0
The penalty of total dead space                       : 1000 × 0

 => Total penalty is 64.0
-----------------------------------------------------------------
