モデル2のgap 0.01
(base) TakedaKshinoMBP:KLINE takedakiyoshi$ python model2-hybrid.py book/exp_2_5.csv 
/Users/takedakiyoshi/opt/anaconda3/lib/python3.7/site-packages/statsmodels/tools/_testing.py:19: FutureWarning: pandas.util.testing is deprecated. Use the functions in the public API at pandas.testing instead.
  import pandas.util.testing as tm
     Order_num  LPORT  DPORT  Units      RT  Weight
0            1      0      2     11   16.83    2254
1            2      0      3     26   33.26    1423
2            3      0      4    195  270.58    1647
3            4      0      5    250  343.75    1630
4            5      0      6    487  790.33    2046
..         ...    ...    ...    ...     ...     ...
104        105      1      3     49    1.36    1780
105        106      1      5      1    1.36    1730
106        107      1      5      1    1.46    1980
107        108      1      3      2    1.46    2130
108        109      1      6      7    1.47    2100

[109 rows x 6 columns]
   Order_num  LPORT  DPORT  Units       RT  Weight
0          1      0      2     11    16.83    2254
1          2      0      3     26    33.26    1423
2          3      0      4    195   270.58    1647
3          4      0      5    250   343.75    1630
4          5      0      6    487   790.33    2046
5          6      1      2   2707  3860.58    1495
6          7      1      3    237   326.84    1652
7          8      1      5    106   210.16    2601
8          9      1      6    722  1091.01    1883
[0, 1, 2, 3, 4, 5, 6, 7, 8]

--------------------------------------------
Warning: your license will expire in 4 days
--------------------------------------------

Using license file /Users/takedakiyoshi/gurobi.lic
Academic license - for non-commercial use only
Changed value of parameter TimeLimit to 3600.0
   Prev: inf  Min: 0.0  Max: inf  Default: inf
Changed value of parameter MIPFocus to 1
   Prev: 0  Min: 0  Max: 3  Default: 0
No parameters matching 'LPMethod' found
Changed value of parameter MIPGap to 0.01
   Prev: 0.0001  Min: 0.0  Max: inf  Default: 0.0001

Statistics for model Unnamed :
  Linear constraint matrix    : 0 Constrs, 0 Vars, 0 NZs
  Matrix coefficient range    : [ 0, 0 ]
  Objective coefficient range : [ 0, 0 ]
  Variable bound range        : [ 0, 0 ]
  RHS coefficient range       : [ 0, 0 ]

========================= Solve Assignment Problem =========================
Gurobi Optimizer version 9.0.2 build v9.0.2rc0 (mac64)
Optimize a model with 11364 rows, 45640 columns and 45483 nonzeros
Model fingerprint: 0x9add16ae
Variable types: 3169 continuous, 42471 integer (42471 binary)
Coefficient statistics:
  Matrix range     [3e-04, 8e+04]
  Objective range  [1e+00, 1e+01]
  Bounds range     [1e+00, 4e+03]
  RHS range        [1e-01, 4e+07]
Presolve removed 3815 rows and 43249 columns
Presolve time: 0.15s
Presolved: 7549 rows, 2391 columns, 31650 nonzeros
Variable types: 311 continuous, 2080 integer (2080 binary)

Root relaxation: objective -4.461980e+03, 2135 iterations, 0.06 seconds

    Nodes    |    Current Node    |     Objective Bounds      |     Work
 Expl Unexpl |  Obj  Depth IntInf | Incumbent    BestBd   Gap | It/Node Time

     0     0 -4461.9800    0  148          - -4461.9800      -     -    0s
     0     0 -4453.2744    0  246          - -4453.2744      -     -    0s
     0     0 -4446.1979    0  232          - -4446.1979      -     -    0s
     0     0 -4446.1979    0  231          - -4446.1979      -     -    0s
     0     0 -4398.5658    0  362          - -4398.5658      -     -    0s
     0     0 -4398.0544    0  349          - -4398.0544      -     -    0s
     0     0 -4397.7777    0  325          - -4397.7777      -     -    0s
     0     0 -4397.6339    0  296          - -4397.6339      -     -    0s
     0     0 -4397.6339    0  296          - -4397.6339      -     -    0s
     0     0 -4382.2130    0  420          - -4382.2130      -     -    1s
     0     0 -4377.5171    0  281          - -4377.5171      -     -    1s
     0     0 -4377.5127    0  286          - -4377.5127      -     -    1s
     0     0 -4372.7185    0  542          - -4372.7185      -     -    1s
     0     0 -4372.1929    0  515          - -4372.1929      -     -    1s
     0     0 -4372.1562    0  398          - -4372.1562      -     -    1s
     0     0 -4372.1409    0  413          - -4372.1409      -     -    1s
     0     0 -4372.1403    0  415          - -4372.1403      -     -    1s
H    0     0                    23172.059427 -4372.1403   119%     -    1s
     0     0 -4369.5619    0  419 23172.0594 -4369.5619   119%     -    1s
H    0     0                    -3874.050000 -4369.5619  12.8%     -    2s
H    0     0                    -4213.980016 -4369.5619  3.69%     -    3s
     0     2 -4369.5619    0  415 -4213.9800 -4369.5619  3.69%     -    3s
H    3     7                    -4233.980000 -4369.5570  3.20%   161    3s
H   10    13                    -4235.980000 -4369.4244  3.15%   258    3s
H   12    13                    -4239.990000 -4369.3951  3.05%   249    3s
H   31    37                    -4241.990000 -4369.3842  3.00%   232    4s
H   32    37                    -4265.710000 -4369.3842  2.43%   226    4s
H   43    45                    -4269.450000 -4369.3842  2.34%   197    4s
    71    78 -4369.2477   10  453 -4269.4500 -4369.3842  2.34%   170    5s
H   72    78                    -4270.450000 -4369.3842  2.32%   168    5s
H  158   160                    -4270.450001 -4369.3842  2.32%   137    6s
H  319   318                    -4270.450008 -4369.3842  2.32%   111    8s
H  465   430                    -4279.450000 -4369.3842  2.10%   102    9s
   533   488 -4354.7147   40   70 -4279.4500 -4369.3842  2.10%   102   10s
H  541   488                    -4280.450000 -4369.3842  2.08%   103   10s
H  613   554                    -4280.450000 -4369.3842  2.08%   102   10s
H  831   733                    -4285.260000 -4369.3842  1.96%  94.0   11s
H  936   698                    -4313.260000 -4369.3842  1.30%  90.3   12s
H 1003   738                    -4314.260000 -4369.3313  1.28%  88.4   13s
H 1085   765                    -4318.260000 -4369.3313  1.18%  88.4   13s
  1176   855 -4367.5212   22  417 -4318.2600 -4369.3313  1.18%  87.9   15s
  1492  1130 -4343.9800   59  527 -4318.2600 -4367.2651  1.13%  93.0   20s
H 1859  1310                    -4318.260005 -4367.1302  1.13%   115   24s
  1918  1334 -4345.9800   52   67 -4318.2600 -4367.1302  1.13%   114   25s
  2483  1603 -4332.8758   93   34 -4318.2600 -4367.1302  1.13%   107   30s
  3099  1815 -4367.0849   29  218 -4318.2600 -4367.1187  1.13%   105   35s
H 3338  1777                    -4322.000000 -4367.1187  1.04%   105   37s
  3599  1927 -4355.7619   52  207 -4322.0000 -4367.1187  1.04%   105   40s
H 3818  1977                    -4322.000009 -4367.0687  1.04%   107   42s
  4009  2076 -4355.5457   39  108 -4322.0000 -4367.0687  1.04%   110   47s
  4763  2474 -4358.6717   62  145 -4322.0000 -4366.8155  1.04%   112   50s
  6491  4043 -4366.0565   43  133 -4322.0000 -4366.2129  1.02%   119   55s
  9446  6209 -4337.8603   85  184 -4322.0000 -4366.0383  1.02%   112   61s
 10170  6682 -4327.5743   67  176 -4322.0000 -4365.9914  1.02%   114   65s
 12039  8141 -4343.9800   74   62 -4322.0000 -4365.8162  1.01%   115   70s
 14131  9775 -4360.3657   38  149 -4322.0000 -4365.6621  1.01%   114   76s
 16516 11560 -4355.9800   71   97 -4322.0000 -4365.6013  1.01%   113   81s
 18326 12547 -4323.6139   79  153 -4322.0000 -4365.5684  1.01%   114   87s
 19802 13877 -4345.7215   56  134 -4322.0000 -4365.5281  1.01%   115   91s
 21894 15634 -4326.7368   86  198 -4322.0000 -4365.4347  1.00%   113   97s
 23440 16585 -4325.9958   74  139 -4322.0000 -4365.4191  1.00%   112  100s
 24704 17680 -4343.9800   88   49 -4322.0000 -4365.3902  1.00%   112  107s
 26973 18898 -4345.8390   77  134 -4322.0000 -4365.3618  1.00%   111  112s
 29267 20740 -4326.2485   69   92 -4322.0000 -4365.3040  1.00%   111  121s
 31610 22727 -4356.9536   80  165 -4322.0000 -4365.2564  1.00%   112  127s
 34089 24622 -4355.9800   75   88 -4322.0000 -4365.2317  1.00%   112  132s

Cutting planes:
  Gomory: 5
  Cover: 9
  Implied bound: 8
  MIR: 51
  Flow cover: 55
  Inf proof: 1
  Zero half: 55
  RLT: 33
  Relax-and-lift: 94

Explored 35575 nodes (3981213 simplex iterations) in 132.46 seconds
Thread count was 8 (of 8 available processors)

Solution count 10: -4322 -4322 -4318.26 ... -4280.45

Optimal solution found (tolerance 1.00e-02)
Best objective -4.322000000000e+03, best bound -4.365212691355e+03, gap 0.9998%
66440.5
[[], [83, 113, 79, 114, 115, 82, 80]]
[[], [84, 116, 117, 81]]
[[], [118, 119, 120]]
[[], [130, 121, 122, 123, 124, 125, 126, 175]]
[[7, 6, 27, 12, 110, 111, 112, 26, 31, 30, 24], [127, 128, 153, 177]]
[[46, 75, 38], []]
[[100, 101, 36, 65, 67, 102, 103, 35, 61], [129, 131, 182, 183, 184, 99]]
[[], [132, 188, 189, 190, 191, 192, 193, 194, 201, 173, 202]]
[[2, 4, 0, 5, 1, 3], [133, 134, 135, 136, 137, 138, 174]]
[[], [139, 140, 141, 93, 95, 92, 98, 91, 172]]
[[34, 33, 8, 29, 28, 25, 13, 32, 23], [142, 89, 86, 143, 144, 145, 146, 170]]
[[], [147, 148, 149, 150, 151, 171]]
[[104, 105, 106, 59, 64, 107, 108, 109, 58, 9, 66, 69, 57, 60, 62, 68, 37, 63], []]
[[], [152, 154, 155, 156, 157, 158, 176]]
[[39, 40, 44, 45, 53, 70, 71, 73, 47, 76, 72, 54, 20, 77, 51, 22, 78, 74, 42, 43, 21, 52, 55, 18, 41, 48, 49, 50, 56, 19], [159, 160, 161, 162]]
[[], [163, 164, 165, 179, 180, 88, 181, 85, 87, 97, 178, 96]]
[[15, 14, 10, 16, 17, 11], [185, 186, 187, 166, 167, 168, 169, 90]]
[[], [195, 196, 197, 94, 198, 199, 200]]
改善 shift 66373.64
改善 shift 56895.639999999985
改善 shift 55349.11999999999
改善 shift 55269.11999999999
改善 shift 53138.93999999999
改善 shift 49718.93999999998
改善 shift 49692.93999999998
改善 shift 43979.93999999998
改善 shift 36305.93999999997
改善 shift 36234.93999999997
改善 shift 36224.93999999997
改善 shift 36154.93999999997
改善 shift 35584.93999999997
改善 shift 35382.25999999997
改善 shift 34812.25999999997
改善 shift 34032.25999999997
改善 shift 33975.87999999997
改善 shift 33696.87999999997
改善 shift 33526.87999999997
改善 shift 33451.25999999997
改善 shift 29221.93999999997
改善 shift 26210.539999999983
改善 shift 25564.059999999987
改善 shift 25505.099999999984
改善 shift 25430.569999999985
改善 shift 22479.109999999986
改善 shift 22379.109999999986
改善 shift 21879.109999999986
改善 shift 15636.11
改善 shift 15560.51
改善 shift 13246.51
改善 shift 13236.51
改善 shift 13166.51
改善 shift 12620.03
改善 shift 8785.48
改善 shift 8755.48
改善 shift 8675.48
改善 shift 8479.479999999996
改善 shift 7690.479999999996
改善 shift 7642.479999999996
改善 shift 6652.479999999996
改善 shift 6473.479999999996
改善 shift 6121.479999999996
改善 shift 6070.5899999999965
改善 shift 5980.5899999999965
改善 shift 5966.5899999999965
改善 shift 5089.629999999994
改善 shift 3818.629999999994
改善 shift 3814.629999999998
改善 shift 3804.629999999998
改善 shift 3803.629999999998
改善 shift 3733.629999999998
改善 shift 3319.629999999998
改善 shift 2648.629999999998
改善 shift 2403.7299999999977
改善 shift 1693.7299999999984
改善 shift 1682.6899999999982
改善 shift 1638.2299999999984
改善 shift 1475.7799999999984
改善 shift 1375.7799999999984
改善 shift 1357.7799999999984
改善 shift 1347.7799999999984
改善 shift 1096.7699999999982
改善 shift 826.7699999999982
改善 shift 822.3299999999981
改善 shift 510.57999999999856
改善 shift 311.57999999999856
改善 shift 309.57999999999856
改善 shift 286.0699999999997
改善 shift -1135.4900000000002
改善 shift -1235.4900000000002
改善 shift -1335.4900000000002
改善 shift -1341.0100000000002
改善 shift -1421.0100000000002
改善 shift -1430.0100000000002
改善 shift -1450.0100000000002
改善 shift -1570.0100000000002
改善 shift -1645.3300000000004
改善 shift -1662.8800000000003
改善 shift -1677.1700000000003
改善 shift -1696.6700000000003
改善 shift -1716.6700000000003
改善 shift -1726.6700000000003
改善 shift -1782.7700000000002
改善 shift -1896.6200000000003
改善 shift -1906.6200000000003
改善 shift -1932.2999999999997
改善 shift -1962.2999999999997
改善 shift -1973.3399999999997
改善 shift -2010.3399999999997
改善 shift -2021.3399999999997
改善 shift -2041.3399999999997
改善 shift -2046.8599999999997
改善 shift -2047.8599999999997
改善 shift -2055.8599999999997
改善 shift -2075.8599999999997
改善 shift -2204.22
改善 shift -2337.16
改善 shift -2376.16
改善 shift -2396.16
改善 shift -2403.72
改善 shift -2413.72
改善 shift -2442.72
改善 shift -2451.72
改善 shift -2456.2
改善 shift -2467.2
改善 shift -2580.8
改善 shift -2600.8
改善 shift -2747.12
改善 shift -2757.12
改善 swap  -2766.12
改善 shift -2786.12
改善 shift -2796.12
改善 shift -2806.12
改善 shift -2816.12
改善 shift -2826.12
改善 swap  -2834.46
改善 swap  -2854.6000000000004
改善 swap  -2864.6000000000004
改善 swap  -2874.6000000000004
改善 swap  -2904.6000000000004
改善 swap  -2914.6000000000004
-2914.6000000000004
----
0 0 0
190 581 0 0 3685.6000000000004
-2914.6000000000004
計算時間: 649.521014秒