model2のgap: 0.03
(base) TakedaKshinoMBP:KLINE takedakiyoshi$ python model2-hybrid.py book/exp_4_3.csv 
/Users/takedakiyoshi/opt/anaconda3/lib/python3.7/site-packages/statsmodels/tools/_testing.py:19: FutureWarning: pandas.util.testing is deprecated. Use the functions in the public API at pandas.testing instead.
  import pandas.util.testing as tm
     Order_num  LPORT  DPORT  Units       RT  Weight
0            1      0      4     11    16.83    2254
1            2      0      5    157   204.78    1545
2            3      0      6     50    67.63    1558
3            4      1      4   2713  3869.49    1497
4            5      1      5    786  1085.28    1633
..         ...    ...    ...    ...      ...     ...
104        105      2      5     49     1.36    1780
105        106      2      5      1     1.36    1730
106        107      2      5      1     1.46    1980
107        108      2      5      2     1.46    2130
108        109      3      5      7     1.47    2100

[109 rows x 6 columns]
    Order_num  LPORT  DPORT  Units       RT  Weight
0           1      0      4     11    16.83    2254
1           2      0      5    157   204.78    1545
2           3      0      6     50    67.63    1558
3           4      1      4   2713  3869.49    1497
4           5      1      5    786  1085.28    1633
5           6      2      4    209   453.30    2976
6           7      2      5     88   119.62    1766
7           8      2      6    212   293.75    1623
8           9      3      4    414   691.38    2104
9          10      3      5     20    27.45    1711
10         11      3      6     81   113.83    1780
[0, 1, 2, 3, 4, 5, 6, 7, 8, 9, 10]

--------------------------------------------
Warning: your license will expire in 4 days
--------------------------------------------

Using license file /Users/takedakiyoshi/gurobi.lic
Academic license - for non-commercial use only
Changed value of parameter TimeLimit to 3600.0
   Prev: inf  Min: 0.0  Max: inf  Default: inf
Changed value of parameter MIPFocus to 1
   Prev: 0  Min: 0  Max: 3  Default: 0
No parameters matching 'LPMethod' found
Changed value of parameter MIPGap to 0.03
   Prev: 0.0001  Min: 0.0  Max: inf  Default: 0.0001

Statistics for model Unnamed :
  Linear constraint matrix    : 0 Constrs, 0 Vars, 0 NZs
  Matrix coefficient range    : [ 0, 0 ]
  Objective coefficient range : [ 0, 0 ]
  Variable bound range        : [ 0, 0 ]
  RHS coefficient range       : [ 0, 0 ]

========================= Solve Assignment Problem =========================
Gurobi Optimizer version 9.0.2 build v9.0.2rc0 (mac64)
Optimize a model with 13504 rows, 46646 columns and 59665 nonzeros
Model fingerprint: 0xbd0402df
Variable types: 3887 continuous, 42759 integer (42759 binary)
Coefficient statistics:
  Matrix range     [3e-04, 8e+04]
  Objective range  [1e+00, 1e+01]
  Bounds range     [1e+00, 4e+03]
  RHS range        [1e-01, 4e+07]
Presolve removed 4436 rows and 44037 columns
Presolve time: 0.19s
Presolved: 9068 rows, 2609 columns, 42504 nonzeros
Variable types: 360 continuous, 2249 integer (2249 binary)

Root relaxation: objective -3.401540e+03, 3054 iterations, 0.10 seconds

    Nodes    |    Current Node    |     Objective Bounds      |     Work
 Expl Unexpl |  Obj  Depth IntInf | Incumbent    BestBd   Gap | It/Node Time

     0     0 -3401.5397    0  409          - -3401.5397      -     -    0s
     0     0 -3358.7003    0  577          - -3358.7003      -     -    0s
     0     0 -3353.3034    0  593          - -3353.3034      -     -    0s
     0     0 -3353.1183    0  574          - -3353.1183      -     -    0s
     0     0 -3292.0258    0  606          - -3292.0258      -     -    1s
     0     0 -3286.7578    0  607          - -3286.7578      -     -    1s
     0     0 -3285.0704    0  639          - -3285.0704      -     -    1s
     0     0 -3284.9975    0  631          - -3284.9975      -     -    1s
     0     0 -3284.9179    0  631          - -3284.9179      -     -    1s
     0     0 -3236.3068    0  644          - -3236.3068      -     -    1s
H    0     0                    -1578.000000 -3236.3068   105%     -    1s
     0     0 -3221.8858    0  638 -1578.0000 -3221.8858   104%     -    1s
H    0     0                    -1653.370000 -3221.8858  94.9%     -    1s
     0     0 -3220.2201    0  613 -1653.3700 -3220.2201  94.8%     -    1s
     0     0 -3220.0297    0  619 -1653.3700 -3220.0297  94.8%     -    1s
H    0     0                    -1723.370000 -3220.0297  86.8%     -    1s
     0     0 -3220.0042    0  616 -1723.3700 -3220.0042  86.8%     -    1s
     0     0 -3219.9973    0  616 -1723.3700 -3219.9973  86.8%     -    1s
H    0     0                    -1747.110000 -3219.9973  84.3%     -    2s
H    0     0                    -1777.110000 -3219.9973  81.2%     -    2s
     0     0 -3203.8591    0  640 -1777.1100 -3203.8591  80.3%     -    2s
H    0     0                    -1781.110000 -3203.8591  79.9%     -    2s
     0     0 -3199.2380    0  594 -1781.1100 -3199.2380  79.6%     -    2s
     0     0 -3198.8801    0  603 -1781.1100 -3198.8801  79.6%     -    2s
     0     0 -3198.6914    0  606 -1781.1100 -3198.6914  79.6%     -    2s
     0     0 -3198.6782    0  605 -1781.1100 -3198.6782  79.6%     -    2s
     0     0 -3192.6167    0  634 -1781.1100 -3192.6167  79.2%     -    2s
H    0     0                    -2034.110007 -3192.6167  57.0%     -    2s
H    0     0                    -2880.590012 -3192.6167  10.8%     -    5s
     0     2 -3192.6167    0  634 -2880.5900 -3192.6167  10.8%     -    5s
H   72    79                    -2892.470000 -3191.2001  10.3%   170    6s
H  110   118                    -2960.060000 -3191.2001  7.81%   144    6s
H  165   162                    -2970.060000 -3191.2001  7.45%   116    7s
H  302   276                    -2970.060001 -3191.2001  7.45%  97.8    9s
   304   298     cutoff   26      -2970.0600 -3191.2001  7.45%  98.6   10s
H  355   302                    -2977.060000 -3191.2001  7.19%  96.4   11s
H  393   326                    -2978.060000 -3191.2001  7.16%   101   12s
H  414   344                    -2979.060000 -3191.2001  7.12%   103   14s
   454   379 -2998.4999   36  503 -2979.0600 -3191.2001  7.12%   107   15s
H  462   379                    -2981.060000 -3191.2001  7.05%   105   15s
H  600   439                    -2981.060008 -3191.0021  7.04%   113   22s
   660   463 -3107.3296   11  539 -2981.0600 -3191.0021  7.04%   116   25s
H  666   463                    -2981.060009 -3191.0021  7.04%   118   25s
H  806   595                    -2981.060018 -3191.0021  7.04%   114   28s
   970   762 -3018.1968   37  498 -2981.0600 -3191.0021  7.04%   105   30s
  1196   849 -3003.8822   46  448 -2981.0600 -3191.0021  7.04%   109   35s
  1483   987 -3000.9770   36  634 -2981.0600 -3191.0021  7.04%   105   41s
  1526  1017 -3003.8182   18  633 -2981.0600 -3083.6418  3.44%   110   45s

Cutting planes:
  Gomory: 8
  Implied bound: 9
  MIR: 35
  Flow cover: 99
  Inf proof: 2
  Zero half: 55
  RLT: 49
  Relax-and-lift: 81

Explored 1548 nodes (195468 simplex iterations) in 46.94 seconds
Thread count was 8 (of 8 available processors)

Solution count 10: -2981.06 -2981.06 -2981.06 ... -2970.06

Optimal solution found (tolerance 3.00e-02)
Best objective -2.981060017923e+03, best bound -3.069768190172e+03, gap 2.9757%
27018.549999999992
[[], [113, 84, 83, 81, 86], [46, 44, 30, 61], []]
[[], [82, 85, 79, 80, 114], [36, 39, 35, 78], []]
[[26, 29, 28, 20, 22, 21, 25, 18, 27, 19, 23, 24], [115], [34, 33, 73, 32], []]
[[], [130, 116, 153, 172], [45, 58, 75, 76, 72, 31, 54, 77, 59, 74, 38, 55, 57, 60, 62, 37, 56, 182, 7, 184, 181, 63], []]
[[], [117, 118, 119, 120, 121, 164, 166, 177], [], []]
[[12, 10, 13, 11], [], [], []]
[[110, 111, 112], [122, 93, 185, 186, 92, 90, 91, 188, 189, 190, 201], [], [40, 65, 53, 66, 49]]
[[], [123, 124, 125, 126, 127, 128, 129, 168], [], [100, 8, 9]]
[[], [131, 132, 133, 169], [], [101, 102, 109]]
[[], [134, 191, 192, 193, 194, 173, 202], [], [15, 99, 16, 17]]
[[], [135, 136, 137, 167, 178], [], [103, 104, 105]]
[[], [138, 139, 140, 170], [], [106, 70, 71, 47, 67]]
[[2, 4, 0, 5, 1, 3], [141, 142, 143, 144, 145, 146, 147, 176], [], []]
[[], [148, 149, 165, 175], [], [107, 51, 42, 43, 64, 69, 52, 68, 41, 48, 108, 50]]
[[], [150, 151, 152, 154, 171], [183, 89, 88, 6, 87], []]
[[], [155, 156, 157, 158], [179, 180], []]
[[], [159, 160, 161, 162, 163, 174], [95, 94, 14, 98, 97, 96], []]
[[], [195, 196, 197, 198, 199, 200, 187], [], []]
改善 shift 26950.219999999994
改善 shift 26932.039999999994
改善 shift 26623.749999999993
改善 shift 26453.289999999994
改善 shift 25611.329999999994
改善 shift 25508.91999999999
改善 shift 25485.319999999992
改善 shift 24090.649999999994
改善 shift 23895.609999999993
改善 shift 21295.609999999993
改善 shift 18704.84999999999
改善 shift 18620.489999999998
改善 shift 16819.689999999995
改善 shift 16562.389999999996
改善 shift 16363.009999999997
改善 shift 16225.01
改善 shift 16124.04
改善 shift 16122.61
改善 shift 15229.67
改善 shift 15043.529999999999
改善 shift 13988.909999999996
改善 shift 13888.909999999996
改善 shift 12852.329999999996
改善 shift 12152.29
改善 shift 12148.77
改善 shift 12059.77
改善 shift 11125.93
改善 shift 11125.869999999999
改善 shift 7401.87
改善 shift 7303.82
改善 shift 7298.72
改善 shift 7201.15
改善 shift 6615.969999999999
改善 shift 6608.48
改善 shift 5898.13
改善 shift 5698.71
改善 shift 5698.59
改善 shift 5696.59
改善 shift 5208.99
改善 shift 5037.52
改善 shift 5037.469999999999
改善 shift 4973.780000000001
改善 shift 4969.92
改善 shift 4872.84
改善 shift 4676.120000000001
改善 shift 4322.409999999998
改善 shift 4320.459999999999
改善 shift 4317.819999999998
改善 shift 4157.9299999999985
改善 shift 4121.3099999999995
改善 shift 4086.5899999999992
改善 shift 3977.1099999999997
改善 shift 3975.7799999999993
改善 shift 3971.3399999999992
改善 shift 3968.5799999999995
改善 shift 3827.1799999999994
改善 shift 3628.4800000000005
改善 shift 3628.48
改善 shift 3624.07
改善 shift 3623.8899999999994
改善 shift 3623.8599999999997
改善 shift 2990.2899999999995
改善 shift 2916.0299999999993
改善 shift 2881.1299999999997
改善 shift 2399.9899999999993
改善 shift 2396.809999999999
改善 shift 2296.809999999999
改善 shift 2296.189999999999
改善 shift 2255.1599999999994
改善 shift 2174.2599999999998
改善 shift 2164.2599999999998
改善 shift 2161.3399999999997
改善 shift 1850.8699999999994
改善 shift 1837.6899999999991
改善 shift 1817.5699999999993
改善 shift 1760.8499999999995
改善 shift 1677.3699999999994
改善 shift 1639.3699999999994
改善 shift 1438.1299999999999
改善 shift 1436.8099999999997
改善 shift 1397.4699999999996
改善 shift 1390.2099999999998
改善 shift 1387.11
改善 shift 1352.2499999999998
改善 shift 1350.8199999999995
改善 shift 1190.8199999999995
改善 shift 1173.2699999999998
改善 shift 1155.2099999999998
改善 shift 1150.4499999999996
改善 shift 1149.61
改善 shift 1148.2299999999998
改善 shift 1121.2299999999998
改善 shift 1115.3099999999997
改善 shift 1109.1699999999998
改善 shift 1107.7399999999996
改善 shift 1098.94
改善 shift 1098.4700000000003
改善 shift 1098.19
改善 shift 1084.46
改善 shift 1071.6
改善 shift 1061.6
改善 shift 980.71
改善 shift 976.3000000000002
改善 shift 967.69
改善 shift 965.0500000000002
改善 shift 963.73
改善 shift 962.3000000000002
改善 shift 961.6800000000003
改善 shift 945.1599999999999
改善 shift 944.1599999999999
改善 shift 943.7799999999997
改善 shift 942.7799999999997
改善 shift 896.5
改善 shift 896.4999999999995
改善 shift 888.77
改善 shift 641.7299999999996
改善 shift 531.7299999999996
改善 shift 167.72999999999956
改善 shift 150.64999999999964
改善 shift 150.48000000000002
改善 shift 147.30999999999995
改善 shift 146.35999999999967
改善 shift 132.45999999999958
改善 shift 119.57999999999993
改善 shift 119.57999999999947
改善 shift 113.57999999999947
改善 shift 102.30999999999995
改善 shift 89.73999999999978
改善 shift 57.46999999999957
改善 shift 42.509999999999536
改善 shift 41.509999999999536
改善 shift 41.389999999999645
改善 shift 37.35999999999967
改善 shift 35.409999999999854
改善 shift 35.4099999999994
改善 shift 7.459999999999582
改善 shift -0.8099999999999454
改善 shift -12.120000000000346
改善 shift -13.5
改善 shift -13.500000000000227
改善 shift -13.63000000000011
改善 swap  -108.27000000000021
改善 shift -128.2700000000002
改善 shift -157.1400000000001
改善 shift -158.26999999999998
改善 shift -158.2700000000002
改善 shift -165.18000000000006
改善 shift -175.84000000000015
改善 shift -182.89000000000033
改善 shift -184.0200000000002
改善 shift -185.97000000000025
改善 shift -188.83000000000015
改善 shift -188.83000000000038
改善 shift -201.0300000000002
改善 shift -217.71000000000004
改善 shift -217.80999999999995
改善 shift -217.8100000000004
改善 shift -221.71000000000004
改善 shift -221.71000000000026
改善 shift -221.7100000000005
改善 swap  -222.01000000000022
改善 swap  -349.5800000000004
改善 swap  -359.5800000000004
改善 shift -359.6800000000003
改善 swap  -410.3700000000001
改善 shift -412.0300000000002
改善 shift -457.85000000000036
改善 shift -459.2800000000002
改善 swap  -546.8200000000002
改善 shift -624.5100000000002
改善 shift -643.9600000000003
改善 shift -645.3900000000003
改善 swap  -739.7700000000002
改善 swap  -740.02
改善 shift -1167.7100000000003
改善 shift -1169.9100000000003
改善 shift -1337.71
改善 shift -1337.7100000000003
改善 shift -1367.7100000000003
改善 shift -1371.5700000000002
改善 swap  -1378.6100000000001
改善 shift -1381.4700000000003
改善 swap  -1382.7300000000002
改善 swap  -1382.93
改善 shift -1382.9300000000003
改善 swap  -1383.4700000000003
改善 swap  -1384.4
改善 swap  -1384.4000000000003
改善 swap  -1387.3000000000002
改善 shift -1388.6100000000001
-1388.6100000000001
----
1 0 0
180 615 960.25 0 3243.86
-1388.6100000000001
計算時間: 1031.876792秒