This is e-upTeX, Version 3.14159265-p3.8.2-u1.25-190131-2.6 (utf8.uptex) (TeX Live 2019) (preloaded format=uplatex 2019.11.6)  1 DEC 2021 14:35
entering extended mode
 restricted \write18 enabled.
 file:line:error style messages enabled.
 %&-line parsing enabled.
**chapter7.tex
(./chapter7.tex
pLaTeX2e <2019-10-01u02>+1 (based on LaTeX2e <2019-10-01> patch level 1)
./chapter7.tex:1: Undefined control sequence.
l.1 \chapter
            {まとめ}\label{conclution}
The control sequence at the end of the top line
of your error message was never \def'ed. If you have
misspelled it (e.g., `\hobx'), type `I' and the correct
spelling (e.g., `I\hbox'). Otherwise just continue,
and I'll forget about whatever was undefined.


./chapter7.tex:1: LaTeX Error: Missing \begin{document}.

See the LaTeX manual or LaTeX Companion for explanation.
Type  H <return>  for immediate help.
 ...                                              
                                                  
l.1 \chapter{ま
                とめ}\label{conclution}
You're in trouble here.  Try typing  <return>  to proceed.
If that doesn't work, type  X <return>  to quit.


Overfull \hbox (29.6222pt too wide) in paragraph at lines 1--3
[]\JY2/mc/m/n/10 ま
 []


Overfull \hbox (9.6222pt too wide) in paragraph at lines 1--3
\JY2/mc/m/n/10 と
 []


Overfull \hbox (9.6222pt too wide) in paragraph at lines 1--3
\JY2/mc/m/n/10 め[]
 []


Overfull \hbox (9.6222pt too wide) in paragraph at lines 1--3
\JY2/mc/m/n/10 自
 []


Overfull \hbox (9.6222pt too wide) in paragraph at lines 1--3
\JY2/mc/m/n/10 動
 []


Overfull \hbox (9.6222pt too wide) in paragraph at lines 1--3
\JY2/mc/m/n/10 車
 []


Overfull \hbox (9.6222pt too wide) in paragraph at lines 1--3
\JY2/mc/m/n/10 運
 []


Overfull \hbox (9.6222pt too wide) in paragraph at lines 1--3
\JY2/mc/m/n/10 搬
 []


Overfull \hbox (9.6222pt too wide) in paragraph at lines 1--3
\JY2/mc/m/n/10 船
 []


Overfull \hbox (9.6222pt too wide) in paragraph at lines 1--3
\JY2/mc/m/n/10 に
 []


Overfull \hbox (9.6222pt too wide) in paragraph at lines 1--3
\JY2/mc/m/n/10 お
 []


Overfull \hbox (9.6222pt too wide) in paragraph at lines 1--3
\JY2/mc/m/n/10 け
 []


Overfull \hbox (9.6222pt too wide) in paragraph at lines 1--3
\JY2/mc/m/n/10 る
 []


Overfull \hbox (9.6222pt too wide) in paragraph at lines 1--3
\JY2/mc/m/n/10 自
 []


Overfull \hbox (9.6222pt too wide) in paragraph at lines 1--3
\JY2/mc/m/n/10 動
 []


Overfull \hbox (9.6222pt too wide) in paragraph at lines 1--3
\JY2/mc/m/n/10 車
 []


Overfull \hbox (9.6222pt too wide) in paragraph at lines 1--3
\JY2/mc/m/n/10 を
 []


Overfull \hbox (9.6222pt too wide) in paragraph at lines 1--3
\JY2/mc/m/n/10 船
 []


Overfull \hbox (9.6222pt too wide) in paragraph at lines 1--3
\JY2/mc/m/n/10 に
 []


Overfull \hbox (9.6222pt too wide) in paragraph at lines 1--3
\JY2/mc/m/n/10 割
 []


Overfull \hbox (9.6222pt too wide) in paragraph at lines 1--3
\JY2/mc/m/n/10 り
 []


Overfull \hbox (9.6222pt too wide) in paragraph at lines 1--3
\JY2/mc/m/n/10 当
 []


Overfull \hbox (9.6222pt too wide) in paragraph at lines 1--3
\JY2/mc/m/n/10 て
 []


Overfull \hbox (9.6222pt too wide) in paragraph at lines 1--3
\JY2/mc/m/n/10 る
 []


Overfull \hbox (9.6222pt too wide) in paragraph at lines 1--3
\JY2/mc/m/n/10 席
 []


Overfull \hbox (9.6222pt too wide) in paragraph at lines 1--3
\JY2/mc/m/n/10 割
 []


Overfull \hbox (9.6222pt too wide) in paragraph at lines 1--3
\JY2/mc/m/n/10 の
 []


Overfull \hbox (9.6222pt too wide) in paragraph at lines 1--3
\JY2/mc/m/n/10 作
 []


Overfull \hbox (9.6222pt too wide) in paragraph at lines 1--3
\JY2/mc/m/n/10 成
 []


Overfull \hbox (9.6222pt too wide) in paragraph at lines 1--3
\JY2/mc/m/n/10 に
 []


Overfull \hbox (9.6222pt too wide) in paragraph at lines 1--3
\JY2/mc/m/n/10 関
 []


Overfull \hbox (9.6222pt too wide) in paragraph at lines 1--3
\JY2/mc/m/n/10 し
 []


Overfull \hbox (13.93329pt too wide) in paragraph at lines 1--3
\JY2/mc/m/n/10 て ，
 []


Overfull \hbox (9.6222pt too wide) in paragraph at lines 1--3
\JY2/mc/m/n/10 プ
 []


Overfull \hbox (9.6222pt too wide) in paragraph at lines 1--3
\JY2/mc/m/n/10 ラ
 []


Overfull \hbox (9.6222pt too wide) in paragraph at lines 1--3
\JY2/mc/m/n/10 ン
 []


Overfull \hbox (18.74438pt too wide) in paragraph at lines 1--3
\JY2/mc/m/n/10 ナ ー
 []


Overfull \hbox (9.6222pt too wide) in paragraph at lines 1--3
\JY2/mc/m/n/10 や
 []


Overfull \hbox (9.6222pt too wide) in paragraph at lines 1--3
\JY2/mc/m/n/10 オ
 []


Overfull \hbox (9.6222pt too wide) in paragraph at lines 1--3
\JY2/mc/m/n/10 ペ
 []


Overfull \hbox (18.74438pt too wide) in paragraph at lines 1--3
\JY2/mc/m/n/10 レ ー
 []


Overfull \hbox (9.6222pt too wide) in paragraph at lines 1--3
\JY2/mc/m/n/10 タ
 []


Overfull \hbox (9.6222pt too wide) in paragraph at lines 1--3
\JY2/mc/m/n/10 と
 []


Overfull \hbox (9.6222pt too wide) in paragraph at lines 1--3
\JY2/mc/m/n/10 の
 []


Overfull \hbox (9.6222pt too wide) in paragraph at lines 1--3
\JY2/mc/m/n/10 ヒ
 []


Overfull \hbox (9.6222pt too wide) in paragraph at lines 1--3
\JY2/mc/m/n/10 ア
 []


Overfull \hbox (9.6222pt too wide) in paragraph at lines 1--3
\JY2/mc/m/n/10 リ
 []


Overfull \hbox (9.6222pt too wide) in paragraph at lines 1--3
\JY2/mc/m/n/10 ン
 []


Overfull \hbox (9.6222pt too wide) in paragraph at lines 1--3
\JY2/mc/m/n/10 グ
 []


Overfull \hbox (9.6222pt too wide) in paragraph at lines 1--3
\JY2/mc/m/n/10 を
 []


Overfull \hbox (9.6222pt too wide) in paragraph at lines 1--3
\JY2/mc/m/n/10 基
 []


Overfull \hbox (9.6222pt too wide) in paragraph at lines 1--3
\JY2/mc/m/n/10 に
 []


Overfull \hbox (9.6222pt too wide) in paragraph at lines 1--3
\JY2/mc/m/n/10 定
 []


Overfull \hbox (9.6222pt too wide) in paragraph at lines 1--3
\JY2/mc/m/n/10 式
 []


Overfull \hbox (9.6222pt too wide) in paragraph at lines 1--3
\JY2/mc/m/n/10 化
 []


Overfull \hbox (9.6222pt too wide) in paragraph at lines 1--3
\JY2/mc/m/n/10 を
 []


Overfull \hbox (9.6222pt too wide) in paragraph at lines 1--3
\JY2/mc/m/n/10 行
 []


Overfull \hbox (9.6222pt too wide) in paragraph at lines 1--3
\JY2/mc/m/n/10 い
 []


Overfull \hbox (5.00002pt too wide) in paragraph at lines 1--3
\OT1/cmr/m/n/10 2
 []


Overfull \hbox (9.6222pt too wide) in paragraph at lines 1--3
\JY2/mc/m/n/10 つ
 []


Overfull \hbox (9.6222pt too wide) in paragraph at lines 1--3
\JY2/mc/m/n/10 の
 []


Overfull \hbox (9.6222pt too wide) in paragraph at lines 1--3
\JY2/mc/m/n/10 数
 []


Overfull \hbox (9.6222pt too wide) in paragraph at lines 1--3
\JY2/mc/m/n/10 理
 []


Overfull \hbox (9.6222pt too wide) in paragraph at lines 1--3
\JY2/mc/m/n/10 モ
 []


Overfull \hbox (9.6222pt too wide) in paragraph at lines 1--3
\JY2/mc/m/n/10 デ
 []


Overfull \hbox (9.6222pt too wide) in paragraph at lines 1--3
\JY2/mc/m/n/10 ル
 []


Overfull \hbox (9.6222pt too wide) in paragraph at lines 1--3
\JY2/mc/m/n/10 を
 []


Overfull \hbox (9.6222pt too wide) in paragraph at lines 1--3
\JY2/mc/m/n/10 提
 []


Overfull \hbox (9.6222pt too wide) in paragraph at lines 1--3
\JY2/mc/m/n/10 案
 []


Overfull \hbox (9.6222pt too wide) in paragraph at lines 1--3
\JY2/mc/m/n/10 し
 []


Overfull \hbox (13.93329pt too wide) in paragraph at lines 1--3
\JY2/mc/m/n/10 た ． 
 []


./chapter7.tex:4: LaTeX Error: Missing \begin{document}.

See the LaTeX manual or LaTeX Companion for explanation.
Type  H <return>  for immediate help.
 ...                                              
                                                  
l.4 整
       数計画ソルバーを用いて問題を解く際に，有効な解...
You're in trouble here.  Try typing  <return>  to proceed.
If that doesn't work, type  X <return>  to quit.


Overfull \hbox (29.6222pt too wide) in paragraph at lines 4--5
[]\JY2/mc/m/n/10 整
 []


Overfull \hbox (9.6222pt too wide) in paragraph at lines 4--5
\JY2/mc/m/n/10 数
 []


Overfull \hbox (9.6222pt too wide) in paragraph at lines 4--5
\JY2/mc/m/n/10 計
 []


Overfull \hbox (9.6222pt too wide) in paragraph at lines 4--5
\JY2/mc/m/n/10 画
 []


Overfull \hbox (9.6222pt too wide) in paragraph at lines 4--5
\JY2/mc/m/n/10 ソ
 []


Overfull \hbox (9.6222pt too wide) in paragraph at lines 4--5
\JY2/mc/m/n/10 ル
 []


Overfull \hbox (18.74438pt too wide) in paragraph at lines 4--5
\JY2/mc/m/n/10 バ ー
 []


Overfull \hbox (9.6222pt too wide) in paragraph at lines 4--5
\JY2/mc/m/n/10 を
 []


Overfull \hbox (9.6222pt too wide) in paragraph at lines 4--5
\JY2/mc/m/n/10 用
 []


Overfull \hbox (9.6222pt too wide) in paragraph at lines 4--5
\JY2/mc/m/n/10 い
 []


Overfull \hbox (9.6222pt too wide) in paragraph at lines 4--5
\JY2/mc/m/n/10 て
 []


Overfull \hbox (9.6222pt too wide) in paragraph at lines 4--5
\JY2/mc/m/n/10 問
 []


Overfull \hbox (9.6222pt too wide) in paragraph at lines 4--5
\JY2/mc/m/n/10 題
 []


Overfull \hbox (9.6222pt too wide) in paragraph at lines 4--5
\JY2/mc/m/n/10 を
 []


Overfull \hbox (9.6222pt too wide) in paragraph at lines 4--5
\JY2/mc/m/n/10 解
 []


Overfull \hbox (9.6222pt too wide) in paragraph at lines 4--5
\JY2/mc/m/n/10 く
 []


Overfull \hbox (9.6222pt too wide) in paragraph at lines 4--5
\JY2/mc/m/n/10 際
 []


Overfull \hbox (13.93329pt too wide) in paragraph at lines 4--5
\JY2/mc/m/n/10 に ，
 []


Overfull \hbox (9.6222pt too wide) in paragraph at lines 4--5
\JY2/mc/m/n/10 有
 []


Overfull \hbox (9.6222pt too wide) in paragraph at lines 4--5
\JY2/mc/m/n/10 効
 []


Overfull \hbox (9.6222pt too wide) in paragraph at lines 4--5
\JY2/mc/m/n/10 な
 []


Overfull \hbox (9.6222pt too wide) in paragraph at lines 4--5
\JY2/mc/m/n/10 解
 []


Overfull \hbox (9.6222pt too wide) in paragraph at lines 4--5
\JY2/mc/m/n/10 を
 []


Overfull \hbox (9.6222pt too wide) in paragraph at lines 4--5
\JY2/mc/m/n/10 出
 []


Overfull \hbox (9.6222pt too wide) in paragraph at lines 4--5
\JY2/mc/m/n/10 力
 []


Overfull \hbox (9.6222pt too wide) in paragraph at lines 4--5
\JY2/mc/m/n/10 す
 []


Overfull \hbox (9.6222pt too wide) in paragraph at lines 4--5
\JY2/mc/m/n/10 る
 []


Overfull \hbox (9.6222pt too wide) in paragraph at lines 4--5
\JY2/mc/m/n/10 こ
 []


Overfull \hbox (9.6222pt too wide) in paragraph at lines 4--5
\JY2/mc/m/n/10 と
 []


Overfull \hbox (9.6222pt too wide) in paragraph at lines 4--5
\JY2/mc/m/n/10 の
 []


Overfull \hbox (9.6222pt too wide) in paragraph at lines 4--5
\JY2/mc/m/n/10 で
 []


Overfull \hbox (9.6222pt too wide) in paragraph at lines 4--5
\JY2/mc/m/n/10 き
 []


Overfull \hbox (9.6222pt too wide) in paragraph at lines 4--5
\JY2/mc/m/n/10 る
 []


Overfull \hbox (9.6222pt too wide) in paragraph at lines 4--5
\JY2/mc/m/n/10 問
 []


Overfull \hbox (9.6222pt too wide) in paragraph at lines 4--5
\JY2/mc/m/n/10 題
 []


Overfull \hbox (9.6222pt too wide) in paragraph at lines 4--5
\JY2/mc/m/n/10 例
 []


Overfull \hbox (9.6222pt too wide) in paragraph at lines 4--5
\JY2/mc/m/n/10 の
 []


Overfull \hbox (9.6222pt too wide) in paragraph at lines 4--5
\JY2/mc/m/n/10 規
 []


Overfull \hbox (9.6222pt too wide) in paragraph at lines 4--5
\JY2/mc/m/n/10 模
 []


Overfull \hbox (9.6222pt too wide) in paragraph at lines 4--5
\JY2/mc/m/n/10 を
 []


Overfull \hbox (9.6222pt too wide) in paragraph at lines 4--5
\JY2/mc/m/n/10 確
 []


Overfull \hbox (9.6222pt too wide) in paragraph at lines 4--5
\JY2/mc/m/n/10 認
 []


Overfull \hbox (9.6222pt too wide) in paragraph at lines 4--5
\JY2/mc/m/n/10 し
 []


Overfull \hbox (13.93329pt too wide) in paragraph at lines 4--5
\JY2/mc/m/n/10 た ．
 []


Overfull \hbox (9.6222pt too wide) in paragraph at lines 4--5
\JY2/mc/m/n/10 ま
 []


Overfull \hbox (13.93329pt too wide) in paragraph at lines 4--5
\JY2/mc/m/n/10 た ，
 []


Overfull \hbox (9.6222pt too wide) in paragraph at lines 4--5
\JY2/mc/m/n/10 注
 []


Overfull \hbox (9.6222pt too wide) in paragraph at lines 4--5
\JY2/mc/m/n/10 文
 []


Overfull \hbox (9.6222pt too wide) in paragraph at lines 4--5
\JY2/mc/m/n/10 数
 []


Overfull \hbox (9.6222pt too wide) in paragraph at lines 4--5
\JY2/mc/m/n/10 が
 []


Overfull \hbox (9.6222pt too wide) in paragraph at lines 4--5
\JY2/mc/m/n/10 増
 []


Overfull \hbox (9.6222pt too wide) in paragraph at lines 4--5
\JY2/mc/m/n/10 え
 []


Overfull \hbox (9.6222pt too wide) in paragraph at lines 4--5
\JY2/mc/m/n/10 た
 []


Overfull \hbox (9.6222pt too wide) in paragraph at lines 4--5
\JY2/mc/m/n/10 場
 []


Overfull \hbox (9.6222pt too wide) in paragraph at lines 4--5
\JY2/mc/m/n/10 合
 []


Overfull \hbox (9.6222pt too wide) in paragraph at lines 4--5
\JY2/mc/m/n/10 や
 []


Overfull \hbox (9.6222pt too wide) in paragraph at lines 4--5
\JY2/mc/m/n/10 更
 []


Overfull \hbox (9.6222pt too wide) in paragraph at lines 4--5
\JY2/mc/m/n/10 な
 []


Overfull \hbox (9.6222pt too wide) in paragraph at lines 4--5
\JY2/mc/m/n/10 る
 []


Overfull \hbox (9.6222pt too wide) in paragraph at lines 4--5
\JY2/mc/m/n/10 制
 []


Overfull \hbox (9.6222pt too wide) in paragraph at lines 4--5
\JY2/mc/m/n/10 約
 []


Overfull \hbox (9.6222pt too wide) in paragraph at lines 4--5
\JY2/mc/m/n/10 や
 []


Overfull \hbox (9.6222pt too wide) in paragraph at lines 4--5
\JY2/mc/m/n/10 目
 []


Overfull \hbox (9.6222pt too wide) in paragraph at lines 4--5
\JY2/mc/m/n/10 的
 []


Overfull \hbox (9.6222pt too wide) in paragraph at lines 4--5
\JY2/mc/m/n/10 関
 []


Overfull \hbox (9.6222pt too wide) in paragraph at lines 4--5
\JY2/mc/m/n/10 数
 []


Overfull \hbox (9.6222pt too wide) in paragraph at lines 4--5
\JY2/mc/m/n/10 を
 []


Overfull \hbox (9.6222pt too wide) in paragraph at lines 4--5
\JY2/mc/m/n/10 追
 []


Overfull \hbox (9.6222pt too wide) in paragraph at lines 4--5
\JY2/mc/m/n/10 加
 []


Overfull \hbox (9.6222pt too wide) in paragraph at lines 4--5
\JY2/mc/m/n/10 す
 []


Overfull \hbox (9.6222pt too wide) in paragraph at lines 4--5
\JY2/mc/m/n/10 る
 []


Overfull \hbox (9.6222pt too wide) in paragraph at lines 4--5
\JY2/mc/m/n/10 場
 []


Overfull \hbox (9.6222pt too wide) in paragraph at lines 4--5
\JY2/mc/m/n/10 合
 []


Overfull \hbox (9.6222pt too wide) in paragraph at lines 4--5
\JY2/mc/m/n/10 に
 []


Overfull \hbox (9.6222pt too wide) in paragraph at lines 4--5
\JY2/mc/m/n/10 計
 []


Overfull \hbox (9.6222pt too wide) in paragraph at lines 4--5
\JY2/mc/m/n/10 算
 []


Overfull \hbox (9.6222pt too wide) in paragraph at lines 4--5
\JY2/mc/m/n/10 時
 []


Overfull \hbox (9.6222pt too wide) in paragraph at lines 4--5
\JY2/mc/m/n/10 間
 []


Overfull \hbox (9.6222pt too wide) in paragraph at lines 4--5
\JY2/mc/m/n/10 が
 []


Overfull \hbox (9.6222pt too wide) in paragraph at lines 4--5
\JY2/mc/m/n/10 膨
 []


Overfull \hbox (9.6222pt too wide) in paragraph at lines 4--5
\JY2/mc/m/n/10 大
 []


Overfull \hbox (9.6222pt too wide) in paragraph at lines 4--5
\JY2/mc/m/n/10 に
 []


Overfull \hbox (9.6222pt too wide) in paragraph at lines 4--5
\JY2/mc/m/n/10 増
 []


Overfull \hbox (9.6222pt too wide) in paragraph at lines 4--5
\JY2/mc/m/n/10 大
 []


Overfull \hbox (9.6222pt too wide) in paragraph at lines 4--5
\JY2/mc/m/n/10 し
 []


Overfull \hbox (9.6222pt too wide) in paragraph at lines 4--5
\JY2/mc/m/n/10 な
 []


Overfull \hbox (9.6222pt too wide) in paragraph at lines 4--5
\JY2/mc/m/n/10 い
 []


Overfull \hbox (9.6222pt too wide) in paragraph at lines 4--5
\JY2/mc/m/n/10 こ
 []


Overfull \hbox (9.6222pt too wide) in paragraph at lines 4--5
\JY2/mc/m/n/10 と
 []


Overfull \hbox (9.6222pt too wide) in paragraph at lines 4--5
\JY2/mc/m/n/10 を
 []


Overfull \hbox (9.6222pt too wide) in paragraph at lines 4--5
\JY2/mc/m/n/10 目
 []


Overfull \hbox (9.6222pt too wide) in paragraph at lines 4--5
\JY2/mc/m/n/10 指
 []


Overfull \hbox (13.93329pt too wide) in paragraph at lines 4--5
\JY2/mc/m/n/10 し ，
 []


Overfull \hbox (9.6222pt too wide) in paragraph at lines 4--5
\JY2/mc/m/n/10 ヒ
 []


Overfull \hbox (18.74438pt too wide) in paragraph at lines 4--5
\JY2/mc/m/n/10 ュ ー
 []


Overfull \hbox (9.6222pt too wide) in paragraph at lines 4--5
\JY2/mc/m/n/10 リ
 []


Overfull \hbox (9.6222pt too wide) in paragraph at lines 4--5
\JY2/mc/m/n/10 ス
 []


Overfull \hbox (9.6222pt too wide) in paragraph at lines 4--5
\JY2/mc/m/n/10 テ
 []


Overfull \hbox (9.6222pt too wide) in paragraph at lines 4--5
\JY2/mc/m/n/10 ィ
 []


Overfull \hbox (9.6222pt too wide) in paragraph at lines 4--5
\JY2/mc/m/n/10 ッ
 []


Overfull \hbox (9.6222pt too wide) in paragraph at lines 4--5
\JY2/mc/m/n/10 ク
 []


Overfull \hbox (9.6222pt too wide) in paragraph at lines 4--5
\JY2/mc/m/n/10 を
 []


Overfull \hbox (9.6222pt too wide) in paragraph at lines 4--5
\JY2/mc/m/n/10 用
 []


Overfull \hbox (9.6222pt too wide) in paragraph at lines 4--5
\JY2/mc/m/n/10 い
 []


Overfull \hbox (9.6222pt too wide) in paragraph at lines 4--5
\JY2/mc/m/n/10 た
 []


Overfull \hbox (9.6222pt too wide) in paragraph at lines 4--5
\JY2/mc/m/n/10 新
 []


Overfull \hbox (9.6222pt too wide) in paragraph at lines 4--5
\JY2/mc/m/n/10 た
 []


Overfull \hbox (9.6222pt too wide) in paragraph at lines 4--5
\JY2/mc/m/n/10 な
 []


Overfull \hbox (9.6222pt too wide) in paragraph at lines 4--5
\JY2/mc/m/n/10 数
 []


Overfull \hbox (9.6222pt too wide) in paragraph at lines 4--5
\JY2/mc/m/n/10 理
 []


Overfull \hbox (9.6222pt too wide) in paragraph at lines 4--5
\JY2/mc/m/n/10 モ
 []


Overfull \hbox (9.6222pt too wide) in paragraph at lines 4--5
\JY2/mc/m/n/10 デ
 []


Overfull \hbox (9.6222pt too wide) in paragraph at lines 4--5
\JY2/mc/m/n/10 ル
 []


Overfull \hbox (9.6222pt too wide) in paragraph at lines 4--5
\JY2/mc/m/n/10 を
 []


Overfull \hbox (9.6222pt too wide) in paragraph at lines 4--5
\JY2/mc/m/n/10 提
 []


Overfull \hbox (9.6222pt too wide) in paragraph at lines 4--5
\JY2/mc/m/n/10 案
 []


Overfull \hbox (9.6222pt too wide) in paragraph at lines 4--5
\JY2/mc/m/n/10 し
 []


Overfull \hbox (13.93329pt too wide) in paragraph at lines 4--5
\JY2/mc/m/n/10 た ． 
 []

LaTeX Font Info:    Font shape `JT2/mc/m/n' will be
(Font)              scaled to size 9.6222pt on input line 5.
LaTeX Font Info:    Font shape `JY2/mc/m/n' will be
(Font)              scaled to size 9.6222pt on input line 5.

./chapter7.tex:5: LaTeX Error: The font size command \normalsize is not defined:
               there is probably something wrong with the class file.

See the LaTeX manual or LaTeX Companion for explanation.
Type  H <return>  for immediate help.
 ...                                              
                                                  
l.5 
    
Your command was ignored.
Type  I <command> <return>  to replace it with another command,
or  <return>  to continue without it.

[1
./chapter7.tex:5: Undefined control sequence.
<write> \newlabel{conclution}{{}{\thepage 
                                          }}
l.5 
    
The control sequence at the end of the top line
of your error message was never \def'ed. If you have
misspelled it (e.g., `\hobx'), type `I' and the correct
spelling (e.g., `I\hbox'). Otherwise just continue,
and I'll forget about whatever was undefined.

\newlabel{conclution}{{}{}}
]

./chapter7.tex:6: LaTeX Error: Missing \begin{document}.

See the LaTeX manual or LaTeX Companion for explanation.
Type  H <return>  for immediate help.
 ...                                              
                                                  
l.6 新
       たに提案した数理モデルの局所探索における近傍操...
You're in trouble here.  Try typing  <return>  to proceed.
If that doesn't work, type  X <return>  to quit.


Overfull \hbox (29.6222pt too wide) in paragraph at lines 6--8
[]\JY2/mc/m/n/10 新
 []


Overfull \hbox (9.6222pt too wide) in paragraph at lines 6--8
\JY2/mc/m/n/10 た
 []


Overfull \hbox (9.6222pt too wide) in paragraph at lines 6--8
\JY2/mc/m/n/10 に
 []


Overfull \hbox (9.6222pt too wide) in paragraph at lines 6--8
\JY2/mc/m/n/10 提
 []


Overfull \hbox (9.6222pt too wide) in paragraph at lines 6--8
\JY2/mc/m/n/10 案
 []


Overfull \hbox (9.6222pt too wide) in paragraph at lines 6--8
\JY2/mc/m/n/10 し
 []


Overfull \hbox (9.6222pt too wide) in paragraph at lines 6--8
\JY2/mc/m/n/10 た
 []


Overfull \hbox (9.6222pt too wide) in paragraph at lines 6--8
\JY2/mc/m/n/10 数
 []


Overfull \hbox (9.6222pt too wide) in paragraph at lines 6--8
\JY2/mc/m/n/10 理
 []


Overfull \hbox (9.6222pt too wide) in paragraph at lines 6--8
\JY2/mc/m/n/10 モ
 []


Overfull \hbox (9.6222pt too wide) in paragraph at lines 6--8
\JY2/mc/m/n/10 デ
 []


Overfull \hbox (9.6222pt too wide) in paragraph at lines 6--8
\JY2/mc/m/n/10 ル
 []


Overfull \hbox (9.6222pt too wide) in paragraph at lines 6--8
\JY2/mc/m/n/10 の
 []


Overfull \hbox (9.6222pt too wide) in paragraph at lines 6--8
\JY2/mc/m/n/10 局
 []


Overfull \hbox (9.6222pt too wide) in paragraph at lines 6--8
\JY2/mc/m/n/10 所
 []


Overfull \hbox (9.6222pt too wide) in paragraph at lines 6--8
\JY2/mc/m/n/10 探
 []


Overfull \hbox (9.6222pt too wide) in paragraph at lines 6--8
\JY2/mc/m/n/10 索
 []


Overfull \hbox (9.6222pt too wide) in paragraph at lines 6--8
\JY2/mc/m/n/10 に
 []


Overfull \hbox (9.6222pt too wide) in paragraph at lines 6--8
\JY2/mc/m/n/10 お
 []


Overfull \hbox (9.6222pt too wide) in paragraph at lines 6--8
\JY2/mc/m/n/10 け
 []


Overfull \hbox (9.6222pt too wide) in paragraph at lines 6--8
\JY2/mc/m/n/10 る
 []


Overfull \hbox (9.6222pt too wide) in paragraph at lines 6--8
\JY2/mc/m/n/10 近
 []


Overfull \hbox (9.6222pt too wide) in paragraph at lines 6--8
\JY2/mc/m/n/10 傍
 []


Overfull \hbox (9.6222pt too wide) in paragraph at lines 6--8
\JY2/mc/m/n/10 操
 []


Overfull \hbox (9.6222pt too wide) in paragraph at lines 6--8
\JY2/mc/m/n/10 作
 []


Overfull \hbox (9.6222pt too wide) in paragraph at lines 6--8
\JY2/mc/m/n/10 に
 []


Overfull \hbox (9.6222pt too wide) in paragraph at lines 6--8
\JY2/mc/m/n/10 関
 []


Overfull \hbox (9.6222pt too wide) in paragraph at lines 6--8
\JY2/mc/m/n/10 し
 []


Overfull \hbox (13.93329pt too wide) in paragraph at lines 6--8
\JY2/mc/m/n/10 て ，
 []


Overfull \hbox (9.6222pt too wide) in paragraph at lines 6--8
\JY2/mc/m/n/10 挿
 []


Overfull \hbox (9.6222pt too wide) in paragraph at lines 6--8
\JY2/mc/m/n/10 入
 []


Overfull \hbox (9.6222pt too wide) in paragraph at lines 6--8
\JY2/mc/m/n/10 近
 []


Overfull \hbox (9.6222pt too wide) in paragraph at lines 6--8
\JY2/mc/m/n/10 傍
 []


Overfull \hbox (9.6222pt too wide) in paragraph at lines 6--8
\JY2/mc/m/n/10 操
 []


Overfull \hbox (9.6222pt too wide) in paragraph at lines 6--8
\JY2/mc/m/n/10 作
 []


Overfull \hbox (9.6222pt too wide) in paragraph at lines 6--8
\JY2/mc/m/n/10 に
 []


Overfull \hbox (9.6222pt too wide) in paragraph at lines 6--8
\JY2/mc/m/n/10 お
 []


Overfull \hbox (9.6222pt too wide) in paragraph at lines 6--8
\JY2/mc/m/n/10 い
 []


Overfull \hbox (9.6222pt too wide) in paragraph at lines 6--8
\JY2/mc/m/n/10 て
 []


Overfull \hbox (9.6222pt too wide) in paragraph at lines 6--8
\JY2/mc/m/n/10 解
 []


Overfull \hbox (9.6222pt too wide) in paragraph at lines 6--8
\JY2/mc/m/n/10 の
 []


Overfull \hbox (9.6222pt too wide) in paragraph at lines 6--8
\JY2/mc/m/n/10 精
 []


Overfull \hbox (9.6222pt too wide) in paragraph at lines 6--8
\JY2/mc/m/n/10 度
 []


Overfull \hbox (9.6222pt too wide) in paragraph at lines 6--8
\JY2/mc/m/n/10 を
 []


Overfull \hbox (9.6222pt too wide) in paragraph at lines 6--8
\JY2/mc/m/n/10 落
 []


Overfull \hbox (9.6222pt too wide) in paragraph at lines 6--8
\JY2/mc/m/n/10 と
 []


Overfull \hbox (9.6222pt too wide) in paragraph at lines 6--8
\JY2/mc/m/n/10 す
 []


Overfull \hbox (9.6222pt too wide) in paragraph at lines 6--8
\JY2/mc/m/n/10 こ
 []


Overfull \hbox (9.6222pt too wide) in paragraph at lines 6--8
\JY2/mc/m/n/10 と
 []


Overfull \hbox (9.6222pt too wide) in paragraph at lines 6--8
\JY2/mc/m/n/10 な
 []


Overfull \hbox (9.6222pt too wide) in paragraph at lines 6--8
\JY2/mc/m/n/10 く
 []


Overfull \hbox (9.6222pt too wide) in paragraph at lines 6--8
\JY2/mc/m/n/10 計
 []


Overfull \hbox (9.6222pt too wide) in paragraph at lines 6--8
\JY2/mc/m/n/10 算
 []


Overfull \hbox (9.6222pt too wide) in paragraph at lines 6--8
\JY2/mc/m/n/10 時
 []


Overfull \hbox (9.6222pt too wide) in paragraph at lines 6--8
\JY2/mc/m/n/10 間
 []


Overfull \hbox (9.6222pt too wide) in paragraph at lines 6--8
\JY2/mc/m/n/10 を
 []


Overfull \hbox (9.6222pt too wide) in paragraph at lines 6--8
\JY2/mc/m/n/10 短
 []


Overfull \hbox (9.6222pt too wide) in paragraph at lines 6--8
\JY2/mc/m/n/10 縮
 []


Overfull \hbox (9.6222pt too wide) in paragraph at lines 6--8
\JY2/mc/m/n/10 す
 []


Overfull \hbox (9.6222pt too wide) in paragraph at lines 6--8
\JY2/mc/m/n/10 る
 []


Overfull \hbox (9.6222pt too wide) in paragraph at lines 6--8
\JY2/mc/m/n/10 手
 []


Overfull \hbox (9.6222pt too wide) in paragraph at lines 6--8
\JY2/mc/m/n/10 法
 []


Overfull \hbox (9.6222pt too wide) in paragraph at lines 6--8
\JY2/mc/m/n/10 を
 []


Overfull \hbox (9.6222pt too wide) in paragraph at lines 6--8
\JY2/mc/m/n/10 提
 []


Overfull \hbox (9.6222pt too wide) in paragraph at lines 6--8
\JY2/mc/m/n/10 案
 []


Overfull \hbox (13.93329pt too wide) in paragraph at lines 6--8
\JY2/mc/m/n/10 し ，
 []


Overfull \hbox (9.6222pt too wide) in paragraph at lines 6--8
\JY2/mc/m/n/10 有
 []


Overfull \hbox (9.6222pt too wide) in paragraph at lines 6--8
\JY2/mc/m/n/10 効
 []


Overfull \hbox (9.6222pt too wide) in paragraph at lines 6--8
\JY2/mc/m/n/10 性
 []


Overfull \hbox (9.6222pt too wide) in paragraph at lines 6--8
\JY2/mc/m/n/10 を
 []


Overfull \hbox (9.6222pt too wide) in paragraph at lines 6--8
\JY2/mc/m/n/10 確
 []


Overfull \hbox (9.6222pt too wide) in paragraph at lines 6--8
\JY2/mc/m/n/10 認
 []


Overfull \hbox (9.6222pt too wide) in paragraph at lines 6--8
\JY2/mc/m/n/10 し
 []


Overfull \hbox (13.93329pt too wide) in paragraph at lines 6--8
\JY2/mc/m/n/10 た ．
 []


Overfull \hbox (9.6222pt too wide) in paragraph at lines 6--8
\JY2/mc/m/n/10 ま
 []


Overfull \hbox (13.93329pt too wide) in paragraph at lines 6--8
\JY2/mc/m/n/10 た ，
 []


Overfull \hbox (9.6222pt too wide) in paragraph at lines 6--8
\JY2/mc/m/n/10 局
 []


Overfull \hbox (9.6222pt too wide) in paragraph at lines 6--8
\JY2/mc/m/n/10 所
 []


Overfull \hbox (9.6222pt too wide) in paragraph at lines 6--8
\JY2/mc/m/n/10 探
 []


Overfull \hbox (9.6222pt too wide) in paragraph at lines 6--8
\JY2/mc/m/n/10 索
 []


Overfull \hbox (9.6222pt too wide) in paragraph at lines 6--8
\JY2/mc/m/n/10 に
 []


Overfull \hbox (9.6222pt too wide) in paragraph at lines 6--8
\JY2/mc/m/n/10 お
 []


Overfull \hbox (9.6222pt too wide) in paragraph at lines 6--8
\JY2/mc/m/n/10 け
 []


Overfull \hbox (9.6222pt too wide) in paragraph at lines 6--8
\JY2/mc/m/n/10 る
 []


Overfull \hbox (9.6222pt too wide) in paragraph at lines 6--8
\JY2/mc/m/n/10 初
 []


Overfull \hbox (9.6222pt too wide) in paragraph at lines 6--8
\JY2/mc/m/n/10 期
 []


Overfull \hbox (9.6222pt too wide) in paragraph at lines 6--8
\JY2/mc/m/n/10 解
 []


Overfull \hbox (9.6222pt too wide) in paragraph at lines 6--8
\JY2/mc/m/n/10 を
 []


Overfull \hbox (9.6222pt too wide) in paragraph at lines 6--8
\JY2/mc/m/n/10 生
 []


Overfull \hbox (9.6222pt too wide) in paragraph at lines 6--8
\JY2/mc/m/n/10 成
 []


Overfull \hbox (9.6222pt too wide) in paragraph at lines 6--8
\JY2/mc/m/n/10 す
 []


Overfull \hbox (9.6222pt too wide) in paragraph at lines 6--8
\JY2/mc/m/n/10 る
 []


Overfull \hbox (9.6222pt too wide) in paragraph at lines 6--8
\JY2/mc/m/n/10 手
 []


Overfull \hbox (9.6222pt too wide) in paragraph at lines 6--8
\JY2/mc/m/n/10 法
 []


Overfull \hbox (9.6222pt too wide) in paragraph at lines 6--8
\JY2/mc/m/n/10 を
 []


Overfull \hbox (5.00002pt too wide) in paragraph at lines 6--8
\OT1/cmr/m/n/10 2
 []


Overfull \hbox (9.6222pt too wide) in paragraph at lines 6--8
\JY2/mc/m/n/10 種
 []


Overfull \hbox (9.6222pt too wide) in paragraph at lines 6--8
\JY2/mc/m/n/10 類
 []


Overfull \hbox (9.6222pt too wide) in paragraph at lines 6--8
\JY2/mc/m/n/10 提
 []


Overfull \hbox (9.6222pt too wide) in paragraph at lines 6--8
\JY2/mc/m/n/10 案
 []


Overfull \hbox (13.93329pt too wide) in paragraph at lines 6--8
\JY2/mc/m/n/10 し ，
 []


Overfull \hbox (9.6222pt too wide) in paragraph at lines 6--8
\JY2/mc/m/n/10 計
 []


Overfull \hbox (9.6222pt too wide) in paragraph at lines 6--8
\JY2/mc/m/n/10 算
 []


Overfull \hbox (9.6222pt too wide) in paragraph at lines 6--8
\JY2/mc/m/n/10 実
 []


Overfull \hbox (9.6222pt too wide) in paragraph at lines 6--8
\JY2/mc/m/n/10 験
 []


Overfull \hbox (9.6222pt too wide) in paragraph at lines 6--8
\JY2/mc/m/n/10 を
 []


Overfull \hbox (9.6222pt too wide) in paragraph at lines 6--8
\JY2/mc/m/n/10 行
 []


Overfull \hbox (9.6222pt too wide) in paragraph at lines 6--8
\JY2/mc/m/n/10 い
 []


Overfull \hbox (9.6222pt too wide) in paragraph at lines 6--8
\JY2/mc/m/n/10 比
 []


Overfull \hbox (9.6222pt too wide) in paragraph at lines 6--8
\JY2/mc/m/n/10 較
 []


Overfull \hbox (9.6222pt too wide) in paragraph at lines 6--8
\JY2/mc/m/n/10 を
 []


Overfull \hbox (9.6222pt too wide) in paragraph at lines 6--8
\JY2/mc/m/n/10 行
 []


Overfull \hbox (9.6222pt too wide) in paragraph at lines 6--8
\JY2/mc/m/n/10 っ
 []


Overfull \hbox (18.24438pt too wide) in paragraph at lines 6--8
\JY2/mc/m/n/10 た ． ． 
 []


./chapter7.tex:9: LaTeX Error: Missing \begin{document}.

See the LaTeX manual or LaTeX Companion for explanation.
Type  H <return>  for immediate help.
 ...                                              
                                                  
l.9 ヒ
       ューリスティックを基にした新たな数理モデルを用...
You're in trouble here.  Try typing  <return>  to proceed.
If that doesn't work, type  X <return>  to quit.

)
! Emergency stop.
<*> chapter7.tex
                
*** (job aborted, no legal \end found)

 
Here is how much of TeX's memory you used:
 6 strings out of 492752
 69 string characters out of 6140168
 69825 words of memory out of 5000000
 4557 multiletter control sequences out of 15000+600000
 6281 words of font info for 32 fonts, out of 8000000 for 9000
 929 hyphenation exceptions out of 8191
 18i,4n,8p,390b,110s stack positions out of 5000i,500n,10000p,200000b,80000s
Output written on chapter7.dvi (1 page, 892 bytes).
