This is e-upTeX, Version 3.14159265-p3.8.2-u1.25-190131-2.6 (utf8.uptex) (TeX Live 2019) (preloaded format=uplatex 2019.11.6)  23 NOV 2021 14:58
entering extended mode
 restricted \write18 enabled.
 file:line:error style messages enabled.
 %&-line parsing enabled.
**chapter1.tex
(./chapter1.tex
pLaTeX2e <2019-10-01u02>+1 (based on LaTeX2e <2019-10-01> patch level 1)
./chapter1.tex:1: Undefined control sequence.
l.1 \chapter
            {はじめに}
The control sequence at the end of the top line
of your error message was never \def'ed. If you have
misspelled it (e.g., `\hobx'), type `I' and the correct
spelling (e.g., `I\hbox'). Otherwise just continue,
and I'll forget about whatever was undefined.


./chapter1.tex:1: LaTeX Error: Missing \begin{document}.

See the LaTeX manual or LaTeX Companion for explanation.
Type  H <return>  for immediate help.
 ...                                              
                                                  
l.1 \chapter{は
                じめに}
You're in trouble here.  Try typing  <return>  to proceed.
If that doesn't work, type  X <return>  to quit.

\citation{mitsui}
LaTeX Font Info:    Font shape `JT2/mc/m/n' will be
(Font)              scaled to size 9.6222pt on input line 2.
LaTeX Font Info:    Font shape `JY2/mc/m/n' will be
(Font)              scaled to size 9.6222pt on input line 2.
LaTeX Font Info:    Font shape `JT2/mc/bx/n' in size <10> not available
(Font)              Font shape `JT2/gt/m/n' tried instead on input line 2.
LaTeX Font Info:    Font shape `JT2/gt/m/n' will be
(Font)              scaled to size 9.6222pt on input line 2.
LaTeX Font Info:    Font shape `JY2/mc/bx/n' in size <10> not available
(Font)              Font shape `JY2/gt/m/n' tried instead on input line 2.
LaTeX Font Info:    Font shape `JY2/gt/m/n' will be
(Font)              scaled to size 9.6222pt on input line 2.
./chapter1.tex:2: Undefined control sequence.
<write> ...: Citation `\@citeb ' on page \thepage 
                                                  \space undefined\on@line .^^J
l.2 ...いという問題点がある\cite{mitsui}
                                                  . 本研究では席割作...
The control sequence at the end of the top line
of your error message was never \def'ed. If you have
misspelled it (e.g., `\hobx'), type `I' and the correct
spelling (e.g., `I\hbox'). Otherwise just continue,
and I'll forget about whatever was undefined.


LaTeX Warning: Citation `mitsui' on page  undefined on input line 2.


Overfull \hbox (29.6222pt too wide) in paragraph at lines 1--3
[]\JY2/mc/m/n/10 は
 []


Overfull \hbox (9.6222pt too wide) in paragraph at lines 1--3
\JY2/mc/m/n/10 じ
 []


Overfull \hbox (9.6222pt too wide) in paragraph at lines 1--3
\JY2/mc/m/n/10 め
 []


Overfull \hbox (9.6222pt too wide) in paragraph at lines 1--3
\JY2/mc/m/n/10 に
 []


Overfull \hbox (9.6222pt too wide) in paragraph at lines 1--3
\JY2/mc/m/n/10 本
 []


Overfull \hbox (9.6222pt too wide) in paragraph at lines 1--3
\JY2/mc/m/n/10 研
 []


Overfull \hbox (9.6222pt too wide) in paragraph at lines 1--3
\JY2/mc/m/n/10 究
 []


Overfull \hbox (9.6222pt too wide) in paragraph at lines 1--3
\JY2/mc/m/n/10 で
 []


Overfull \hbox (13.93329pt too wide) in paragraph at lines 1--3
\JY2/mc/m/n/10 は ．
 []


Overfull \hbox (9.6222pt too wide) in paragraph at lines 1--3
\JY2/mc/m/n/10 複
 []


Overfull \hbox (9.6222pt too wide) in paragraph at lines 1--3
\JY2/mc/m/n/10 数
 []


Overfull \hbox (9.6222pt too wide) in paragraph at lines 1--3
\JY2/mc/m/n/10 の
 []


Overfull \hbox (9.6222pt too wide) in paragraph at lines 1--3
\JY2/mc/m/n/10 港
 []


Overfull \hbox (9.6222pt too wide) in paragraph at lines 1--3
\JY2/mc/m/n/10 で
 []


Overfull \hbox (9.6222pt too wide) in paragraph at lines 1--3
\JY2/mc/m/n/10 荷
 []


Overfull \hbox (9.6222pt too wide) in paragraph at lines 1--3
\JY2/mc/m/n/10 物
 []


Overfull \hbox (9.6222pt too wide) in paragraph at lines 1--3
\JY2/mc/m/n/10 を
 []


Overfull \hbox (9.6222pt too wide) in paragraph at lines 1--3
\JY2/mc/m/n/10 船
 []


Overfull \hbox (9.6222pt too wide) in paragraph at lines 1--3
\JY2/mc/m/n/10 に
 []


Overfull \hbox (9.6222pt too wide) in paragraph at lines 1--3
\JY2/mc/m/n/10 積
 []


Overfull \hbox (12.39998pt too wide) in paragraph at lines 1--3
\JY2/mc/m/n/10 み\OT1/cmr/m/n/10 ,
 []


Overfull \hbox (9.6222pt too wide) in paragraph at lines 1--3
\JY2/mc/m/n/10 複
 []


Overfull \hbox (9.6222pt too wide) in paragraph at lines 1--3
\JY2/mc/m/n/10 数
 []


Overfull \hbox (9.6222pt too wide) in paragraph at lines 1--3
\JY2/mc/m/n/10 の
 []


Overfull \hbox (9.6222pt too wide) in paragraph at lines 1--3
\JY2/mc/m/n/10 港
 []


Overfull \hbox (9.6222pt too wide) in paragraph at lines 1--3
\JY2/mc/m/n/10 で
 []


Overfull \hbox (9.6222pt too wide) in paragraph at lines 1--3
\JY2/mc/m/n/10 降
 []


Overfull \hbox (9.6222pt too wide) in paragraph at lines 1--3
\JY2/mc/m/n/10 ろ
 []


Overfull \hbox (9.6222pt too wide) in paragraph at lines 1--3
\JY2/mc/m/n/10 す
 []


Overfull \hbox (9.6222pt too wide) in paragraph at lines 1--3
\JY2/mc/m/n/10 運
 []


Overfull \hbox (9.6222pt too wide) in paragraph at lines 1--3
\JY2/mc/m/n/10 搬
 []


Overfull \hbox (9.6222pt too wide) in paragraph at lines 1--3
\JY2/mc/m/n/10 船
 []


Overfull \hbox (9.6222pt too wide) in paragraph at lines 1--3
\JY2/mc/m/n/10 を
 []


Overfull \hbox (9.6222pt too wide) in paragraph at lines 1--3
\JY2/mc/m/n/10 考
 []


Overfull \hbox (9.6222pt too wide) in paragraph at lines 1--3
\JY2/mc/m/n/10 え
 []


Overfull \hbox (12.39998pt too wide) in paragraph at lines 1--3
\JY2/mc/m/n/10 る\OT1/cmr/m/n/10 .
 []


Overfull \hbox (9.6222pt too wide) in paragraph at lines 1--3
\JY2/mc/m/n/10 一
 []


Overfull \hbox (9.6222pt too wide) in paragraph at lines 1--3
\JY2/mc/m/n/10 般
 []


Overfull \hbox (9.6222pt too wide) in paragraph at lines 1--3
\JY2/mc/m/n/10 的
 []


Overfull \hbox (9.6222pt too wide) in paragraph at lines 1--3
\JY2/mc/m/n/10 に
 []


Overfull \hbox (9.6222pt too wide) in paragraph at lines 1--3
\JY2/mc/m/n/10 は
 []


Overfull \hbox (9.6222pt too wide) in paragraph at lines 1--3
\JY2/mc/m/n/10 燃
 []


Overfull \hbox (9.6222pt too wide) in paragraph at lines 1--3
\JY2/mc/m/n/10 料
 []


Overfull \hbox (9.6222pt too wide) in paragraph at lines 1--3
\JY2/mc/m/n/10 や
 []


Overfull \hbox (9.6222pt too wide) in paragraph at lines 1--3
\JY2/mc/m/n/10 原
 []


Overfull \hbox (9.6222pt too wide) in paragraph at lines 1--3
\JY2/mc/m/n/10 料
 []


Overfull \hbox (9.6222pt too wide) in paragraph at lines 1--3
\JY2/mc/m/n/10 な
 []


Overfull \hbox (9.6222pt too wide) in paragraph at lines 1--3
\JY2/mc/m/n/10 ど
 []


Overfull \hbox (9.6222pt too wide) in paragraph at lines 1--3
\JY2/mc/m/n/10 多
 []


Overfull \hbox (9.6222pt too wide) in paragraph at lines 1--3
\JY2/mc/m/n/10 岐
 []


Overfull \hbox (9.6222pt too wide) in paragraph at lines 1--3
\JY2/mc/m/n/10 に
 []


Overfull \hbox (9.6222pt too wide) in paragraph at lines 1--3
\JY2/mc/m/n/10 渡
 []


Overfull \hbox (9.6222pt too wide) in paragraph at lines 1--3
\JY2/mc/m/n/10 る
 []


Overfull \hbox (9.6222pt too wide) in paragraph at lines 1--3
\JY2/mc/m/n/10 積
 []


Overfull \hbox (9.6222pt too wide) in paragraph at lines 1--3
\JY2/mc/m/n/10 荷
 []


Overfull \hbox (9.6222pt too wide) in paragraph at lines 1--3
\JY2/mc/m/n/10 を
 []


Overfull \hbox (9.6222pt too wide) in paragraph at lines 1--3
\JY2/mc/m/n/10 扱
 []


Overfull \hbox (9.6222pt too wide) in paragraph at lines 1--3
\JY2/mc/m/n/10 う
 []


Overfull \hbox (13.93329pt too wide) in paragraph at lines 1--3
\JY2/mc/m/n/10 が ，
 []


Overfull \hbox (9.6222pt too wide) in paragraph at lines 1--3
\JY2/mc/m/n/10 本
 []


Overfull \hbox (9.6222pt too wide) in paragraph at lines 1--3
\JY2/mc/m/n/10 研
 []


Overfull \hbox (9.6222pt too wide) in paragraph at lines 1--3
\JY2/mc/m/n/10 究
 []


Overfull \hbox (9.6222pt too wide) in paragraph at lines 1--3
\JY2/mc/m/n/10 で
 []


Overfull \hbox (9.6222pt too wide) in paragraph at lines 1--3
\JY2/mc/m/n/10 は
 []


Overfull \hbox (9.6222pt too wide) in paragraph at lines 1--3
\JY2/mc/m/n/10 乗
 []


Overfull \hbox (9.6222pt too wide) in paragraph at lines 1--3
\JY2/mc/m/n/10 用
 []


Overfull \hbox (9.6222pt too wide) in paragraph at lines 1--3
\JY2/mc/m/n/10 自
 []


Overfull \hbox (9.6222pt too wide) in paragraph at lines 1--3
\JY2/mc/m/n/10 動
 []


Overfull \hbox (9.6222pt too wide) in paragraph at lines 1--3
\JY2/mc/m/n/10 車
 []


Overfull \hbox (9.6222pt too wide) in paragraph at lines 1--3
\JY2/mc/m/n/10 を
 []


Overfull \hbox (9.6222pt too wide) in paragraph at lines 1--3
\JY2/mc/m/n/10 運
 []


Overfull \hbox (9.6222pt too wide) in paragraph at lines 1--3
\JY2/mc/m/n/10 搬
 []


Overfull \hbox (9.6222pt too wide) in paragraph at lines 1--3
\JY2/mc/m/n/10 す
 []


Overfull \hbox (9.6222pt too wide) in paragraph at lines 1--3
\JY2/mc/m/n/10 る
 []


Overfull \hbox (9.6222pt too wide) in paragraph at lines 1--3
\JY2/mc/m/n/10 船
 []


Overfull \hbox (9.6222pt too wide) in paragraph at lines 1--3
\JY2/mc/m/n/10 を
 []


Overfull \hbox (9.6222pt too wide) in paragraph at lines 1--3
\JY2/mc/m/n/10 考
 []


Overfull \hbox (9.6222pt too wide) in paragraph at lines 1--3
\JY2/mc/m/n/10 え
 []


Overfull \hbox (12.39998pt too wide) in paragraph at lines 1--3
\JY2/mc/m/n/10 る\OT1/cmr/m/n/10 .
 []


Overfull \hbox (9.6222pt too wide) in paragraph at lines 1--3
\JY2/mc/m/n/10 一
 []


Overfull \hbox (9.6222pt too wide) in paragraph at lines 1--3
\JY2/mc/m/n/10 般
 []


Overfull \hbox (9.6222pt too wide) in paragraph at lines 1--3
\JY2/mc/m/n/10 的
 []


Overfull \hbox (9.6222pt too wide) in paragraph at lines 1--3
\JY2/mc/m/n/10 に
 []


Overfull \hbox (9.6222pt too wide) in paragraph at lines 1--3
\JY2/mc/m/n/10 自
 []


Overfull \hbox (9.6222pt too wide) in paragraph at lines 1--3
\JY2/mc/m/n/10 動
 []


Overfull \hbox (9.6222pt too wide) in paragraph at lines 1--3
\JY2/mc/m/n/10 車
 []


Overfull \hbox (9.6222pt too wide) in paragraph at lines 1--3
\JY2/mc/m/n/10 運
 []


Overfull \hbox (9.6222pt too wide) in paragraph at lines 1--3
\JY2/mc/m/n/10 搬
 []


Overfull \hbox (9.6222pt too wide) in paragraph at lines 1--3
\JY2/mc/m/n/10 船
 []


Overfull \hbox (12.39998pt too wide) in paragraph at lines 1--3
\JY2/mc/m/n/10 は\OT1/cmr/m/n/10 ,
 []


Overfull \hbox (9.6222pt too wide) in paragraph at lines 1--3
\JY2/mc/m/n/10 自
 []


Overfull \hbox (9.6222pt too wide) in paragraph at lines 1--3
\JY2/mc/m/n/10 動
 []


Overfull \hbox (9.6222pt too wide) in paragraph at lines 1--3
\JY2/mc/m/n/10 車
 []


Overfull \hbox (9.6222pt too wide) in paragraph at lines 1--3
\JY2/mc/m/n/10 を
 []


Overfull \hbox (9.6222pt too wide) in paragraph at lines 1--3
\JY2/mc/m/n/10 船
 []


Overfull \hbox (9.6222pt too wide) in paragraph at lines 1--3
\JY2/mc/m/n/10 の
 []


Overfull \hbox (9.6222pt too wide) in paragraph at lines 1--3
\JY2/mc/m/n/10 一
 []


Overfull \hbox (9.6222pt too wide) in paragraph at lines 1--3
\JY2/mc/m/n/10 定
 []


Overfull \hbox (9.6222pt too wide) in paragraph at lines 1--3
\JY2/mc/m/n/10 間
 []


Overfull \hbox (9.6222pt too wide) in paragraph at lines 1--3
\JY2/mc/m/n/10 隔
 []


Overfull \hbox (9.6222pt too wide) in paragraph at lines 1--3
\JY2/mc/m/n/10 で
 []


Overfull \hbox (9.6222pt too wide) in paragraph at lines 1--3
\JY2/mc/m/n/10 区
 []


Overfull \hbox (9.6222pt too wide) in paragraph at lines 1--3
\JY2/mc/m/n/10 切
 []


Overfull \hbox (9.6222pt too wide) in paragraph at lines 1--3
\JY2/mc/m/n/10 ら
 []


Overfull \hbox (9.6222pt too wide) in paragraph at lines 1--3
\JY2/mc/m/n/10 れ
 []


Overfull \hbox (9.6222pt too wide) in paragraph at lines 1--3
\JY2/mc/m/n/10 た
 []


Overfull \hbox (18.74438pt too wide) in paragraph at lines 1--3
\JY2/mc/m/n/10 ホ ー
 []


Overfull \hbox (9.6222pt too wide) in paragraph at lines 1--3
\JY2/mc/m/n/10 ル
 []


Overfull \hbox (9.6222pt too wide) in paragraph at lines 1--3
\JY2/mc/m/n/10 ド
 []


Overfull \hbox (9.6222pt too wide) in paragraph at lines 1--3
\JY2/mc/m/n/10 と
 []


Overfull \hbox (9.6222pt too wide) in paragraph at lines 1--3
\JY2/mc/m/n/10 呼
 []


Overfull \hbox (9.6222pt too wide) in paragraph at lines 1--3
\JY2/mc/m/n/10 ば
 []


Overfull \hbox (9.6222pt too wide) in paragraph at lines 1--3
\JY2/mc/m/n/10 れ
 []


Overfull \hbox (9.6222pt too wide) in paragraph at lines 1--3
\JY2/mc/m/n/10 る
 []


Overfull \hbox (9.6222pt too wide) in paragraph at lines 1--3
\JY2/mc/m/n/10 ス
 []


Overfull \hbox (18.74438pt too wide) in paragraph at lines 1--3
\JY2/mc/m/n/10 ペ ー
 []


Overfull \hbox (9.6222pt too wide) in paragraph at lines 1--3
\JY2/mc/m/n/10 ス
 []


Overfull \hbox (9.6222pt too wide) in paragraph at lines 1--3
\JY2/mc/m/n/10 に
 []


Overfull \hbox (9.6222pt too wide) in paragraph at lines 1--3
\JY2/mc/m/n/10 ど
 []


Overfull \hbox (9.6222pt too wide) in paragraph at lines 1--3
\JY2/mc/m/n/10 の
 []


Overfull \hbox (9.6222pt too wide) in paragraph at lines 1--3
\JY2/mc/m/n/10 自
 []


Overfull \hbox (9.6222pt too wide) in paragraph at lines 1--3
\JY2/mc/m/n/10 動
 []


Overfull \hbox (9.6222pt too wide) in paragraph at lines 1--3
\JY2/mc/m/n/10 車
 []


Overfull \hbox (9.6222pt too wide) in paragraph at lines 1--3
\JY2/mc/m/n/10 を
 []


Overfull \hbox (9.6222pt too wide) in paragraph at lines 1--3
\JY2/mc/m/n/10 何
 []


Overfull \hbox (9.6222pt too wide) in paragraph at lines 1--3
\JY2/mc/m/n/10 台
 []


Overfull \hbox (9.6222pt too wide) in paragraph at lines 1--3
\JY2/mc/m/n/10 割
 []


Overfull \hbox (9.6222pt too wide) in paragraph at lines 1--3
\JY2/mc/m/n/10 り
 []


Overfull \hbox (9.6222pt too wide) in paragraph at lines 1--3
\JY2/mc/m/n/10 当
 []


Overfull \hbox (9.6222pt too wide) in paragraph at lines 1--3
\JY2/mc/m/n/10 て
 []


Overfull \hbox (9.6222pt too wide) in paragraph at lines 1--3
\JY2/mc/m/n/10 る
 []


Overfull \hbox (9.6222pt too wide) in paragraph at lines 1--3
\JY2/mc/m/n/10 か
 []


Overfull \hbox (9.6222pt too wide) in paragraph at lines 1--3
\JY2/mc/m/n/10 を
 []


Overfull \hbox (9.6222pt too wide) in paragraph at lines 1--3
\JY2/mc/m/n/10 決
 []


Overfull \hbox (9.6222pt too wide) in paragraph at lines 1--3
\JY2/mc/m/n/10 定
 []


Overfull \hbox (9.6222pt too wide) in paragraph at lines 1--3
\JY2/mc/m/n/10 す
 []


Overfull \hbox (9.6222pt too wide) in paragraph at lines 1--3
\JY2/mc/m/n/10 る
 []


Overfull \hbox (9.6222pt too wide) in paragraph at lines 1--3
\JY2/mc/m/n/10 席
 []


Overfull \hbox (9.6222pt too wide) in paragraph at lines 1--3
\JY2/mc/m/n/10 割
 []


Overfull \hbox (9.6222pt too wide) in paragraph at lines 1--3
\JY2/mc/m/n/10 作
 []


Overfull \hbox (9.6222pt too wide) in paragraph at lines 1--3
\JY2/mc/m/n/10 業
 []


Overfull \hbox (9.6222pt too wide) in paragraph at lines 1--3
\JY2/mc/m/n/10 と
 []


Overfull \hbox (9.6222pt too wide) in paragraph at lines 1--3
\JY2/mc/m/n/10 呼
 []


Overfull \hbox (9.6222pt too wide) in paragraph at lines 1--3
\JY2/mc/m/n/10 ば
 []


Overfull \hbox (9.6222pt too wide) in paragraph at lines 1--3
\JY2/mc/m/n/10 れ
 []


Overfull \hbox (9.6222pt too wide) in paragraph at lines 1--3
\JY2/mc/m/n/10 る
 []


Overfull \hbox (9.6222pt too wide) in paragraph at lines 1--3
\JY2/mc/m/n/10 工
 []


Overfull \hbox (9.6222pt too wide) in paragraph at lines 1--3
\JY2/mc/m/n/10 程
 []


Overfull \hbox (9.6222pt too wide) in paragraph at lines 1--3
\JY2/mc/m/n/10 を
 []


Overfull \hbox (9.6222pt too wide) in paragraph at lines 1--3
\JY2/mc/m/n/10 経
 []


Overfull \hbox (12.39998pt too wide) in paragraph at lines 1--3
\JY2/mc/m/n/10 て\OT1/cmr/m/n/10 ,
 []


Overfull \hbox (9.6222pt too wide) in paragraph at lines 1--3
\JY2/mc/m/n/10 そ
 []


Overfull \hbox (9.6222pt too wide) in paragraph at lines 1--3
\JY2/mc/m/n/10 の
 []


Overfull \hbox (9.6222pt too wide) in paragraph at lines 1--3
\JY2/mc/m/n/10 後
 []


Overfull \hbox (9.6222pt too wide) in paragraph at lines 1--3
\JY2/mc/m/n/10 席
 []


Overfull \hbox (9.6222pt too wide) in paragraph at lines 1--3
\JY2/mc/m/n/10 割
 []


Overfull \hbox (9.6222pt too wide) in paragraph at lines 1--3
\JY2/mc/m/n/10 作
 []


Overfull \hbox (9.6222pt too wide) in paragraph at lines 1--3
\JY2/mc/m/n/10 業
 []


Overfull \hbox (9.6222pt too wide) in paragraph at lines 1--3
\JY2/mc/m/n/10 で
 []


Overfull \hbox (9.6222pt too wide) in paragraph at lines 1--3
\JY2/mc/m/n/10 割
 []


Overfull \hbox (9.6222pt too wide) in paragraph at lines 1--3
\JY2/mc/m/n/10 り
 []


Overfull \hbox (9.6222pt too wide) in paragraph at lines 1--3
\JY2/mc/m/n/10 当
 []


Overfull \hbox (9.6222pt too wide) in paragraph at lines 1--3
\JY2/mc/m/n/10 て
 []


Overfull \hbox (9.6222pt too wide) in paragraph at lines 1--3
\JY2/mc/m/n/10 ら
 []


Overfull \hbox (9.6222pt too wide) in paragraph at lines 1--3
\JY2/mc/m/n/10 れ
 []


Overfull \hbox (9.6222pt too wide) in paragraph at lines 1--3
\JY2/mc/m/n/10 た
 []


Overfull \hbox (9.6222pt too wide) in paragraph at lines 1--3
\JY2/mc/m/n/10 自
 []


Overfull \hbox (9.6222pt too wide) in paragraph at lines 1--3
\JY2/mc/m/n/10 動
 []


Overfull \hbox (9.6222pt too wide) in paragraph at lines 1--3
\JY2/mc/m/n/10 車
 []


Overfull \hbox (9.6222pt too wide) in paragraph at lines 1--3
\JY2/mc/m/n/10 に
 []


Overfull \hbox (9.6222pt too wide) in paragraph at lines 1--3
\JY2/mc/m/n/10 対
 []


Overfull \hbox (9.6222pt too wide) in paragraph at lines 1--3
\JY2/mc/m/n/10 し
 []


Overfull \hbox (9.6222pt too wide) in paragraph at lines 1--3
\JY2/mc/m/n/10 て
 []


Overfull \hbox (9.6222pt too wide) in paragraph at lines 1--3
\JY2/mc/m/n/10 向
 []


Overfull \hbox (9.6222pt too wide) in paragraph at lines 1--3
\JY2/mc/m/n/10 き
 []


Overfull \hbox (9.6222pt too wide) in paragraph at lines 1--3
\JY2/mc/m/n/10 や
 []


Overfull \hbox (9.6222pt too wide) in paragraph at lines 1--3
\JY2/mc/m/n/10 場
 []


Overfull \hbox (9.6222pt too wide) in paragraph at lines 1--3
\JY2/mc/m/n/10 所
 []


Overfull \hbox (9.6222pt too wide) in paragraph at lines 1--3
\JY2/mc/m/n/10 を
 []


Overfull \hbox (9.6222pt too wide) in paragraph at lines 1--3
\JY2/mc/m/n/10 考
 []


Overfull \hbox (9.6222pt too wide) in paragraph at lines 1--3
\JY2/mc/m/n/10 慮
 []


Overfull \hbox (9.6222pt too wide) in paragraph at lines 1--3
\JY2/mc/m/n/10 し
 []


Overfull \hbox (9.6222pt too wide) in paragraph at lines 1--3
\JY2/mc/m/n/10 て
 []


Overfull \hbox (9.6222pt too wide) in paragraph at lines 1--3
\JY2/mc/m/n/10 一
 []


Overfull \hbox (9.6222pt too wide) in paragraph at lines 1--3
\JY2/mc/m/n/10 台
 []


Overfull \hbox (9.6222pt too wide) in paragraph at lines 1--3
\JY2/mc/m/n/10 ず
 []


Overfull \hbox (9.6222pt too wide) in paragraph at lines 1--3
\JY2/mc/m/n/10 つ
 []


Overfull \hbox (9.6222pt too wide) in paragraph at lines 1--3
\JY2/mc/m/n/10 船
 []


Overfull \hbox (9.6222pt too wide) in paragraph at lines 1--3
\JY2/mc/m/n/10 内
 []


Overfull \hbox (9.6222pt too wide) in paragraph at lines 1--3
\JY2/mc/m/n/10 の
 []


Overfull \hbox (9.6222pt too wide) in paragraph at lines 1--3
\JY2/mc/m/n/10 領
 []


Overfull \hbox (9.6222pt too wide) in paragraph at lines 1--3
\JY2/mc/m/n/10 域
 []


Overfull \hbox (9.6222pt too wide) in paragraph at lines 1--3
\JY2/mc/m/n/10 に
 []


Overfull \hbox (9.6222pt too wide) in paragraph at lines 1--3
\JY2/mc/m/n/10 配
 []


Overfull \hbox (9.6222pt too wide) in paragraph at lines 1--3
\JY2/mc/m/n/10 置
 []


Overfull \hbox (9.6222pt too wide) in paragraph at lines 1--3
\JY2/mc/m/n/10 す
 []


Overfull \hbox (9.6222pt too wide) in paragraph at lines 1--3
\JY2/mc/m/n/10 る
 []


Overfull \hbox (9.6222pt too wide) in paragraph at lines 1--3
\JY2/mc/m/n/10 シ
 []


Overfull \hbox (9.6222pt too wide) in paragraph at lines 1--3
\JY2/mc/m/n/10 ミ
 []


Overfull \hbox (9.6222pt too wide) in paragraph at lines 1--3
\JY2/mc/m/n/10 ュ
 []


Overfull \hbox (18.74438pt too wide) in paragraph at lines 1--3
\JY2/mc/m/n/10 レ ー
 []


Overfull \hbox (9.6222pt too wide) in paragraph at lines 1--3
\JY2/mc/m/n/10 シ
 []


Overfull \hbox (9.6222pt too wide) in paragraph at lines 1--3
\JY2/mc/m/n/10 ョ
 []


Overfull \hbox (9.6222pt too wide) in paragraph at lines 1--3
\JY2/mc/m/n/10 ン
 []


Overfull \hbox (9.6222pt too wide) in paragraph at lines 1--3
\JY2/mc/m/n/10 と
 []


Overfull \hbox (9.6222pt too wide) in paragraph at lines 1--3
\JY2/mc/m/n/10 呼
 []


Overfull \hbox (9.6222pt too wide) in paragraph at lines 1--3
\JY2/mc/m/n/10 ば
 []


Overfull \hbox (9.6222pt too wide) in paragraph at lines 1--3
\JY2/mc/m/n/10 れ
 []


Overfull \hbox (9.6222pt too wide) in paragraph at lines 1--3
\JY2/mc/m/n/10 る
 []


Overfull \hbox (9.6222pt too wide) in paragraph at lines 1--3
\JY2/mc/m/n/10 作
 []


Overfull \hbox (9.6222pt too wide) in paragraph at lines 1--3
\JY2/mc/m/n/10 業
 []


Overfull \hbox (9.6222pt too wide) in paragraph at lines 1--3
\JY2/mc/m/n/10 を
 []


Overfull \hbox (9.6222pt too wide) in paragraph at lines 1--3
\JY2/mc/m/n/10 行
 []


Overfull \hbox (13.93329pt too wide) in paragraph at lines 1--3
\JY2/mc/m/n/10 う ．
 []


Overfull \hbox (9.6222pt too wide) in paragraph at lines 1--3
\JY2/mc/m/n/10 現
 []


Overfull \hbox (9.6222pt too wide) in paragraph at lines 1--3
\JY2/mc/m/n/10 状
 []


Overfull \hbox (9.6222pt too wide) in paragraph at lines 1--3
\JY2/mc/m/n/10 自
 []


Overfull \hbox (9.6222pt too wide) in paragraph at lines 1--3
\JY2/mc/m/n/10 動
 []


Overfull \hbox (9.6222pt too wide) in paragraph at lines 1--3
\JY2/mc/m/n/10 車
 []


Overfull \hbox (9.6222pt too wide) in paragraph at lines 1--3
\JY2/mc/m/n/10 を
 []


Overfull \hbox (9.6222pt too wide) in paragraph at lines 1--3
\JY2/mc/m/n/10 輸
 []


Overfull \hbox (9.6222pt too wide) in paragraph at lines 1--3
\JY2/mc/m/n/10 送
 []


Overfull \hbox (9.6222pt too wide) in paragraph at lines 1--3
\JY2/mc/m/n/10 す
 []


Overfull \hbox (9.6222pt too wide) in paragraph at lines 1--3
\JY2/mc/m/n/10 る
 []


Overfull \hbox (9.6222pt too wide) in paragraph at lines 1--3
\JY2/mc/m/n/10 会
 []


Overfull \hbox (9.6222pt too wide) in paragraph at lines 1--3
\JY2/mc/m/n/10 社
 []


Overfull \hbox (9.6222pt too wide) in paragraph at lines 1--3
\JY2/mc/m/n/10 は
 []


Overfull \hbox (9.6222pt too wide) in paragraph at lines 1--3
\JY2/mc/m/n/10 こ
 []


Overfull \hbox (9.6222pt too wide) in paragraph at lines 1--3
\JY2/mc/m/n/10 の
 []


Overfull \hbox (9.6222pt too wide) in paragraph at lines 1--3
\JY2/mc/m/n/10 作
 []


Overfull \hbox (9.6222pt too wide) in paragraph at lines 1--3
\JY2/mc/m/n/10 業
 []


Overfull \hbox (9.6222pt too wide) in paragraph at lines 1--3
\JY2/mc/m/n/10 を
 []


Overfull \hbox (9.6222pt too wide) in paragraph at lines 1--3
\JY2/mc/m/n/10 人
 []


Overfull \hbox (9.6222pt too wide) in paragraph at lines 1--3
\JY2/mc/m/n/10 手
 []


Overfull \hbox (9.6222pt too wide) in paragraph at lines 1--3
\JY2/mc/m/n/10 で
 []


Overfull \hbox (9.6222pt too wide) in paragraph at lines 1--3
\JY2/mc/m/n/10 行
 []


Overfull \hbox (9.6222pt too wide) in paragraph at lines 1--3
\JY2/mc/m/n/10 っ
 []


Overfull \hbox (9.6222pt too wide) in paragraph at lines 1--3
\JY2/mc/m/n/10 て
 []


Overfull \hbox (9.6222pt too wide) in paragraph at lines 1--3
\JY2/mc/m/n/10 い
 []


Overfull \hbox (9.6222pt too wide) in paragraph at lines 1--3
\JY2/mc/m/n/10 る
 []


Overfull \hbox (9.6222pt too wide) in paragraph at lines 1--3
\JY2/mc/m/n/10 が
 []


Overfull \hbox (9.6222pt too wide) in paragraph at lines 1--3
\JY2/mc/m/n/10 少
 []


Overfull \hbox (9.6222pt too wide) in paragraph at lines 1--3
\JY2/mc/m/n/10 な
 []


Overfull \hbox (9.6222pt too wide) in paragraph at lines 1--3
\JY2/mc/m/n/10 く
 []


Overfull \hbox (9.6222pt too wide) in paragraph at lines 1--3
\JY2/mc/m/n/10 と
 []


Overfull \hbox (9.6222pt too wide) in paragraph at lines 1--3
\JY2/mc/m/n/10 も
 []


Overfull \hbox (9.6222pt too wide) in paragraph at lines 1--3
\JY2/mc/m/n/10 席
 []


Overfull \hbox (9.6222pt too wide) in paragraph at lines 1--3
\JY2/mc/m/n/10 割
 []


Overfull \hbox (9.6222pt too wide) in paragraph at lines 1--3
\JY2/mc/m/n/10 作
 []


Overfull \hbox (9.6222pt too wide) in paragraph at lines 1--3
\JY2/mc/m/n/10 業
 []


Overfull \hbox (9.6222pt too wide) in paragraph at lines 1--3
\JY2/mc/m/n/10 に
 []


Overfull \hbox (5.00002pt too wide) in paragraph at lines 1--3
\OT1/cmr/m/n/10 3
 []


Overfull \hbox (9.6222pt too wide) in paragraph at lines 1--3
\JY2/mc/m/n/10 時
 []


Overfull \hbox (12.39998pt too wide) in paragraph at lines 1--3
\JY2/mc/m/n/10 間\OT1/cmr/m/n/10 ,
 []


Overfull \hbox (9.6222pt too wide) in paragraph at lines 1--3
\JY2/mc/m/n/10 シ
 []


Overfull \hbox (9.6222pt too wide) in paragraph at lines 1--3
\JY2/mc/m/n/10 ミ
 []


Overfull \hbox (9.6222pt too wide) in paragraph at lines 1--3
\JY2/mc/m/n/10 ュ
 []


Overfull \hbox (18.74438pt too wide) in paragraph at lines 1--3
\JY2/mc/m/n/10 レ ー
 []


Overfull \hbox (9.6222pt too wide) in paragraph at lines 1--3
\JY2/mc/m/n/10 シ
 []


Overfull \hbox (9.6222pt too wide) in paragraph at lines 1--3
\JY2/mc/m/n/10 ョ
 []


Overfull \hbox (9.6222pt too wide) in paragraph at lines 1--3
\JY2/mc/m/n/10 ン
 []


Overfull \hbox (9.6222pt too wide) in paragraph at lines 1--3
\JY2/mc/m/n/10 作
 []


Overfull \hbox (9.6222pt too wide) in paragraph at lines 1--3
\JY2/mc/m/n/10 業
 []


Overfull \hbox (9.6222pt too wide) in paragraph at lines 1--3
\JY2/mc/m/n/10 に
 []


Overfull \hbox (5.00002pt too wide) in paragraph at lines 1--3
\OT1/cmr/m/n/10 4
 []


Overfull \hbox (9.6222pt too wide) in paragraph at lines 1--3
\JY2/mc/m/n/10 時
 []


Overfull \hbox (9.6222pt too wide) in paragraph at lines 1--3
\JY2/mc/m/n/10 間
 []


Overfull \hbox (9.6222pt too wide) in paragraph at lines 1--3
\JY2/mc/m/n/10 か
 []


Overfull \hbox (9.6222pt too wide) in paragraph at lines 1--3
\JY2/mc/m/n/10 か
 []


Overfull \hbox (9.6222pt too wide) in paragraph at lines 1--3
\JY2/mc/m/n/10 る
 []


Overfull \hbox (9.6222pt too wide) in paragraph at lines 1--3
\JY2/mc/m/n/10 こ
 []


Overfull \hbox (9.6222pt too wide) in paragraph at lines 1--3
\JY2/mc/m/n/10 と
 []


Overfull \hbox (9.6222pt too wide) in paragraph at lines 1--3
\JY2/mc/m/n/10 か
 []


Overfull \hbox (12.39998pt too wide) in paragraph at lines 1--3
\JY2/mc/m/n/10 ら\OT1/cmr/m/n/10 ,
 []


Overfull \hbox (9.6222pt too wide) in paragraph at lines 1--3
\JY2/mc/m/n/10 多
 []


Overfull \hbox (9.6222pt too wide) in paragraph at lines 1--3
\JY2/mc/m/n/10 大
 []


Overfull \hbox (9.6222pt too wide) in paragraph at lines 1--3
\JY2/mc/m/n/10 な
 []


Overfull \hbox (9.6222pt too wide) in paragraph at lines 1--3
\JY2/mc/m/n/10 人
 []


Overfull \hbox (9.6222pt too wide) in paragraph at lines 1--3
\JY2/mc/m/n/10 件
 []


Overfull \hbox (9.6222pt too wide) in paragraph at lines 1--3
\JY2/mc/m/n/10 費
 []


Overfull \hbox (9.6222pt too wide) in paragraph at lines 1--3
\JY2/mc/m/n/10 と
 []


Overfull \hbox (9.6222pt too wide) in paragraph at lines 1--3
\JY2/mc/m/n/10 時
 []


Overfull \hbox (9.6222pt too wide) in paragraph at lines 1--3
\JY2/mc/m/n/10 間
 []


Overfull \hbox (9.6222pt too wide) in paragraph at lines 1--3
\JY2/mc/m/n/10 を
 []


Overfull \hbox (9.6222pt too wide) in paragraph at lines 1--3
\JY2/mc/m/n/10 か
 []


Overfull \hbox (9.6222pt too wide) in paragraph at lines 1--3
\JY2/mc/m/n/10 け
 []


Overfull \hbox (9.6222pt too wide) in paragraph at lines 1--3
\JY2/mc/m/n/10 る
 []


Overfull \hbox (9.6222pt too wide) in paragraph at lines 1--3
\JY2/mc/m/n/10 必
 []


Overfull \hbox (9.6222pt too wide) in paragraph at lines 1--3
\JY2/mc/m/n/10 要
 []


Overfull \hbox (9.6222pt too wide) in paragraph at lines 1--3
\JY2/mc/m/n/10 が
 []


Overfull \hbox (9.6222pt too wide) in paragraph at lines 1--3
\JY2/mc/m/n/10 あ
 []


Overfull \hbox (9.6222pt too wide) in paragraph at lines 1--3
\JY2/mc/m/n/10 り
 []


Overfull \hbox (9.6222pt too wide) in paragraph at lines 1--3
\JY2/mc/m/n/10 直
 []


Overfull \hbox (9.6222pt too wide) in paragraph at lines 1--3
\JY2/mc/m/n/10 前
 []


Overfull \hbox (9.6222pt too wide) in paragraph at lines 1--3
\JY2/mc/m/n/10 の
 []


Overfull \hbox (9.6222pt too wide) in paragraph at lines 1--3
\JY2/mc/m/n/10 追
 []


Overfull \hbox (9.6222pt too wide) in paragraph at lines 1--3
\JY2/mc/m/n/10 加
 []


Overfull \hbox (9.6222pt too wide) in paragraph at lines 1--3
\JY2/mc/m/n/10 注
 []


Overfull \hbox (9.6222pt too wide) in paragraph at lines 1--3
\JY2/mc/m/n/10 文
 []


Overfull \hbox (9.6222pt too wide) in paragraph at lines 1--3
\JY2/mc/m/n/10 等
 []


Overfull \hbox (9.6222pt too wide) in paragraph at lines 1--3
\JY2/mc/m/n/10 に
 []


Overfull \hbox (9.6222pt too wide) in paragraph at lines 1--3
\JY2/mc/m/n/10 対
 []


Overfull \hbox (9.6222pt too wide) in paragraph at lines 1--3
\JY2/mc/m/n/10 応
 []


Overfull \hbox (9.6222pt too wide) in paragraph at lines 1--3
\JY2/mc/m/n/10 が
 []


Overfull \hbox (9.6222pt too wide) in paragraph at lines 1--3
\JY2/mc/m/n/10 出
 []


Overfull \hbox (9.6222pt too wide) in paragraph at lines 1--3
\JY2/mc/m/n/10 来
 []


Overfull \hbox (9.6222pt too wide) in paragraph at lines 1--3
\JY2/mc/m/n/10 な
 []


Overfull \hbox (9.6222pt too wide) in paragraph at lines 1--3
\JY2/mc/m/n/10 い
 []


Overfull \hbox (9.6222pt too wide) in paragraph at lines 1--3
\JY2/mc/m/n/10 と
 []


Overfull \hbox (9.6222pt too wide) in paragraph at lines 1--3
\JY2/mc/m/n/10 い
 []


Overfull \hbox (9.6222pt too wide) in paragraph at lines 1--3
\JY2/mc/m/n/10 う
 []


Overfull \hbox (9.6222pt too wide) in paragraph at lines 1--3
\JY2/mc/m/n/10 問
 []


Overfull \hbox (9.6222pt too wide) in paragraph at lines 1--3
\JY2/mc/m/n/10 題
 []


Overfull \hbox (9.6222pt too wide) in paragraph at lines 1--3
\JY2/mc/m/n/10 点
 []


Overfull \hbox (9.6222pt too wide) in paragraph at lines 1--3
\JY2/mc/m/n/10 が
 []


Overfull \hbox (9.6222pt too wide) in paragraph at lines 1--3
\JY2/mc/m/n/10 あ
 []


Overfull \hbox (9.6222pt too wide) in paragraph at lines 1--3
\JY2/mc/m/n/10 る
 []


Overfull \hbox (13.76389pt too wide) in paragraph at lines 1--3
\OT1/cmr/m/n/10 [[]].
 []


Overfull \hbox (9.6222pt too wide) in paragraph at lines 1--3
\JY2/mc/m/n/10 本
 []


Overfull \hbox (9.6222pt too wide) in paragraph at lines 1--3
\JY2/mc/m/n/10 研
 []


Overfull \hbox (9.6222pt too wide) in paragraph at lines 1--3
\JY2/mc/m/n/10 究
 []


Overfull \hbox (9.6222pt too wide) in paragraph at lines 1--3
\JY2/mc/m/n/10 で
 []


Overfull \hbox (9.6222pt too wide) in paragraph at lines 1--3
\JY2/mc/m/n/10 は
 []


Overfull \hbox (9.6222pt too wide) in paragraph at lines 1--3
\JY2/mc/m/n/10 席
 []


Overfull \hbox (9.6222pt too wide) in paragraph at lines 1--3
\JY2/mc/m/n/10 割
 []


Overfull \hbox (9.6222pt too wide) in paragraph at lines 1--3
\JY2/mc/m/n/10 作
 []


Overfull \hbox (9.6222pt too wide) in paragraph at lines 1--3
\JY2/mc/m/n/10 業
 []


Overfull \hbox (9.6222pt too wide) in paragraph at lines 1--3
\JY2/mc/m/n/10 と
 []


Overfull \hbox (9.6222pt too wide) in paragraph at lines 1--3
\JY2/mc/m/n/10 シ
 []


Overfull \hbox (9.6222pt too wide) in paragraph at lines 1--3
\JY2/mc/m/n/10 ミ
 []


Overfull \hbox (9.6222pt too wide) in paragraph at lines 1--3
\JY2/mc/m/n/10 ュ
 []


Overfull \hbox (18.74438pt too wide) in paragraph at lines 1--3
\JY2/mc/m/n/10 レ ー
 []


Overfull \hbox (9.6222pt too wide) in paragraph at lines 1--3
\JY2/mc/m/n/10 シ
 []


Overfull \hbox (9.6222pt too wide) in paragraph at lines 1--3
\JY2/mc/m/n/10 ョ
 []


Overfull \hbox (9.6222pt too wide) in paragraph at lines 1--3
\JY2/mc/m/n/10 ン
 []


Overfull \hbox (9.6222pt too wide) in paragraph at lines 1--3
\JY2/mc/m/n/10 作
 []


Overfull \hbox (9.6222pt too wide) in paragraph at lines 1--3
\JY2/mc/m/n/10 業
 []


Overfull \hbox (9.6222pt too wide) in paragraph at lines 1--3
\JY2/mc/m/n/10 の
 []


Overfull \hbox (5.00002pt too wide) in paragraph at lines 1--3
\OT1/cmr/m/n/10 2
 []


Overfull \hbox (9.6222pt too wide) in paragraph at lines 1--3
\JY2/mc/m/n/10 つ
 []


Overfull \hbox (9.6222pt too wide) in paragraph at lines 1--3
\JY2/mc/m/n/10 の
 []


Overfull \hbox (9.6222pt too wide) in paragraph at lines 1--3
\JY2/mc/m/n/10 中
 []


Overfull \hbox (13.93329pt too wide) in paragraph at lines 1--3
\JY2/mc/m/n/10 で ，
 []


Overfull \hbox (9.6222pt too wide) in paragraph at lines 1--3
\JY2/mc/m/n/10 席
 []


Overfull \hbox (9.6222pt too wide) in paragraph at lines 1--3
\JY2/mc/m/n/10 割
 []


Overfull \hbox (9.6222pt too wide) in paragraph at lines 1--3
\JY2/mc/m/n/10 作
 []


Overfull \hbox (9.6222pt too wide) in paragraph at lines 1--3
\JY2/mc/m/n/10 業
 []


Overfull \hbox (9.6222pt too wide) in paragraph at lines 1--3
\JY2/mc/m/n/10 の
 []


Overfull \hbox (9.6222pt too wide) in paragraph at lines 1--3
\JY2/mc/m/n/10 自
 []


Overfull \hbox (9.6222pt too wide) in paragraph at lines 1--3
\JY2/mc/m/n/10 動
 []


Overfull \hbox (9.6222pt too wide) in paragraph at lines 1--3
\JY2/mc/m/n/10 化
 []


Overfull \hbox (9.6222pt too wide) in paragraph at lines 1--3
\JY2/mc/m/n/10 に
 []


Overfull \hbox (9.6222pt too wide) in paragraph at lines 1--3
\JY2/mc/m/n/10 対
 []


Overfull \hbox (9.6222pt too wide) in paragraph at lines 1--3
\JY2/mc/m/n/10 し
 []


Overfull \hbox (9.6222pt too wide) in paragraph at lines 1--3
\JY2/mc/m/n/10 て
 []


Overfull \hbox (9.6222pt too wide) in paragraph at lines 1--3
\JY2/mc/m/n/10 検
 []


Overfull \hbox (9.6222pt too wide) in paragraph at lines 1--3
\JY2/mc/m/n/10 証
 []


Overfull \hbox (9.6222pt too wide) in paragraph at lines 1--3
\JY2/mc/m/n/10 し
 []


Overfull \hbox (9.6222pt too wide) in paragraph at lines 1--3
\JY2/mc/m/n/10 た
 []


Overfull \hbox (9.6222pt too wide) in paragraph at lines 1--3
\JY2/mc/m/n/10 結
 []


Overfull \hbox (9.6222pt too wide) in paragraph at lines 1--3
\JY2/mc/m/n/10 果
 []


Overfull \hbox (9.6222pt too wide) in paragraph at lines 1--3
\JY2/mc/m/n/10 を
 []


Overfull \hbox (9.6222pt too wide) in paragraph at lines 1--3
\JY2/mc/m/n/10 記
 []


Overfull \hbox (12.39998pt too wide) in paragraph at lines 1--3
\JY2/mc/m/n/10 す\OT1/cmr/m/n/10 . 
 []


Underfull \vbox (badness 10000) has occurred while \output is active []



./chapter1.tex:3: LaTeX Error: The font size command \normalsize is not defined:
               there is probably something wrong with the class file.

See the LaTeX manual or LaTeX Companion for explanation.
Type  H <return>  for immediate help.
 ...                                              
                                                  
l.3 
    
Your command was ignored.
Type  I <command> <return>  to replace it with another command,
or  <return>  to continue without it.

[1]

./chapter1.tex:4: LaTeX Error: Missing \begin{document}.

See the LaTeX manual or LaTeX Companion for explanation.
Type  H <return>  for immediate help.
 ...                                              
                                                  
l.4 本
       研究で扱う席割作業の概要について述べる. 様々な...
You're in trouble here.  Try typing  <return>  to proceed.
If that doesn't work, type  X <return>  to quit.


Overfull \hbox (29.6222pt too wide) in paragraph at lines 4--5
[]\JY2/mc/m/n/10 本
 []


Overfull \hbox (9.6222pt too wide) in paragraph at lines 4--5
\JY2/mc/m/n/10 研
 []


Overfull \hbox (9.6222pt too wide) in paragraph at lines 4--5
\JY2/mc/m/n/10 究
 []


Overfull \hbox (9.6222pt too wide) in paragraph at lines 4--5
\JY2/mc/m/n/10 で
 []


Overfull \hbox (9.6222pt too wide) in paragraph at lines 4--5
\JY2/mc/m/n/10 扱
 []


Overfull \hbox (9.6222pt too wide) in paragraph at lines 4--5
\JY2/mc/m/n/10 う
 []


Overfull \hbox (9.6222pt too wide) in paragraph at lines 4--5
\JY2/mc/m/n/10 席
 []


Overfull \hbox (9.6222pt too wide) in paragraph at lines 4--5
\JY2/mc/m/n/10 割
 []


Overfull \hbox (9.6222pt too wide) in paragraph at lines 4--5
\JY2/mc/m/n/10 作
 []


Overfull \hbox (9.6222pt too wide) in paragraph at lines 4--5
\JY2/mc/m/n/10 業
 []


Overfull \hbox (9.6222pt too wide) in paragraph at lines 4--5
\JY2/mc/m/n/10 の
 []


Overfull \hbox (9.6222pt too wide) in paragraph at lines 4--5
\JY2/mc/m/n/10 概
 []


Overfull \hbox (9.6222pt too wide) in paragraph at lines 4--5
\JY2/mc/m/n/10 要
 []


Overfull \hbox (9.6222pt too wide) in paragraph at lines 4--5
\JY2/mc/m/n/10 に
 []


Overfull \hbox (9.6222pt too wide) in paragraph at lines 4--5
\JY2/mc/m/n/10 つ
 []


Overfull \hbox (9.6222pt too wide) in paragraph at lines 4--5
\JY2/mc/m/n/10 い
 []


Overfull \hbox (9.6222pt too wide) in paragraph at lines 4--5
\JY2/mc/m/n/10 て
 []


Overfull \hbox (9.6222pt too wide) in paragraph at lines 4--5
\JY2/mc/m/n/10 述
 []


Overfull \hbox (9.6222pt too wide) in paragraph at lines 4--5
\JY2/mc/m/n/10 べ
 []


Overfull \hbox (12.39998pt too wide) in paragraph at lines 4--5
\JY2/mc/m/n/10 る\OT1/cmr/m/n/10 .
 []


Overfull \hbox (18.74438pt too wide) in paragraph at lines 4--5
\JY2/mc/m/n/10 様 々
 []


Overfull \hbox (9.6222pt too wide) in paragraph at lines 4--5
\JY2/mc/m/n/10 な
 []


Overfull \hbox (9.6222pt too wide) in paragraph at lines 4--5
\JY2/mc/m/n/10 種
 []


Overfull \hbox (9.6222pt too wide) in paragraph at lines 4--5
\JY2/mc/m/n/10 類
 []


Overfull \hbox (9.6222pt too wide) in paragraph at lines 4--5
\JY2/mc/m/n/10 の
 []


Overfull \hbox (9.6222pt too wide) in paragraph at lines 4--5
\JY2/mc/m/n/10 車
 []


Overfull \hbox (9.6222pt too wide) in paragraph at lines 4--5
\JY2/mc/m/n/10 を
 []


Overfull \hbox (9.6222pt too wide) in paragraph at lines 4--5
\JY2/mc/m/n/10 港
 []


Overfull \hbox (7.50002pt too wide) in paragraph at lines 4--5
\OT1/cmr/m/n/10 A
 []


Overfull \hbox (9.6222pt too wide) in paragraph at lines 4--5
\JY2/mc/m/n/10 か
 []


Overfull \hbox (9.6222pt too wide) in paragraph at lines 4--5
\JY2/mc/m/n/10 ら
 []


Overfull \hbox (9.6222pt too wide) in paragraph at lines 4--5
\JY2/mc/m/n/10 港
 []


Overfull \hbox (7.08336pt too wide) in paragraph at lines 4--5
\OT1/cmr/m/n/10 B
 []


Overfull \hbox (9.6222pt too wide) in paragraph at lines 4--5
\JY2/mc/m/n/10 ま
 []


Overfull \hbox (9.6222pt too wide) in paragraph at lines 4--5
\JY2/mc/m/n/10 で
 []


Overfull \hbox (9.6222pt too wide) in paragraph at lines 4--5
\JY2/mc/m/n/10 輸
 []


Overfull \hbox (9.6222pt too wide) in paragraph at lines 4--5
\JY2/mc/m/n/10 送
 []


Overfull \hbox (9.6222pt too wide) in paragraph at lines 4--5
\JY2/mc/m/n/10 す
 []


Overfull \hbox (9.6222pt too wide) in paragraph at lines 4--5
\JY2/mc/m/n/10 る
 []


Overfull \hbox (9.6222pt too wide) in paragraph at lines 4--5
\JY2/mc/m/n/10 と
 []


Overfull \hbox (9.6222pt too wide) in paragraph at lines 4--5
\JY2/mc/m/n/10 い
 []


Overfull \hbox (9.6222pt too wide) in paragraph at lines 4--5
\JY2/mc/m/n/10 う
 []


Overfull \hbox (9.6222pt too wide) in paragraph at lines 4--5
\JY2/mc/m/n/10 よ
 []


Overfull \hbox (9.6222pt too wide) in paragraph at lines 4--5
\JY2/mc/m/n/10 う
 []


Overfull \hbox (9.6222pt too wide) in paragraph at lines 4--5
\JY2/mc/m/n/10 な
 []


Overfull \hbox (9.6222pt too wide) in paragraph at lines 4--5
\JY2/mc/m/n/10 積
 []


Overfull \hbox (9.6222pt too wide) in paragraph at lines 4--5
\JY2/mc/m/n/10 載
 []


Overfull \hbox (9.6222pt too wide) in paragraph at lines 4--5
\JY2/mc/m/n/10 自
 []


Overfull \hbox (9.6222pt too wide) in paragraph at lines 4--5
\JY2/mc/m/n/10 動
 []


Overfull \hbox (9.6222pt too wide) in paragraph at lines 4--5
\JY2/mc/m/n/10 車
 []


Overfull \hbox (9.6222pt too wide) in paragraph at lines 4--5
\JY2/mc/m/n/10 の
 []


Overfull \hbox (9.6222pt too wide) in paragraph at lines 4--5
\JY2/mc/m/n/10 注
 []


Overfull \hbox (9.6222pt too wide) in paragraph at lines 4--5
\JY2/mc/m/n/10 文
 []


Overfull \hbox (9.6222pt too wide) in paragraph at lines 4--5
\JY2/mc/m/n/10 リ
 []


Overfull \hbox (9.6222pt too wide) in paragraph at lines 4--5
\JY2/mc/m/n/10 ス
 []


Overfull \hbox (9.6222pt too wide) in paragraph at lines 4--5
\JY2/mc/m/n/10 ト
 []


Overfull \hbox (9.6222pt too wide) in paragraph at lines 4--5
\JY2/mc/m/n/10 を
 []


Overfull \hbox (9.6222pt too wide) in paragraph at lines 4--5
\JY2/mc/m/n/10 受
 []


Overfull \hbox (9.6222pt too wide) in paragraph at lines 4--5
\JY2/mc/m/n/10 け
 []


Overfull \hbox (9.6222pt too wide) in paragraph at lines 4--5
\JY2/mc/m/n/10 取
 []


Overfull \hbox (12.39998pt too wide) in paragraph at lines 4--5
\JY2/mc/m/n/10 る\OT1/cmr/m/n/10 .
 []


Overfull \hbox (9.6222pt too wide) in paragraph at lines 4--5
\JY2/mc/m/n/10 注
 []


Overfull \hbox (9.6222pt too wide) in paragraph at lines 4--5
\JY2/mc/m/n/10 文
 []


Overfull \hbox (9.6222pt too wide) in paragraph at lines 4--5
\JY2/mc/m/n/10 リ
 []


Overfull \hbox (9.6222pt too wide) in paragraph at lines 4--5
\JY2/mc/m/n/10 ス
 []


Overfull \hbox (9.6222pt too wide) in paragraph at lines 4--5
\JY2/mc/m/n/10 ト
 []


Overfull \hbox (9.6222pt too wide) in paragraph at lines 4--5
\JY2/mc/m/n/10 を
 []


Overfull \hbox (9.6222pt too wide) in paragraph at lines 4--5
\JY2/mc/m/n/10 受
 []


Overfull \hbox (9.6222pt too wide) in paragraph at lines 4--5
\JY2/mc/m/n/10 け
 []


Overfull \hbox (9.6222pt too wide) in paragraph at lines 4--5
\JY2/mc/m/n/10 取
 []


Overfull \hbox (9.6222pt too wide) in paragraph at lines 4--5
\JY2/mc/m/n/10 っ
 []


Overfull \hbox (9.6222pt too wide) in paragraph at lines 4--5
\JY2/mc/m/n/10 た
 []


Overfull \hbox (9.6222pt too wide) in paragraph at lines 4--5
\JY2/mc/m/n/10 プ
 []


Overfull \hbox (9.6222pt too wide) in paragraph at lines 4--5
\JY2/mc/m/n/10 ラ
 []


Overfull \hbox (9.6222pt too wide) in paragraph at lines 4--5
\JY2/mc/m/n/10 ン
 []


Overfull \hbox (18.74438pt too wide) in paragraph at lines 4--5
\JY2/mc/m/n/10 ナ ー
 []


Overfull \hbox (9.6222pt too wide) in paragraph at lines 4--5
\JY2/mc/m/n/10 と
 []


Overfull \hbox (9.6222pt too wide) in paragraph at lines 4--5
\JY2/mc/m/n/10 呼
 []


Overfull \hbox (9.6222pt too wide) in paragraph at lines 4--5
\JY2/mc/m/n/10 ば
 []


Overfull \hbox (9.6222pt too wide) in paragraph at lines 4--5
\JY2/mc/m/n/10 れ
 []


Overfull \hbox (9.6222pt too wide) in paragraph at lines 4--5
\JY2/mc/m/n/10 る
 []


Overfull \hbox (9.6222pt too wide) in paragraph at lines 4--5
\JY2/mc/m/n/10 席
 []


Overfull \hbox (9.6222pt too wide) in paragraph at lines 4--5
\JY2/mc/m/n/10 割
 []


Overfull \hbox (9.6222pt too wide) in paragraph at lines 4--5
\JY2/mc/m/n/10 を
 []


Overfull \hbox (9.6222pt too wide) in paragraph at lines 4--5
\JY2/mc/m/n/10 作
 []


Overfull \hbox (9.6222pt too wide) in paragraph at lines 4--5
\JY2/mc/m/n/10 成
 []


Overfull \hbox (9.6222pt too wide) in paragraph at lines 4--5
\JY2/mc/m/n/10 す
 []


Overfull \hbox (9.6222pt too wide) in paragraph at lines 4--5
\JY2/mc/m/n/10 る
 []


Overfull \hbox (9.6222pt too wide) in paragraph at lines 4--5
\JY2/mc/m/n/10 作
 []


Overfull \hbox (9.6222pt too wide) in paragraph at lines 4--5
\JY2/mc/m/n/10 業
 []


Overfull \hbox (9.6222pt too wide) in paragraph at lines 4--5
\JY2/mc/m/n/10 者
 []


Overfull \hbox (9.6222pt too wide) in paragraph at lines 4--5
\JY2/mc/m/n/10 は
 []


Overfull \hbox (9.6222pt too wide) in paragraph at lines 4--5
\JY2/mc/m/n/10 好
 []


Overfull \hbox (9.6222pt too wide) in paragraph at lines 4--5
\JY2/mc/m/n/10 ま
 []


Overfull \hbox (9.6222pt too wide) in paragraph at lines 4--5
\JY2/mc/m/n/10 し
 []


Overfull \hbox (9.6222pt too wide) in paragraph at lines 4--5
\JY2/mc/m/n/10 い
 []


Overfull \hbox (9.6222pt too wide) in paragraph at lines 4--5
\JY2/mc/m/n/10 席
 []


Overfull \hbox (9.6222pt too wide) in paragraph at lines 4--5
\JY2/mc/m/n/10 割
 []


Overfull \hbox (9.6222pt too wide) in paragraph at lines 4--5
\JY2/mc/m/n/10 に
 []


Overfull \hbox (9.6222pt too wide) in paragraph at lines 4--5
\JY2/mc/m/n/10 な
 []


Overfull \hbox (9.6222pt too wide) in paragraph at lines 4--5
\JY2/mc/m/n/10 る
 []


Overfull \hbox (9.6222pt too wide) in paragraph at lines 4--5
\JY2/mc/m/n/10 よ
 []


Overfull \hbox (9.6222pt too wide) in paragraph at lines 4--5
\JY2/mc/m/n/10 う
 []


Overfull \hbox (12.39998pt too wide) in paragraph at lines 4--5
\JY2/mc/m/n/10 に\OT1/cmr/m/n/10 ,
 []


Overfull \hbox (9.6222pt too wide) in paragraph at lines 4--5
\JY2/mc/m/n/10 注
 []


Overfull \hbox (9.6222pt too wide) in paragraph at lines 4--5
\JY2/mc/m/n/10 文
 []


Overfull \hbox (9.6222pt too wide) in paragraph at lines 4--5
\JY2/mc/m/n/10 の
 []


Overfull \hbox (9.6222pt too wide) in paragraph at lines 4--5
\JY2/mc/m/n/10 船
 []


Overfull \hbox (9.6222pt too wide) in paragraph at lines 4--5
\JY2/mc/m/n/10 内
 []


Overfull \hbox (9.6222pt too wide) in paragraph at lines 4--5
\JY2/mc/m/n/10 ス
 []


Overfull \hbox (18.74438pt too wide) in paragraph at lines 4--5
\JY2/mc/m/n/10 ペ ー
 []


Overfull \hbox (9.6222pt too wide) in paragraph at lines 4--5
\JY2/mc/m/n/10 ス
 []


Overfull \hbox (9.6222pt too wide) in paragraph at lines 4--5
\JY2/mc/m/n/10 へ
 []


Overfull \hbox (9.6222pt too wide) in paragraph at lines 4--5
\JY2/mc/m/n/10 の
 []


Overfull \hbox (9.6222pt too wide) in paragraph at lines 4--5
\JY2/mc/m/n/10 割
 []


Overfull \hbox (9.6222pt too wide) in paragraph at lines 4--5
\JY2/mc/m/n/10 当
 []


Overfull \hbox (9.6222pt too wide) in paragraph at lines 4--5
\JY2/mc/m/n/10 を
 []


Overfull \hbox (9.6222pt too wide) in paragraph at lines 4--5
\JY2/mc/m/n/10 考
 []


Overfull \hbox (9.6222pt too wide) in paragraph at lines 4--5
\JY2/mc/m/n/10 え
 []


Overfull \hbox (12.39998pt too wide) in paragraph at lines 4--5
\JY2/mc/m/n/10 る\OT1/cmr/m/n/10 .
 []


Overfull \hbox (9.6222pt too wide) in paragraph at lines 4--5
\JY2/mc/m/n/10 席
 []


Overfull \hbox (9.6222pt too wide) in paragraph at lines 4--5
\JY2/mc/m/n/10 割
 []


Overfull \hbox (9.6222pt too wide) in paragraph at lines 4--5
\JY2/mc/m/n/10 作
 []


Overfull \hbox (9.6222pt too wide) in paragraph at lines 4--5
\JY2/mc/m/n/10 成
 []


Overfull \hbox (9.6222pt too wide) in paragraph at lines 4--5
\JY2/mc/m/n/10 に
 []


Overfull \hbox (9.6222pt too wide) in paragraph at lines 4--5
\JY2/mc/m/n/10 お
 []


Overfull \hbox (9.6222pt too wide) in paragraph at lines 4--5
\JY2/mc/m/n/10 け
 []


Overfull \hbox (9.6222pt too wide) in paragraph at lines 4--5
\JY2/mc/m/n/10 る
 []


Overfull \hbox (9.6222pt too wide) in paragraph at lines 4--5
\JY2/mc/m/n/10 前
 []


Overfull \hbox (9.6222pt too wide) in paragraph at lines 4--5
\JY2/mc/m/n/10 提
 []


Overfull \hbox (9.6222pt too wide) in paragraph at lines 4--5
\JY2/mc/m/n/10 条
 []


Overfull \hbox (9.6222pt too wide) in paragraph at lines 4--5
\JY2/mc/m/n/10 件
 []


Overfull \hbox (9.6222pt too wide) in paragraph at lines 4--5
\JY2/mc/m/n/10 に
 []


Overfull \hbox (9.6222pt too wide) in paragraph at lines 4--5
\JY2/mc/m/n/10 つ
 []


Overfull \hbox (9.6222pt too wide) in paragraph at lines 4--5
\JY2/mc/m/n/10 い
 []


Overfull \hbox (9.6222pt too wide) in paragraph at lines 4--5
\JY2/mc/m/n/10 て
 []


Overfull \hbox (9.6222pt too wide) in paragraph at lines 4--5
\JY2/mc/m/n/10 説
 []


Overfull \hbox (9.6222pt too wide) in paragraph at lines 4--5
\JY2/mc/m/n/10 明
 []


Overfull \hbox (9.6222pt too wide) in paragraph at lines 4--5
\JY2/mc/m/n/10 す
 []


Overfull \hbox (12.39998pt too wide) in paragraph at lines 4--5
\JY2/mc/m/n/10 る\OT1/cmr/m/n/10 .
 []


Overfull \hbox (9.6222pt too wide) in paragraph at lines 4--5
\JY2/mc/m/n/10 例
 []


Overfull \hbox (9.6222pt too wide) in paragraph at lines 4--5
\JY2/mc/m/n/10 え
 []


Overfull \hbox (9.6222pt too wide) in paragraph at lines 4--5
\JY2/mc/m/n/10 ば
 []


Overfull \hbox (9.6222pt too wide) in paragraph at lines 4--5
\JY2/mc/m/n/10 船
 []


Overfull \hbox (9.6222pt too wide) in paragraph at lines 4--5
\JY2/mc/m/n/10 内
 []


Overfull \hbox (9.6222pt too wide) in paragraph at lines 4--5
\JY2/mc/m/n/10 の
 []


Overfull \hbox (9.6222pt too wide) in paragraph at lines 4--5
\JY2/mc/m/n/10 特
 []


Overfull \hbox (9.6222pt too wide) in paragraph at lines 4--5
\JY2/mc/m/n/10 定
 []


Overfull \hbox (9.6222pt too wide) in paragraph at lines 4--5
\JY2/mc/m/n/10 の
 []


Overfull \hbox (9.6222pt too wide) in paragraph at lines 4--5
\JY2/mc/m/n/10 領
 []


Overfull \hbox (9.6222pt too wide) in paragraph at lines 4--5
\JY2/mc/m/n/10 域
 []


Overfull \hbox (9.6222pt too wide) in paragraph at lines 4--5
\JY2/mc/m/n/10 に
 []


Overfull \hbox (9.6222pt too wide) in paragraph at lines 4--5
\JY2/mc/m/n/10 積
 []


Overfull \hbox (9.6222pt too wide) in paragraph at lines 4--5
\JY2/mc/m/n/10 ま
 []


Overfull \hbox (9.6222pt too wide) in paragraph at lines 4--5
\JY2/mc/m/n/10 れ
 []


Overfull \hbox (9.6222pt too wide) in paragraph at lines 4--5
\JY2/mc/m/n/10 て
 []


Overfull \hbox (9.6222pt too wide) in paragraph at lines 4--5
\JY2/mc/m/n/10 い
 []


Overfull \hbox (9.6222pt too wide) in paragraph at lines 4--5
\JY2/mc/m/n/10 る
 []


Overfull \hbox (9.6222pt too wide) in paragraph at lines 4--5
\JY2/mc/m/n/10 自
 []


Overfull \hbox (9.6222pt too wide) in paragraph at lines 4--5
\JY2/mc/m/n/10 動
 []


Overfull \hbox (9.6222pt too wide) in paragraph at lines 4--5
\JY2/mc/m/n/10 車
 []


Overfull \hbox (9.6222pt too wide) in paragraph at lines 4--5
\JY2/mc/m/n/10 よ
 []


Overfull \hbox (9.6222pt too wide) in paragraph at lines 4--5
\JY2/mc/m/n/10 り
 []


Overfull \hbox (9.6222pt too wide) in paragraph at lines 4--5
\JY2/mc/m/n/10 も
 []


Overfull \hbox (9.6222pt too wide) in paragraph at lines 4--5
\JY2/mc/m/n/10 奥
 []


Overfull \hbox (9.6222pt too wide) in paragraph at lines 4--5
\JY2/mc/m/n/10 に
 []


Overfull \hbox (9.6222pt too wide) in paragraph at lines 4--5
\JY2/mc/m/n/10 積
 []


Overfull \hbox (9.6222pt too wide) in paragraph at lines 4--5
\JY2/mc/m/n/10 ま
 []


Overfull \hbox (9.6222pt too wide) in paragraph at lines 4--5
\JY2/mc/m/n/10 れ
 []


Overfull \hbox (9.6222pt too wide) in paragraph at lines 4--5
\JY2/mc/m/n/10 て
 []


Overfull \hbox (9.6222pt too wide) in paragraph at lines 4--5
\JY2/mc/m/n/10 い
 []


Overfull \hbox (9.6222pt too wide) in paragraph at lines 4--5
\JY2/mc/m/n/10 る
 []


Overfull \hbox (9.6222pt too wide) in paragraph at lines 4--5
\JY2/mc/m/n/10 自
 []


Overfull \hbox (9.6222pt too wide) in paragraph at lines 4--5
\JY2/mc/m/n/10 動
 []


Overfull \hbox (9.6222pt too wide) in paragraph at lines 4--5
\JY2/mc/m/n/10 車
 []


Overfull \hbox (12.39998pt too wide) in paragraph at lines 4--5
\JY2/mc/m/n/10 が\OT1/cmr/m/n/10 ,
 []


Overfull \hbox (9.6222pt too wide) in paragraph at lines 4--5
\JY2/mc/m/n/10 あ
 []


Overfull \hbox (9.6222pt too wide) in paragraph at lines 4--5
\JY2/mc/m/n/10 る
 []


Overfull \hbox (9.6222pt too wide) in paragraph at lines 4--5
\JY2/mc/m/n/10 港
 []


Overfull \hbox (7.22223pt too wide) in paragraph at lines 4--5
\OT1/cmr/m/n/10 C
 []


Overfull \hbox (9.6222pt too wide) in paragraph at lines 4--5
\JY2/mc/m/n/10 で
 []


Overfull \hbox (9.6222pt too wide) in paragraph at lines 4--5
\JY2/mc/m/n/10 降
 []


Overfull \hbox (9.6222pt too wide) in paragraph at lines 4--5
\JY2/mc/m/n/10 ろ
 []


Overfull \hbox (9.6222pt too wide) in paragraph at lines 4--5
\JY2/mc/m/n/10 さ
 []


Overfull \hbox (9.6222pt too wide) in paragraph at lines 4--5
\JY2/mc/m/n/10 れ
 []


Overfull \hbox (9.6222pt too wide) in paragraph at lines 4--5
\JY2/mc/m/n/10 て
 []


Overfull \hbox (9.6222pt too wide) in paragraph at lines 4--5
\JY2/mc/m/n/10 空
 []


Overfull \hbox (9.6222pt too wide) in paragraph at lines 4--5
\JY2/mc/m/n/10 き
 []


Overfull \hbox (9.6222pt too wide) in paragraph at lines 4--5
\JY2/mc/m/n/10 ス
 []


Overfull \hbox (18.74438pt too wide) in paragraph at lines 4--5
\JY2/mc/m/n/10 ペ ー
 []


Overfull \hbox (9.6222pt too wide) in paragraph at lines 4--5
\JY2/mc/m/n/10 ス
 []


Overfull \hbox (9.6222pt too wide) in paragraph at lines 4--5
\JY2/mc/m/n/10 が
 []


Overfull \hbox (9.6222pt too wide) in paragraph at lines 4--5
\JY2/mc/m/n/10 発
 []


Overfull \hbox (9.6222pt too wide) in paragraph at lines 4--5
\JY2/mc/m/n/10 生
 []


Overfull \hbox (9.6222pt too wide) in paragraph at lines 4--5
\JY2/mc/m/n/10 し
 []


Overfull \hbox (9.6222pt too wide) in paragraph at lines 4--5
\JY2/mc/m/n/10 た
 []


Overfull \hbox (9.6222pt too wide) in paragraph at lines 4--5
\JY2/mc/m/n/10 と
 []


Overfull \hbox (9.6222pt too wide) in paragraph at lines 4--5
\JY2/mc/m/n/10 す
 []


Overfull \hbox (12.39998pt too wide) in paragraph at lines 4--5
\JY2/mc/m/n/10 る\OT1/cmr/m/n/10 .
 []


Overfull \hbox (9.6222pt too wide) in paragraph at lines 4--5
\JY2/mc/m/n/10 こ
 []


Overfull \hbox (9.6222pt too wide) in paragraph at lines 4--5
\JY2/mc/m/n/10 の
 []


Overfull \hbox (9.6222pt too wide) in paragraph at lines 4--5
\JY2/mc/m/n/10 場
 []


Overfull \hbox (9.6222pt too wide) in paragraph at lines 4--5
\JY2/mc/m/n/10 合
 []


Overfull \hbox (9.6222pt too wide) in paragraph at lines 4--5
\JY2/mc/m/n/10 に
 []


Overfull \hbox (13.93329pt too wide) in paragraph at lines 4--5
\JY2/mc/m/n/10 は ，
 []


Overfull \hbox (9.6222pt too wide) in paragraph at lines 4--5
\JY2/mc/m/n/10 次
 []


Overfull \hbox (9.6222pt too wide) in paragraph at lines 4--5
\JY2/mc/m/n/10 の
 []


Overfull \hbox (9.6222pt too wide) in paragraph at lines 4--5
\JY2/mc/m/n/10 港
 []


Overfull \hbox (7.6389pt too wide) in paragraph at lines 4--5
\OT1/cmr/m/n/10 D
 []


Overfull \hbox (9.6222pt too wide) in paragraph at lines 4--5
\JY2/mc/m/n/10 で
 []


Overfull \hbox (9.6222pt too wide) in paragraph at lines 4--5
\JY2/mc/m/n/10 積
 []


Overfull \hbox (9.6222pt too wide) in paragraph at lines 4--5
\JY2/mc/m/n/10 む
 []


Overfull \hbox (9.6222pt too wide) in paragraph at lines 4--5
\JY2/mc/m/n/10 自
 []


Overfull \hbox (9.6222pt too wide) in paragraph at lines 4--5
\JY2/mc/m/n/10 動
 []


Overfull \hbox (9.6222pt too wide) in paragraph at lines 4--5
\JY2/mc/m/n/10 車
 []


Overfull \hbox (9.6222pt too wide) in paragraph at lines 4--5
\JY2/mc/m/n/10 が
 []


Overfull \hbox (9.6222pt too wide) in paragraph at lines 4--5
\JY2/mc/m/n/10 あ
 []


Overfull \hbox (9.6222pt too wide) in paragraph at lines 4--5
\JY2/mc/m/n/10 れ
 []


Overfull \hbox (9.6222pt too wide) in paragraph at lines 4--5
\JY2/mc/m/n/10 ば
 []


Overfull \hbox (9.6222pt too wide) in paragraph at lines 4--5
\JY2/mc/m/n/10 そ
 []


Overfull \hbox (9.6222pt too wide) in paragraph at lines 4--5
\JY2/mc/m/n/10 の
 []


Overfull \hbox (9.6222pt too wide) in paragraph at lines 4--5
\JY2/mc/m/n/10 自
 []


Overfull \hbox (9.6222pt too wide) in paragraph at lines 4--5
\JY2/mc/m/n/10 動
 []


Overfull \hbox (9.6222pt too wide) in paragraph at lines 4--5
\JY2/mc/m/n/10 車
 []


Overfull \hbox (9.6222pt too wide) in paragraph at lines 4--5
\JY2/mc/m/n/10 の
 []


Overfull \hbox (9.6222pt too wide) in paragraph at lines 4--5
\JY2/mc/m/n/10 積
 []


Overfull \hbox (9.6222pt too wide) in paragraph at lines 4--5
\JY2/mc/m/n/10 み
 []


Overfull \hbox (9.6222pt too wide) in paragraph at lines 4--5
\JY2/mc/m/n/10 や
 []


Overfull \hbox (9.6222pt too wide) in paragraph at lines 4--5
\JY2/mc/m/n/10 す
 []


Overfull \hbox (9.6222pt too wide) in paragraph at lines 4--5
\JY2/mc/m/n/10 さ
 []


Overfull \hbox (9.6222pt too wide) in paragraph at lines 4--5
\JY2/mc/m/n/10 の
 []


Overfull \hbox (9.6222pt too wide) in paragraph at lines 4--5
\JY2/mc/m/n/10 た
 []


Overfull \hbox (9.6222pt too wide) in paragraph at lines 4--5
\JY2/mc/m/n/10 め
 []


Overfull \hbox (12.39998pt too wide) in paragraph at lines 4--5
\JY2/mc/m/n/10 に\OT1/cmr/m/n/10 ,
 []


Overfull \hbox (9.6222pt too wide) in paragraph at lines 4--5
\JY2/mc/m/n/10 船
 []


Overfull \hbox (9.6222pt too wide) in paragraph at lines 4--5
\JY2/mc/m/n/10 内
 []


Overfull \hbox (9.6222pt too wide) in paragraph at lines 4--5
\JY2/mc/m/n/10 に
 []


Overfull \hbox (9.6222pt too wide) in paragraph at lines 4--5
\JY2/mc/m/n/10 積
 []


Overfull \hbox (9.6222pt too wide) in paragraph at lines 4--5
\JY2/mc/m/n/10 ん
 []


Overfull \hbox (9.6222pt too wide) in paragraph at lines 4--5
\JY2/mc/m/n/10 だ
 []


Overfull \hbox (9.6222pt too wide) in paragraph at lines 4--5
\JY2/mc/m/n/10 自
 []


Overfull \hbox (9.6222pt too wide) in paragraph at lines 4--5
\JY2/mc/m/n/10 動
 []


Overfull \hbox (9.6222pt too wide) in paragraph at lines 4--5
\JY2/mc/m/n/10 車
 []


Overfull \hbox (9.6222pt too wide) in paragraph at lines 4--5
\JY2/mc/m/n/10 を
 []


Overfull \hbox (9.6222pt too wide) in paragraph at lines 4--5
\JY2/mc/m/n/10 奥
 []


Overfull \hbox (9.6222pt too wide) in paragraph at lines 4--5
\JY2/mc/m/n/10 側
 []


Overfull \hbox (9.6222pt too wide) in paragraph at lines 4--5
\JY2/mc/m/n/10 に
 []


Overfull \hbox (9.6222pt too wide) in paragraph at lines 4--5
\JY2/mc/m/n/10 詰
 []


Overfull \hbox (9.6222pt too wide) in paragraph at lines 4--5
\JY2/mc/m/n/10 め
 []


Overfull \hbox (9.6222pt too wide) in paragraph at lines 4--5
\JY2/mc/m/n/10 て
 []


Overfull \hbox (9.6222pt too wide) in paragraph at lines 4--5
\JY2/mc/m/n/10 手
 []


Overfull \hbox (9.6222pt too wide) in paragraph at lines 4--5
\JY2/mc/m/n/10 前
 []


Overfull \hbox (9.6222pt too wide) in paragraph at lines 4--5
\JY2/mc/m/n/10 の
 []


Overfull \hbox (9.6222pt too wide) in paragraph at lines 4--5
\JY2/mc/m/n/10 領
 []


Overfull \hbox (9.6222pt too wide) in paragraph at lines 4--5
\JY2/mc/m/n/10 域
 []


Overfull \hbox (9.6222pt too wide) in paragraph at lines 4--5
\JY2/mc/m/n/10 を
 []


Overfull \hbox (9.6222pt too wide) in paragraph at lines 4--5
\JY2/mc/m/n/10 確
 []


Overfull \hbox (9.6222pt too wide) in paragraph at lines 4--5
\JY2/mc/m/n/10 保
 []


Overfull \hbox (9.6222pt too wide) in paragraph at lines 4--5
\JY2/mc/m/n/10 す
 []


Overfull \hbox (9.6222pt too wide) in paragraph at lines 4--5
\JY2/mc/m/n/10 る
 []


Overfull \hbox (9.6222pt too wide) in paragraph at lines 4--5
\JY2/mc/m/n/10 と
 []


Overfull \hbox (9.6222pt too wide) in paragraph at lines 4--5
\JY2/mc/m/n/10 い
 []


Overfull \hbox (9.6222pt too wide) in paragraph at lines 4--5
\JY2/mc/m/n/10 う
 []


Overfull \hbox (9.6222pt too wide) in paragraph at lines 4--5
\JY2/mc/m/n/10 よ
 []


Overfull \hbox (9.6222pt too wide) in paragraph at lines 4--5
\JY2/mc/m/n/10 う
 []


Overfull \hbox (9.6222pt too wide) in paragraph at lines 4--5
\JY2/mc/m/n/10 な
 []


Overfull \hbox (9.6222pt too wide) in paragraph at lines 4--5
\JY2/mc/m/n/10 既
 []


Overfull \hbox (9.6222pt too wide) in paragraph at lines 4--5
\JY2/mc/m/n/10 に
 []


Overfull \hbox (9.6222pt too wide) in paragraph at lines 4--5
\JY2/mc/m/n/10 積
 []


Overfull \hbox (9.6222pt too wide) in paragraph at lines 4--5
\JY2/mc/m/n/10 ま
 []


Overfull \hbox (9.6222pt too wide) in paragraph at lines 4--5
\JY2/mc/m/n/10 れ
 []


Overfull \hbox (9.6222pt too wide) in paragraph at lines 4--5
\JY2/mc/m/n/10 た
 []


Overfull \hbox (9.6222pt too wide) in paragraph at lines 4--5
\JY2/mc/m/n/10 自
 []


Overfull \hbox (9.6222pt too wide) in paragraph at lines 4--5
\JY2/mc/m/n/10 動
 []


Overfull \hbox (9.6222pt too wide) in paragraph at lines 4--5
\JY2/mc/m/n/10 車
 []


Overfull \hbox (9.6222pt too wide) in paragraph at lines 4--5
\JY2/mc/m/n/10 の
 []


Overfull \hbox (9.6222pt too wide) in paragraph at lines 4--5
\JY2/mc/m/n/10 航
 []


Overfull \hbox (9.6222pt too wide) in paragraph at lines 4--5
\JY2/mc/m/n/10 海
 []


Overfull \hbox (9.6222pt too wide) in paragraph at lines 4--5
\JY2/mc/m/n/10 中
 []


Overfull \hbox (9.6222pt too wide) in paragraph at lines 4--5
\JY2/mc/m/n/10 の
 []


Overfull \hbox (9.6222pt too wide) in paragraph at lines 4--5
\JY2/mc/m/n/10 移
 []


Overfull \hbox (9.6222pt too wide) in paragraph at lines 4--5
\JY2/mc/m/n/10 動
 []


Overfull \hbox (9.6222pt too wide) in paragraph at lines 4--5
\JY2/mc/m/n/10 は
 []


Overfull \hbox (9.6222pt too wide) in paragraph at lines 4--5
\JY2/mc/m/n/10 原
 []


Overfull \hbox (9.6222pt too wide) in paragraph at lines 4--5
\JY2/mc/m/n/10 則
 []


Overfull \hbox (9.6222pt too wide) in paragraph at lines 4--5
\JY2/mc/m/n/10 し
 []


Overfull \hbox (9.6222pt too wide) in paragraph at lines 4--5
\JY2/mc/m/n/10 な
 []


Overfull \hbox (12.39998pt too wide) in paragraph at lines 4--5
\JY2/mc/m/n/10 い\OT1/cmr/m/n/10 .
 []


Overfull \hbox (9.6222pt too wide) in paragraph at lines 4--5
\JY2/mc/m/n/10 ま
 []


Overfull \hbox (9.6222pt too wide) in paragraph at lines 4--5
\JY2/mc/m/n/10 た
 []


Overfull \hbox (9.6222pt too wide) in paragraph at lines 4--5
\JY2/mc/m/n/10 自
 []


Overfull \hbox (9.6222pt too wide) in paragraph at lines 4--5
\JY2/mc/m/n/10 動
 []


Overfull \hbox (9.6222pt too wide) in paragraph at lines 4--5
\JY2/mc/m/n/10 車
 []


Overfull \hbox (9.6222pt too wide) in paragraph at lines 4--5
\JY2/mc/m/n/10 は
 []


Overfull \hbox (9.6222pt too wide) in paragraph at lines 4--5
\JY2/mc/m/n/10 全
 []


Overfull \hbox (9.6222pt too wide) in paragraph at lines 4--5
\JY2/mc/m/n/10 て
 []


Overfull \hbox (9.6222pt too wide) in paragraph at lines 4--5
\JY2/mc/m/n/10 の
 []


Overfull \hbox (18.74438pt too wide) in paragraph at lines 4--5
\JY2/mc/m/n/10 ホ ー
 []


Overfull \hbox (9.6222pt too wide) in paragraph at lines 4--5
\JY2/mc/m/n/10 ル
 []


Overfull \hbox (9.6222pt too wide) in paragraph at lines 4--5
\JY2/mc/m/n/10 ド
 []


Overfull \hbox (9.6222pt too wide) in paragraph at lines 4--5
\JY2/mc/m/n/10 に
 []


Overfull \hbox (9.6222pt too wide) in paragraph at lines 4--5
\JY2/mc/m/n/10 容
 []


Overfull \hbox (9.6222pt too wide) in paragraph at lines 4--5
\JY2/mc/m/n/10 易
 []


Overfull \hbox (9.6222pt too wide) in paragraph at lines 4--5
\JY2/mc/m/n/10 に
 []


Overfull \hbox (9.6222pt too wide) in paragraph at lines 4--5
\JY2/mc/m/n/10 ア
 []


Overfull \hbox (9.6222pt too wide) in paragraph at lines 4--5
\JY2/mc/m/n/10 ク
 []


Overfull \hbox (9.6222pt too wide) in paragraph at lines 4--5
\JY2/mc/m/n/10 セ
 []


Overfull \hbox (9.6222pt too wide) in paragraph at lines 4--5
\JY2/mc/m/n/10 ス
 []


Overfull \hbox (9.6222pt too wide) in paragraph at lines 4--5
\JY2/mc/m/n/10 す
 []


Overfull \hbox (9.6222pt too wide) in paragraph at lines 4--5
\JY2/mc/m/n/10 る
 []


Overfull \hbox (9.6222pt too wide) in paragraph at lines 4--5
\JY2/mc/m/n/10 こ
 []


Overfull \hbox (9.6222pt too wide) in paragraph at lines 4--5
\JY2/mc/m/n/10 と
 []


Overfull \hbox (9.6222pt too wide) in paragraph at lines 4--5
\JY2/mc/m/n/10 は
 []


Overfull \hbox (9.6222pt too wide) in paragraph at lines 4--5
\JY2/mc/m/n/10 出
 []


Overfull \hbox (9.6222pt too wide) in paragraph at lines 4--5
\JY2/mc/m/n/10 来
 []


Overfull \hbox (9.6222pt too wide) in paragraph at lines 4--5
\JY2/mc/m/n/10 な
 []


Overfull \hbox (12.39998pt too wide) in paragraph at lines 4--5
\JY2/mc/m/n/10 い\OT1/cmr/m/n/10 .
 []


Overfull \hbox (9.6222pt too wide) in paragraph at lines 4--5
\JY2/mc/m/n/10 例
 []


Overfull \hbox (9.6222pt too wide) in paragraph at lines 4--5
\JY2/mc/m/n/10 え
 []


Overfull \hbox (9.6222pt too wide) in paragraph at lines 4--5
\JY2/mc/m/n/10 ば
 []


Overfull \hbox (9.6222pt too wide) in paragraph at lines 4--5
\JY2/mc/m/n/10 本
 []


Overfull \hbox (9.6222pt too wide) in paragraph at lines 4--5
\JY2/mc/m/n/10 稿
 []


Overfull \hbox (9.6222pt too wide) in paragraph at lines 4--5
\JY2/mc/m/n/10 の
 []


Overfull \hbox (9.6222pt too wide) in paragraph at lines 4--5
\JY2/mc/m/n/10 実
 []


Overfull \hbox (9.6222pt too wide) in paragraph at lines 4--5
\JY2/mc/m/n/10 験
 []


Overfull \hbox (9.6222pt too wide) in paragraph at lines 4--5
\JY2/mc/m/n/10 で
 []


Overfull \hbox (9.6222pt too wide) in paragraph at lines 4--5
\JY2/mc/m/n/10 扱
 []


Overfull \hbox (9.6222pt too wide) in paragraph at lines 4--5
\JY2/mc/m/n/10 う
 []


Overfull \hbox (9.6222pt too wide) in paragraph at lines 4--5
\JY2/mc/m/n/10 自
 []


Overfull \hbox (9.6222pt too wide) in paragraph at lines 4--5
\JY2/mc/m/n/10 動
 []


Overfull \hbox (9.6222pt too wide) in paragraph at lines 4--5
\JY2/mc/m/n/10 車
 []


Overfull \hbox (9.6222pt too wide) in paragraph at lines 4--5
\JY2/mc/m/n/10 運
 []


Overfull \hbox (9.6222pt too wide) in paragraph at lines 4--5
\JY2/mc/m/n/10 搬
 []


Overfull \hbox (9.6222pt too wide) in paragraph at lines 4--5
\JY2/mc/m/n/10 船
 []


Overfull \hbox (9.6222pt too wide) in paragraph at lines 4--5
\JY2/mc/m/n/10 は
 []


Overfull \hbox (10.00003pt too wide) in paragraph at lines 4--5
\OT1/cmr/m/n/10 12
 []


Overfull \hbox (9.6222pt too wide) in paragraph at lines 4--5
\JY2/mc/m/n/10 階
 []


Overfull \hbox (9.6222pt too wide) in paragraph at lines 4--5
\JY2/mc/m/n/10 構
 []


Overfull \hbox (9.6222pt too wide) in paragraph at lines 4--5
\JY2/mc/m/n/10 造
 []


Overfull \hbox (9.6222pt too wide) in paragraph at lines 4--5
\JY2/mc/m/n/10 の
 []


Overfull \hbox (9.6222pt too wide) in paragraph at lines 4--5
\JY2/mc/m/n/10 内
 []


Overfull \hbox (5.00002pt too wide) in paragraph at lines 4--5
\OT1/cmr/m/n/10 5
 []


Overfull \hbox (9.6222pt too wide) in paragraph at lines 4--5
\JY2/mc/m/n/10 階
 []


Overfull \hbox (9.6222pt too wide) in paragraph at lines 4--5
\JY2/mc/m/n/10 の
 []


Overfull \hbox (9.6222pt too wide) in paragraph at lines 4--5
\JY2/mc/m/n/10 み
 []


Overfull \hbox (9.6222pt too wide) in paragraph at lines 4--5
\JY2/mc/m/n/10 に
 []


Overfull \hbox (9.6222pt too wide) in paragraph at lines 4--5
\JY2/mc/m/n/10 外
 []


Overfull \hbox (9.6222pt too wide) in paragraph at lines 4--5
\JY2/mc/m/n/10 部
 []


Overfull \hbox (9.6222pt too wide) in paragraph at lines 4--5
\JY2/mc/m/n/10 か
 []


Overfull \hbox (9.6222pt too wide) in paragraph at lines 4--5
\JY2/mc/m/n/10 ら
 []


Overfull \hbox (9.6222pt too wide) in paragraph at lines 4--5
\JY2/mc/m/n/10 自
 []


Overfull \hbox (9.6222pt too wide) in paragraph at lines 4--5
\JY2/mc/m/n/10 動
 []


Overfull \hbox (9.6222pt too wide) in paragraph at lines 4--5
\JY2/mc/m/n/10 車
 []


Overfull \hbox (9.6222pt too wide) in paragraph at lines 4--5
\JY2/mc/m/n/10 を
 []


Overfull \hbox (9.6222pt too wide) in paragraph at lines 4--5
\JY2/mc/m/n/10 入
 []


Overfull \hbox (9.6222pt too wide) in paragraph at lines 4--5
\JY2/mc/m/n/10 れ
 []


Overfull \hbox (9.6222pt too wide) in paragraph at lines 4--5
\JY2/mc/m/n/10 る
 []


Overfull \hbox (9.6222pt too wide) in paragraph at lines 4--5
\JY2/mc/m/n/10 ス
 []


Overfull \hbox (18.74438pt too wide) in paragraph at lines 4--5
\JY2/mc/m/n/10 ロ ー
 []


Overfull \hbox (9.6222pt too wide) in paragraph at lines 4--5
\JY2/mc/m/n/10 プ
 []


Overfull \hbox (9.6222pt too wide) in paragraph at lines 4--5
\JY2/mc/m/n/10 が
 []


Overfull \hbox (9.6222pt too wide) in paragraph at lines 4--5
\JY2/mc/m/n/10 あ
 []


Overfull \hbox (12.39998pt too wide) in paragraph at lines 4--5
\JY2/mc/m/n/10 り\OT1/cmr/m/n/10 ,
 []


Overfull \hbox (9.6222pt too wide) in paragraph at lines 4--5
\JY2/mc/m/n/10 船
 []


Overfull \hbox (9.6222pt too wide) in paragraph at lines 4--5
\JY2/mc/m/n/10 内
 []


Overfull \hbox (9.6222pt too wide) in paragraph at lines 4--5
\JY2/mc/m/n/10 の
 []


Overfull \hbox (9.6222pt too wide) in paragraph at lines 4--5
\JY2/mc/m/n/10 奥
 []


Overfull \hbox (9.6222pt too wide) in paragraph at lines 4--5
\JY2/mc/m/n/10 側
 []


Overfull \hbox (18.74438pt too wide) in paragraph at lines 4--5
\JY2/mc/m/n/10 ホ ー
 []


Overfull \hbox (9.6222pt too wide) in paragraph at lines 4--5
\JY2/mc/m/n/10 ル
 []


Overfull \hbox (9.6222pt too wide) in paragraph at lines 4--5
\JY2/mc/m/n/10 ド
 []


Overfull \hbox (9.6222pt too wide) in paragraph at lines 4--5
\JY2/mc/m/n/10 に
 []


Overfull \hbox (9.6222pt too wide) in paragraph at lines 4--5
\JY2/mc/m/n/10 ア
 []


Overfull \hbox (9.6222pt too wide) in paragraph at lines 4--5
\JY2/mc/m/n/10 ク
 []


Overfull \hbox (9.6222pt too wide) in paragraph at lines 4--5
\JY2/mc/m/n/10 セ
 []


Overfull \hbox (9.6222pt too wide) in paragraph at lines 4--5
\JY2/mc/m/n/10 ス
 []


Overfull \hbox (9.6222pt too wide) in paragraph at lines 4--5
\JY2/mc/m/n/10 し
 []


Overfull \hbox (9.6222pt too wide) in paragraph at lines 4--5
\JY2/mc/m/n/10 た
 []


Overfull \hbox (9.6222pt too wide) in paragraph at lines 4--5
\JY2/mc/m/n/10 い
 []


Overfull \hbox (9.6222pt too wide) in paragraph at lines 4--5
\JY2/mc/m/n/10 場
 []


Overfull \hbox (9.6222pt too wide) in paragraph at lines 4--5
\JY2/mc/m/n/10 合
 []


Overfull \hbox (9.6222pt too wide) in paragraph at lines 4--5
\JY2/mc/m/n/10 は
 []


Overfull \hbox (9.6222pt too wide) in paragraph at lines 4--5
\JY2/mc/m/n/10 そ
 []


Overfull \hbox (9.6222pt too wide) in paragraph at lines 4--5
\JY2/mc/m/n/10 の
 []


Overfull \hbox (18.74438pt too wide) in paragraph at lines 4--5
\JY2/mc/m/n/10 ホ ー
 []


Overfull \hbox (9.6222pt too wide) in paragraph at lines 4--5
\JY2/mc/m/n/10 ル
 []


Overfull \hbox (9.6222pt too wide) in paragraph at lines 4--5
\JY2/mc/m/n/10 ド
 []


Overfull \hbox (9.6222pt too wide) in paragraph at lines 4--5
\JY2/mc/m/n/10 に
 []


Overfull \hbox (9.6222pt too wide) in paragraph at lines 4--5
\JY2/mc/m/n/10 ア
 []


Overfull \hbox (9.6222pt too wide) in paragraph at lines 4--5
\JY2/mc/m/n/10 ク
 []


Overfull \hbox (9.6222pt too wide) in paragraph at lines 4--5
\JY2/mc/m/n/10 セ
 []


Overfull \hbox (9.6222pt too wide) in paragraph at lines 4--5
\JY2/mc/m/n/10 ス
 []


Overfull \hbox (9.6222pt too wide) in paragraph at lines 4--5
\JY2/mc/m/n/10 す
 []


Overfull \hbox (9.6222pt too wide) in paragraph at lines 4--5
\JY2/mc/m/n/10 る
 []


Overfull \hbox (9.6222pt too wide) in paragraph at lines 4--5
\JY2/mc/m/n/10 際
 []


Overfull \hbox (9.6222pt too wide) in paragraph at lines 4--5
\JY2/mc/m/n/10 に
 []


Overfull \hbox (9.6222pt too wide) in paragraph at lines 4--5
\JY2/mc/m/n/10 通
 []


Overfull \hbox (9.6222pt too wide) in paragraph at lines 4--5
\JY2/mc/m/n/10 過
 []


Overfull \hbox (9.6222pt too wide) in paragraph at lines 4--5
\JY2/mc/m/n/10 す
 []


Overfull \hbox (9.6222pt too wide) in paragraph at lines 4--5
\JY2/mc/m/n/10 る
 []


Overfull \hbox (18.74438pt too wide) in paragraph at lines 4--5
\JY2/mc/m/n/10 ホ ー
 []


Overfull \hbox (9.6222pt too wide) in paragraph at lines 4--5
\JY2/mc/m/n/10 ル
 []


Overfull \hbox (9.6222pt too wide) in paragraph at lines 4--5
\JY2/mc/m/n/10 ド
 []


Overfull \hbox (9.6222pt too wide) in paragraph at lines 4--5
\JY2/mc/m/n/10 に
 []


Overfull \hbox (9.6222pt too wide) in paragraph at lines 4--5
\JY2/mc/m/n/10 十
 []


Overfull \hbox (9.6222pt too wide) in paragraph at lines 4--5
\JY2/mc/m/n/10 分
 []


Overfull \hbox (9.6222pt too wide) in paragraph at lines 4--5
\JY2/mc/m/n/10 な
 []


Overfull \hbox (9.6222pt too wide) in paragraph at lines 4--5
\JY2/mc/m/n/10 空
 []


Overfull \hbox (9.6222pt too wide) in paragraph at lines 4--5
\JY2/mc/m/n/10 き
 []


Overfull \hbox (9.6222pt too wide) in paragraph at lines 4--5
\JY2/mc/m/n/10 ス
 []


Overfull \hbox (18.74438pt too wide) in paragraph at lines 4--5
\JY2/mc/m/n/10 ペ ー
 []


Overfull \hbox (9.6222pt too wide) in paragraph at lines 4--5
\JY2/mc/m/n/10 ス
 []


Overfull \hbox (9.6222pt too wide) in paragraph at lines 4--5
\JY2/mc/m/n/10 が
 []


Overfull \hbox (9.6222pt too wide) in paragraph at lines 4--5
\JY2/mc/m/n/10 な
 []


Overfull \hbox (9.6222pt too wide) in paragraph at lines 4--5
\JY2/mc/m/n/10 い
 []


Overfull \hbox (9.6222pt too wide) in paragraph at lines 4--5
\JY2/mc/m/n/10 と
 []


Overfull \hbox (9.6222pt too wide) in paragraph at lines 4--5
\JY2/mc/m/n/10 ア
 []


Overfull \hbox (9.6222pt too wide) in paragraph at lines 4--5
\JY2/mc/m/n/10 ク
 []


Overfull \hbox (9.6222pt too wide) in paragraph at lines 4--5
\JY2/mc/m/n/10 セ
 []


Overfull \hbox (9.6222pt too wide) in paragraph at lines 4--5
\JY2/mc/m/n/10 ス
 []


Overfull \hbox (9.6222pt too wide) in paragraph at lines 4--5
\JY2/mc/m/n/10 す
 []


Overfull \hbox (9.6222pt too wide) in paragraph at lines 4--5
\JY2/mc/m/n/10 る
 []


Overfull \hbox (9.6222pt too wide) in paragraph at lines 4--5
\JY2/mc/m/n/10 こ
 []


Overfull \hbox (9.6222pt too wide) in paragraph at lines 4--5
\JY2/mc/m/n/10 と
 []


Overfull \hbox (9.6222pt too wide) in paragraph at lines 4--5
\JY2/mc/m/n/10 が
 []


Overfull \hbox (9.6222pt too wide) in paragraph at lines 4--5
\JY2/mc/m/n/10 出
 []


Overfull \hbox (9.6222pt too wide) in paragraph at lines 4--5
\JY2/mc/m/n/10 来
 []


Overfull \hbox (9.6222pt too wide) in paragraph at lines 4--5
\JY2/mc/m/n/10 な
 []


Overfull \hbox (12.39998pt too wide) in paragraph at lines 4--5
\JY2/mc/m/n/10 い\OT1/cmr/m/n/10 . 
 []


./chapter1.tex:6: LaTeX Error: Missing \begin{document}.

See the LaTeX manual or LaTeX Companion for explanation.
Type  H <return>  for immediate help.
 ...                                              
                                                  
l.6 本
       稿では第2章で席割問題に対する詳細な問題設定や, ...
You're in trouble here.  Try typing  <return>  to proceed.
If that doesn't work, type  X <return>  to quit.

)
! Emergency stop.
<*> chapter1.tex
                
*** (job aborted, no legal \end found)

 
Here is how much of TeX's memory you used:
 10 strings out of 492752
 118 string characters out of 6140168
 81520 words of memory out of 5000000
 4560 multiletter control sequences out of 15000+600000
 6589 words of font info for 33 fonts, out of 8000000 for 9000
 929 hyphenation exceptions out of 8191
 23i,4n,23p,1347b,95s stack positions out of 5000i,500n,10000p,200000b,80000s
Output written on chapter1.dvi (1 page, 868 bytes).
