This is e-upTeX, Version 3.14159265-p3.8.2-u1.25-190131-2.6 (utf8.uptex) (TeX Live 2019) (preloaded format=uplatex 2019.11.6)  23 NOV 2021 14:18
entering extended mode
 restricted \write18 enabled.
 file:line:error style messages enabled.
 %&-line parsing enabled.
**tekiyou.tex
(./tekiyou.tex
pLaTeX2e <2019-10-01u02>+1 (based on LaTeX2e <2019-10-01> patch level 1)

./tekiyou.tex:1: LaTeX Error: Missing \begin{document}.

See the LaTeX manual or LaTeX Companion for explanation.
Type  H <return>  for immediate help.
 ...                                              
                                                  
l.1 \begin{center}
                  
You're in trouble here.  Try typing  <return>  to proceed.
If that doesn't work, type  X <return>  to quit.


Overfull \hbox (20.0pt too wide) in paragraph at lines 1--1
[] 
 []

./tekiyou.tex:2: Undefined control sequence.
l.2 {\LARGE
            自動車運搬船における \\ 貨物積載プランニング...
The control sequence at the end of the top line
of your error message was never \def'ed. If you have
misspelled it (e.g., `\hobx'), type `I' and the correct
spelling (e.g., `I\hbox'). Otherwise just continue,
and I'll forget about whatever was undefined.


Overfull \hbox (9.6222pt too wide) in paragraph at lines 2--2
 \JY2/mc/m/n/10 自 
 []


Overfull \hbox (9.6222pt too wide) in paragraph at lines 2--2
 \JY2/mc/m/n/10 動 
 []


Overfull \hbox (9.6222pt too wide) in paragraph at lines 2--2
 \JY2/mc/m/n/10 車 
 []


Overfull \hbox (9.6222pt too wide) in paragraph at lines 2--2
 \JY2/mc/m/n/10 運 
 []


Overfull \hbox (9.6222pt too wide) in paragraph at lines 2--2
 \JY2/mc/m/n/10 搬 
 []


Overfull \hbox (9.6222pt too wide) in paragraph at lines 2--2
 \JY2/mc/m/n/10 船 
 []


Overfull \hbox (9.6222pt too wide) in paragraph at lines 2--2
 \JY2/mc/m/n/10 に 
 []


Overfull \hbox (9.6222pt too wide) in paragraph at lines 2--2
 \JY2/mc/m/n/10 お 
 []


Overfull \hbox (9.6222pt too wide) in paragraph at lines 2--2
 \JY2/mc/m/n/10 け 
 []


Overfull \hbox (9.6222pt too wide) in paragraph at lines 2--2
 \JY2/mc/m/n/10 る 
 []


Overfull \hbox (9.6222pt too wide) in paragraph at lines 2--2
 []\JY2/mc/m/n/10 貨 
 []


Overfull \hbox (9.6222pt too wide) in paragraph at lines 2--2
 \JY2/mc/m/n/10 物 
 []


Overfull \hbox (9.6222pt too wide) in paragraph at lines 2--2
 \JY2/mc/m/n/10 積 
 []


Overfull \hbox (9.6222pt too wide) in paragraph at lines 2--2
 \JY2/mc/m/n/10 載 
 []


Overfull \hbox (9.6222pt too wide) in paragraph at lines 2--2
 \JY2/mc/m/n/10 プ 
 []


Overfull \hbox (9.6222pt too wide) in paragraph at lines 2--2
 \JY2/mc/m/n/10 ラ 
 []


Overfull \hbox (9.6222pt too wide) in paragraph at lines 2--2
 \JY2/mc/m/n/10 ン 
 []


Overfull \hbox (9.6222pt too wide) in paragraph at lines 2--2
 \JY2/mc/m/n/10 ニ 
 []


Overfull \hbox (9.6222pt too wide) in paragraph at lines 2--2
 \JY2/mc/m/n/10 ン 
 []


Overfull \hbox (9.6222pt too wide) in paragraph at lines 2--2
 \JY2/mc/m/n/10 グ 
 []


Overfull \hbox (9.6222pt too wide) in paragraph at lines 2--2
 \JY2/mc/m/n/10 の 
 []


Overfull \hbox (9.6222pt too wide) in paragraph at lines 2--2
 \JY2/mc/m/n/10 席 
 []


Overfull \hbox (9.6222pt too wide) in paragraph at lines 2--2
 \JY2/mc/m/n/10 割 
 []


Overfull \hbox (9.6222pt too wide) in paragraph at lines 2--2
 \JY2/mc/m/n/10 問 
 []


Overfull \hbox (9.6222pt too wide) in paragraph at lines 2--2
 \JY2/mc/m/n/10 題 
 []

./tekiyou.tex:5: Undefined control sequence.
l.5 {\large
            252001054\qquad 竹田　陽}\\[0.5cm]
The control sequence at the end of the top line
of your error message was never \def'ed. If you have
misspelled it (e.g., `\hobx'), type `I' and the correct
spelling (e.g., `I\hbox'). Otherwise just continue,
and I'll forget about whatever was undefined.


Overfull \hbox (45.00014pt too wide) in paragraph at lines 4--6
 \OT1/cmr/m/n/10 252001054
 []


Overfull \hbox (9.6222pt too wide) in paragraph at lines 4--6
\JY2/mc/m/n/10 竹
 []


Overfull \hbox (9.6222pt too wide) in paragraph at lines 4--6
\JY2/mc/m/n/10 田
 []


Overfull \hbox (9.6222pt too wide) in paragraph at lines 4--6
\JY2/mc/m/n/10 　
 []


Overfull \hbox (9.6222pt too wide) in paragraph at lines 4--6
\JY2/mc/m/n/10 陽 
 []

./tekiyou.tex:7: Undefined control sequence.
l.7 {\Large
            \bf 概 要}\\
The control sequence at the end of the top line
of your error message was never \def'ed. If you have
misspelled it (e.g., `\hobx'), type `I' and the correct
spelling (e.g., `I\hbox'). Otherwise just continue,
and I'll forget about whatever was undefined.

./tekiyou.tex:7: Undefined control sequence.
l.7 {\Large \bf
                概 要}\\
The control sequence at the end of the top line
of your error message was never \def'ed. If you have
misspelled it (e.g., `\hobx'), type `I' and the correct
spelling (e.g., `I\hbox'). Otherwise just continue,
and I'll forget about whatever was undefined.


Overfull \hbox (9.6222pt too wide) in paragraph at lines 7--7
 \JY2/mc/m/n/10 概 
 []


Overfull \hbox (9.6222pt too wide) in paragraph at lines 7--7
 \JY2/mc/m/n/10 要 
 []


Overfull \hbox (29.6222pt too wide) in paragraph at lines 10--11
[]\JY2/mc/m/n/10 あ
 []


Overfull \hbox (9.6222pt too wide) in paragraph at lines 10--11
\JY2/mc/m/n/10 る
 []


Overfull \hbox (9.6222pt too wide) in paragraph at lines 10--11
\JY2/mc/m/n/10 港
 []


Overfull \hbox (9.6222pt too wide) in paragraph at lines 10--11
\JY2/mc/m/n/10 か
 []


Overfull \hbox (9.6222pt too wide) in paragraph at lines 10--11
\JY2/mc/m/n/10 ら
 []


Overfull \hbox (9.6222pt too wide) in paragraph at lines 10--11
\JY2/mc/m/n/10 複
 []


Overfull \hbox (9.6222pt too wide) in paragraph at lines 10--11
\JY2/mc/m/n/10 数
 []


Overfull \hbox (9.6222pt too wide) in paragraph at lines 10--11
\JY2/mc/m/n/10 の
 []


Overfull \hbox (9.6222pt too wide) in paragraph at lines 10--11
\JY2/mc/m/n/10 港
 []


Overfull \hbox (9.6222pt too wide) in paragraph at lines 10--11
\JY2/mc/m/n/10 を
 []


Overfull \hbox (9.6222pt too wide) in paragraph at lines 10--11
\JY2/mc/m/n/10 経
 []


Overfull \hbox (9.6222pt too wide) in paragraph at lines 10--11
\JY2/mc/m/n/10 由
 []


Overfull \hbox (9.6222pt too wide) in paragraph at lines 10--11
\JY2/mc/m/n/10 し
 []


Overfull \hbox (9.6222pt too wide) in paragraph at lines 10--11
\JY2/mc/m/n/10 て
 []


Overfull \hbox (9.6222pt too wide) in paragraph at lines 10--11
\JY2/mc/m/n/10 自
 []


Overfull \hbox (9.6222pt too wide) in paragraph at lines 10--11
\JY2/mc/m/n/10 動
 []


Overfull \hbox (9.6222pt too wide) in paragraph at lines 10--11
\JY2/mc/m/n/10 車
 []


Overfull \hbox (9.6222pt too wide) in paragraph at lines 10--11
\JY2/mc/m/n/10 を
 []


Overfull \hbox (9.6222pt too wide) in paragraph at lines 10--11
\JY2/mc/m/n/10 積
 []


Overfull \hbox (12.39998pt too wide) in paragraph at lines 10--11
\JY2/mc/m/n/10 み\OT1/cmr/m/n/10 ,
 []


Overfull \hbox (9.6222pt too wide) in paragraph at lines 10--11
\JY2/mc/m/n/10 複
 []


Overfull \hbox (9.6222pt too wide) in paragraph at lines 10--11
\JY2/mc/m/n/10 数
 []


Overfull \hbox (9.6222pt too wide) in paragraph at lines 10--11
\JY2/mc/m/n/10 の
 []


Overfull \hbox (9.6222pt too wide) in paragraph at lines 10--11
\JY2/mc/m/n/10 港
 []


Overfull \hbox (9.6222pt too wide) in paragraph at lines 10--11
\JY2/mc/m/n/10 で
 []


Overfull \hbox (9.6222pt too wide) in paragraph at lines 10--11
\JY2/mc/m/n/10 自
 []


Overfull \hbox (9.6222pt too wide) in paragraph at lines 10--11
\JY2/mc/m/n/10 動
 []


Overfull \hbox (9.6222pt too wide) in paragraph at lines 10--11
\JY2/mc/m/n/10 車
 []


Overfull \hbox (9.6222pt too wide) in paragraph at lines 10--11
\JY2/mc/m/n/10 を
 []


Overfull \hbox (9.6222pt too wide) in paragraph at lines 10--11
\JY2/mc/m/n/10 降
 []


Overfull \hbox (9.6222pt too wide) in paragraph at lines 10--11
\JY2/mc/m/n/10 ろ
 []


Overfull \hbox (9.6222pt too wide) in paragraph at lines 10--11
\JY2/mc/m/n/10 す
 []


Overfull \hbox (9.6222pt too wide) in paragraph at lines 10--11
\JY2/mc/m/n/10 自
 []


Overfull \hbox (9.6222pt too wide) in paragraph at lines 10--11
\JY2/mc/m/n/10 動
 []


Overfull \hbox (9.6222pt too wide) in paragraph at lines 10--11
\JY2/mc/m/n/10 車
 []


Overfull \hbox (9.6222pt too wide) in paragraph at lines 10--11
\JY2/mc/m/n/10 運
 []


Overfull \hbox (9.6222pt too wide) in paragraph at lines 10--11
\JY2/mc/m/n/10 搬
 []


Overfull \hbox (9.6222pt too wide) in paragraph at lines 10--11
\JY2/mc/m/n/10 船
 []


Overfull \hbox (9.6222pt too wide) in paragraph at lines 10--11
\JY2/mc/m/n/10 に
 []


Overfull \hbox (9.6222pt too wide) in paragraph at lines 10--11
\JY2/mc/m/n/10 お
 []


Overfull \hbox (9.6222pt too wide) in paragraph at lines 10--11
\JY2/mc/m/n/10 け
 []


Overfull \hbox (9.6222pt too wide) in paragraph at lines 10--11
\JY2/mc/m/n/10 る
 []


Overfull \hbox (9.6222pt too wide) in paragraph at lines 10--11
\JY2/mc/m/n/10 貨
 []


Overfull \hbox (9.6222pt too wide) in paragraph at lines 10--11
\JY2/mc/m/n/10 物
 []


Overfull \hbox (9.6222pt too wide) in paragraph at lines 10--11
\JY2/mc/m/n/10 積
 []


Overfull \hbox (9.6222pt too wide) in paragraph at lines 10--11
\JY2/mc/m/n/10 載
 []


Overfull \hbox (9.6222pt too wide) in paragraph at lines 10--11
\JY2/mc/m/n/10 に
 []


Overfull \hbox (9.6222pt too wide) in paragraph at lines 10--11
\JY2/mc/m/n/10 つ
 []


Overfull \hbox (9.6222pt too wide) in paragraph at lines 10--11
\JY2/mc/m/n/10 い
 []


Overfull \hbox (9.6222pt too wide) in paragraph at lines 10--11
\JY2/mc/m/n/10 て
 []


Overfull \hbox (9.6222pt too wide) in paragraph at lines 10--11
\JY2/mc/m/n/10 考
 []


Overfull \hbox (9.6222pt too wide) in paragraph at lines 10--11
\JY2/mc/m/n/10 え
 []


Overfull \hbox (12.39998pt too wide) in paragraph at lines 10--11
\JY2/mc/m/n/10 る\OT1/cmr/m/n/10 .
 []


Overfull \hbox (9.6222pt too wide) in paragraph at lines 10--11
\JY2/mc/m/n/10 自
 []


Overfull \hbox (9.6222pt too wide) in paragraph at lines 10--11
\JY2/mc/m/n/10 動
 []


Overfull \hbox (9.6222pt too wide) in paragraph at lines 10--11
\JY2/mc/m/n/10 車
 []


Overfull \hbox (9.6222pt too wide) in paragraph at lines 10--11
\JY2/mc/m/n/10 運
 []


Overfull \hbox (9.6222pt too wide) in paragraph at lines 10--11
\JY2/mc/m/n/10 搬
 []


Overfull \hbox (9.6222pt too wide) in paragraph at lines 10--11
\JY2/mc/m/n/10 船
 []


Overfull \hbox (9.6222pt too wide) in paragraph at lines 10--11
\JY2/mc/m/n/10 に
 []


Overfull \hbox (9.6222pt too wide) in paragraph at lines 10--11
\JY2/mc/m/n/10 積
 []


Overfull \hbox (9.6222pt too wide) in paragraph at lines 10--11
\JY2/mc/m/n/10 む
 []


Overfull \hbox (9.6222pt too wide) in paragraph at lines 10--11
\JY2/mc/m/n/10 自
 []


Overfull \hbox (9.6222pt too wide) in paragraph at lines 10--11
\JY2/mc/m/n/10 動
 []


Overfull \hbox (9.6222pt too wide) in paragraph at lines 10--11
\JY2/mc/m/n/10 車
 []


Overfull \hbox (9.6222pt too wide) in paragraph at lines 10--11
\JY2/mc/m/n/10 の
 []


Overfull \hbox (9.6222pt too wide) in paragraph at lines 10--11
\JY2/mc/m/n/10 情
 []


Overfull \hbox (9.6222pt too wide) in paragraph at lines 10--11
\JY2/mc/m/n/10 報
 []


Overfull \hbox (9.6222pt too wide) in paragraph at lines 10--11
\JY2/mc/m/n/10 が
 []


Overfull \hbox (9.6222pt too wide) in paragraph at lines 10--11
\JY2/mc/m/n/10 与
 []


Overfull \hbox (9.6222pt too wide) in paragraph at lines 10--11
\JY2/mc/m/n/10 え
 []


Overfull \hbox (9.6222pt too wide) in paragraph at lines 10--11
\JY2/mc/m/n/10 ら
 []


Overfull \hbox (9.6222pt too wide) in paragraph at lines 10--11
\JY2/mc/m/n/10 れ
 []


Overfull \hbox (9.6222pt too wide) in paragraph at lines 10--11
\JY2/mc/m/n/10 て
 []


Overfull \hbox (9.6222pt too wide) in paragraph at lines 10--11
\JY2/mc/m/n/10 か
 []


Overfull \hbox (9.6222pt too wide) in paragraph at lines 10--11
\JY2/mc/m/n/10 ら
 []


Overfull \hbox (9.6222pt too wide) in paragraph at lines 10--11
\JY2/mc/m/n/10 実
 []


Overfull \hbox (9.6222pt too wide) in paragraph at lines 10--11
\JY2/mc/m/n/10 際
 []


Overfull \hbox (9.6222pt too wide) in paragraph at lines 10--11
\JY2/mc/m/n/10 に
 []


Overfull \hbox (9.6222pt too wide) in paragraph at lines 10--11
\JY2/mc/m/n/10 自
 []


Overfull \hbox (9.6222pt too wide) in paragraph at lines 10--11
\JY2/mc/m/n/10 動
 []


Overfull \hbox (9.6222pt too wide) in paragraph at lines 10--11
\JY2/mc/m/n/10 車
 []


Overfull \hbox (9.6222pt too wide) in paragraph at lines 10--11
\JY2/mc/m/n/10 が
 []


Overfull \hbox (9.6222pt too wide) in paragraph at lines 10--11
\JY2/mc/m/n/10 船
 []


Overfull \hbox (9.6222pt too wide) in paragraph at lines 10--11
\JY2/mc/m/n/10 に
 []


Overfull \hbox (9.6222pt too wide) in paragraph at lines 10--11
\JY2/mc/m/n/10 積
 []


Overfull \hbox (9.6222pt too wide) in paragraph at lines 10--11
\JY2/mc/m/n/10 ま
 []


Overfull \hbox (9.6222pt too wide) in paragraph at lines 10--11
\JY2/mc/m/n/10 れ
 []


Overfull \hbox (9.6222pt too wide) in paragraph at lines 10--11
\JY2/mc/m/n/10 る
 []


Overfull \hbox (9.6222pt too wide) in paragraph at lines 10--11
\JY2/mc/m/n/10 ま
 []


Overfull \hbox (9.6222pt too wide) in paragraph at lines 10--11
\JY2/mc/m/n/10 で
 []


Overfull \hbox (12.39998pt too wide) in paragraph at lines 10--11
\JY2/mc/m/n/10 に\OT1/cmr/m/n/10 ,
 []


Overfull \hbox (9.6222pt too wide) in paragraph at lines 10--11
\JY2/mc/m/n/10 席
 []


Overfull \hbox (9.6222pt too wide) in paragraph at lines 10--11
\JY2/mc/m/n/10 割
 []


Overfull \hbox (9.6222pt too wide) in paragraph at lines 10--11
\JY2/mc/m/n/10 と
 []


Overfull \hbox (9.6222pt too wide) in paragraph at lines 10--11
\JY2/mc/m/n/10 シ
 []


Overfull \hbox (9.6222pt too wide) in paragraph at lines 10--11
\JY2/mc/m/n/10 ミ
 []


Overfull \hbox (9.6222pt too wide) in paragraph at lines 10--11
\JY2/mc/m/n/10 ュ
 []


Overfull \hbox (18.74438pt too wide) in paragraph at lines 10--11
\JY2/mc/m/n/10 レ ー
 []


Overfull \hbox (9.6222pt too wide) in paragraph at lines 10--11
\JY2/mc/m/n/10 シ
 []


Overfull \hbox (9.6222pt too wide) in paragraph at lines 10--11
\JY2/mc/m/n/10 ョ
 []


Overfull \hbox (9.6222pt too wide) in paragraph at lines 10--11
\JY2/mc/m/n/10 ン
 []


Overfull \hbox (9.6222pt too wide) in paragraph at lines 10--11
\JY2/mc/m/n/10 と
 []


Overfull \hbox (9.6222pt too wide) in paragraph at lines 10--11
\JY2/mc/m/n/10 呼
 []


Overfull \hbox (9.6222pt too wide) in paragraph at lines 10--11
\JY2/mc/m/n/10 ば
 []


Overfull \hbox (9.6222pt too wide) in paragraph at lines 10--11
\JY2/mc/m/n/10 れ
 []


Overfull \hbox (9.6222pt too wide) in paragraph at lines 10--11
\JY2/mc/m/n/10 る
 []


Overfull \hbox (9.6222pt too wide) in paragraph at lines 10--11
\JY2/mc/m/n/10 二
 []


Overfull \hbox (9.6222pt too wide) in paragraph at lines 10--11
\JY2/mc/m/n/10 種
 []


Overfull \hbox (9.6222pt too wide) in paragraph at lines 10--11
\JY2/mc/m/n/10 類
 []


Overfull \hbox (9.6222pt too wide) in paragraph at lines 10--11
\JY2/mc/m/n/10 の
 []


Overfull \hbox (9.6222pt too wide) in paragraph at lines 10--11
\JY2/mc/m/n/10 作
 []


Overfull \hbox (9.6222pt too wide) in paragraph at lines 10--11
\JY2/mc/m/n/10 業
 []


Overfull \hbox (9.6222pt too wide) in paragraph at lines 10--11
\JY2/mc/m/n/10 が
 []


Overfull \hbox (9.6222pt too wide) in paragraph at lines 10--11
\JY2/mc/m/n/10 行
 []


Overfull \hbox (9.6222pt too wide) in paragraph at lines 10--11
\JY2/mc/m/n/10 わ
 []


Overfull \hbox (9.6222pt too wide) in paragraph at lines 10--11
\JY2/mc/m/n/10 れ
 []


Overfull \hbox (12.39998pt too wide) in paragraph at lines 10--11
\JY2/mc/m/n/10 る\OT1/cmr/m/n/10 .
 []


Overfull \hbox (9.6222pt too wide) in paragraph at lines 10--11
\JY2/mc/m/n/10 席
 []


Overfull \hbox (9.6222pt too wide) in paragraph at lines 10--11
\JY2/mc/m/n/10 割
 []


Overfull \hbox (9.6222pt too wide) in paragraph at lines 10--11
\JY2/mc/m/n/10 作
 []


Overfull \hbox (9.6222pt too wide) in paragraph at lines 10--11
\JY2/mc/m/n/10 業
 []


Overfull \hbox (9.6222pt too wide) in paragraph at lines 10--11
\JY2/mc/m/n/10 で
 []


Overfull \hbox (9.6222pt too wide) in paragraph at lines 10--11
\JY2/mc/m/n/10 は
 []


Overfull \hbox (9.6222pt too wide) in paragraph at lines 10--11
\JY2/mc/m/n/10 船
 []


Overfull \hbox (9.6222pt too wide) in paragraph at lines 10--11
\JY2/mc/m/n/10 の
 []


Overfull \hbox (9.6222pt too wide) in paragraph at lines 10--11
\JY2/mc/m/n/10 階
 []


Overfull \hbox (9.6222pt too wide) in paragraph at lines 10--11
\JY2/mc/m/n/10 層
 []


Overfull \hbox (9.6222pt too wide) in paragraph at lines 10--11
\JY2/mc/m/n/10 内
 []


Overfull \hbox (9.6222pt too wide) in paragraph at lines 10--11
\JY2/mc/m/n/10 を
 []


Overfull \hbox (9.6222pt too wide) in paragraph at lines 10--11
\JY2/mc/m/n/10 一
 []


Overfull \hbox (9.6222pt too wide) in paragraph at lines 10--11
\JY2/mc/m/n/10 定
 []


Overfull \hbox (9.6222pt too wide) in paragraph at lines 10--11
\JY2/mc/m/n/10 間
 []


Overfull \hbox (9.6222pt too wide) in paragraph at lines 10--11
\JY2/mc/m/n/10 隔
 []


Overfull \hbox (9.6222pt too wide) in paragraph at lines 10--11
\JY2/mc/m/n/10 の
 []


Overfull \hbox (9.6222pt too wide) in paragraph at lines 10--11
\JY2/mc/m/n/10 大
 []


Overfull \hbox (9.6222pt too wide) in paragraph at lines 10--11
\JY2/mc/m/n/10 き
 []


Overfull \hbox (9.6222pt too wide) in paragraph at lines 10--11
\JY2/mc/m/n/10 さ
 []


Overfull \hbox (9.6222pt too wide) in paragraph at lines 10--11
\JY2/mc/m/n/10 に
 []


Overfull \hbox (9.6222pt too wide) in paragraph at lines 10--11
\JY2/mc/m/n/10 区
 []


Overfull \hbox (9.6222pt too wide) in paragraph at lines 10--11
\JY2/mc/m/n/10 切
 []


Overfull \hbox (9.6222pt too wide) in paragraph at lines 10--11
\JY2/mc/m/n/10 っ
 []


Overfull \hbox (9.6222pt too wide) in paragraph at lines 10--11
\JY2/mc/m/n/10 た
 []


Overfull \hbox (18.74438pt too wide) in paragraph at lines 10--11
\JY2/mc/m/n/10 ホ ー
 []


Overfull \hbox (9.6222pt too wide) in paragraph at lines 10--11
\JY2/mc/m/n/10 ル
 []


Overfull \hbox (9.6222pt too wide) in paragraph at lines 10--11
\JY2/mc/m/n/10 ド
 []


Overfull \hbox (9.6222pt too wide) in paragraph at lines 10--11
\JY2/mc/m/n/10 と
 []


Overfull \hbox (9.6222pt too wide) in paragraph at lines 10--11
\JY2/mc/m/n/10 呼
 []


Overfull \hbox (9.6222pt too wide) in paragraph at lines 10--11
\JY2/mc/m/n/10 ば
 []


Overfull \hbox (9.6222pt too wide) in paragraph at lines 10--11
\JY2/mc/m/n/10 れ
 []


Overfull \hbox (9.6222pt too wide) in paragraph at lines 10--11
\JY2/mc/m/n/10 る
 []


Overfull \hbox (9.6222pt too wide) in paragraph at lines 10--11
\JY2/mc/m/n/10 ス
 []


Overfull \hbox (18.74438pt too wide) in paragraph at lines 10--11
\JY2/mc/m/n/10 ペ ー
 []


Overfull \hbox (9.6222pt too wide) in paragraph at lines 10--11
\JY2/mc/m/n/10 ス
 []


Overfull \hbox (12.39998pt too wide) in paragraph at lines 10--11
\JY2/mc/m/n/10 に\OT1/cmr/m/n/10 ,
 []


Overfull \hbox (9.6222pt too wide) in paragraph at lines 10--11
\JY2/mc/m/n/10 与
 []


Overfull \hbox (9.6222pt too wide) in paragraph at lines 10--11
\JY2/mc/m/n/10 え
 []


Overfull \hbox (9.6222pt too wide) in paragraph at lines 10--11
\JY2/mc/m/n/10 ら
 []


Overfull \hbox (9.6222pt too wide) in paragraph at lines 10--11
\JY2/mc/m/n/10 れ
 []


Overfull \hbox (9.6222pt too wide) in paragraph at lines 10--11
\JY2/mc/m/n/10 た
 []


Overfull \hbox (9.6222pt too wide) in paragraph at lines 10--11
\JY2/mc/m/n/10 積
 []


Overfull \hbox (9.6222pt too wide) in paragraph at lines 10--11
\JY2/mc/m/n/10 載
 []


Overfull \hbox (9.6222pt too wide) in paragraph at lines 10--11
\JY2/mc/m/n/10 自
 []


Overfull \hbox (9.6222pt too wide) in paragraph at lines 10--11
\JY2/mc/m/n/10 動
 []


Overfull \hbox (9.6222pt too wide) in paragraph at lines 10--11
\JY2/mc/m/n/10 車
 []


Overfull \hbox (9.6222pt too wide) in paragraph at lines 10--11
\JY2/mc/m/n/10 リ
 []


Overfull \hbox (9.6222pt too wide) in paragraph at lines 10--11
\JY2/mc/m/n/10 ス
 []


Overfull \hbox (9.6222pt too wide) in paragraph at lines 10--11
\JY2/mc/m/n/10 ト
 []


Overfull \hbox (9.6222pt too wide) in paragraph at lines 10--11
\JY2/mc/m/n/10 の
 []


Overfull \hbox (9.6222pt too wide) in paragraph at lines 10--11
\JY2/mc/m/n/10 ど
 []


Overfull \hbox (9.6222pt too wide) in paragraph at lines 10--11
\JY2/mc/m/n/10 の
 []


Overfull \hbox (9.6222pt too wide) in paragraph at lines 10--11
\JY2/mc/m/n/10 自
 []


Overfull \hbox (9.6222pt too wide) in paragraph at lines 10--11
\JY2/mc/m/n/10 動
 []


Overfull \hbox (9.6222pt too wide) in paragraph at lines 10--11
\JY2/mc/m/n/10 車
 []


Overfull \hbox (9.6222pt too wide) in paragraph at lines 10--11
\JY2/mc/m/n/10 を
 []


Overfull \hbox (9.6222pt too wide) in paragraph at lines 10--11
\JY2/mc/m/n/10 何
 []


Overfull \hbox (9.6222pt too wide) in paragraph at lines 10--11
\JY2/mc/m/n/10 台
 []


Overfull \hbox (9.6222pt too wide) in paragraph at lines 10--11
\JY2/mc/m/n/10 割
 []


Overfull \hbox (9.6222pt too wide) in paragraph at lines 10--11
\JY2/mc/m/n/10 り
 []


Overfull \hbox (9.6222pt too wide) in paragraph at lines 10--11
\JY2/mc/m/n/10 当
 []


Overfull \hbox (9.6222pt too wide) in paragraph at lines 10--11
\JY2/mc/m/n/10 て
 []


Overfull \hbox (9.6222pt too wide) in paragraph at lines 10--11
\JY2/mc/m/n/10 る
 []


Overfull \hbox (9.6222pt too wide) in paragraph at lines 10--11
\JY2/mc/m/n/10 か
 []


Overfull \hbox (9.6222pt too wide) in paragraph at lines 10--11
\JY2/mc/m/n/10 を
 []


Overfull \hbox (9.6222pt too wide) in paragraph at lines 10--11
\JY2/mc/m/n/10 決
 []


Overfull \hbox (9.6222pt too wide) in paragraph at lines 10--11
\JY2/mc/m/n/10 め
 []


Overfull \hbox (12.39998pt too wide) in paragraph at lines 10--11
\JY2/mc/m/n/10 る\OT1/cmr/m/n/10 .
 []


Overfull \hbox (9.6222pt too wide) in paragraph at lines 10--11
\JY2/mc/m/n/10 シ
 []


Overfull \hbox (9.6222pt too wide) in paragraph at lines 10--11
\JY2/mc/m/n/10 ミ
 []


Overfull \hbox (9.6222pt too wide) in paragraph at lines 10--11
\JY2/mc/m/n/10 ュ
 []


Overfull \hbox (18.74438pt too wide) in paragraph at lines 10--11
\JY2/mc/m/n/10 レ ー
 []


Overfull \hbox (9.6222pt too wide) in paragraph at lines 10--11
\JY2/mc/m/n/10 シ
 []


Overfull \hbox (9.6222pt too wide) in paragraph at lines 10--11
\JY2/mc/m/n/10 ョ
 []


Overfull \hbox (9.6222pt too wide) in paragraph at lines 10--11
\JY2/mc/m/n/10 ン
 []


Overfull \hbox (9.6222pt too wide) in paragraph at lines 10--11
\JY2/mc/m/n/10 作
 []


Overfull \hbox (9.6222pt too wide) in paragraph at lines 10--11
\JY2/mc/m/n/10 業
 []


Overfull \hbox (9.6222pt too wide) in paragraph at lines 10--11
\JY2/mc/m/n/10 で
 []


Overfull \hbox (9.6222pt too wide) in paragraph at lines 10--11
\JY2/mc/m/n/10 は
 []


Overfull \hbox (9.6222pt too wide) in paragraph at lines 10--11
\JY2/mc/m/n/10 席
 []


Overfull \hbox (9.6222pt too wide) in paragraph at lines 10--11
\JY2/mc/m/n/10 割
 []


Overfull \hbox (9.6222pt too wide) in paragraph at lines 10--11
\JY2/mc/m/n/10 作
 []


Overfull \hbox (9.6222pt too wide) in paragraph at lines 10--11
\JY2/mc/m/n/10 業
 []


Overfull \hbox (9.6222pt too wide) in paragraph at lines 10--11
\JY2/mc/m/n/10 で
 []


Overfull \hbox (18.74438pt too wide) in paragraph at lines 10--11
\JY2/mc/m/n/10 ホ ー
 []


Overfull \hbox (9.6222pt too wide) in paragraph at lines 10--11
\JY2/mc/m/n/10 ル
 []


Overfull \hbox (9.6222pt too wide) in paragraph at lines 10--11
\JY2/mc/m/n/10 ド
 []


Overfull \hbox (9.6222pt too wide) in paragraph at lines 10--11
\JY2/mc/m/n/10 毎
 []


Overfull \hbox (9.6222pt too wide) in paragraph at lines 10--11
\JY2/mc/m/n/10 に
 []


Overfull \hbox (9.6222pt too wide) in paragraph at lines 10--11
\JY2/mc/m/n/10 割
 []


Overfull \hbox (9.6222pt too wide) in paragraph at lines 10--11
\JY2/mc/m/n/10 り
 []


Overfull \hbox (9.6222pt too wide) in paragraph at lines 10--11
\JY2/mc/m/n/10 当
 []


Overfull \hbox (9.6222pt too wide) in paragraph at lines 10--11
\JY2/mc/m/n/10 て
 []


Overfull \hbox (9.6222pt too wide) in paragraph at lines 10--11
\JY2/mc/m/n/10 ら
 []


Overfull \hbox (9.6222pt too wide) in paragraph at lines 10--11
\JY2/mc/m/n/10 れ
 []


Overfull \hbox (9.6222pt too wide) in paragraph at lines 10--11
\JY2/mc/m/n/10 た
 []


Overfull \hbox (9.6222pt too wide) in paragraph at lines 10--11
\JY2/mc/m/n/10 自
 []


Overfull \hbox (9.6222pt too wide) in paragraph at lines 10--11
\JY2/mc/m/n/10 動
 []


Overfull \hbox (9.6222pt too wide) in paragraph at lines 10--11
\JY2/mc/m/n/10 車
 []


Overfull \hbox (12.39998pt too wide) in paragraph at lines 10--11
\JY2/mc/m/n/10 を\OT1/cmr/m/n/10 ,
 []


Overfull \hbox (9.6222pt too wide) in paragraph at lines 10--11
\JY2/mc/m/n/10 自
 []


Overfull \hbox (9.6222pt too wide) in paragraph at lines 10--11
\JY2/mc/m/n/10 動
 []


Overfull \hbox (9.6222pt too wide) in paragraph at lines 10--11
\JY2/mc/m/n/10 車
 []


Overfull \hbox (9.6222pt too wide) in paragraph at lines 10--11
\JY2/mc/m/n/10 の
 []


Overfull \hbox (9.6222pt too wide) in paragraph at lines 10--11
\JY2/mc/m/n/10 向
 []


Overfull \hbox (9.6222pt too wide) in paragraph at lines 10--11
\JY2/mc/m/n/10 き
 []


Overfull \hbox (9.6222pt too wide) in paragraph at lines 10--11
\JY2/mc/m/n/10 や
 []


Overfull \hbox (9.6222pt too wide) in paragraph at lines 10--11
\JY2/mc/m/n/10 空
 []


Overfull \hbox (9.6222pt too wide) in paragraph at lines 10--11
\JY2/mc/m/n/10 き
 []


Overfull \hbox (9.6222pt too wide) in paragraph at lines 10--11
\JY2/mc/m/n/10 ス
 []


Overfull \hbox (18.74438pt too wide) in paragraph at lines 10--11
\JY2/mc/m/n/10 ペ ー
 []


Overfull \hbox (13.93329pt too wide) in paragraph at lines 10--11
\JY2/mc/m/n/10 ス ，
 []


Overfull \hbox (9.6222pt too wide) in paragraph at lines 10--11
\JY2/mc/m/n/10 作
 []


Overfull \hbox (9.6222pt too wide) in paragraph at lines 10--11
\JY2/mc/m/n/10 業
 []


Overfull \hbox (9.6222pt too wide) in paragraph at lines 10--11
\JY2/mc/m/n/10 効
 []


Overfull \hbox (9.6222pt too wide) in paragraph at lines 10--11
\JY2/mc/m/n/10 率
 []


Overfull \hbox (9.6222pt too wide) in paragraph at lines 10--11
\JY2/mc/m/n/10 な
 []


Overfull \hbox (9.6222pt too wide) in paragraph at lines 10--11
\JY2/mc/m/n/10 ど
 []


Overfull \hbox (9.6222pt too wide) in paragraph at lines 10--11
\JY2/mc/m/n/10 を
 []


Overfull \hbox (9.6222pt too wide) in paragraph at lines 10--11
\JY2/mc/m/n/10 考
 []


Overfull \hbox (9.6222pt too wide) in paragraph at lines 10--11
\JY2/mc/m/n/10 慮
 []


Overfull \hbox (9.6222pt too wide) in paragraph at lines 10--11
\JY2/mc/m/n/10 し
 []


Overfull \hbox (9.6222pt too wide) in paragraph at lines 10--11
\JY2/mc/m/n/10 て
 []


Overfull \hbox (18.74438pt too wide) in paragraph at lines 10--11
\JY2/mc/m/n/10 ホ ー
 []


Overfull \hbox (9.6222pt too wide) in paragraph at lines 10--11
\JY2/mc/m/n/10 ル
 []


Overfull \hbox (9.6222pt too wide) in paragraph at lines 10--11
\JY2/mc/m/n/10 ド
 []


Overfull \hbox (9.6222pt too wide) in paragraph at lines 10--11
\JY2/mc/m/n/10 内
 []


Overfull \hbox (9.6222pt too wide) in paragraph at lines 10--11
\JY2/mc/m/n/10 へ
 []


Overfull \hbox (9.6222pt too wide) in paragraph at lines 10--11
\JY2/mc/m/n/10 の
 []


Overfull \hbox (9.6222pt too wide) in paragraph at lines 10--11
\JY2/mc/m/n/10 配
 []


Overfull \hbox (9.6222pt too wide) in paragraph at lines 10--11
\JY2/mc/m/n/10 置
 []


Overfull \hbox (9.6222pt too wide) in paragraph at lines 10--11
\JY2/mc/m/n/10 を
 []


Overfull \hbox (9.6222pt too wide) in paragraph at lines 10--11
\JY2/mc/m/n/10 決
 []


Overfull \hbox (9.6222pt too wide) in paragraph at lines 10--11
\JY2/mc/m/n/10 定
 []


Overfull \hbox (9.6222pt too wide) in paragraph at lines 10--11
\JY2/mc/m/n/10 す
 []


Overfull \hbox (12.39998pt too wide) in paragraph at lines 10--11
\JY2/mc/m/n/10 る\OT1/cmr/m/n/10 .
 []


Overfull \hbox (9.6222pt too wide) in paragraph at lines 10--11
\JY2/mc/m/n/10 本
 []


Overfull \hbox (9.6222pt too wide) in paragraph at lines 10--11
\JY2/mc/m/n/10 研
 []


Overfull \hbox (9.6222pt too wide) in paragraph at lines 10--11
\JY2/mc/m/n/10 究
 []


Overfull \hbox (9.6222pt too wide) in paragraph at lines 10--11
\JY2/mc/m/n/10 で
 []


Overfull \hbox (13.93329pt too wide) in paragraph at lines 10--11
\JY2/mc/m/n/10 は ，
 []


Overfull \hbox (9.6222pt too wide) in paragraph at lines 10--11
\JY2/mc/m/n/10 席
 []


Overfull \hbox (9.6222pt too wide) in paragraph at lines 10--11
\JY2/mc/m/n/10 割
 []


Overfull \hbox (9.6222pt too wide) in paragraph at lines 10--11
\JY2/mc/m/n/10 作
 []


Overfull \hbox (9.6222pt too wide) in paragraph at lines 10--11
\JY2/mc/m/n/10 業
 []


Overfull \hbox (9.6222pt too wide) in paragraph at lines 10--11
\JY2/mc/m/n/10 を
 []


Overfull \hbox (9.6222pt too wide) in paragraph at lines 10--11
\JY2/mc/m/n/10 自
 []


Overfull \hbox (9.6222pt too wide) in paragraph at lines 10--11
\JY2/mc/m/n/10 動
 []


Overfull \hbox (9.6222pt too wide) in paragraph at lines 10--11
\JY2/mc/m/n/10 化
 []


Overfull \hbox (9.6222pt too wide) in paragraph at lines 10--11
\JY2/mc/m/n/10 す
 []


Overfull \hbox (9.6222pt too wide) in paragraph at lines 10--11
\JY2/mc/m/n/10 る
 []


Overfull \hbox (9.6222pt too wide) in paragraph at lines 10--11
\JY2/mc/m/n/10 た
 []


Overfull \hbox (9.6222pt too wide) in paragraph at lines 10--11
\JY2/mc/m/n/10 め
 []


Overfull \hbox (9.6222pt too wide) in paragraph at lines 10--11
\JY2/mc/m/n/10 に
 []


Overfull \hbox (9.6222pt too wide) in paragraph at lines 10--11
\JY2/mc/m/n/10 数
 []


Overfull \hbox (9.6222pt too wide) in paragraph at lines 10--11
\JY2/mc/m/n/10 理
 []


Overfull \hbox (9.6222pt too wide) in paragraph at lines 10--11
\JY2/mc/m/n/10 最
 []


Overfull \hbox (9.6222pt too wide) in paragraph at lines 10--11
\JY2/mc/m/n/10 適
 []


Overfull \hbox (9.6222pt too wide) in paragraph at lines 10--11
\JY2/mc/m/n/10 化
 []


Overfull \hbox (9.6222pt too wide) in paragraph at lines 10--11
\JY2/mc/m/n/10 の
 []


Overfull \hbox (9.6222pt too wide) in paragraph at lines 10--11
\JY2/mc/m/n/10 技
 []


Overfull \hbox (9.6222pt too wide) in paragraph at lines 10--11
\JY2/mc/m/n/10 術
 []


Overfull \hbox (9.6222pt too wide) in paragraph at lines 10--11
\JY2/mc/m/n/10 に
 []


Overfull \hbox (9.6222pt too wide) in paragraph at lines 10--11
\JY2/mc/m/n/10 よ
 []


Overfull \hbox (9.6222pt too wide) in paragraph at lines 10--11
\JY2/mc/m/n/10 っ
 []


Overfull \hbox (9.6222pt too wide) in paragraph at lines 10--11
\JY2/mc/m/n/10 て
 []


Overfull \hbox (9.6222pt too wide) in paragraph at lines 10--11
\JY2/mc/m/n/10 コ
 []


Overfull \hbox (9.6222pt too wide) in paragraph at lines 10--11
\JY2/mc/m/n/10 ン
 []


Overfull \hbox (9.6222pt too wide) in paragraph at lines 10--11
\JY2/mc/m/n/10 ピ
 []


Overfull \hbox (18.74438pt too wide) in paragraph at lines 10--11
\JY2/mc/m/n/10 ュ ー
 []


Overfull \hbox (9.6222pt too wide) in paragraph at lines 10--11
\JY2/mc/m/n/10 タ
 []


Overfull \hbox (9.6222pt too wide) in paragraph at lines 10--11
\JY2/mc/m/n/10 で
 []


Overfull \hbox (9.6222pt too wide) in paragraph at lines 10--11
\JY2/mc/m/n/10 短
 []


Overfull \hbox (9.6222pt too wide) in paragraph at lines 10--11
\JY2/mc/m/n/10 時
 []


Overfull \hbox (9.6222pt too wide) in paragraph at lines 10--11
\JY2/mc/m/n/10 間
 []


Overfull \hbox (9.6222pt too wide) in paragraph at lines 10--11
\JY2/mc/m/n/10 か
 []


Overfull \hbox (9.6222pt too wide) in paragraph at lines 10--11
\JY2/mc/m/n/10 つ
 []


Overfull \hbox (9.6222pt too wide) in paragraph at lines 10--11
\JY2/mc/m/n/10 効
 []


Overfull \hbox (9.6222pt too wide) in paragraph at lines 10--11
\JY2/mc/m/n/10 率
 []


Overfull \hbox (9.6222pt too wide) in paragraph at lines 10--11
\JY2/mc/m/n/10 の
 []


Overfull \hbox (9.6222pt too wide) in paragraph at lines 10--11
\JY2/mc/m/n/10 良
 []


Overfull \hbox (9.6222pt too wide) in paragraph at lines 10--11
\JY2/mc/m/n/10 い
 []


Overfull \hbox (9.6222pt too wide) in paragraph at lines 10--11
\JY2/mc/m/n/10 席
 []


Overfull \hbox (9.6222pt too wide) in paragraph at lines 10--11
\JY2/mc/m/n/10 割
 []


Overfull \hbox (9.6222pt too wide) in paragraph at lines 10--11
\JY2/mc/m/n/10 を
 []


Overfull \hbox (9.6222pt too wide) in paragraph at lines 10--11
\JY2/mc/m/n/10 出
 []


Overfull \hbox (9.6222pt too wide) in paragraph at lines 10--11
\JY2/mc/m/n/10 力
 []


Overfull \hbox (9.6222pt too wide) in paragraph at lines 10--11
\JY2/mc/m/n/10 す
 []


Overfull \hbox (9.6222pt too wide) in paragraph at lines 10--11
\JY2/mc/m/n/10 る
 []


Overfull \hbox (9.6222pt too wide) in paragraph at lines 10--11
\JY2/mc/m/n/10 こ
 []


Overfull \hbox (9.6222pt too wide) in paragraph at lines 10--11
\JY2/mc/m/n/10 と
 []


Overfull \hbox (9.6222pt too wide) in paragraph at lines 10--11
\JY2/mc/m/n/10 を
 []


Overfull \hbox (9.6222pt too wide) in paragraph at lines 10--11
\JY2/mc/m/n/10 目
 []


Overfull \hbox (9.6222pt too wide) in paragraph at lines 10--11
\JY2/mc/m/n/10 標
 []


Overfull \hbox (9.6222pt too wide) in paragraph at lines 10--11
\JY2/mc/m/n/10 と
 []


Overfull \hbox (9.6222pt too wide) in paragraph at lines 10--11
\JY2/mc/m/n/10 す
 []


Overfull \hbox (12.39998pt too wide) in paragraph at lines 10--11
\JY2/mc/m/n/10 る\OT1/cmr/m/n/10 . 
 []

LaTeX Font Info:    Font shape `JT2/mc/m/n' will be
(Font)              scaled to size 9.6222pt on input line 11.
LaTeX Font Info:    Font shape `JY2/mc/m/n' will be
(Font)              scaled to size 9.6222pt on input line 11.

./tekiyou.tex:11: LaTeX Error: The font size command \normalsize is not defined:
               there is probably something wrong with the class file.

See the LaTeX manual or LaTeX Companion for explanation.
Type  H <return>  for immediate help.
 ...                                              
                                                  
l.11 
     
Your command was ignored.
Type  I <command> <return>  to replace it with another command,
or  <return>  to continue without it.

[1]
Overfull \hbox (29.6222pt too wide) in paragraph at lines 12--13
[]\JY2/mc/m/n/10 席
 []


Overfull \hbox (9.6222pt too wide) in paragraph at lines 12--13
\JY2/mc/m/n/10 割
 []


Overfull \hbox (9.6222pt too wide) in paragraph at lines 12--13
\JY2/mc/m/n/10 問
 []


Overfull \hbox (9.6222pt too wide) in paragraph at lines 12--13
\JY2/mc/m/n/10 題
 []


Overfull \hbox (9.6222pt too wide) in paragraph at lines 12--13
\JY2/mc/m/n/10 は
 []


Overfull \hbox (9.6222pt too wide) in paragraph at lines 12--13
\JY2/mc/m/n/10 割
 []


Overfull \hbox (9.6222pt too wide) in paragraph at lines 12--13
\JY2/mc/m/n/10 当
 []


Overfull \hbox (9.6222pt too wide) in paragraph at lines 12--13
\JY2/mc/m/n/10 問
 []


Overfull \hbox (9.6222pt too wide) in paragraph at lines 12--13
\JY2/mc/m/n/10 題
 []


Overfull \hbox (9.6222pt too wide) in paragraph at lines 12--13
\JY2/mc/m/n/10 と
 []


Overfull \hbox (9.6222pt too wide) in paragraph at lines 12--13
\JY2/mc/m/n/10 し
 []


Overfull \hbox (9.6222pt too wide) in paragraph at lines 12--13
\JY2/mc/m/n/10 て
 []


Overfull \hbox (9.6222pt too wide) in paragraph at lines 12--13
\JY2/mc/m/n/10 定
 []


Overfull \hbox (9.6222pt too wide) in paragraph at lines 12--13
\JY2/mc/m/n/10 式
 []


Overfull \hbox (9.6222pt too wide) in paragraph at lines 12--13
\JY2/mc/m/n/10 化
 []


Overfull \hbox (9.6222pt too wide) in paragraph at lines 12--13
\JY2/mc/m/n/10 す
 []


Overfull \hbox (9.6222pt too wide) in paragraph at lines 12--13
\JY2/mc/m/n/10 る
 []


Overfull \hbox (9.6222pt too wide) in paragraph at lines 12--13
\JY2/mc/m/n/10 こ
 []


Overfull \hbox (9.6222pt too wide) in paragraph at lines 12--13
\JY2/mc/m/n/10 と
 []


Overfull \hbox (9.6222pt too wide) in paragraph at lines 12--13
\JY2/mc/m/n/10 が
 []


Overfull \hbox (9.6222pt too wide) in paragraph at lines 12--13
\JY2/mc/m/n/10 で
 []


Overfull \hbox (9.6222pt too wide) in paragraph at lines 12--13
\JY2/mc/m/n/10 き
 []


Overfull \hbox (9.6222pt too wide) in paragraph at lines 12--13
\JY2/mc/m/n/10 る
 []


Overfull \hbox (12.39998pt too wide) in paragraph at lines 12--13
\JY2/mc/m/n/10 が\OT1/cmr/m/n/10 ,
 []


Overfull \hbox (9.6222pt too wide) in paragraph at lines 12--13
\JY2/mc/m/n/10 特
 []


Overfull \hbox (9.6222pt too wide) in paragraph at lines 12--13
\JY2/mc/m/n/10 徴
 []


Overfull \hbox (9.6222pt too wide) in paragraph at lines 12--13
\JY2/mc/m/n/10 的
 []


Overfull \hbox (9.6222pt too wide) in paragraph at lines 12--13
\JY2/mc/m/n/10 な
 []


Overfull \hbox (9.6222pt too wide) in paragraph at lines 12--13
\JY2/mc/m/n/10 要
 []


Overfull \hbox (9.6222pt too wide) in paragraph at lines 12--13
\JY2/mc/m/n/10 件
 []


Overfull \hbox (9.6222pt too wide) in paragraph at lines 12--13
\JY2/mc/m/n/10 と
 []


Overfull \hbox (9.6222pt too wide) in paragraph at lines 12--13
\JY2/mc/m/n/10 し
 []


Overfull \hbox (9.6222pt too wide) in paragraph at lines 12--13
\JY2/mc/m/n/10 て
 []


Overfull \hbox (9.6222pt too wide) in paragraph at lines 12--13
\JY2/mc/m/n/10 以
 []


Overfull \hbox (9.6222pt too wide) in paragraph at lines 12--13
\JY2/mc/m/n/10 下
 []


Overfull \hbox (9.6222pt too wide) in paragraph at lines 12--13
\JY2/mc/m/n/10 の
 []


Overfull \hbox (5.00002pt too wide) in paragraph at lines 12--13
\OT1/cmr/m/n/10 2
 []


Overfull \hbox (9.6222pt too wide) in paragraph at lines 12--13
\JY2/mc/m/n/10 つ
 []


Overfull \hbox (9.6222pt too wide) in paragraph at lines 12--13
\JY2/mc/m/n/10 が
 []


Overfull \hbox (9.6222pt too wide) in paragraph at lines 12--13
\JY2/mc/m/n/10 あ
 []


Overfull \hbox (12.39998pt too wide) in paragraph at lines 12--13
\JY2/mc/m/n/10 る\OT1/cmr/m/n/10 .
 []


Overfull \hbox (9.6222pt too wide) in paragraph at lines 12--13
\JY2/mc/m/n/10 一
 []


Overfull \hbox (9.6222pt too wide) in paragraph at lines 12--13
\JY2/mc/m/n/10 点
 []


Overfull \hbox (9.6222pt too wide) in paragraph at lines 12--13
\JY2/mc/m/n/10 目
 []


Overfull \hbox (9.6222pt too wide) in paragraph at lines 12--13
\JY2/mc/m/n/10 は
 []


Overfull \hbox (9.6222pt too wide) in paragraph at lines 12--13
\JY2/mc/m/n/10 自
 []


Overfull \hbox (9.6222pt too wide) in paragraph at lines 12--13
\JY2/mc/m/n/10 動
 []


Overfull \hbox (9.6222pt too wide) in paragraph at lines 12--13
\JY2/mc/m/n/10 車
 []


Overfull \hbox (9.6222pt too wide) in paragraph at lines 12--13
\JY2/mc/m/n/10 を
 []


Overfull \hbox (9.6222pt too wide) in paragraph at lines 12--13
\JY2/mc/m/n/10 船
 []


Overfull \hbox (9.6222pt too wide) in paragraph at lines 12--13
\JY2/mc/m/n/10 に
 []


Overfull \hbox (9.6222pt too wide) in paragraph at lines 12--13
\JY2/mc/m/n/10 積
 []


Overfull \hbox (9.6222pt too wide) in paragraph at lines 12--13
\JY2/mc/m/n/10 む
 []


Overfull \hbox (9.6222pt too wide) in paragraph at lines 12--13
\JY2/mc/m/n/10 あ
 []


Overfull \hbox (9.6222pt too wide) in paragraph at lines 12--13
\JY2/mc/m/n/10 る
 []


Overfull \hbox (9.6222pt too wide) in paragraph at lines 12--13
\JY2/mc/m/n/10 い
 []


Overfull \hbox (9.6222pt too wide) in paragraph at lines 12--13
\JY2/mc/m/n/10 は
 []


Overfull \hbox (9.6222pt too wide) in paragraph at lines 12--13
\JY2/mc/m/n/10 船
 []


Overfull \hbox (9.6222pt too wide) in paragraph at lines 12--13
\JY2/mc/m/n/10 か
 []


Overfull \hbox (9.6222pt too wide) in paragraph at lines 12--13
\JY2/mc/m/n/10 ら
 []


Overfull \hbox (9.6222pt too wide) in paragraph at lines 12--13
\JY2/mc/m/n/10 降
 []


Overfull \hbox (9.6222pt too wide) in paragraph at lines 12--13
\JY2/mc/m/n/10 ろ
 []


Overfull \hbox (9.6222pt too wide) in paragraph at lines 12--13
\JY2/mc/m/n/10 す
 []


Overfull \hbox (9.6222pt too wide) in paragraph at lines 12--13
\JY2/mc/m/n/10 際
 []


Overfull \hbox (12.39998pt too wide) in paragraph at lines 12--13
\JY2/mc/m/n/10 に\OT1/cmr/m/n/10 ,
 []


Overfull \hbox (9.6222pt too wide) in paragraph at lines 12--13
\JY2/mc/m/n/10 人
 []


Overfull \hbox (9.6222pt too wide) in paragraph at lines 12--13
\JY2/mc/m/n/10 が
 []


Overfull \hbox (9.6222pt too wide) in paragraph at lines 12--13
\JY2/mc/m/n/10 自
 []


Overfull \hbox (9.6222pt too wide) in paragraph at lines 12--13
\JY2/mc/m/n/10 動
 []


Overfull \hbox (9.6222pt too wide) in paragraph at lines 12--13
\JY2/mc/m/n/10 車
 []


Overfull \hbox (9.6222pt too wide) in paragraph at lines 12--13
\JY2/mc/m/n/10 を
 []


Overfull \hbox (9.6222pt too wide) in paragraph at lines 12--13
\JY2/mc/m/n/10 運
 []


Overfull \hbox (9.6222pt too wide) in paragraph at lines 12--13
\JY2/mc/m/n/10 転
 []


Overfull \hbox (9.6222pt too wide) in paragraph at lines 12--13
\JY2/mc/m/n/10 し
 []


Overfull \hbox (9.6222pt too wide) in paragraph at lines 12--13
\JY2/mc/m/n/10 て
 []


Overfull \hbox (9.6222pt too wide) in paragraph at lines 12--13
\JY2/mc/m/n/10 所
 []


Overfull \hbox (9.6222pt too wide) in paragraph at lines 12--13
\JY2/mc/m/n/10 定
 []


Overfull \hbox (9.6222pt too wide) in paragraph at lines 12--13
\JY2/mc/m/n/10 の
 []


Overfull \hbox (9.6222pt too wide) in paragraph at lines 12--13
\JY2/mc/m/n/10 位
 []


Overfull \hbox (9.6222pt too wide) in paragraph at lines 12--13
\JY2/mc/m/n/10 置
 []


Overfull \hbox (9.6222pt too wide) in paragraph at lines 12--13
\JY2/mc/m/n/10 ま
 []


Overfull \hbox (9.6222pt too wide) in paragraph at lines 12--13
\JY2/mc/m/n/10 で
 []


Overfull \hbox (9.6222pt too wide) in paragraph at lines 12--13
\JY2/mc/m/n/10 移
 []


Overfull \hbox (9.6222pt too wide) in paragraph at lines 12--13
\JY2/mc/m/n/10 動
 []


Overfull \hbox (9.6222pt too wide) in paragraph at lines 12--13
\JY2/mc/m/n/10 す
 []


Overfull \hbox (9.6222pt too wide) in paragraph at lines 12--13
\JY2/mc/m/n/10 る
 []


Overfull \hbox (9.6222pt too wide) in paragraph at lines 12--13
\JY2/mc/m/n/10 た
 []


Overfull \hbox (9.6222pt too wide) in paragraph at lines 12--13
\JY2/mc/m/n/10 め
 []


Overfull \hbox (9.6222pt too wide) in paragraph at lines 12--13
\JY2/mc/m/n/10 の
 []


Overfull \hbox (9.6222pt too wide) in paragraph at lines 12--13
\JY2/mc/m/n/10 通
 []


Overfull \hbox (9.6222pt too wide) in paragraph at lines 12--13
\JY2/mc/m/n/10 路
 []


Overfull \hbox (9.6222pt too wide) in paragraph at lines 12--13
\JY2/mc/m/n/10 を
 []


Overfull \hbox (9.6222pt too wide) in paragraph at lines 12--13
\JY2/mc/m/n/10 確
 []


Overfull \hbox (9.6222pt too wide) in paragraph at lines 12--13
\JY2/mc/m/n/10 保
 []


Overfull \hbox (9.6222pt too wide) in paragraph at lines 12--13
\JY2/mc/m/n/10 す
 []


Overfull \hbox (9.6222pt too wide) in paragraph at lines 12--13
\JY2/mc/m/n/10 る
 []


Overfull \hbox (9.6222pt too wide) in paragraph at lines 12--13
\JY2/mc/m/n/10 必
 []


Overfull \hbox (9.6222pt too wide) in paragraph at lines 12--13
\JY2/mc/m/n/10 要
 []


Overfull \hbox (9.6222pt too wide) in paragraph at lines 12--13
\JY2/mc/m/n/10 が
 []


Overfull \hbox (9.6222pt too wide) in paragraph at lines 12--13
\JY2/mc/m/n/10 あ
 []


Overfull \hbox (9.6222pt too wide) in paragraph at lines 12--13
\JY2/mc/m/n/10 る
 []


Overfull \hbox (9.6222pt too wide) in paragraph at lines 12--13
\JY2/mc/m/n/10 こ
 []


Overfull \hbox (9.6222pt too wide) in paragraph at lines 12--13
\JY2/mc/m/n/10 と
 []


Overfull \hbox (9.6222pt too wide) in paragraph at lines 12--13
\JY2/mc/m/n/10 で
 []


Overfull \hbox (9.6222pt too wide) in paragraph at lines 12--13
\JY2/mc/m/n/10 あ
 []


Overfull \hbox (12.39998pt too wide) in paragraph at lines 12--13
\JY2/mc/m/n/10 る\OT1/cmr/m/n/10 .
 []


Overfull \hbox (9.6222pt too wide) in paragraph at lines 12--13
\JY2/mc/m/n/10 こ
 []


Overfull \hbox (9.6222pt too wide) in paragraph at lines 12--13
\JY2/mc/m/n/10 の
 []


Overfull \hbox (9.6222pt too wide) in paragraph at lines 12--13
\JY2/mc/m/n/10 と
 []


Overfull \hbox (9.6222pt too wide) in paragraph at lines 12--13
\JY2/mc/m/n/10 き
 []


Overfull \hbox (9.6222pt too wide) in paragraph at lines 12--13
\JY2/mc/m/n/10 既
 []


Overfull \hbox (9.6222pt too wide) in paragraph at lines 12--13
\JY2/mc/m/n/10 に
 []


Overfull \hbox (9.6222pt too wide) in paragraph at lines 12--13
\JY2/mc/m/n/10 積
 []


Overfull \hbox (9.6222pt too wide) in paragraph at lines 12--13
\JY2/mc/m/n/10 ん
 []


Overfull \hbox (9.6222pt too wide) in paragraph at lines 12--13
\JY2/mc/m/n/10 だ
 []


Overfull \hbox (9.6222pt too wide) in paragraph at lines 12--13
\JY2/mc/m/n/10 自
 []


Overfull \hbox (9.6222pt too wide) in paragraph at lines 12--13
\JY2/mc/m/n/10 動
 []


Overfull \hbox (9.6222pt too wide) in paragraph at lines 12--13
\JY2/mc/m/n/10 車
 []


Overfull \hbox (13.93329pt too wide) in paragraph at lines 12--13
\JY2/mc/m/n/10 が ，
 []


Overfull \hbox (9.6222pt too wide) in paragraph at lines 12--13
\JY2/mc/m/n/10 新
 []


Overfull \hbox (9.6222pt too wide) in paragraph at lines 12--13
\JY2/mc/m/n/10 た
 []


Overfull \hbox (9.6222pt too wide) in paragraph at lines 12--13
\JY2/mc/m/n/10 に
 []


Overfull \hbox (9.6222pt too wide) in paragraph at lines 12--13
\JY2/mc/m/n/10 積
 []


Overfull \hbox (9.6222pt too wide) in paragraph at lines 12--13
\JY2/mc/m/n/10 む
 []


Overfull \hbox (9.6222pt too wide) in paragraph at lines 12--13
\JY2/mc/m/n/10 も
 []


Overfull \hbox (9.6222pt too wide) in paragraph at lines 12--13
\JY2/mc/m/n/10 し
 []


Overfull \hbox (9.6222pt too wide) in paragraph at lines 12--13
\JY2/mc/m/n/10 く
 []


Overfull \hbox (9.6222pt too wide) in paragraph at lines 12--13
\JY2/mc/m/n/10 は
 []


Overfull \hbox (9.6222pt too wide) in paragraph at lines 12--13
\JY2/mc/m/n/10 降
 []


Overfull \hbox (9.6222pt too wide) in paragraph at lines 12--13
\JY2/mc/m/n/10 ろ
 []


Overfull \hbox (9.6222pt too wide) in paragraph at lines 12--13
\JY2/mc/m/n/10 す
 []


Overfull \hbox (9.6222pt too wide) in paragraph at lines 12--13
\JY2/mc/m/n/10 自
 []


Overfull \hbox (9.6222pt too wide) in paragraph at lines 12--13
\JY2/mc/m/n/10 動
 []


Overfull \hbox (9.6222pt too wide) in paragraph at lines 12--13
\JY2/mc/m/n/10 車
 []


Overfull \hbox (9.6222pt too wide) in paragraph at lines 12--13
\JY2/mc/m/n/10 の
 []


Overfull \hbox (9.6222pt too wide) in paragraph at lines 12--13
\JY2/mc/m/n/10 進
 []


Overfull \hbox (9.6222pt too wide) in paragraph at lines 12--13
\JY2/mc/m/n/10 行
 []


Overfull \hbox (9.6222pt too wide) in paragraph at lines 12--13
\JY2/mc/m/n/10 経
 []


Overfull \hbox (9.6222pt too wide) in paragraph at lines 12--13
\JY2/mc/m/n/10 路
 []


Overfull \hbox (9.6222pt too wide) in paragraph at lines 12--13
\JY2/mc/m/n/10 上
 []


Overfull \hbox (9.6222pt too wide) in paragraph at lines 12--13
\JY2/mc/m/n/10 に
 []


Overfull \hbox (9.6222pt too wide) in paragraph at lines 12--13
\JY2/mc/m/n/10 あ
 []


Overfull \hbox (9.6222pt too wide) in paragraph at lines 12--13
\JY2/mc/m/n/10 る
 []


Overfull \hbox (12.39998pt too wide) in paragraph at lines 12--13
\JY2/mc/m/n/10 と\OT1/cmr/m/n/10 ,
 []


Overfull \hbox (9.6222pt too wide) in paragraph at lines 12--13
\JY2/mc/m/n/10 自
 []


Overfull \hbox (9.6222pt too wide) in paragraph at lines 12--13
\JY2/mc/m/n/10 動
 []


Overfull \hbox (9.6222pt too wide) in paragraph at lines 12--13
\JY2/mc/m/n/10 車
 []


Overfull \hbox (9.6222pt too wide) in paragraph at lines 12--13
\JY2/mc/m/n/10 は
 []


Overfull \hbox (9.6222pt too wide) in paragraph at lines 12--13
\JY2/mc/m/n/10 割
 []


Overfull \hbox (9.6222pt too wide) in paragraph at lines 12--13
\JY2/mc/m/n/10 り
 []


Overfull \hbox (9.6222pt too wide) in paragraph at lines 12--13
\JY2/mc/m/n/10 当
 []


Overfull \hbox (9.6222pt too wide) in paragraph at lines 12--13
\JY2/mc/m/n/10 て
 []


Overfull \hbox (9.6222pt too wide) in paragraph at lines 12--13
\JY2/mc/m/n/10 ら
 []


Overfull \hbox (9.6222pt too wide) in paragraph at lines 12--13
\JY2/mc/m/n/10 れ
 []


Overfull \hbox (9.6222pt too wide) in paragraph at lines 12--13
\JY2/mc/m/n/10 た
 []


Overfull \hbox (18.74438pt too wide) in paragraph at lines 12--13
\JY2/mc/m/n/10 ホ ー
 []


Overfull \hbox (9.6222pt too wide) in paragraph at lines 12--13
\JY2/mc/m/n/10 ル
 []


Overfull \hbox (9.6222pt too wide) in paragraph at lines 12--13
\JY2/mc/m/n/10 ド
 []


Overfull \hbox (9.6222pt too wide) in paragraph at lines 12--13
\JY2/mc/m/n/10 と
 []


Overfull \hbox (9.6222pt too wide) in paragraph at lines 12--13
\JY2/mc/m/n/10 船
 []


Overfull \hbox (9.6222pt too wide) in paragraph at lines 12--13
\JY2/mc/m/n/10 の
 []


Overfull \hbox (9.6222pt too wide) in paragraph at lines 12--13
\JY2/mc/m/n/10 出
 []


Overfull \hbox (9.6222pt too wide) in paragraph at lines 12--13
\JY2/mc/m/n/10 入
 []


Overfull \hbox (9.6222pt too wide) in paragraph at lines 12--13
\JY2/mc/m/n/10 り
 []


Overfull \hbox (9.6222pt too wide) in paragraph at lines 12--13
\JY2/mc/m/n/10 口
 []


Overfull \hbox (9.6222pt too wide) in paragraph at lines 12--13
\JY2/mc/m/n/10 間
 []


Overfull \hbox (9.6222pt too wide) in paragraph at lines 12--13
\JY2/mc/m/n/10 を
 []


Overfull \hbox (9.6222pt too wide) in paragraph at lines 12--13
\JY2/mc/m/n/10 移
 []


Overfull \hbox (9.6222pt too wide) in paragraph at lines 12--13
\JY2/mc/m/n/10 動
 []


Overfull \hbox (9.6222pt too wide) in paragraph at lines 12--13
\JY2/mc/m/n/10 す
 []


Overfull \hbox (9.6222pt too wide) in paragraph at lines 12--13
\JY2/mc/m/n/10 る
 []


Overfull \hbox (9.6222pt too wide) in paragraph at lines 12--13
\JY2/mc/m/n/10 こ
 []


Overfull \hbox (9.6222pt too wide) in paragraph at lines 12--13
\JY2/mc/m/n/10 と
 []


Overfull \hbox (9.6222pt too wide) in paragraph at lines 12--13
\JY2/mc/m/n/10 が
 []


Overfull \hbox (9.6222pt too wide) in paragraph at lines 12--13
\JY2/mc/m/n/10 で
 []


Overfull \hbox (9.6222pt too wide) in paragraph at lines 12--13
\JY2/mc/m/n/10 き
 []


Overfull \hbox (9.6222pt too wide) in paragraph at lines 12--13
\JY2/mc/m/n/10 な
 []


Overfull \hbox (12.39998pt too wide) in paragraph at lines 12--13
\JY2/mc/m/n/10 い\OT1/cmr/m/n/10 .
 []


Overfull \hbox (9.6222pt too wide) in paragraph at lines 12--13
\JY2/mc/m/n/10 二
 []


Overfull \hbox (9.6222pt too wide) in paragraph at lines 12--13
\JY2/mc/m/n/10 点
 []


Overfull \hbox (9.6222pt too wide) in paragraph at lines 12--13
\JY2/mc/m/n/10 目
 []


Overfull \hbox (9.6222pt too wide) in paragraph at lines 12--13
\JY2/mc/m/n/10 は
 []


Overfull \hbox (9.6222pt too wide) in paragraph at lines 12--13
\JY2/mc/m/n/10 船
 []


Overfull \hbox (9.6222pt too wide) in paragraph at lines 12--13
\JY2/mc/m/n/10 全
 []


Overfull \hbox (9.6222pt too wide) in paragraph at lines 12--13
\JY2/mc/m/n/10 体
 []


Overfull \hbox (9.6222pt too wide) in paragraph at lines 12--13
\JY2/mc/m/n/10 の
 []


Overfull \hbox (9.6222pt too wide) in paragraph at lines 12--13
\JY2/mc/m/n/10 荷
 []


Overfull \hbox (9.6222pt too wide) in paragraph at lines 12--13
\JY2/mc/m/n/10 重
 []


Overfull \hbox (9.6222pt too wide) in paragraph at lines 12--13
\JY2/mc/m/n/10 バ
 []


Overfull \hbox (9.6222pt too wide) in paragraph at lines 12--13
\JY2/mc/m/n/10 ラ
 []


Overfull \hbox (9.6222pt too wide) in paragraph at lines 12--13
\JY2/mc/m/n/10 ン
 []


Overfull \hbox (9.6222pt too wide) in paragraph at lines 12--13
\JY2/mc/m/n/10 ス
 []


Overfull \hbox (9.6222pt too wide) in paragraph at lines 12--13
\JY2/mc/m/n/10 を
 []


Overfull \hbox (9.6222pt too wide) in paragraph at lines 12--13
\JY2/mc/m/n/10 考
 []


Overfull \hbox (9.6222pt too wide) in paragraph at lines 12--13
\JY2/mc/m/n/10 慮
 []


Overfull \hbox (9.6222pt too wide) in paragraph at lines 12--13
\JY2/mc/m/n/10 し
 []


Overfull \hbox (9.6222pt too wide) in paragraph at lines 12--13
\JY2/mc/m/n/10 な
 []


Overfull \hbox (9.6222pt too wide) in paragraph at lines 12--13
\JY2/mc/m/n/10 け
 []


Overfull \hbox (9.6222pt too wide) in paragraph at lines 12--13
\JY2/mc/m/n/10 れ
 []


Overfull \hbox (9.6222pt too wide) in paragraph at lines 12--13
\JY2/mc/m/n/10 ば
 []


Overfull \hbox (9.6222pt too wide) in paragraph at lines 12--13
\JY2/mc/m/n/10 な
 []


Overfull \hbox (9.6222pt too wide) in paragraph at lines 12--13
\JY2/mc/m/n/10 ら
 []


Overfull \hbox (9.6222pt too wide) in paragraph at lines 12--13
\JY2/mc/m/n/10 な
 []


Overfull \hbox (9.6222pt too wide) in paragraph at lines 12--13
\JY2/mc/m/n/10 い
 []


Overfull \hbox (9.6222pt too wide) in paragraph at lines 12--13
\JY2/mc/m/n/10 こ
 []


Overfull \hbox (9.6222pt too wide) in paragraph at lines 12--13
\JY2/mc/m/n/10 と
 []


Overfull \hbox (9.6222pt too wide) in paragraph at lines 12--13
\JY2/mc/m/n/10 で
 []


Overfull \hbox (9.6222pt too wide) in paragraph at lines 12--13
\JY2/mc/m/n/10 あ
 []


Overfull \hbox (12.39998pt too wide) in paragraph at lines 12--13
\JY2/mc/m/n/10 る\OT1/cmr/m/n/10 .
 []


Overfull \hbox (9.6222pt too wide) in paragraph at lines 12--13
\JY2/mc/m/n/10 例
 []


Overfull \hbox (9.6222pt too wide) in paragraph at lines 12--13
\JY2/mc/m/n/10 え
 []


Overfull \hbox (9.6222pt too wide) in paragraph at lines 12--13
\JY2/mc/m/n/10 ば
 []


Overfull \hbox (9.6222pt too wide) in paragraph at lines 12--13
\JY2/mc/m/n/10 船
 []


Overfull \hbox (9.6222pt too wide) in paragraph at lines 12--13
\JY2/mc/m/n/10 が
 []


Overfull \hbox (9.6222pt too wide) in paragraph at lines 12--13
\JY2/mc/m/n/10 海
 []


Overfull \hbox (9.6222pt too wide) in paragraph at lines 12--13
\JY2/mc/m/n/10 上
 []


Overfull \hbox (9.6222pt too wide) in paragraph at lines 12--13
\JY2/mc/m/n/10 を
 []


Overfull \hbox (9.6222pt too wide) in paragraph at lines 12--13
\JY2/mc/m/n/10 進
 []


Overfull \hbox (9.6222pt too wide) in paragraph at lines 12--13
\JY2/mc/m/n/10 む
 []


Overfull \hbox (9.6222pt too wide) in paragraph at lines 12--13
\JY2/mc/m/n/10 際
 []


Overfull \hbox (9.6222pt too wide) in paragraph at lines 12--13
\JY2/mc/m/n/10 に
 []


Overfull \hbox (9.6222pt too wide) in paragraph at lines 12--13
\JY2/mc/m/n/10 積
 []


Overfull \hbox (9.6222pt too wide) in paragraph at lines 12--13
\JY2/mc/m/n/10 ま
 []


Overfull \hbox (9.6222pt too wide) in paragraph at lines 12--13
\JY2/mc/m/n/10 れ
 []


Overfull \hbox (9.6222pt too wide) in paragraph at lines 12--13
\JY2/mc/m/n/10 た
 []


Overfull \hbox (9.6222pt too wide) in paragraph at lines 12--13
\JY2/mc/m/n/10 自
 []


Overfull \hbox (9.6222pt too wide) in paragraph at lines 12--13
\JY2/mc/m/n/10 動
 []


Overfull \hbox (9.6222pt too wide) in paragraph at lines 12--13
\JY2/mc/m/n/10 車
 []


Overfull \hbox (9.6222pt too wide) in paragraph at lines 12--13
\JY2/mc/m/n/10 が
 []


Overfull \hbox (9.6222pt too wide) in paragraph at lines 12--13
\JY2/mc/m/n/10 船
 []


Overfull \hbox (9.6222pt too wide) in paragraph at lines 12--13
\JY2/mc/m/n/10 の
 []


Overfull \hbox (9.6222pt too wide) in paragraph at lines 12--13
\JY2/mc/m/n/10 一
 []


Overfull \hbox (9.6222pt too wide) in paragraph at lines 12--13
\JY2/mc/m/n/10 部
 []


Overfull \hbox (9.6222pt too wide) in paragraph at lines 12--13
\JY2/mc/m/n/10 の
 []


Overfull \hbox (9.6222pt too wide) in paragraph at lines 12--13
\JY2/mc/m/n/10 領
 []


Overfull \hbox (9.6222pt too wide) in paragraph at lines 12--13
\JY2/mc/m/n/10 域
 []


Overfull \hbox (9.6222pt too wide) in paragraph at lines 12--13
\JY2/mc/m/n/10 に
 []


Overfull \hbox (9.6222pt too wide) in paragraph at lines 12--13
\JY2/mc/m/n/10 集
 []


Overfull \hbox (9.6222pt too wide) in paragraph at lines 12--13
\JY2/mc/m/n/10 中
 []


Overfull \hbox (9.6222pt too wide) in paragraph at lines 12--13
\JY2/mc/m/n/10 し
 []


Overfull \hbox (9.6222pt too wide) in paragraph at lines 12--13
\JY2/mc/m/n/10 て
 []


Overfull \hbox (9.6222pt too wide) in paragraph at lines 12--13
\JY2/mc/m/n/10 い
 []


Overfull \hbox (9.6222pt too wide) in paragraph at lines 12--13
\JY2/mc/m/n/10 る
 []


Overfull \hbox (12.39998pt too wide) in paragraph at lines 12--13
\JY2/mc/m/n/10 と\OT1/cmr/m/n/10 ,
 []


Overfull \hbox (9.6222pt too wide) in paragraph at lines 12--13
\JY2/mc/m/n/10 船
 []


Overfull \hbox (9.6222pt too wide) in paragraph at lines 12--13
\JY2/mc/m/n/10 が
 []


Overfull \hbox (9.6222pt too wide) in paragraph at lines 12--13
\JY2/mc/m/n/10 波
 []


Overfull \hbox (9.6222pt too wide) in paragraph at lines 12--13
\JY2/mc/m/n/10 に
 []


Overfull \hbox (9.6222pt too wide) in paragraph at lines 12--13
\JY2/mc/m/n/10 揺
 []


Overfull \hbox (9.6222pt too wide) in paragraph at lines 12--13
\JY2/mc/m/n/10 ら
 []


Overfull \hbox (9.6222pt too wide) in paragraph at lines 12--13
\JY2/mc/m/n/10 れ
 []


Overfull \hbox (9.6222pt too wide) in paragraph at lines 12--13
\JY2/mc/m/n/10 た
 []


Overfull \hbox (9.6222pt too wide) in paragraph at lines 12--13
\JY2/mc/m/n/10 と
 []


Overfull \hbox (9.6222pt too wide) in paragraph at lines 12--13
\JY2/mc/m/n/10 き
 []


Overfull \hbox (9.6222pt too wide) in paragraph at lines 12--13
\JY2/mc/m/n/10 に
 []


Overfull \hbox (9.6222pt too wide) in paragraph at lines 12--13
\JY2/mc/m/n/10 そ
 []


Overfull \hbox (9.6222pt too wide) in paragraph at lines 12--13
\JY2/mc/m/n/10 の
 []


Overfull \hbox (9.6222pt too wide) in paragraph at lines 12--13
\JY2/mc/m/n/10 ま
 []


Overfull \hbox (9.6222pt too wide) in paragraph at lines 12--13
\JY2/mc/m/n/10 ま
 []


Overfull \hbox (9.6222pt too wide) in paragraph at lines 12--13
\JY2/mc/m/n/10 横
 []


Overfull \hbox (9.6222pt too wide) in paragraph at lines 12--13
\JY2/mc/m/n/10 転
 []


Overfull \hbox (9.6222pt too wide) in paragraph at lines 12--13
\JY2/mc/m/n/10 し
 []


Overfull \hbox (9.6222pt too wide) in paragraph at lines 12--13
\JY2/mc/m/n/10 て
 []


Overfull \hbox (9.6222pt too wide) in paragraph at lines 12--13
\JY2/mc/m/n/10 し
 []


Overfull \hbox (9.6222pt too wide) in paragraph at lines 12--13
\JY2/mc/m/n/10 ま
 []


Overfull \hbox (9.6222pt too wide) in paragraph at lines 12--13
\JY2/mc/m/n/10 う
 []


Overfull \hbox (9.6222pt too wide) in paragraph at lines 12--13
\JY2/mc/m/n/10 可
 []


Overfull \hbox (9.6222pt too wide) in paragraph at lines 12--13
\JY2/mc/m/n/10 能
 []


Overfull \hbox (9.6222pt too wide) in paragraph at lines 12--13
\JY2/mc/m/n/10 性
 []


Overfull \hbox (9.6222pt too wide) in paragraph at lines 12--13
\JY2/mc/m/n/10 が
 []


Overfull \hbox (9.6222pt too wide) in paragraph at lines 12--13
\JY2/mc/m/n/10 あ
 []


Overfull \hbox (9.6222pt too wide) in paragraph at lines 12--13
\JY2/mc/m/n/10 り
 []


Overfull \hbox (9.6222pt too wide) in paragraph at lines 12--13
\JY2/mc/m/n/10 非
 []


Overfull \hbox (9.6222pt too wide) in paragraph at lines 12--13
\JY2/mc/m/n/10 常
 []


Overfull \hbox (9.6222pt too wide) in paragraph at lines 12--13
\JY2/mc/m/n/10 に
 []


Overfull \hbox (9.6222pt too wide) in paragraph at lines 12--13
\JY2/mc/m/n/10 危
 []


Overfull \hbox (9.6222pt too wide) in paragraph at lines 12--13
\JY2/mc/m/n/10 険
 []


Overfull \hbox (9.6222pt too wide) in paragraph at lines 12--13
\JY2/mc/m/n/10 で
 []


Overfull \hbox (9.6222pt too wide) in paragraph at lines 12--13
\JY2/mc/m/n/10 あ
 []


Overfull \hbox (12.39998pt too wide) in paragraph at lines 12--13
\JY2/mc/m/n/10 る\OT1/cmr/m/n/10 . 
 []


Overfull \hbox (29.6222pt too wide) in paragraph at lines 14--15
[]\JY2/mc/m/n/10 良
 []


Overfull \hbox (9.6222pt too wide) in paragraph at lines 14--15
\JY2/mc/m/n/10 い
 []


Overfull \hbox (9.6222pt too wide) in paragraph at lines 14--15
\JY2/mc/m/n/10 席
 []


Overfull \hbox (9.6222pt too wide) in paragraph at lines 14--15
\JY2/mc/m/n/10 割
 []


Overfull \hbox (9.6222pt too wide) in paragraph at lines 14--15
\JY2/mc/m/n/10 の
 []


Overfull \hbox (9.6222pt too wide) in paragraph at lines 14--15
\JY2/mc/m/n/10 指
 []


Overfull \hbox (9.6222pt too wide) in paragraph at lines 14--15
\JY2/mc/m/n/10 標
 []


Overfull \hbox (9.6222pt too wide) in paragraph at lines 14--15
\JY2/mc/m/n/10 に
 []


Overfull \hbox (9.6222pt too wide) in paragraph at lines 14--15
\JY2/mc/m/n/10 つ
 []


Overfull \hbox (9.6222pt too wide) in paragraph at lines 14--15
\JY2/mc/m/n/10 い
 []


Overfull \hbox (12.39998pt too wide) in paragraph at lines 14--15
\JY2/mc/m/n/10 て\OT1/cmr/m/n/10 ,
 []


Overfull \hbox (9.6222pt too wide) in paragraph at lines 14--15
\JY2/mc/m/n/10 海
 []


Overfull \hbox (9.6222pt too wide) in paragraph at lines 14--15
\JY2/mc/m/n/10 運
 []


Overfull \hbox (9.6222pt too wide) in paragraph at lines 14--15
\JY2/mc/m/n/10 会
 []


Overfull \hbox (9.6222pt too wide) in paragraph at lines 14--15
\JY2/mc/m/n/10 社
 []


Overfull \hbox (9.6222pt too wide) in paragraph at lines 14--15
\JY2/mc/m/n/10 の
 []


Overfull \hbox (9.6222pt too wide) in paragraph at lines 14--15
\JY2/mc/m/n/10 業
 []


Overfull \hbox (9.6222pt too wide) in paragraph at lines 14--15
\JY2/mc/m/n/10 務
 []


Overfull \hbox (9.6222pt too wide) in paragraph at lines 14--15
\JY2/mc/m/n/10 と
 []


Overfull \hbox (9.6222pt too wide) in paragraph at lines 14--15
\JY2/mc/m/n/10 し
 []


Overfull \hbox (9.6222pt too wide) in paragraph at lines 14--15
\JY2/mc/m/n/10 て
 []


Overfull \hbox (9.6222pt too wide) in paragraph at lines 14--15
\JY2/mc/m/n/10 席
 []


Overfull \hbox (9.6222pt too wide) in paragraph at lines 14--15
\JY2/mc/m/n/10 割
 []


Overfull \hbox (9.6222pt too wide) in paragraph at lines 14--15
\JY2/mc/m/n/10 を
 []


Overfull \hbox (9.6222pt too wide) in paragraph at lines 14--15
\JY2/mc/m/n/10 作
 []


Overfull \hbox (9.6222pt too wide) in paragraph at lines 14--15
\JY2/mc/m/n/10 成
 []


Overfull \hbox (9.6222pt too wide) in paragraph at lines 14--15
\JY2/mc/m/n/10 し
 []


Overfull \hbox (9.6222pt too wide) in paragraph at lines 14--15
\JY2/mc/m/n/10 て
 []


Overfull \hbox (9.6222pt too wide) in paragraph at lines 14--15
\JY2/mc/m/n/10 い
 []


Overfull \hbox (9.6222pt too wide) in paragraph at lines 14--15
\JY2/mc/m/n/10 る
 []


Overfull \hbox (9.6222pt too wide) in paragraph at lines 14--15
\JY2/mc/m/n/10 作
 []


Overfull \hbox (9.6222pt too wide) in paragraph at lines 14--15
\JY2/mc/m/n/10 業
 []


Overfull \hbox (9.6222pt too wide) in paragraph at lines 14--15
\JY2/mc/m/n/10 者
 []


Overfull \hbox (9.6222pt too wide) in paragraph at lines 14--15
\JY2/mc/m/n/10 や
 []


Overfull \hbox (9.6222pt too wide) in paragraph at lines 14--15
\JY2/mc/m/n/10 自
 []


Overfull \hbox (9.6222pt too wide) in paragraph at lines 14--15
\JY2/mc/m/n/10 動
 []


Overfull \hbox (9.6222pt too wide) in paragraph at lines 14--15
\JY2/mc/m/n/10 車
 []


Overfull \hbox (9.6222pt too wide) in paragraph at lines 14--15
\JY2/mc/m/n/10 を
 []


Overfull \hbox (9.6222pt too wide) in paragraph at lines 14--15
\JY2/mc/m/n/10 船
 []


Overfull \hbox (9.6222pt too wide) in paragraph at lines 14--15
\JY2/mc/m/n/10 内
 []


Overfull \hbox (9.6222pt too wide) in paragraph at lines 14--15
\JY2/mc/m/n/10 の
 []


Overfull \hbox (9.6222pt too wide) in paragraph at lines 14--15
\JY2/mc/m/n/10 エ
 []


Overfull \hbox (9.6222pt too wide) in paragraph at lines 14--15
\JY2/mc/m/n/10 リ
 []


Overfull \hbox (9.6222pt too wide) in paragraph at lines 14--15
\JY2/mc/m/n/10 ア
 []


Overfull \hbox (9.6222pt too wide) in paragraph at lines 14--15
\JY2/mc/m/n/10 ま
 []


Overfull \hbox (9.6222pt too wide) in paragraph at lines 14--15
\JY2/mc/m/n/10 で
 []


Overfull \hbox (9.6222pt too wide) in paragraph at lines 14--15
\JY2/mc/m/n/10 運
 []


Overfull \hbox (9.6222pt too wide) in paragraph at lines 14--15
\JY2/mc/m/n/10 転
 []


Overfull \hbox (9.6222pt too wide) in paragraph at lines 14--15
\JY2/mc/m/n/10 し
 []


Overfull \hbox (9.6222pt too wide) in paragraph at lines 14--15
\JY2/mc/m/n/10 て
 []


Overfull \hbox (9.6222pt too wide) in paragraph at lines 14--15
\JY2/mc/m/n/10 運
 []


Overfull \hbox (9.6222pt too wide) in paragraph at lines 14--15
\JY2/mc/m/n/10 ぶ
 []


Overfull \hbox (9.6222pt too wide) in paragraph at lines 14--15
\JY2/mc/m/n/10 運
 []


Overfull \hbox (9.6222pt too wide) in paragraph at lines 14--15
\JY2/mc/m/n/10 転
 []


Overfull \hbox (9.6222pt too wide) in paragraph at lines 14--15
\JY2/mc/m/n/10 手
 []


Overfull \hbox (9.6222pt too wide) in paragraph at lines 14--15
\JY2/mc/m/n/10 へ
 []


Overfull \hbox (9.6222pt too wide) in paragraph at lines 14--15
\JY2/mc/m/n/10 の
 []


Overfull \hbox (9.6222pt too wide) in paragraph at lines 14--15
\JY2/mc/m/n/10 ヒ
 []


Overfull \hbox (9.6222pt too wide) in paragraph at lines 14--15
\JY2/mc/m/n/10 ア
 []


Overfull \hbox (9.6222pt too wide) in paragraph at lines 14--15
\JY2/mc/m/n/10 リ
 []


Overfull \hbox (9.6222pt too wide) in paragraph at lines 14--15
\JY2/mc/m/n/10 ン
 []


Overfull \hbox (9.6222pt too wide) in paragraph at lines 14--15
\JY2/mc/m/n/10 グ
 []


Overfull \hbox (9.6222pt too wide) in paragraph at lines 14--15
\JY2/mc/m/n/10 を
 []


Overfull \hbox (9.6222pt too wide) in paragraph at lines 14--15
\JY2/mc/m/n/10 行
 []


Overfull \hbox (9.6222pt too wide) in paragraph at lines 14--15
\JY2/mc/m/n/10 っ
 []


Overfull \hbox (13.93329pt too wide) in paragraph at lines 14--15
\JY2/mc/m/n/10 た ．
 []


Overfull \hbox (9.6222pt too wide) in paragraph at lines 14--15
\JY2/mc/m/n/10 ヒ
 []


Overfull \hbox (9.6222pt too wide) in paragraph at lines 14--15
\JY2/mc/m/n/10 ア
 []


Overfull \hbox (9.6222pt too wide) in paragraph at lines 14--15
\JY2/mc/m/n/10 リ
 []


Overfull \hbox (9.6222pt too wide) in paragraph at lines 14--15
\JY2/mc/m/n/10 ン
 []


Overfull \hbox (9.6222pt too wide) in paragraph at lines 14--15
\JY2/mc/m/n/10 グ
 []


Overfull \hbox (9.6222pt too wide) in paragraph at lines 14--15
\JY2/mc/m/n/10 か
 []


Overfull \hbox (13.93329pt too wide) in paragraph at lines 14--15
\JY2/mc/m/n/10 ら ，
 []


Overfull \hbox (9.6222pt too wide) in paragraph at lines 14--15
\JY2/mc/m/n/10 積
 []


Overfull \hbox (9.6222pt too wide) in paragraph at lines 14--15
\JY2/mc/m/n/10 み
 []


Overfull \hbox (9.6222pt too wide) in paragraph at lines 14--15
\JY2/mc/m/n/10 降
 []


Overfull \hbox (9.6222pt too wide) in paragraph at lines 14--15
\JY2/mc/m/n/10 ろ
 []


Overfull \hbox (9.6222pt too wide) in paragraph at lines 14--15
\JY2/mc/m/n/10 し
 []


Overfull \hbox (9.6222pt too wide) in paragraph at lines 14--15
\JY2/mc/m/n/10 時
 []


Overfull \hbox (9.6222pt too wide) in paragraph at lines 14--15
\JY2/mc/m/n/10 に
 []


Overfull \hbox (9.6222pt too wide) in paragraph at lines 14--15
\JY2/mc/m/n/10 意
 []


Overfull \hbox (9.6222pt too wide) in paragraph at lines 14--15
\JY2/mc/m/n/10 図
 []


Overfull \hbox (9.6222pt too wide) in paragraph at lines 14--15
\JY2/mc/m/n/10 し
 []


Overfull \hbox (9.6222pt too wide) in paragraph at lines 14--15
\JY2/mc/m/n/10 な
 []


Overfull \hbox (9.6222pt too wide) in paragraph at lines 14--15
\JY2/mc/m/n/10 い
 []


Overfull \hbox (9.6222pt too wide) in paragraph at lines 14--15
\JY2/mc/m/n/10 自
 []


Overfull \hbox (9.6222pt too wide) in paragraph at lines 14--15
\JY2/mc/m/n/10 動
 []


Overfull \hbox (9.6222pt too wide) in paragraph at lines 14--15
\JY2/mc/m/n/10 車
 []


Overfull \hbox (9.6222pt too wide) in paragraph at lines 14--15
\JY2/mc/m/n/10 を
 []


Overfull \hbox (9.6222pt too wide) in paragraph at lines 14--15
\JY2/mc/m/n/10 積
 []


Overfull \hbox (9.6222pt too wide) in paragraph at lines 14--15
\JY2/mc/m/n/10 み
 []


Overfull \hbox (9.6222pt too wide) in paragraph at lines 14--15
\JY2/mc/m/n/10 下
 []


Overfull \hbox (9.6222pt too wide) in paragraph at lines 14--15
\JY2/mc/m/n/10 ろ
 []


Overfull \hbox (9.6222pt too wide) in paragraph at lines 14--15
\JY2/mc/m/n/10 す
 []


Overfull \hbox (9.6222pt too wide) in paragraph at lines 14--15
\JY2/mc/m/n/10 こ
 []


Overfull \hbox (9.6222pt too wide) in paragraph at lines 14--15
\JY2/mc/m/n/10 と
 []


Overfull \hbox (9.6222pt too wide) in paragraph at lines 14--15
\JY2/mc/m/n/10 が
 []


Overfull \hbox (9.6222pt too wide) in paragraph at lines 14--15
\JY2/mc/m/n/10 起
 []


Overfull \hbox (9.6222pt too wide) in paragraph at lines 14--15
\JY2/mc/m/n/10 こ
 []


Overfull \hbox (9.6222pt too wide) in paragraph at lines 14--15
\JY2/mc/m/n/10 り
 []


Overfull \hbox (9.6222pt too wide) in paragraph at lines 14--15
\JY2/mc/m/n/10 に
 []


Overfull \hbox (9.6222pt too wide) in paragraph at lines 14--15
\JY2/mc/m/n/10 く
 []


Overfull \hbox (9.6222pt too wide) in paragraph at lines 14--15
\JY2/mc/m/n/10 い
 []


Overfull \hbox (9.6222pt too wide) in paragraph at lines 14--15
\JY2/mc/m/n/10 こ
 []


Overfull \hbox (12.39998pt too wide) in paragraph at lines 14--15
\JY2/mc/m/n/10 と\OT1/cmr/m/n/10 ,
 []


Overfull \hbox (9.6222pt too wide) in paragraph at lines 14--15
\JY2/mc/m/n/10 積
 []


Overfull \hbox (9.6222pt too wide) in paragraph at lines 14--15
\JY2/mc/m/n/10 み
 []


Overfull \hbox (9.6222pt too wide) in paragraph at lines 14--15
\JY2/mc/m/n/10 降
 []


Overfull \hbox (9.6222pt too wide) in paragraph at lines 14--15
\JY2/mc/m/n/10 ろ
 []


Overfull \hbox (9.6222pt too wide) in paragraph at lines 14--15
\JY2/mc/m/n/10 し
 []


Overfull \hbox (9.6222pt too wide) in paragraph at lines 14--15
\JY2/mc/m/n/10 を
 []


Overfull \hbox (9.6222pt too wide) in paragraph at lines 14--15
\JY2/mc/m/n/10 す
 []


Overfull \hbox (9.6222pt too wide) in paragraph at lines 14--15
\JY2/mc/m/n/10 る
 []


Overfull \hbox (9.6222pt too wide) in paragraph at lines 14--15
\JY2/mc/m/n/10 港
 []


Overfull \hbox (9.6222pt too wide) in paragraph at lines 14--15
\JY2/mc/m/n/10 が
 []


Overfull \hbox (9.6222pt too wide) in paragraph at lines 14--15
\JY2/mc/m/n/10 同
 []


Overfull \hbox (9.6222pt too wide) in paragraph at lines 14--15
\JY2/mc/m/n/10 じ
 []


Overfull \hbox (9.6222pt too wide) in paragraph at lines 14--15
\JY2/mc/m/n/10 自
 []


Overfull \hbox (9.6222pt too wide) in paragraph at lines 14--15
\JY2/mc/m/n/10 動
 []


Overfull \hbox (9.6222pt too wide) in paragraph at lines 14--15
\JY2/mc/m/n/10 車
 []


Overfull \hbox (9.6222pt too wide) in paragraph at lines 14--15
\JY2/mc/m/n/10 が
 []


Overfull \hbox (9.6222pt too wide) in paragraph at lines 14--15
\JY2/mc/m/n/10 船
 []


Overfull \hbox (9.6222pt too wide) in paragraph at lines 14--15
\JY2/mc/m/n/10 内
 []


Overfull \hbox (9.6222pt too wide) in paragraph at lines 14--15
\JY2/mc/m/n/10 で
 []


Overfull \hbox (9.6222pt too wide) in paragraph at lines 14--15
\JY2/mc/m/n/10 ま
 []


Overfull \hbox (9.6222pt too wide) in paragraph at lines 14--15
\JY2/mc/m/n/10 と
 []


Overfull \hbox (9.6222pt too wide) in paragraph at lines 14--15
\JY2/mc/m/n/10 ま
 []


Overfull \hbox (9.6222pt too wide) in paragraph at lines 14--15
\JY2/mc/m/n/10 っ
 []


Overfull \hbox (9.6222pt too wide) in paragraph at lines 14--15
\JY2/mc/m/n/10 て
 []


Overfull \hbox (9.6222pt too wide) in paragraph at lines 14--15
\JY2/mc/m/n/10 割
 []


Overfull \hbox (9.6222pt too wide) in paragraph at lines 14--15
\JY2/mc/m/n/10 り
 []


Overfull \hbox (9.6222pt too wide) in paragraph at lines 14--15
\JY2/mc/m/n/10 当
 []


Overfull \hbox (9.6222pt too wide) in paragraph at lines 14--15
\JY2/mc/m/n/10 て
 []


Overfull \hbox (9.6222pt too wide) in paragraph at lines 14--15
\JY2/mc/m/n/10 ら
 []


Overfull \hbox (9.6222pt too wide) in paragraph at lines 14--15
\JY2/mc/m/n/10 れ
 []


Overfull \hbox (9.6222pt too wide) in paragraph at lines 14--15
\JY2/mc/m/n/10 て
 []


Overfull \hbox (9.6222pt too wide) in paragraph at lines 14--15
\JY2/mc/m/n/10 い
 []


Overfull \hbox (9.6222pt too wide) in paragraph at lines 14--15
\JY2/mc/m/n/10 る
 []


Overfull \hbox (9.6222pt too wide) in paragraph at lines 14--15
\JY2/mc/m/n/10 こ
 []


Overfull \hbox (13.93329pt too wide) in paragraph at lines 14--15
\JY2/mc/m/n/10 と ，
 []


Overfull \hbox (9.6222pt too wide) in paragraph at lines 14--15
\JY2/mc/m/n/10 運
 []


Overfull \hbox (9.6222pt too wide) in paragraph at lines 14--15
\JY2/mc/m/n/10 転
 []


Overfull \hbox (9.6222pt too wide) in paragraph at lines 14--15
\JY2/mc/m/n/10 手
 []


Overfull \hbox (9.6222pt too wide) in paragraph at lines 14--15
\JY2/mc/m/n/10 が
 []


Overfull \hbox (9.6222pt too wide) in paragraph at lines 14--15
\JY2/mc/m/n/10 作
 []


Overfull \hbox (9.6222pt too wide) in paragraph at lines 14--15
\JY2/mc/m/n/10 業
 []


Overfull \hbox (9.6222pt too wide) in paragraph at lines 14--15
\JY2/mc/m/n/10 を
 []


Overfull \hbox (9.6222pt too wide) in paragraph at lines 14--15
\JY2/mc/m/n/10 す
 []


Overfull \hbox (9.6222pt too wide) in paragraph at lines 14--15
\JY2/mc/m/n/10 る
 []


Overfull \hbox (9.6222pt too wide) in paragraph at lines 14--15
\JY2/mc/m/n/10 効
 []


Overfull \hbox (9.6222pt too wide) in paragraph at lines 14--15
\JY2/mc/m/n/10 率
 []


Overfull \hbox (9.6222pt too wide) in paragraph at lines 14--15
\JY2/mc/m/n/10 が
 []


Overfull \hbox (9.6222pt too wide) in paragraph at lines 14--15
\JY2/mc/m/n/10 落
 []


Overfull \hbox (9.6222pt too wide) in paragraph at lines 14--15
\JY2/mc/m/n/10 ち
 []


Overfull \hbox (9.6222pt too wide) in paragraph at lines 14--15
\JY2/mc/m/n/10 な
 []


Overfull \hbox (9.6222pt too wide) in paragraph at lines 14--15
\JY2/mc/m/n/10 い
 []


Overfull \hbox (9.6222pt too wide) in paragraph at lines 14--15
\JY2/mc/m/n/10 程
 []


Overfull \hbox (9.6222pt too wide) in paragraph at lines 14--15
\JY2/mc/m/n/10 度
 []


Overfull \hbox (9.6222pt too wide) in paragraph at lines 14--15
\JY2/mc/m/n/10 の
 []


Overfull \hbox (9.6222pt too wide) in paragraph at lines 14--15
\JY2/mc/m/n/10 ス
 []


Overfull \hbox (18.74438pt too wide) in paragraph at lines 14--15
\JY2/mc/m/n/10 ペ ー
 []


Overfull \hbox (9.6222pt too wide) in paragraph at lines 14--15
\JY2/mc/m/n/10 ス
 []


Overfull \hbox (9.6222pt too wide) in paragraph at lines 14--15
\JY2/mc/m/n/10 が
 []


Overfull \hbox (9.6222pt too wide) in paragraph at lines 14--15
\JY2/mc/m/n/10 確
 []


Overfull \hbox (9.6222pt too wide) in paragraph at lines 14--15
\JY2/mc/m/n/10 保
 []


Overfull \hbox (9.6222pt too wide) in paragraph at lines 14--15
\JY2/mc/m/n/10 さ
 []


Overfull \hbox (9.6222pt too wide) in paragraph at lines 14--15
\JY2/mc/m/n/10 れ
 []


Overfull \hbox (9.6222pt too wide) in paragraph at lines 14--15
\JY2/mc/m/n/10 て
 []


Overfull \hbox (9.6222pt too wide) in paragraph at lines 14--15
\JY2/mc/m/n/10 い
 []


Overfull \hbox (9.6222pt too wide) in paragraph at lines 14--15
\JY2/mc/m/n/10 る
 []


Overfull \hbox (9.6222pt too wide) in paragraph at lines 14--15
\JY2/mc/m/n/10 こ
 []


Overfull \hbox (12.39998pt too wide) in paragraph at lines 14--15
\JY2/mc/m/n/10 と\OT1/cmr/m/n/10 ,
 []


Overfull \hbox (9.6222pt too wide) in paragraph at lines 14--15
\JY2/mc/m/n/10 船
 []


Overfull \hbox (9.6222pt too wide) in paragraph at lines 14--15
\JY2/mc/m/n/10 の
 []


Overfull \hbox (9.6222pt too wide) in paragraph at lines 14--15
\JY2/mc/m/n/10 ス
 []


Overfull \hbox (18.74438pt too wide) in paragraph at lines 14--15
\JY2/mc/m/n/10 ペ ー
 []


Overfull \hbox (9.6222pt too wide) in paragraph at lines 14--15
\JY2/mc/m/n/10 ス
 []


Overfull \hbox (9.6222pt too wide) in paragraph at lines 14--15
\JY2/mc/m/n/10 を
 []


Overfull \hbox (9.6222pt too wide) in paragraph at lines 14--15
\JY2/mc/m/n/10 無
 []


Overfull \hbox (9.6222pt too wide) in paragraph at lines 14--15
\JY2/mc/m/n/10 駄
 []


Overfull \hbox (9.6222pt too wide) in paragraph at lines 14--15
\JY2/mc/m/n/10 に
 []


Overfull \hbox (9.6222pt too wide) in paragraph at lines 14--15
\JY2/mc/m/n/10 し
 []


Overfull \hbox (9.6222pt too wide) in paragraph at lines 14--15
\JY2/mc/m/n/10 な
 []


Overfull \hbox (9.6222pt too wide) in paragraph at lines 14--15
\JY2/mc/m/n/10 い
 []


Overfull \hbox (9.6222pt too wide) in paragraph at lines 14--15
\JY2/mc/m/n/10 こ
 []


Overfull \hbox (9.6222pt too wide) in paragraph at lines 14--15
\JY2/mc/m/n/10 と
 []


Overfull \hbox (9.6222pt too wide) in paragraph at lines 14--15
\JY2/mc/m/n/10 に
 []


Overfull \hbox (9.6222pt too wide) in paragraph at lines 14--15
\JY2/mc/m/n/10 重
 []


Overfull \hbox (9.6222pt too wide) in paragraph at lines 14--15
\JY2/mc/m/n/10 点
 []


Overfull \hbox (9.6222pt too wide) in paragraph at lines 14--15
\JY2/mc/m/n/10 を
 []


Overfull \hbox (9.6222pt too wide) in paragraph at lines 14--15
\JY2/mc/m/n/10 置
 []


Overfull \hbox (9.6222pt too wide) in paragraph at lines 14--15
\JY2/mc/m/n/10 い
 []


Overfull \hbox (9.6222pt too wide) in paragraph at lines 14--15
\JY2/mc/m/n/10 て
 []


Overfull \hbox (9.6222pt too wide) in paragraph at lines 14--15
\JY2/mc/m/n/10 い
 []


Overfull \hbox (9.6222pt too wide) in paragraph at lines 14--15
\JY2/mc/m/n/10 る
 []


Overfull \hbox (9.6222pt too wide) in paragraph at lines 14--15
\JY2/mc/m/n/10 と
 []


Overfull \hbox (9.6222pt too wide) in paragraph at lines 14--15
\JY2/mc/m/n/10 考
 []


Overfull \hbox (9.6222pt too wide) in paragraph at lines 14--15
\JY2/mc/m/n/10 え
 []


Overfull \hbox (9.6222pt too wide) in paragraph at lines 14--15
\JY2/mc/m/n/10 ら
 []


Overfull \hbox (9.6222pt too wide) in paragraph at lines 14--15
\JY2/mc/m/n/10 れ
 []


Overfull \hbox (12.39998pt too wide) in paragraph at lines 14--15
\JY2/mc/m/n/10 た\OT1/cmr/m/n/10 .
 []


Overfull \hbox (9.6222pt too wide) in paragraph at lines 14--15
\JY2/mc/m/n/10 本
 []


Overfull \hbox (9.6222pt too wide) in paragraph at lines 14--15
\JY2/mc/m/n/10 研
 []


Overfull \hbox (9.6222pt too wide) in paragraph at lines 14--15
\JY2/mc/m/n/10 究
 []


Overfull \hbox (9.6222pt too wide) in paragraph at lines 14--15
\JY2/mc/m/n/10 で
 []


Overfull \hbox (9.6222pt too wide) in paragraph at lines 14--15
\JY2/mc/m/n/10 は
 []


Overfull \hbox (9.6222pt too wide) in paragraph at lines 14--15
\JY2/mc/m/n/10 こ
 []


Overfull \hbox (9.6222pt too wide) in paragraph at lines 14--15
\JY2/mc/m/n/10 の
 []


Overfull \hbox (9.6222pt too wide) in paragraph at lines 14--15
\JY2/mc/m/n/10 よ
 []


Overfull \hbox (9.6222pt too wide) in paragraph at lines 14--15
\JY2/mc/m/n/10 う
 []


Overfull \hbox (9.6222pt too wide) in paragraph at lines 14--15
\JY2/mc/m/n/10 な
 []


Overfull \hbox (9.6222pt too wide) in paragraph at lines 14--15
\JY2/mc/m/n/10 良
 []


Overfull \hbox (9.6222pt too wide) in paragraph at lines 14--15
\JY2/mc/m/n/10 い
 []


Overfull \hbox (9.6222pt too wide) in paragraph at lines 14--15
\JY2/mc/m/n/10 席
 []


Overfull \hbox (9.6222pt too wide) in paragraph at lines 14--15
\JY2/mc/m/n/10 割
 []


Overfull \hbox (9.6222pt too wide) in paragraph at lines 14--15
\JY2/mc/m/n/10 の
 []


Overfull \hbox (9.6222pt too wide) in paragraph at lines 14--15
\JY2/mc/m/n/10 指
 []


Overfull \hbox (9.6222pt too wide) in paragraph at lines 14--15
\JY2/mc/m/n/10 標
 []


Overfull \hbox (9.6222pt too wide) in paragraph at lines 14--15
\JY2/mc/m/n/10 を
 []


Overfull \hbox (9.6222pt too wide) in paragraph at lines 14--15
\JY2/mc/m/n/10 考
 []


Overfull \hbox (9.6222pt too wide) in paragraph at lines 14--15
\JY2/mc/m/n/10 慮
 []


Overfull \hbox (9.6222pt too wide) in paragraph at lines 14--15
\JY2/mc/m/n/10 し
 []


Overfull \hbox (9.6222pt too wide) in paragraph at lines 14--15
\JY2/mc/m/n/10 た
 []


Overfull \hbox (9.6222pt too wide) in paragraph at lines 14--15
\JY2/mc/m/n/10 目
 []


Overfull \hbox (9.6222pt too wide) in paragraph at lines 14--15
\JY2/mc/m/n/10 的
 []


Overfull \hbox (9.6222pt too wide) in paragraph at lines 14--15
\JY2/mc/m/n/10 関
 []


Overfull \hbox (9.6222pt too wide) in paragraph at lines 14--15
\JY2/mc/m/n/10 数
 []


Overfull \hbox (9.6222pt too wide) in paragraph at lines 14--15
\JY2/mc/m/n/10 を
 []


Overfull \hbox (9.6222pt too wide) in paragraph at lines 14--15
\JY2/mc/m/n/10 設
 []


Overfull \hbox (9.6222pt too wide) in paragraph at lines 14--15
\JY2/mc/m/n/10 計
 []


Overfull \hbox (9.6222pt too wide) in paragraph at lines 14--15
\JY2/mc/m/n/10 す
 []


Overfull \hbox (12.39998pt too wide) in paragraph at lines 14--15
\JY2/mc/m/n/10 る\OT1/cmr/m/n/10 . 
 []

)
! Emergency stop.
<*> tekiyou.tex
               
*** (job aborted, no legal \end found)

 
Here is how much of TeX's memory you used:
 6 strings out of 492752
 64 string characters out of 6140168
 82993 words of memory out of 5000000
 4557 multiletter control sequences out of 15000+600000
 6281 words of font info for 32 fonts, out of 8000000 for 9000
 929 hyphenation exceptions out of 8191
 18i,4n,8p,1247b,107s stack positions out of 5000i,500n,10000p,200000b,80000s
Output written on tekiyou.dvi (1 page, 832 bytes).
