File:book/exp.csv

--------------------------------------------
Warning: your license will expire in 1 days
--------------------------------------------

Academic license - for non-commercial use only - expires 2021-04-02
Using license file /home/takeda/gurobi.lic
Changed value of parameter TimeLimit to 86400.0
   Prev: inf  Min: 0.0  Max: inf  Default: inf
Changed value of parameter MIPFocus to 1
   Prev: 0  Min: 0  Max: 3  Default: 0
No parameters matching 'LPMethod' found

Statistics for model Unnamed :
  Linear constraint matrix    : 0 Constrs, 0 Vars, 0 NZs
  Matrix coefficient range    : [ 0, 0 ]
  Objective coefficient range : [ 0, 0 ]
  Variable bound range        : [ 0, 0 ]
  RHS coefficient range       : [ 0, 0 ]

========================= Solve Assignment Problem =========================
Gurobi Optimizer version 9.1.1 build v9.1.1rc0 (linux64)
Thread count: 4 physical cores, 8 logical processors, using up to 8 threads
Optimize a model with 90266 rows, 63700 columns and 1668412 nonzeros
Model fingerprint: 0x336b21a8
Model has 10100 quadratic constraints
Variable types: 24368 continuous, 39332 integer (34473 binary)
Coefficient statistics:
  Matrix range     [2e-03, 2e+05]
  QMatrix range    [1e+00, 1e+00]
  QLMatrix range   [1e+00, 1e+00]
  Objective range  [1e+00, 1e+03]
  Bounds range     [1e+00, 5e+02]
  RHS range        [1e-01, 4e+07]
  QRHS range       [1e+00, 5e+02]
Presolve removed 42470 rows and 43358 columns
Presolve time: 4.65s
Presolved: 115920 rows, 70754 columns, 1178633 nonzeros
Variable types: 0 continuous, 70754 integer (16115 binary)

Deterministic concurrent LP optimizer: primal and dual simplex (primal and dual model)
Showing first log only...


Root simplex log...

Iteration    Objective       Primal Inf.    Dual Inf.      Time
       0   -1.1820000e+03   6.200073e+03   5.581726e+08     13s
   18020    1.6331576e+04   0.000000e+00   2.307417e+05     15s
Concurrent spin time: 0.00s

Solved with dual simplex (dual model)

Root relaxation: objective -4.461980e+03, 7961 iterations, 5.09 seconds
Total elapsed time = 17.12s
Total elapsed time = 25.93s

    Nodes    |    Current Node    |     Objective Bounds      |     Work
 Expl Unexpl |  Obj  Depth IntInf | Incumbent    BestBd   Gap | It/Node Time

     0     0 -4461.9800    0  960          - -4461.9800      -     -   41s
     0     0 -4461.9800    0  955          - -4461.9800      -     -  101s
     0     0 -4461.9800    0  867          - -4461.9800      -     -  193s
     0     0 -4461.9800    0 1124          - -4461.9800      -     -  400s
     0     0 -4461.9800    0 1140          - -4461.9800      -     -  423s
     0     0 -4461.9800    0  676          - -4461.9800      -     -  963s
     0     0 -4461.9800    0  835          - -4461.9800      -     - 1230s
     0     0 -4461.9800    0  781          - -4461.9800      -     - 1334s
     0     0 -4461.9800    0 1440          - -4461.9800      -     - 1786s
H    0     0                    1015166.7900 -4461.9800   100%     - 1790s
     0     0 -4461.9800    0 1517 1015166.79 -4461.9800   100%     - 2074s
H    0     0                    392609.79000 -4461.9800   101%     - 2117s
H    0     0                    6164.3000000 -4461.9800   172%     - 2224s
H    0     0                    4164.3000000 -4461.9800   207%     - 2228s
     0     2 -4461.9800    0 1514 4164.30000 -4461.9800   207%     - 2289s
H    1     4                    1122.3000000 -4461.9800   498% 21539 2460s
H    3     8                    1032.3000000 -4461.9800   532% 97745 2680s
H    6     8                     989.3000000 -4461.9800   551% 121925 2680s
     7    12 -4461.9800    3 1055  989.30000 -4461.9800   551% 127086 2845s
    11    14 -4429.1407    4  780  989.30000 -4461.9800   551% 126685 2917s
H   14    14                     979.3000000 -4461.9800   556% 100349 2917s
    15    18 -4429.1407    5  776  979.30000 -4461.9800   556% 94371 2938s
    19    22 -4405.1556    6  759  979.30000 -4461.9800   556% 76065 3123s
    23    29 -4387.4899    7  870  979.30000 -4461.9800   556% 76593 3150s
    30    35 -4379.8150    9  914  979.30000 -4461.9800   556% 60295 3208s
    36    53 -4379.8150   11  884  979.30000 -4461.9800   556% 51048 3303s
    56    75 -4374.8754   18  851  979.30000 -4461.9800   556% 33688 3389s
    90   126 -4331.4547   30  802  979.30000 -4461.9800   556% 22081 3458s
   147   212 -4299.1486   45  676  979.30000 -4461.9800   556% 14716 3539s
   251   294 -4258.2927   68  700  979.30000 -4461.9800   556%  9602 3619s
H  326   294                      10.3000000 -4461.9800      -  7909 3619s
   351   338 -4461.9800    9  885   10.30000 -4461.9800      -  7520 3679s
H  352   338                     -49.7000000 -4461.9800  8878%  7499 3679s
   405   390 -4458.6879   13 1070  -49.70000 -4461.9800  8878%  6947 3740s
H  458   390                     -50.7000000 -4461.9800  8701%  6530 3740s
   465   445 -3990.7686   32  446  -50.70000 -4461.9800  8701%  6504 3842s
H  487   445                     -61.7000000 -4461.9800  7132%  6334 3842s
H  516   445                    -1068.700000 -4461.9800   318%  6164 3842s
   546   535 -4457.9868   31  769 -1068.7000 -4461.9800   318%  5979 3922s
H  570   535                    -1069.700000 -4461.9800   317%  5911 3922s
H  656   643                    -1080.700000 -4461.9800   313%  5325 3995s
H  736   643                    -1090.700000 -4461.9800   309%  4996 3995s
H  782   767                    -1101.700000 -4461.9800   305%  4749 4085s
   922   866 -4431.7880   50  936 -1101.7000 -4461.9800   305%  4206 4146s
  1070   867 -4447.5432   53 9363 -1101.7000 -4461.9800   305%  3824 4403s
  1072   868 -4220.7664  143  423 -1101.7000 -4461.9800   305%  3817 4433s
  1073   869 -4263.2220  115 1095 -1101.7000 -4461.9800   305%  3814 4525s
  1074   870 -4458.1578   24 1079 -1101.7000 -4461.9800   305%  3810 4577s
  1075   870 -4200.7664  144  600 -1101.7000 -4461.9800   305%  3807 4860s
  1076   871 -4007.4858   53 1427 -1101.7000 -4461.9800   305%  3803 4887s
  1077   872 -4458.8241   11 1340 -1101.7000 -4461.9800   305%  3800 4958s
  1078   872 -4295.4400   92 1119 -1101.7000 -4461.9800   305%  3796 5049s
  1079   873 -4269.0944  109  698 -1101.7000 -4461.9800   305%  3793 5173s
  1080   874 -4238.4758   69 1035 -1101.7000 -4461.9800   305%  3789 5229s
  1081   874 -4458.8589   10 1135 -1101.7000 -4461.9800   305%  3786 5265s
  1082   875 -1160.5204   48 1135 -1101.7000 -4461.9800   305%  3782 5451s
  1083   879 -4461.9800   12 1359 -1101.7000 -4461.9800   305%  4481 5665s
  1085   882 -4461.9800   13 1660 -1101.7000 -4461.9800   305%  4881 5972s
  1089   883 infeasible   14      -1101.7000 -4461.9800   305%  5488 6152s
  1093   885  postponed   14      -1101.7000 -4461.9800   305%  6579 6791s
  1097   888 -4461.9800   15 1716 -1101.7000 -4461.9800   305%  7021 6815s
  1101   891 -4459.4602   15 1662 -1101.7000 -4461.9800   305%  7032 7134s
  1105   897 -4461.9800   16 1349 -1101.7000 -4461.9800   305%  7216 7256s
  1113   903 -4461.3500   17 1546 -1101.7000 -4461.9800   305%  7235 7291s
  1121   904 -4461.1181   18 1342 -1101.7000 -4461.9800   305%  7221 7381s
  1127   910 -4461.1181   18 1050 -1101.7000 -4461.9800   305%  7264 7411s
  1135   933 -4461.1181   19  974 -1101.7000 -4461.9800   305%  7245 7484s
  1161   972 -4459.3704   21  902 -1101.7000 -4461.9800   305%  7193 7565s
  1208   994 -4457.8957   25  960 -1101.7000 -4461.9800   305%  7028 7634s
  1250  1040 -4456.8844   28  925 -1101.7000 -4461.9800   305%  6877 7673s
  1312  1063 -4456.7504   32  894 -1101.7000 -4461.9800   305%  6643 7728s
  1368  1085 -4455.9376   36  901 -1101.7000 -4461.9800   305%  6471 7767s
  1408  1129 -4450.8527   41  768 -1101.7000 -4461.9800   305%  6348 7806s
  1472  1156 -4448.9162   46  512 -1101.7000 -4461.9800   305%  6155 7861s
  1530  1168 -3988.9196   59  365 -1101.7000 -4461.9800   305%  5998 7942s
  1577  1176 infeasible   66      -1101.7000 -4461.9800   305%  5930 8104s
  1617  1174 -4461.8756   16 1371 -1101.7000 -4461.9800   305%  5995 8323s
  1641  1175 -4460.4130   18 1284 -1101.7000 -4461.9800   305%  6024 8391s
  1650  1190 -4460.3605   21 1600 -1101.7000 -4461.9800   305%  6078 8459s
  1668  1204 -4460.2891   25 1594 -1101.7000 -4461.9800   305%  6100 8529s
  1688  1215 -4460.2294   30 1517 -1101.7000 -4461.9800   305%  6127 8601s
  1707  1230 -4460.2294   36 1516 -1101.7000 -4461.9800   305%  6174 8692s
H 1711  1184                    -1110.700000 -4461.9800   302%  6175 8692s
  1728  1202 -4457.6760   40 1528 -1110.7000 -4461.9800   302%  6221 8767s
  1751  1219 -4457.0213   45 1701 -1110.7000 -4461.9800   302%  6247 8844s
  1776  1244 -4456.5827   50 1485 -1110.7000 -4461.9800   302%  6272 8945s
  1811  1271 -4456.0113   54 1846 -1110.7000 -4461.9800   302%  6311 9065s
H 1815  1228                    -1111.700000 -4461.9800   301%  6316 9065s
  1852  1257 -4447.3463   58 1847 -1111.7000 -4461.9800   301%  6320 9181s
  1894  1317 -4430.8653   60 1818 -1111.7000 -4461.9800   301%  6331 9309s
  1968  1365 -4404.9991   62 1864 -1111.7000 -4461.9800   301%  6249 9438s
  2042  1460 -4107.3819   67 1883 -1111.7000 -4461.9800   301%  6175 9558s
  2163  1561 -4063.4048   72 1950 -1111.7000 -4461.9800   301%  5992 9679s
  2304  1687 -4041.4594   79 1655 -1111.7000 -4461.9800   301%  5802 9811s
  2487  1842 -4023.1497   96 1321 -1111.7000 -4461.9800   301%  5543 9986s
  2705  1993 -4010.7714  120 1164 -1111.7000 -4461.9800   301%  5223 10065s
  2945  2154     cutoff  134      -1111.7000 -4461.9800   301%  4903 10136s
  3201  2254 -4460.8746   17 1098 -1111.7000 -4461.9800   301%  4583 10201s
H 3280  2170                    -2070.950000 -4461.9800   115%  4479 10201s
  3476  2126 -4460.4073   21 1080 -2070.9500 -4461.9800   115%  4243 10279s
H 3512  2123                    -2140.950000 -4461.9800   108%  4249 10412s
H 3512  1663                    -4150.000000 -4461.9800  7.52%  4249 10412s
H 3523  1638                    -4163.820000 -4461.9800  7.16%  4274 10412s
  3533  1667 -4278.3123   31  786 -4163.8200 -4461.9800  7.16%  4293 10512s
H 3549  1566                    -4201.860000 -4461.9800  6.19%  4284 10512s
  3570  1576 -4256.7231   52  833 -4201.8600 -4461.9800  6.19%  4310 10616s
H 3575  1559                    -4205.460000 -4461.9800  6.10%  4308 10616s
H 3579  1100                    -4260.860000 -4461.9800  4.72%  4319 10616s
H 3588  1126                    -4261.860000 -4461.9800  4.70%  4353 10711s
H 3589  1120                    -4263.860000 -4461.9800  4.65%  4354 10711s
H 3597  1076                    -4270.860000 -4461.9800  4.47%  4355 10711s
H 3609  1040                    -4288.860000 -4461.9800  4.04%  4356 10711s
  3621  1076 -4460.7120   25 1186 -4288.8600 -4461.9800  4.04%  4375 10810s
H 3624  1042                    -4290.860000 -4461.9800  3.99%  4375 10810s
H 3657  1033                    -4291.860000 -4461.9800  3.96%  4363 10810s
  3669  1053 -4453.2607   33 1499 -4291.8600 -4461.9800  3.96%  4388 10949s
H 3692   977                    -4303.110000 -4461.9800  3.69%  4380 10949s
H 3696   946                    -4316.660000 -4461.9800  3.37%  4398 10949s
  3703   963 -4452.0686   38 1186 -4316.6600 -4461.9800  3.37%  4406 11045s
H 3713   963                    -4316.780000 -4461.9800  3.36%  4409 11045s
H 3717   961                    -4318.660000 -4461.9800  3.32%  4416 11045s
H 3726   962                    -4319.660000 -4461.9800  3.29%  4435 11227s
H 3728   960                    -4319.820000 -4461.9800  3.29%  4454 11227s
H 3739   956                    -4320.660000 -4461.9800  3.27%  4487 11227s
  3747   987 -4437.2351   48 1114 -4320.6600 -4461.9800  3.27%  4495 11409s
H 3757   982                    -4321.660000 -4461.9800  3.25%  4507 11409s
  3790  1024 -4411.6101   57  809 -4321.6600 -4461.9800  3.25%  4510 11543s
  3850  1055 infeasible   79      -4321.6600 -4461.9800  3.25%  4521 11676s
H 3886  1055                    -4322.120000 -4461.9800  3.24%  4504 11676s
H 3914  1051                    -4323.660000 -4461.9800  3.20%  4521 11676s
  3915  1070 -4456.4702   21 1106 -4323.6600 -4461.9800  3.20%  4533 11822s
  3946  1108 -4431.3847   26 1059 -4323.6600 -4461.9800  3.20%  4567 11987s
H 4019  1046                    -4340.320000 -4461.9800  2.80%  4539 11987s
  4026  1096 -4451.8423   20  995 -4340.3200 -4461.9800  2.80%  4551 12178s
H 4058  1011                    -4346.400000 -4461.9800  2.66%  4559 12178s
  4124  1044 -4445.8481   29  792 -4346.4000 -4461.9800  2.66%  4550 12319s
  4167  1112 infeasible   53      -4346.4000 -4461.9800  2.66%  4568 12475s
  4264  1148 -4461.8892   23 1236 -4346.4000 -4461.9800  2.66%  4560 12629s
  4304  1184 -4461.8892   31 1181 -4346.4000 -4461.9800  2.66%  4579 12875s
  4360  1235 -4461.8892   37 1231 -4346.4000 -4461.9800  2.66%  4594 13076s
  4413  1286 -4453.9272   42 1496 -4346.4000 -4461.9800  2.66%  4625 13279s
  4484  1338 -4453.4166   48 1370 -4346.4000 -4461.9800  2.66%  4653 13487s
  4584  1375 -4453.1630   61 1316 -4346.4000 -4461.9800  2.66%  4656 13702s
  4621  1415 -4391.4702   68 1646 -4346.4000 -4461.9800  2.66%  4715 14004s
  4675  1434 -4374.1531   77 1486 -4346.4000 -4461.9800  2.66%  4797 14536s
  4720  1459 infeasible   83      -4346.4000 -4461.9800  2.66%  4846 14984s
  4774  1516 -4355.8444   99 1494 -4346.4000 -4461.9800  2.66%  4900 15420s
  4898  1556 -4352.3300  111 1256 -4346.4000 -4461.9800  2.66%  4919 15724s
  4960  1584 -4443.4716   35 1364 -4346.4000 -4461.9800  2.66%  4995 16062s
  5018  1624 -4461.8775   18 1364 -4346.4000 -4461.9800  2.66%  5089 16599s
  5060  1700 -4440.3228   27 1230 -4346.4000 -4461.9800  2.66%  5207 17140s
  5152  1799 -4414.0391   37 1060 -4346.4000 -4461.9800  2.66%  5263 17482s
  5269  1921 -4459.6999   40 1158 -4346.4000 -4461.9800  2.66%  5309 17916s
  5407  1974 -4374.7583   55 1040 -4346.4000 -4461.9800  2.66%  5342 18307s
  5498  2025 -4459.1342   22 1375 -4346.4000 -4461.9800  2.66%  5415 18859s
  5577  2127 -4453.2424   31 1383 -4346.4000 -4461.9800  2.66%  5496 19582s
  5742  2200 -4459.3407   23 1409 -4346.4000 -4461.9800  2.66%  5524 20518s
  5865  2315 -4452.0211   44 1553 -4346.4000 -4461.9800  2.66%  5601 21326s
  6037  2384 -4428.1078   31 1432 -4346.4000 -4461.9800  2.66%  5627 22143s
  6152  2483 -4451.8541   27 1537 -4346.4000 -4461.9800  2.66%  5699 22949s
  6303  2681 -4433.4551   32 1113 -4346.4000 -4461.9800  2.66%  5746 23523s
  6641  2980 -4460.0598   25 1209 -4346.4000 -4461.9800  2.66%  5702 24112s
  7090  3072 -4458.8786   35 1188 -4346.4000 -4461.9800  2.66%  5579 24813s
  7222  3165 -4436.9671   63 1336 -4346.4000 -4461.9800  2.66%  5655 25647s
  7363  3223 -4350.3661   89 1372 -4346.4000 -4461.9800  2.66%  5699 26571s
  7481  3337 -4451.7548   54 1379 -4346.4000 -4461.9800  2.66%  5778 27705s
  7660  3484 -4457.5798   53 1221 -4346.4000 -4461.9800  2.66%  5828 28496s
  7889  3599 -4461.9219   33 1346 -4346.4000 -4461.9800  2.66%  5867 29185s
  8016  3748 -4446.7150   57 1608 -4346.4000 -4461.9800  2.66%  5946 30047s
  8217  3904 -4414.8211   88 1127 -4346.4000 -4461.9750  2.66%  5977 31136s
  8497  4191 -4452.1946   25 2029 -4346.4000 -4461.9687  2.66%  6033 32366s
  8885  4417 infeasible   22      -4346.4000 -4461.9644  2.66%  6017 33844s
  9249  4633 -4447.3714   21 1198 -4346.4000 -4461.9508  2.66%  6036 34791s
  9550  4850 -4441.4991   35  790 -4346.4000 -4461.9428  2.66%  6080 35901s
  9874  5115 -4452.2008   30 1293 -4346.4000 -4461.9272  2.66%  6109 37294s
 10256  5116 -4441.6596   25 7271 -4346.4000 -4461.9267  2.66%  6068 38271s
 10258  5117 -4445.7627   29  255 -4346.4000 -4461.9267  2.66%  6067 38290s
 10259  5118 -4384.6744   52  778 -4346.4000 -4461.9267  2.66%  6067 38366s
 10260  5119 -4379.0093   58 1849 -4346.4000 -4461.9267  2.66%  6066 38399s
 10261  5119 -4379.9176   61 1490 -4346.4000 -4461.9267  2.66%  6065 38474s
 10262  5120 -4368.0816   64 1513 -4346.4000 -4461.9267  2.66%  6065 38520s
 10263  5121 -4384.2962   51  560 -4346.4000 -4461.9267  2.66%  6064 38595s
 10264  5121 -4445.7454   28  805 -4346.4000 -4461.9267  2.66%  6064 38639s
 10265  5122 -4400.7298   68  914 -4346.4000 -4461.9267  2.66%  6063 38718s
 10266  5123 -4391.7114   73 1251 -4346.4000 -4461.9267  2.66%  6062 38769s
 10267  5123 -4439.3261   28 1171 -4346.4000 -4461.9267  2.66%  6062 38852s
 10268  5124 -4425.3320   74 1171 -4346.4000 -4461.9267  2.66%  6061 38915s
 10269  5128 -4461.9267   23 1029 -4346.4000 -4461.9267  2.66%  6122 39167s
 10271  5131 -4461.9267   24 1248 -4346.4000 -4461.9267  2.66%  6161 39752s
 10275  5134 -4461.7129   25 1815 -4346.4000 -4461.9267  2.66%  6277 40239s
 10279  5136 -4461.9267   25 1814 -4346.4000 -4461.9267  2.66%  6378 40322s
 10283  5139 -4461.7129   26 1848 -4346.4000 -4461.9267  2.66%  6386 40460s
 10287  5142 -4461.7129   26 1669 -4346.4000 -4461.9267  2.66%  6408 40520s
 10291  5147 -4461.7123   27 1687 -4346.4000 -4461.9267  2.66%  6412 40636s
 10298  5151 -4459.9967   28 1329 -4346.4000 -4461.9267  2.66%  6425 40708s
 10304  5155 -4432.7436   29  882 -4346.4000 -4461.9267  2.66%  6436 40756s
 10310  5188 -4427.0273   30  850 -4346.4000 -4461.9267  2.66%  6440 41019s
 10353  5203 -4378.3770   36  634 -4346.4000 -4461.9267  2.66%  6445 41190s
 10420  5199 -4451.7668   27 1604 -4346.4000 -4461.9267  2.66%  6437 41259s
 10453  5202 -4451.7303   29 1373 -4346.4000 -4461.9267  2.66%  6433 41450s
 10494  5219 -4426.9044   30 1672 -4346.4000 -4461.9267  2.66%  6439 41639s
 10524  5230 -4418.5955   35 1595 -4346.4000 -4461.9267  2.66%  6449 41727s
 10561  5225 -4408.5060   45 1736 -4346.4000 -4461.9267  2.66%  6438 41898s
 10575  5240 -4407.0344   50 1460 -4346.4000 -4461.9267  2.66%  6442 42017s
 10594  5254 -4405.9100   63 1271 -4346.4000 -4461.9267  2.66%  6449 42152s
 10615  5284 -4377.5826   68 1269 -4346.4000 -4461.9267  2.66%  6452 42553s
 10668  5295 -4461.9267   27 1058 -4346.4000 -4461.9267  2.66%  6464 42757s
 10700  5309 -4458.0237   29 1357 -4346.4000 -4461.9267  2.66%  6471 43004s
 10733  5371 -4443.8221   36  948 -4346.4000 -4461.9267  2.66%  6480 43263s
 10843  5351 infeasible   75      -4346.4000 -4461.9267  2.66%  6459 43609s
 10896  5370 -4461.9267   32 1521 -4346.4000 -4461.9267  2.66%  6462 43956s
 10934  5374 -4460.2570   35 1373 -4346.4000 -4461.9267  2.66%  6480 44230s
 10971  5377 -4460.2491   38 1183 -4346.4000 -4461.9267  2.66%  6491 44596s
 10998  5403 -4432.3548   43 1241 -4346.4000 -4461.9267  2.66%  6508 44842s
 11037  5447 -4428.7822   48 1533 -4346.4000 -4461.9267  2.66%  6522 45091s
 11137  5432 -4375.6305   58 1390 -4346.4000 -4461.9267  2.66%  6516 45449s
 11182  5444 -4455.6681   30 1829 -4346.4000 -4461.9267  2.66%  6539 45848s
 11229  5450 -4445.3733   33 1581 -4346.4000 -4461.9267  2.66%  6549 46334s
 11268  5452 -4419.6332   41 1109 -4346.4000 -4461.9267  2.66%  6557 46558s
 11305  5467 -4461.0319   32 1582 -4346.4000 -4461.9267  2.66%  6583 46853s
 11370  5465 -4451.1826   41 1784 -4346.4000 -4461.9267  2.66%  6601 47315s
 11405  5494 -4405.0876   51 1343 -4346.4000 -4461.9267  2.66%  6631 47696s
 11452  5534 -4373.3772   79 1041 -4346.4000 -4461.9267  2.66%  6656 48054s
 11538  5565 -4438.3145   33 1493 -4346.4000 -4461.9267  2.66%  6674 48690s
 11619  5613 -4460.6933   31 1642 -4346.4000 -4461.9267  2.66%  6706 49149s
 11698  5719 -4458.9846   42 1816 -4346.4000 -4461.9267  2.66%  6735 49655s
 11867  5708 -4436.2952   59 1809 -4346.4000 -4461.9267  2.66%  6747 50357s
 11946  5739 -4461.8771   32 1860 -4346.4000 -4461.9267  2.66%  6772 50961s
 12007  5806 -4457.1740   43 1652 -4346.4000 -4461.9267  2.66%  6811 51920s
 12157  5844 -4444.2073   60 1778 -4346.4000 -4461.9267  2.66%  6801 52483s
 12279  5904 -4461.8054   31 1893 -4346.4000 -4461.9267  2.66%  6822 53003s
 12403  5949 -4458.1142   37 1778 -4346.4000 -4461.9267  2.66%  6838 53652s
 12512  6037 -4399.9044   48 1171 -4346.4000 -4461.9267  2.66%  6878 54677s
 12698  6070 -4388.5643   49 1717 -4346.4000 -4461.9267  2.66%  6888 55566s
 12807  6193 -4460.6946   42 1543 -4346.4000 -4461.9267  2.66%  6916 56251s
 13008  6165 -4426.1443   68 1608 -4346.4000 -4461.9267  2.66%  6931 57429s
 13071  6225 -4390.3499   42 1881 -4346.4000 -4461.9267  2.66%  6976 58779s
 13168  6328 -4457.6316   41 1564 -4346.4000 -4461.9267  2.66%  7015 59742s
 13379  6369 infeasible   66      -4346.4000 -4461.9267  2.66%  7021 60842s
 13526  6411 -4451.2293   52 1631 -4346.4000 -4461.9267  2.66%  7061 61978s
 13705  6487 -4448.2652   39 1725 -4346.4000 -4461.9267  2.66%  7078 63356s
 13909  6566 -4448.9724   33 1414 -4346.4000 -4461.9267  2.66%  7096 65464s
 14142  6620     cutoff   66      -4346.4000 -4461.9267  2.66%  7111 67307s
 14344  6701 -4444.3112   53 1667 -4346.4000 -4461.9267  2.66%  7122 69208s
 14565  6756 -4449.2058   30 1305 -4346.4000 -4461.9267  2.66%  7148 70632s
 14753  6941 -4453.6942   43 1950 -4346.4000 -4461.9267  2.66%  7194 72335s
 15061  7028 -4452.6498   31 1838 -4346.4000 -4461.9267  2.66%  7212 73999s
 15331  7053 -4458.7241   31 1158 -4346.4000 -4461.9267  2.66%  7244 75756s
 15542  7091 -4432.8773   39 1739 -4346.4000 -4461.9267  2.66%  7280 78259s
 15702  7156 -4349.7364   52 1432 -4346.4000 -4461.9267  2.66%  7326 80281s
 15886  7452 -4438.1144   55 2054 -4346.4000 -4461.9257  2.66%  7382 82265s
 16329  7446 -4364.5988  105  950 -4346.4000 -4461.9199  2.66%  7334 84905s
 16556  7563 -4454.8563   32 1862 -4346.4000 -4461.9168  2.66%  7375 86400s

Cutting planes:
  Learned: 9
  Gomory: 2
  Cover: 52
  Implied bound: 204
  Clique: 218
  MIR: 616
  StrongCG: 242
  Flow cover: 146
  GUB cover: 9
  Zero half: 100
  Network: 5
  RLT: 604
  Relax-and-lift: 325
  BQP: 45

Explored 16807 nodes (125499721 simplex iterations) in 86400.06 seconds
Thread count was 8 (of 8 available processors)

Solution count 10: -4346.4 -4340.32 -4323.66 ... -4316.78

Time limit reached
Best objective -4.346400000000e+03, best bound -4.461897834329e+03, gap 2.6573%
-----------------------------------------------------------------
penalty count => 

[weight]
Object1's weight : 1
Object2's weight : 1
Object3's weight : 1
Object4's weight : 1
Object5's weight : 1

[penalty & benefit]
Different discharge port in one hold                  : 10 × 4.0
Different loading port in pair hold                   : 1 × 6
Different discharge port in pair hold                 : 10 × 4
The number of cars passed holds that exceed threshold : 0
The benefit remaining RT of hold near the entrance    : 546.8
The penalty of total dead space                       : 1000 × 0

 => Total penalty is -4346.4
-----------------------------------------------------------------
