File:book/kokubu1.csv

--------------------------------------------
Warning: your license will expire in 8 days
--------------------------------------------

Academic license - for non-commercial use only - expires 2021-04-02
Using license file /home/takeda/gurobi.lic
Changed value of parameter TimeLimit to 86400.0
   Prev: inf  Min: 0.0  Max: inf  Default: inf
Changed value of parameter MIPFocus to 1
   Prev: 0  Min: 0  Max: 3  Default: 0
No parameters matching 'LPMethod' found

Statistics for model Unnamed :
  Linear constraint matrix    : 0 Constrs, 0 Vars, 0 NZs
  Matrix coefficient range    : [ 0, 0 ]
  Objective coefficient range : [ 0, 0 ]
  Variable bound range        : [ 0, 0 ]
  RHS coefficient range       : [ 0, 0 ]

========================= Solve Assignment Problem =========================
Gurobi Optimizer version 9.1.1 build v9.1.1rc0 (linux64)
Thread count: 4 physical cores, 8 logical processors, using up to 8 threads
Optimize a model with 280035 rows, 135639 columns and 10386368 nonzeros
Model fingerprint: 0x556878b6
Model has 29920 quadratic constraints
Variable types: 75753 continuous, 59886 integer (44750 binary)
Coefficient statistics:
  Matrix range     [4e-03, 2e+05]
  QMatrix range    [1e+00, 1e+00]
  QLMatrix range   [1e+00, 1e+00]
  Objective range  [1e+00, 1e+03]
  Bounds range     [1e+00, 3e+02]
  RHS range        [1e-01, 4e+07]
  QRHS range       [1e+00, 3e+02]
Presolve removed 124721 rows and 74579 columns (presolve time = 5s) ...
Presolve removed 145970 rows and 74579 columns (presolve time = 10s) ...
Presolve removed 145970 rows and 74579 columns (presolve time = 16s) ...
Presolve removed 147366 rows and 75975 columns (presolve time = 22s) ...
Presolve removed 139432 rows and 74515 columns
Presolve time: 21.53s
Presolved: 328315 rows, 195118 columns, 7547652 nonzeros
Variable types: 30 continuous, 195088 integer (24458 binary)

Deterministic concurrent LP optimizer: primal simplex, dual simplex, and barrier
Showing barrier log only...

Root barrier log...

Elapsed ordering time = 5s
Elapsed ordering time = 10s
Elapsed ordering time = 15s
Elapsed ordering time = 20s
Elapsed ordering time = 25s
Elapsed ordering time = 30s
Elapsed ordering time = 35s
Elapsed ordering time = 40s
Elapsed ordering time = 45s
Elapsed ordering time = 50s
Elapsed ordering time = 55s
Elapsed ordering time = 60s
Elapsed ordering time = 65s
Elapsed ordering time = 70s
Elapsed ordering time = 75s
Elapsed ordering time = 80s
Elapsed ordering time = 85s
Elapsed ordering time = 90s
Elapsed ordering time = 95s
Elapsed ordering time = 100s
Elapsed ordering time = 105s
Elapsed ordering time = 110s
Ordering time: 113.48s

Barrier statistics:
 Dense cols : 4169
 AA' NZ     : 2.086e+07
 Factor NZ  : 1.031e+08 (roughly 1.0 GBytes of memory)
 Factor Ops : 1.724e+11 (roughly 20 seconds per iteration)
 Threads    : 1

                  Objective                Residual
Iter       Primal          Dual         Primal    Dual     Compl     Time
   0   1.45961393e+10 -7.40628093e+10  6.94e+07 4.00e+00  5.41e+08   239s

Barrier performed 0 iterations in 239.40 seconds
Barrier solve interrupted - model solved by another algorithm

Concurrent spin time: 154.75s (can be avoided by choosing Method=3)

Solved with primal simplex

Root relaxation: objective -6.698000e+02, 35097 iterations, 235.15 seconds
Total elapsed time = 307.87s
Total elapsed time = 502.81s
Total elapsed time = 510.34s

    Nodes    |    Current Node    |     Objective Bounds      |     Work
 Expl Unexpl |  Obj  Depth IntInf | Incumbent    BestBd   Gap | It/Node Time

     0     0 -669.80000    0 1598          - -669.80000      -     -  516s
     0     0 -616.73637    0 2424          - -616.73637      -     -  589s
     0     0 -616.73637    0 2445          - -616.73637      -     - 1418s
     0     0 -510.31788    0 2424          - -510.31788      -     - 1560s
     0     0 -510.31788    0 2175          - -510.31788      -     - 1643s
     0     0 -488.39572    0 2431          - -488.39572      -     - 1766s
     0     0 -484.29001    0 2363          - -484.29001      -     - 2143s
     0     0 -484.10993    0 2723          - -484.10993      -     - 3360s
     0     0 -452.93026    0 3136          - -452.93026      -     - 4722s
     0     0 -446.71314    0 2867          - -446.71314      -     - 6126s
     0     0 -446.07808    0 3362          - -446.07808      -     - 7229s
     0     0 -419.30770    0 2264          - -419.30770      -     - 7512s
H    0     0                    363128.50000 -419.30017   100%     - 9951s
H    0     0                    38193.780000 -419.30017   101%     - 10924s
H    0     0                    21777.730000 -419.30017   102%     - 11884s
     0     2 -419.30017    0 2089 21777.7300 -419.30017   102%     - 12176s
H    1     3                    19424.030000 -412.73288   102% 35550 26798s
H    2     3                    16296.180000 -291.72749   102% 245264 26798s
H    3     6                    16295.180000  -58.62813   100% 360837 30651s
     6    10  571.29928    3 6458 16295.1800  571.29928  96.5% 628743 41201s
    10    14  580.88005    4 2704 16295.1800  571.29928  96.5% 669836 52167s
    14    18  580.88006    5 2680 16295.1800  571.29928  96.5% 613961 54223s
    18    22  580.87984    6 2588 16295.1800  571.29928  96.5% 479530 55562s
    22    26  683.84815    7 2216 16295.1800  571.29928  96.5% 393872 58232s
    26    34  580.87982    7 2598 16295.1800  571.29928  96.5% 334786 60526s
H   27    34                    16149.980000  571.29928  96.5% 322387 60526s
H   29    34                    14126.980000  571.29928  96.0% 301088 60526s
H   31    34                    14116.530000  571.29928  96.0% 281817 60526s
    34    42  588.81707    8 2648 14116.5300  571.29928  96.0% 257699 60988s
    42    50  588.81727   10 2626 14116.5300  571.29928  96.0% 209874 64542s
H   50    50                    14071.680000  571.29928  95.9% 177335 65469s
    51    51  571.29928    0 31023 14071.6800  571.29928  95.9% 173858 68321s
    53    52  571.29928    0 5574 14071.6800  571.29928  95.9% 167297 69665s
H   53    49                    14038.430000  571.29928  95.9% 167297 75945s
    55    51  571.29928    0 2845 14038.4300  571.29928  95.9% 161214 77435s
    56    51  571.29928    0 2718 14038.4300  571.29928  95.9% 158335 77772s
    57    52  571.29928    0 2829 14038.4300  571.29928  95.9% 155557 78684s
    58    53  571.29928    0 2689 14038.4300  571.29928  95.9% 152875 80044s
    59    53  571.29928    0 2798 14038.4300  571.29928  95.9% 150284 80318s
H   59    50                    14015.630000  571.29928  95.9% 150284 83877s
    61    52  571.29928    0 2769 14015.6300  571.29928  95.9% 145357 85354s
    62    52  571.29928    0 2860 14015.6300  571.29928  95.9% 143012 85657s

Cutting planes:
  Learned: 7
  Cover: 18
  Implied bound: 169
  Clique: 21
  MIR: 91
  StrongCG: 10
  Flow cover: 91
  Zero half: 99
  Network: 1
  RLT: 378
  Relax-and-lift: 36
  BQP: 15

Explored 62 nodes (11498469 simplex iterations) in 86400.49 seconds
Thread count was 8 (of 8 available processors)

Solution count 10: 14015.6 14038.4 14071.7 ... 21777.7

Time limit reached
Best objective 1.401563000000e+04, best bound 5.712992802852e+02, gap 95.9238%
-----------------------------------------------------------------
penalty count => 

[weight]
Object1's weight : 1
Object2's weight : 1
Object3's weight : 1
Object4's weight : 1
Object5's weight : 1

[penalty & benefit]
Different discharge port in one hold                  : 10 × 55.0
Different loading port in pair hold                   : 1 × 23
Different discharge port in pair hold                 : 10 × 74
The number of cars passed holds that exceed threshold : 9969.0
The benefit remaining RT of hold near the entrance    : 26.91
The penalty of total dead space                       : 1000 × 3.0

 => Total penalty is 14015.63
-----------------------------------------------------------------
