File:book/LEVEL1-1.csv
Academic license - for non-commercial use only - expires 2021-04-02
Using license file /home/takeda/gurobi.lic
Changed value of parameter TimeLimit to 86400.0
   Prev: inf  Min: 0.0  Max: inf  Default: inf
Changed value of parameter MIPFocus to 1
   Prev: 0  Min: 0  Max: 3  Default: 0
No parameters matching 'LPMethod' found

Statistics for model Unnamed :
  Linear constraint matrix    : 0 Constrs, 0 Vars, 0 NZs
  Matrix coefficient range    : [ 0, 0 ]
  Objective coefficient range : [ 0, 0 ]
  Variable bound range        : [ 0, 0 ]
  RHS coefficient range       : [ 0, 0 ]

========================= Solve Assignment Problem =========================
Gurobi Optimizer version 9.1.1 build v9.1.1rc0 (linux64)
Thread count: 4 physical cores, 8 logical processors, using up to 8 threads
Optimize a model with 183509 rows, 106141 columns and 8466982 nonzeros
Model fingerprint: 0x0ddaf179
Model has 21590 quadratic constraints
Variable types: 54683 continuous, 51458 integer (40536 binary)
Coefficient statistics:
  Matrix range     [5e-03, 2e+05]
  QMatrix range    [1e+00, 1e+00]
  QLMatrix range   [1e+00, 1e+00]
  Objective range  [1e+00, 1e+03]
  Bounds range     [1e+00, 2e+02]
  RHS range        [1e-01, 4e+07]
  QRHS range       [1e+00, 2e+02]
Presolve removed 52171 rows and 61741 columns (presolve time = 5s) ...
Presolve removed 52214 rows and 61827 columns (presolve time = 10s) ...
Presolve removed 55497 rows and 61870 columns (presolve time = 15s) ...
Presolve removed 56019 rows and 62392 columns (presolve time = 21s) ...
Presolve removed 53194 rows and 61829 columns
Presolve time: 21.15s
Presolved: 281583 rows, 154408 columns, 4686196 nonzeros
Variable types: 0 continuous, 154408 integer (14823 binary)

Deterministic concurrent LP optimizer: primal simplex, dual simplex, and barrier
Showing barrier log only...

Root barrier log...

Elapsed ordering time = 5s
Elapsed ordering time = 10s
Elapsed ordering time = 15s
Elapsed ordering time = 20s
Elapsed ordering time = 25s
Elapsed ordering time = 30s
Elapsed ordering time = 35s
Elapsed ordering time = 40s
Elapsed ordering time = 45s
Elapsed ordering time = 50s
Elapsed ordering time = 55s
Elapsed ordering time = 60s
Elapsed ordering time = 65s
Elapsed ordering time = 70s
Elapsed ordering time = 75s
Elapsed ordering time = 80s
Elapsed ordering time = 85s
Elapsed ordering time = 90s
Elapsed ordering time = 95s
Elapsed ordering time = 100s
Elapsed ordering time = 105s
Elapsed ordering time = 110s
Elapsed ordering time = 115s
Elapsed ordering time = 120s
Elapsed ordering time = 125s
Elapsed ordering time = 130s
Elapsed ordering time = 135s
Elapsed ordering time = 140s
Elapsed ordering time = 145s
Elapsed ordering time = 150s
Elapsed ordering time = 155s
Elapsed ordering time = 160s
Elapsed ordering time = 165s
Elapsed ordering time = 170s
Elapsed ordering time = 175s
Elapsed ordering time = 180s
Elapsed ordering time = 185s
Elapsed ordering time = 190s
Elapsed ordering time = 195s
Elapsed ordering time = 200s
Ordering time: 202.13s

Barrier statistics:
 Dense cols : 2033
 AA' NZ     : 1.870e+07
 Factor NZ  : 1.065e+08 (roughly 1.0 GBytes of memory)
 Factor Ops : 1.218e+11 (roughly 17 seconds per iteration)
 Threads    : 1

                  Objective                Residual
Iter       Primal          Dual         Primal    Dual     Compl     Time
   0   2.53930232e+10 -3.79059358e+10  7.04e+06 6.38e+01  5.39e+08   309s
   1   2.11807429e+10 -3.95018735e+10  5.27e+06 1.18e+04  4.51e+08   346s
   2   1.57963790e+10 -4.54499096e+10  3.21e+06 6.13e+03  2.70e+08   384s
   3   1.10882413e+10 -5.42318669e+10  2.08e+06 2.06e+03  1.78e+08   423s
   4   8.58923757e+09 -5.67579058e+10  1.55e+06 1.20e+03  1.36e+08   460s
   5   4.17141482e+09 -6.53558254e+10  7.28e+05 1.65e+02  6.74e+07   504s
   6   3.30107332e+08 -6.54006374e+10  5.73e+04 1.36e-04  5.69e+06   565s
   7   9.97200898e+07 -4.31562915e+10  1.72e+04 7.89e-04  1.72e+06   617s
   8   5.92349354e+07 -2.86158606e+10  1.01e+04 6.53e-04  1.00e+06   671s
   9   4.09451502e+07 -2.27179601e+10  6.90e+03 7.27e-04  6.81e+05   730s
  10   2.45814636e+07 -1.73163260e+10  4.05e+03 1.09e-02  4.00e+05   787s
  11   1.92777574e+07 -1.62465501e+10  3.13e+03 8.10e-03  3.16e+05   854s
  12   1.26984314e+07 -1.23221302e+10  1.99e+03 2.88e-02  1.98e+05   916s
  13   5.19747970e+06 -9.09602986e+09  6.91e+02 2.41e-02  7.84e+04   975s
  14   3.53591395e+06 -5.66002527e+09  4.05e+02 9.36e-03  4.02e+04  1030s
  15   1.36623345e+06 -2.69297467e+09  3.30e+01 1.30e-03  9.12e+03  1095s
  16   1.08243628e+06 -5.96578764e+08  5.43e+00 1.89e-04  1.74e+03  1158s
  17   9.49586331e+05 -1.65762800e+08  6.10e-01 4.82e-05  4.66e+02  1211s
  18   8.96178442e+05 -1.61452998e+07  1.87e-07 2.49e-06  4.74e+01  1260s
  19   6.52187580e+05 -1.12386118e+06  1.46e-08 6.40e-08  4.94e+00  1306s
  20   9.16822831e+04 -1.50253258e+05  4.82e-10 1.98e-10  6.73e-01  1345s
  21  -2.71943903e+03 -3.98417499e+04  1.55e-10 1.15e-10  1.03e-01  1393s
  22  -3.48507350e+03 -2.36612307e+04  7.22e-10 6.14e-11  5.61e-02  1430s
  23  -3.68388174e+03 -7.38619386e+03  2.81e-09 5.79e-12  1.03e-02  1479s
  24  -4.19164005e+03 -5.94723934e+03  9.11e-10 2.81e-12  4.88e-03  1515s
  25  -4.44454482e+03 -4.58238115e+03  7.11e-11 5.46e-12  3.84e-04  1552s
  26  -4.44310284e+03 -4.48000891e+03  5.82e-10 6.81e-12  1.03e-04  1586s
  27  -4.45169654e+03 -4.47983741e+03  5.67e-10 5.16e-12  7.83e-05  1617s
  28  -4.45989194e+03 -4.46396719e+03  3.65e-09 2.73e-10  1.13e-05  1649s
  29  -4.46195772e+03 -4.46215951e+03  2.10e-10 1.16e-10  5.61e-07  1682s
  30  -4.46197992e+03 -4.46198018e+03  2.51e-09 3.64e-12  7.29e-10  1716s
  31  -4.46197999e+03 -4.46198000e+03  5.93e-07 1.93e-11  6.34e-13  1749s

Barrier solved model in 31 iterations and 1749.33 seconds
Optimal objective -4.46197999e+03


Root crossover log...

  205695 variables added to crossover basis                     1750s

      98 DPushes remaining with DInf 0.0000000e+00              1751s
       0 DPushes remaining with DInf 0.0000000e+00              1751s

   10490 PPushes remaining with PInf 0.0000000e+00              1751s
    4957 PPushes remaining with PInf 0.0000000e+00              1755s
    1950 PPushes remaining with PInf 0.0000000e+00              1762s
    1191 PPushes remaining with PInf 0.0000000e+00              1768s
     812 PPushes remaining with PInf 0.0000000e+00              1771s
     406 PPushes remaining with PInf 0.0000000e+00              1776s
       0 PPushes remaining with PInf 0.0000000e+00              1781s

  Push phase complete: Pinf 0.0000000e+00, Dinf 4.7165055e-11   1781s


Root simplex log...

Iteration    Objective       Primal Inf.    Dual Inf.      Time
   10561   -4.4619800e+03   0.000000e+00   0.000000e+00   1782s
   10831   -4.4619800e+03   0.000000e+00   2.583200e+02   1787s
   10834   -4.4619800e+03   0.000000e+00   0.000000e+00   1787s
Extra simplex iterations after uncrush: 273
Concurrent spin time: 616.50s (can be avoided by choosing Method=3)

Solved with barrier

Root relaxation: objective -4.461980e+03, 10834 iterations, 1727.37 seconds
Total elapsed time = 1787.96s
Total elapsed time = 2357.22s
Total elapsed time = 2362.88s

    Nodes    |    Current Node    |     Objective Bounds      |     Work
 Expl Unexpl |  Obj  Depth IntInf | Incumbent    BestBd   Gap | It/Node Time

     0     0 -4461.9800    0  927          - -4461.9800      -     - 2366s
H    0     0                    -3155.020000 -4461.9800  41.4%     - 2381s
     0     0 -4461.9800    0 2210 -3155.0200 -4461.9800  41.4%     - 6031s
H    0     0                    -3770.300000 -4461.9800  18.3%     - 9298s
     0     0 -4461.9800    0 2111 -3770.3000 -4461.9800  18.3%     - 9303s
     0     0 -4461.9800    0  910 -3770.3000 -4461.9800  18.3%     - 13457s
     0     0 -4461.9800    0 1744 -3770.3000 -4461.9800  18.3%     - 14018s
     0     0 -4461.9800    0  935 -3770.3000 -4461.9800  18.3%     - 18227s
H    0     0                    -3869.860000 -4461.9800  15.3%     - 20744s
     0     0 -4461.9800    0 1628 -3869.8600 -4461.9800  15.3%     - 21391s
     0     0 -4461.9800    0 1077 -3869.8600 -4461.9800  15.3%     - 21953s
     0     0 -4461.9800    0 1191 -3869.8600 -4461.9800  15.3%     - 21964s
     0     0 -4461.9800    0  938 -3869.8600 -4461.9800  15.3%     - 23114s
H    0     0                    -4047.360000 -4461.9800  10.2%     - 80715s
H    0     0                    -4082.460000 -4461.9800  9.30%     - 80718s
     0     2 -4461.9800    0  781 -4082.4600 -4461.9800  9.30%     - 80782s
H    1     4                    -4083.180000 -4461.9800  9.28%  6990 86400s

Cutting planes:
  Gomory: 2
  Implied bound: 30
  MIR: 37
  StrongCG: 19
  Flow cover: 6
  Zero half: 129
  RLT: 87
  Relax-and-lift: 10
  BQP: 15

Explored 3 nodes (3437797 simplex iterations) in 86400.24 seconds
Thread count was 8 (of 8 available processors)

Solution count 6: -4083.18 -4082.46 -4047.36 ... -3155.02

Time limit reached
Best objective -4.083180000000e+03, best bound -4.461980000000e+03, gap 9.2771%
-----------------------------------------------------------------
penalty count => 

[weight]
Object1's weight : 1
Object2's weight : 1
Object3's weight : 1
Object4's weight : 1
Object5's weight : 1

[penalty & benefit]
Different discharge port in one hold                  : 10 × 14.0
Different loading port in pair hold                   : 1 × 22
Different discharge port in pair hold                 : 10 × 20
The number of cars passed holds that exceed threshold : 0
The benefit remaining RT of hold near the entrance    : 551.06
The penalty of total dead space                       : 1000 × 0

 => Total penalty is -4083.1800000000003
-----------------------------------------------------------------
Traceback (most recent call last):
  File "SP1-2.py", line 793, in <module>
    main()
  File "SP1-2.py", line 788, in main
    assign_data.to_excel(assignment_result_name, index=False, columns=c_list)
  File "/usr/local/lib64/python3.6/site-packages/pandas/core/generic.py", line 2032, in to_excel
    engine=engine,
  File "/usr/local/lib64/python3.6/site-packages/pandas/io/formats/excel.py", line 742, in write
    writer.save()
  File "/usr/local/lib64/python3.6/site-packages/pandas/io/excel/_openpyxl.py", line 43, in save
    return self.book.save(self.path)
  File "/usr/local/lib/python3.6/site-packages/openpyxl/workbook/workbook.py", line 392, in save
    save_workbook(self, filename)
  File "/usr/local/lib/python3.6/site-packages/openpyxl/writer/excel.py", line 291, in save_workbook
    archive = ZipFile(filename, 'w', ZIP_DEFLATED, allowZip64=True)
  File "/usr/lib64/python3.6/zipfile.py", line 1113, in __init__
    self.fp = io.open(file, filemode)
FileNotFoundError: [Errno 2] No such file or directory: 'result/book/LEVEL1-1_assignment.xlsx'
