     Order_num  LPORT  DPORT  Units       RT  Weight
0            1      0      2    450   749.80    2111
1            2      0      3    176   229.74    1538
2            3      0      4    343   475.21    1651
3            4      1      2   2897  4281.20    1598
4            5      1      3    875  1207.39    1652
..         ...    ...    ...    ...      ...     ...
104        105      1      3     49     1.36    1780
105        106      1      3      1     1.36    1730
106        107      1      3      1     1.46    1980
107        108      1      3      2     1.46    2130
108        109      1      3      7     1.47    2100

[109 rows x 6 columns]
   Order_num  LPORT  DPORT  Units       RT  Weight
0          1      0      2    450   749.80    2111
1          2      0      3    176   229.74    1538
2          3      0      4    343   475.21    1651
3          4      1      2   2897  4281.20    1598
4          5      1      3    875  1207.39    1652
[0, 1, 2, 3, 4]
Academic license - for non-commercial use only - expires 2022-10-13
Using license file /home/takeda/gurobi.lic
Changed value of parameter TimeLimit to 300.0
   Prev: inf  Min: 0.0  Max: inf  Default: inf
Changed value of parameter MIPFocus to 1
   Prev: 0  Min: 0  Max: 3  Default: 0
No parameters matching 'LPMethod' found
Changed value of parameter MIPGap to 0.01
   Prev: 0.0001  Min: 0.0  Max: inf  Default: 0.0001

Statistics for model Unnamed :
  Linear constraint matrix    : 0 Constrs, 0 Vars, 0 NZs
  Matrix coefficient range    : [ 0, 0 ]
  Objective coefficient range : [ 0, 0 ]
  Variable bound range        : [ 0, 0 ]
  RHS coefficient range       : [ 0, 0 ]

========================= Solve Assignment Problem =========================
Gurobi Optimizer version 9.1.1 build v9.1.1rc0 (linux64)
Thread count: 4 physical cores, 8 logical processors, using up to 8 threads
Optimize a model with 6176 rows, 31192 columns and 19811 nonzeros
Model fingerprint: 0xc85d0a35
Variable types: 1363 continuous, 29829 integer (29829 binary)
Coefficient statistics:
  Matrix range     [2e-04, 7e+04]
  Objective range  [1e+00, 1e+01]
  Bounds range     [1e+00, 4e+03]
  RHS range        [1e-01, 4e+07]
Presolve removed 2678 rows and 29900 columns
Presolve time: 0.09s
Presolved: 3498 rows, 1292 columns, 12100 nonzeros
Variable types: 221 continuous, 1071 integer (1071 binary)

Root relaxation: objective -4.461980e+03, 720 iterations, 0.02 seconds

    Nodes    |    Current Node    |     Objective Bounds      |     Work
 Expl Unexpl |  Obj  Depth IntInf | Incumbent    BestBd   Gap | It/Node Time

     0     0 -4461.9800    0   64          - -4461.9800      -     -    0s
H    0     0                    -4004.945608 -4461.9800  11.4%     -    0s
     0     0 -4461.9800    0  103 -4004.9456 -4461.9800  11.4%     -    0s
     0     0 -4461.9800    0  119 -4004.9456 -4461.9800  11.4%     -    0s
     0     0 -4461.7273    0  278 -4004.9456 -4461.7273  11.4%     -    0s
     0     0 -4461.5158    0  318 -4004.9456 -4461.5158  11.4%     -    0s
     0     0 -4461.4705    0  260 -4004.9456 -4461.4705  11.4%     -    0s
     0     0 -4461.4705    0  274 -4004.9456 -4461.4705  11.4%     -    0s
     0     0 -4459.2815    0  287 -4004.9456 -4459.2815  11.3%     -    0s
     0     0 -4456.6115    0  395 -4004.9456 -4456.6115  11.3%     -    0s
     0     0 -4455.9424    0  450 -4004.9456 -4455.9424  11.3%     -    0s
     0     0 -4455.8102    0  449 -4004.9456 -4455.8102  11.3%     -    0s
     0     0 -4455.7055    0  449 -4004.9456 -4455.7055  11.3%     -    0s
     0     0 -4455.6904    0  443 -4004.9456 -4455.6904  11.3%     -    0s
     0     0 -4455.6756    0  441 -4004.9456 -4455.6756  11.3%     -    0s
     0     0 -4455.6756    0  449 -4004.9456 -4455.6756  11.3%     -    0s
H    0     0                    -4214.010000 -4455.6756  5.73%     -    0s
H    0     0                    -4305.010000 -4455.6756  3.50%     -    0s
     0     0 -4445.0348    0  279 -4305.0100 -4445.0348  3.25%     -    0s
     0     0 -4441.9028    0  375 -4305.0100 -4441.9028  3.18%     -    0s
     0     0 -4441.2721    0  238 -4305.0100 -4441.2721  3.17%     -    0s
H    0     0                    -4324.980000 -4441.2721  2.69%     -    0s
     0     0 -4441.0845    0  312 -4324.9800 -4441.0845  2.68%     -    0s
     0     0 -4440.8585    0  389 -4324.9800 -4440.8585  2.68%     -    1s
     0     0 -4440.8218    0  295 -4324.9800 -4440.8218  2.68%     -    1s
     0     0 -4440.8208    0  306 -4324.9800 -4440.8208  2.68%     -    1s
     0     0 -4436.8468    0  372 -4324.9800 -4436.8468  2.59%     -    1s
H    0     0                    -4365.980000 -4436.8468  1.62%     -    1s
H    0     0                    -4372.370000 -4436.8468  1.47%     -    1s
     0     2 -4436.8468    0  372 -4372.3700 -4436.8468  1.47%     -    1s
H   52    32                    -4373.370000 -4434.6064  1.40%   103    2s
H  168   136                    -4373.370009 -4434.6064  1.40%  64.9    2s
H  830   641                    -4373.370011 -4427.8990  1.25%  47.0    4s
H 1051   771                    -4374.370000 -4425.8244  1.18%  45.7    4s
  1052   772 -4420.4730    6  372 -4374.3700 -4425.8244  1.18%  45.6    5s

Cutting planes:
  Gomory: 5
  Cover: 1
  Implied bound: 5
  MIR: 21
  Flow cover: 32
  GUB cover: 1
  Inf proof: 1
  Zero half: 21
  RLT: 22
  Relax-and-lift: 65

Explored 1093 nodes (61250 simplex iterations) in 6.81 seconds
Thread count was 8 (of 8 available processors)

Solution count 10: -4374.37 -4373.37 -4373.37 ... -4004.95

Optimal solution found (tolerance 1.00e-02)
Best objective -4.374370000000e+03, best bound -4.417656941034e+03, gap 0.9896%
14170.779999999999
[[], [182, 81, 82, 85, 183, 130]]
[[], [184, 181, 87, 83, 113, 88, 79]]
[[], [179, 180, 153, 80]]
[[], [89, 86, 114, 115, 116, 84, 117, 118, 119, 176]]
[[], [120, 121, 122, 123, 124, 169, 170, 178]]
[[46, 40], []]
[[100, 101, 102, 8, 2, 103, 104, 7, 9, 6, 4, 0, 5, 105, 106, 1, 3], [125, 126]]
[[], [127, 93, 185, 99, 95, 186, 188, 92, 90, 98, 91, 189, 190, 97, 96, 173]]
[[36, 39, 35, 26, 34, 44, 65, 33, 45, 53, 76], [128, 129, 131, 175]]
[[], [132, 133, 134, 135, 191, 192, 177]]
[[107, 108, 109], [136, 137, 138, 139, 172]]
[[], [140, 141, 142, 143, 144, 171]]
[[], [193, 194, 195, 94, 196, 197, 198, 199, 187]]
[[], [145, 146, 147, 148, 149, 150]]
[[], [151, 152, 154, 155, 156, 157, 158, 174]]
[[], [159, 160, 161, 162, 163, 164]]
[[58, 29, 75, 70, 28, 66, 71, 73, 47, 72, 31, 54, 20, 77, 51, 59, 22, 78, 74, 42, 43, 21, 64, 69, 25, 38, 52, 55, 57, 60, 62, 18, 67, 68, 27, 30, 32, 37, 41, 48, 49, 50, 56, 63, 61, 19, 23, 24], [165, 166, 167, 168]]
[[112, 15, 14, 10, 12, 110, 111, 16, 13, 17, 11], [200, 201, 202]]
改善 shift 14154.099999999999
改善 shift 13154.099999999999
改善 shift 12277.259999999998
改善 shift 12163.02
改善 shift 12139.220000000001
改善 shift 11485.279999999999
改善 shift 11414.279999999999
改善 shift 11334.279999999999
改善 shift 9703.38
改善 shift 9647.18
改善 shift 9442.939999999999
改善 shift 9421.759999999998
改善 shift 9351.759999999998
改善 shift 9163.909999999996
改善 shift 9146.949999999997
改善 shift 7878.949999999996
改善 shift 7799.669999999998
改善 shift 7700.169999999998
改善 shift 7698.809999999998
改善 shift 7598.629999999996
改善 shift 7569.629999999996
改善 shift 6143.67
改善 shift 4887.250000000001
改善 shift 4416.250000000001
改善 shift 4172.620000000001
改善 shift 3672.620000000001
改善 shift 3652.500000000001
改善 shift 3335.150000000001
改善 shift 3278.989999999997
改善 shift 2055.989999999997
改善 shift 1285.9899999999998
改善 shift 1266.8400000000001
改善 shift 828.9199999999992
改善 shift 547.3400000000001
改善 shift 385.28999999999996
改善 shift 382.52999999999975
改善 shift -1486.3200000000002
改善 shift -1490.5600000000002
改善 shift -1510.5600000000002
改善 shift -1510.94
改善 shift -1520.94
改善 shift -1539.94
改善 shift -1939.94
改善 shift -1949.94
改善 shift -1965.1400000000003
改善 shift -1986.1400000000003
改善 shift -2137.92
改善 shift -2593.87
改善 shift -2594.47
改善 shift -2616.89
改善 shift -2617.89
改善 shift -2617.97
改善 shift -2626.97
改善 shift -2628.35
改善 shift -2629.7299999999996
改善 shift -2639.7299999999996
改善 shift -2645.97
改善 shift -2651.5099999999998
改善 shift -2653.6699999999996
改善 shift -2657.35
改善 shift -2658.35
改善 shift -2696.35
改善 shift -2706.0099999999998
改善 shift -2708.7699999999995
改善 shift -2709.7699999999995
改善 shift -2763.0299999999997
改善 swap  -2776.0299999999997
改善 shift -2795.0299999999997
改善 shift -2833.0299999999997
改善 swap  -2857.33
改善 swap  -2876.33
改善 swap  -2896.33
-2896.33
----
0 0 0
110 307 0 0 3313.33
-2896.33
計算時間: 776.010067秒
