     Order_num  LPORT  DPORT  Units      RT  Weight
0            1      0      2     11   16.83    2254
1            2      0      3     26   33.26    1423
2            3      0      4    195  270.58    1647
3            4      0      5    250  343.75    1630
4            5      0      6    487  790.33    2046
..         ...    ...    ...    ...     ...     ...
104        105      1      3     49    1.36    1780
105        106      1      5      1    1.36    1730
106        107      1      5      1    1.46    1980
107        108      1      3      2    1.46    2130
108        109      1      6      7    1.47    2100

[109 rows x 6 columns]
   Order_num  LPORT  DPORT  Units       RT  Weight
0          1      0      2     11    16.83    2254
1          2      0      3     26    33.26    1423
2          3      0      4    195   270.58    1647
3          4      0      5    250   343.75    1630
4          5      0      6    487   790.33    2046
5          6      1      2   2707  3860.58    1495
6          7      1      3    237   326.84    1652
7          8      1      5    106   210.16    2601
8          9      1      6    722  1091.01    1883
[0, 1, 2, 3, 4, 5, 6, 7, 8]
Academic license - for non-commercial use only - expires 2022-10-13
Using license file /home/takeda/gurobi.lic
Changed value of parameter TimeLimit to 300.0
   Prev: inf  Min: 0.0  Max: inf  Default: inf
Changed value of parameter MIPFocus to 1
   Prev: 0  Min: 0  Max: 3  Default: 0
No parameters matching 'LPMethod' found
Changed value of parameter MIPGap to 0.01
   Prev: 0.0001  Min: 0.0  Max: inf  Default: 0.0001

Statistics for model Unnamed :
  Linear constraint matrix    : 0 Constrs, 0 Vars, 0 NZs
  Matrix coefficient range    : [ 0, 0 ]
  Objective coefficient range : [ 0, 0 ]
  Variable bound range        : [ 0, 0 ]
  RHS coefficient range       : [ 0, 0 ]

========================= Solve Assignment Problem =========================
Gurobi Optimizer version 9.1.1 build v9.1.1rc0 (linux64)
Thread count: 4 physical cores, 8 logical processors, using up to 8 threads
Optimize a model with 11364 rows, 45640 columns and 45483 nonzeros
Model fingerprint: 0x42a9576d
Variable types: 3169 continuous, 42471 integer (42471 binary)
Coefficient statistics:
  Matrix range     [3e-04, 8e+04]
  Objective range  [1e+00, 1e+01]
  Bounds range     [1e+00, 4e+03]
  RHS range        [1e-01, 4e+07]
Presolve removed 3815 rows and 43249 columns
Presolve time: 0.28s
Presolved: 7549 rows, 2391 columns, 31650 nonzeros
Variable types: 311 continuous, 2080 integer (2080 binary)

Root relaxation: objective -4.461980e+03, 1435 iterations, 0.06 seconds

    Nodes    |    Current Node    |     Objective Bounds      |     Work
 Expl Unexpl |  Obj  Depth IntInf | Incumbent    BestBd   Gap | It/Node Time

     0     0 -4461.9800    0  118          - -4461.9800      -     -    0s
H    0     0                     -86.0100000 -4461.9800  5088%     -    0s
H    0     0                    -1178.000000 -4461.9800   279%     -    0s
     0     0 -4454.3569    0  276 -1178.0000 -4454.3569   278%     -    0s
     0     0 -4453.7285    0  246 -1178.0000 -4453.7285   278%     -    0s
     0     0 -4453.7285    0  241 -1178.0000 -4453.7285   278%     -    0s
     0     0 -4417.0534    0  429 -1178.0000 -4417.0534   275%     -    0s
     0     0 -4408.3947    0  357 -1178.0000 -4408.3947   274%     -    1s
     0     0 -4408.3947    0  327 -1178.0000 -4408.3947   274%     -    1s
     0     0 -4381.8929    0  300 -1178.0000 -4381.8929   272%     -    1s
     0     0 -4381.0532    0  278 -1178.0000 -4381.0532   272%     -    1s
     0     0 -4380.9978    0  269 -1178.0000 -4380.9978   272%     -    1s
     0     0 -4380.9910    0  260 -1178.0000 -4380.9910   272%     -    1s
H    0     0                    -3404.740000 -4380.9910  28.7%     -    1s
     0     0 -4375.3267    0  543 -3404.7400 -4375.3267  28.5%     -    1s
     0     0 -4375.2396    0  507 -3404.7400 -4375.2396  28.5%     -    1s
     0     0 -4375.0254    0  496 -3404.7400 -4375.0254  28.5%     -    1s
     0     0 -4375.0248    0  497 -3404.7400 -4375.0248  28.5%     -    1s
H    0     0                    -4201.040000 -4375.0248  4.14%     -    1s
     0     0 -4371.4715    0  261 -4201.0400 -4371.4715  4.06%     -    2s
H    0     0                    -4258.450000 -4371.4715  2.65%     -    2s
     0     2 -4371.4715    0  245 -4258.4500 -4371.4715  2.65%     -    3s
H    4     8                    -4259.450000 -4371.4658  2.63%   115    3s
H   33    35                    -4270.450000 -4371.3767  2.36%   169    4s
    67    73 -4371.0893   16  255 -4270.4500 -4371.3767  2.36%   124    5s
H  174   190                    -4280.450000 -4371.3767  2.12%  93.2    6s
H  213   232                    -4282.450000 -4371.3767  2.08%  93.9    6s
   516   494 -4347.7064   24  164 -4282.4500 -4371.3766  2.08%  81.0   10s
H  518   494                    -4284.980000 -4371.3766  2.02%  80.8   10s
H  812   750                    -4294.315924 -4371.3766  1.79%  73.9   13s
H  864   776                    -4294.980000 -4371.3766  1.78%  72.7   14s
   912   854 -4319.9800   78   32 -4294.9800 -4371.3766  1.78%  73.9   15s
H 1003   866                    -4294.980013 -4371.3766  1.78%  70.6   15s
  1096   916 -4359.0773   21  376 -4294.9800 -4367.3279  1.68%  81.8   20s
  1144   957 -4366.3028   32  418 -4294.9800 -4367.2320  1.68%   101   25s
H 1440  1097                    -4304.980000 -4367.2320  1.45%   110   28s
  1577  1198 -4351.9460   52  276 -4304.9800 -4367.2320  1.45%   117   30s
H 1953  1291                    -4304.980003 -4367.2320  1.45%   119   32s
  1963  1343 -4335.7425   65  111 -4304.9800 -4367.2320  1.45%   120   35s
H 2023  1284                    -4304.980004 -4367.2320  1.45%   119   36s
H 2035  1240                    -4304.980010 -4367.2320  1.45%   119   36s
  2341  1374 -4350.8344   92   34 -4304.9800 -4367.2320  1.45%   117   40s
H 2518  1370                    -4311.000000 -4367.2320  1.30%   115   41s
H 2817  1341                    -4314.730000 -4367.2317  1.22%   116   43s
  2948  1423 -4349.4898   52  137 -4314.7300 -4367.2317  1.22%   116   45s
H 3314  1204                    -4328.260000 -4367.2317  0.90%   120   47s

Cutting planes:
  Gomory: 4
  Cover: 3
  Implied bound: 6
  MIR: 42
  Flow cover: 47
  Zero half: 45
  Mod-K: 1
  RLT: 32
  Relax-and-lift: 84

Explored 3330 nodes (412423 simplex iterations) in 47.33 seconds
Thread count was 8 (of 8 available processors)

Solution count 10: -4328.26 -4314.73 -4311 ... -4294.32

Optimal solution found (tolerance 1.00e-02)
Best objective -4.328260000000e+03, best bound -4.367231693290e+03, gap 0.9004%
53188.47999999998
[[12, 110, 31], [83, 113]]
[[], [84, 82, 79, 114, 115, 81, 80]]
[[], [116, 117, 118]]
[[], [130, 119, 120, 121, 122, 123, 124, 174]]
[[], [153, 125, 126, 127, 128, 129, 169, 172]]
[[46, 40, 41], []]
[[100, 36, 58, 101, 102, 35, 65, 9, 66, 67, 103, 104, 59, 64, 69, 57, 60, 62, 68, 37, 63], [131, 132, 182, 184]]
[[105, 106, 107, 61, 108, 109], [133, 183, 99, 173]]
[[39, 44, 45, 53, 75, 70, 71, 73, 47, 76, 72, 54, 20, 77, 51, 22, 78, 74, 42, 43, 21, 38, 52, 55, 18, 48, 49, 50, 56, 19], [134, 135, 136, 176]]
[[], [137, 138, 139, 93, 95, 92, 90, 98, 91, 177]]
[[], [179, 180, 89, 88, 86, 181, 85, 87, 97, 96, 140, 141, 142, 143]]
[[15, 14, 10, 16, 17, 11], [144, 145, 185, 186, 171, 187]]
[[], [188, 189, 190, 94, 191, 192, 193, 194, 202]]
[[], [146, 147, 148, 149, 150, 151, 178]]
[[111, 7, 112, 26, 34, 33, 8, 29, 28, 6, 25, 13, 27, 30, 32, 23, 24], [152, 154, 155, 156]]
[[2, 4, 0, 5, 1, 3], [157, 158, 159, 160, 161, 170]]
[[], [162, 163, 164, 165, 166, 167, 168, 175]]
[[], [195, 196, 197, 198, 199, 200, 201]]
改善 shift 52859.79999999999
改善 shift 52479.79999999999
改善 shift 52399.79999999999
改善 shift 47489.39999999998
改善 shift 46589.39999999998
改善 shift 46071.39999999997
改善 shift 46042.39999999999
改善 shift 44326.319999999985
改善 shift 42401.319999999985
改善 shift 38996.01999999999
改善 shift 29848.260000000002
改善 shift 29466.61999999999
改善 shift 26613.699999999993
改善 shift 26136.619999999988
改善 shift 25536.619999999988
改善 shift 25463.67999999999
改善 shift 25373.599999999988
改善 shift 25363.599999999988
改善 shift 25202.599999999988
改善 shift 25102.599999999988
改善 shift 23395.31999999999
改善 shift 21488.599999999988
改善 shift 20688.599999999988
改善 shift 19594.83999999999
改善 shift 18166.26999999999
改善 shift 18150.47999999999
改善 shift 18083.479999999985
改善 shift 18015.959999999985
改善 shift 17954.959999999985
改善 shift 17221.959999999985
改善 shift 17171.649999999987
改善 shift 16901.649999999994
改善 shift 15305.650000000003
改善 shift 12034.650000000001
改善 shift 11534.650000000001
改善 shift 10941.650000000007
改善 shift 10645.390000000007
改善 shift 10541.650000000007
改善 shift 10342.650000000007
改善 shift 3687.949999999998
改善 shift 3371.1299999999987
改善 shift 3271.1299999999987
改善 shift 2525.9799999999977
改善 shift 2407.7
改善 shift 1907.6999999999996
改善 shift 1879.0799999999974
改善 shift 1839.7599999999973
改善 shift 1829.7599999999973
改善 shift 1538.7599999999977
改善 shift 986.7599999999977
改善 shift 842.7199999999975
改善 shift 832.7999999999975
改善 shift 803.7999999999975
改善 shift -660.0000000000002
改善 shift -669.6600000000003
改善 shift -746.7600000000002
改善 shift -1017.7600000000002
改善 shift -1026.7600000000002
改善 shift -1178.16
改善 shift -1211.5600000000002
改善 shift -1601.5600000000002
改善 shift -1611.5600000000002
改善 shift -1616.0900000000001
改善 shift -1616.1200000000001
改善 shift -1639.6
改善 shift -1649.6
改善 shift -1669.6
改善 shift -1670.98
改善 shift -1689.96
改善 shift -1728.94
改善 shift -1733.08
改善 shift -1930.8200000000002
改善 shift -1939.8200000000002
改善 shift -1966.9
改善 shift -1983.8999999999996
改善 shift -1994.2399999999998
改善 shift -1995.2399999999998
改善 shift -1998.1599999999999
改善 shift -1999.54
改善 swap  -2116.46
改善 shift -2126.46
改善 swap  -2322.16
改善 swap  -2373.16
改善 shift -2393.16
改善 shift -2430.66
改善 swap  -2469.66
改善 swap  -2478.66
改善 swap  -2498.66
改善 shift -2508.66
改善 shift -2537.63
改善 shift -2537.66
改善 swap  -2603.6800000000003
改善 swap  -2693.6800000000003
改善 shift -2706.2799999999997
改善 shift -2710.48
改善 swap  -2759.48
改善 swap  -2799.48
改善 swap  -2809.48
改善 swap  -2890.48
改善 swap  -2910.48
改善 shift -2920.48
改善 swap  -2929.48
改善 swap  -2949.48
改善 swap  -2978.48
改善 swap  -2986.9100000000003
改善 shift -3072.76
改善 shift -3075.54
改善 shift -3079.62
改善 shift -3097.92
改善 shift -3105.14
改善 shift -3127.34
改善 shift -3131.78
改善 shift -3141.78
改善 shift -3159.08
改善 swap  -3189.48
改善 shift -3217.48
改善 shift -3218.48
改善 shift -3238.48
改善 shift -3247.48
-3247.48
----
0 0 0
210 484 0 0 3941.48
-3247.48
計算時間: 2650.39319秒
