     Order_num  LPORT  DPORT  Units       RT  Weight
0            1      0      4     11    16.83    2254
1            2      0      5    157   204.78    1545
2            3      0      6     50    67.63    1558
3            4      1      4   2713  3869.49    1497
4            5      1      5    786  1085.28    1633
..         ...    ...    ...    ...      ...     ...
104        105      2      5     49     1.36    1780
105        106      2      5      1     1.36    1730
106        107      2      5      1     1.46    1980
107        108      2      5      2     1.46    2130
108        109      3      5      7     1.47    2100

[109 rows x 6 columns]
    Order_num  LPORT  DPORT  Units       RT  Weight
0           1      0      4     11    16.83    2254
1           2      0      5    157   204.78    1545
2           3      0      6     50    67.63    1558
3           4      1      4   2713  3869.49    1497
4           5      1      5    786  1085.28    1633
5           6      2      4    209   453.30    2976
6           7      2      5     88   119.62    1766
7           8      2      6    212   293.75    1623
8           9      3      4    414   691.38    2104
9          10      3      5     20    27.45    1711
10         11      3      6     81   113.83    1780
[0, 1, 2, 3, 4, 5, 6, 7, 8, 9, 10]
Academic license - for non-commercial use only - expires 2022-10-13
Using license file /home/takeda/gurobi.lic
Changed value of parameter TimeLimit to 300.0
   Prev: inf  Min: 0.0  Max: inf  Default: inf
Changed value of parameter MIPFocus to 1
   Prev: 0  Min: 0  Max: 3  Default: 0
No parameters matching 'LPMethod' found
Changed value of parameter MIPGap to 0.01
   Prev: 0.0001  Min: 0.0  Max: inf  Default: 0.0001

Statistics for model Unnamed :
  Linear constraint matrix    : 0 Constrs, 0 Vars, 0 NZs
  Matrix coefficient range    : [ 0, 0 ]
  Objective coefficient range : [ 0, 0 ]
  Variable bound range        : [ 0, 0 ]
  RHS coefficient range       : [ 0, 0 ]

========================= Solve Assignment Problem =========================
Gurobi Optimizer version 9.1.1 build v9.1.1rc0 (linux64)
Thread count: 4 physical cores, 8 logical processors, using up to 8 threads
Optimize a model with 13504 rows, 46646 columns and 59665 nonzeros
Model fingerprint: 0xf3479ce5
Variable types: 3887 continuous, 42759 integer (42759 binary)
Coefficient statistics:
  Matrix range     [3e-04, 8e+04]
  Objective range  [1e+00, 1e+01]
  Bounds range     [1e+00, 4e+03]
  RHS range        [1e-01, 4e+07]
Presolve removed 4437 rows and 44037 columns
Presolve time: 0.34s
Presolved: 9067 rows, 2609 columns, 42501 nonzeros
Variable types: 360 continuous, 2249 integer (2249 binary)

Root relaxation: objective -3.401540e+03, 2609 iterations, 0.10 seconds

    Nodes    |    Current Node    |     Objective Bounds      |     Work
 Expl Unexpl |  Obj  Depth IntInf | Incumbent    BestBd   Gap | It/Node Time

     0     0 -3401.5397    0  405          - -3401.5397      -     -    0s
     0     0 -3360.0313    0  564          - -3360.0313      -     -    0s
     0     0 -3356.8764    0  575          - -3356.8764      -     -    1s
     0     0 -3356.4544    0  578          - -3356.4544      -     -    1s
     0     0 -3356.4544    0  578          - -3356.4544      -     -    1s
     0     0 -3295.7101    0  630          - -3295.7101      -     -    1s
     0     0 -3290.2863    0  588          - -3290.2863      -     -    1s
     0     0 -3286.4126    0  598          - -3286.4126      -     -    1s
     0     0 -3285.6815    0  590          - -3285.6815      -     -    1s
     0     0 -3285.6815    0  590          - -3285.6815      -     -    1s
     0     0 -3229.8169    0  613          - -3229.8169      -     -    2s
H    0     0                    2678.1000000 -3229.8169   221%     -    2s
H    0     0                    1889.3000000 -3229.8169   271%     -    2s
     0     0 -3222.9717    0  596 1889.30000 -3222.9717   271%     -    2s
H    0     0                    -2406.120000 -3222.9717  33.9%     -    2s
     0     0 -3221.9113    0  600 -2406.1200 -3221.9113  33.9%     -    2s
H    0     0                    -2460.120000 -3221.9113  31.0%     -    2s
     0     0 -3221.7804    0  614 -2460.1200 -3221.7804  31.0%     -    2s
H    0     0                    -2480.120000 -3221.7804  29.9%     -    2s
     0     0 -3221.6955    0  625 -2480.1200 -3221.6955  29.9%     -    2s
     0     0 -3221.6950    0  628 -2480.1200 -3221.6950  29.9%     -    2s
H    0     0                    -2520.700000 -3221.6950  27.8%     -    2s
     0     0 -3194.5723    0  532 -2520.7000 -3194.5723  26.7%     -    3s
     0     0 -3190.3664    0  648 -2520.7000 -3190.3664  26.6%     -    3s
     0     0 -3188.7260    0  575 -2520.7000 -3188.7260  26.5%     -    3s
     0     0 -3188.1108    0  600 -2520.7000 -3188.1108  26.5%     -    3s
     0     0 -3187.8193    0  598 -2520.7000 -3187.8193  26.5%     -    3s
     0     0 -3187.7853    0  599 -2520.7000 -3187.7853  26.5%     -    3s
     0     0 -3187.7476    0  603 -2520.7000 -3187.7476  26.5%     -    3s
     0     0 -3187.7439    0  608 -2520.7000 -3187.7439  26.5%     -    3s
     0     0 -3176.8334    0  558 -2520.7000 -3176.8334  26.0%     -    3s
H    0     0                    -2695.110000 -3176.8334  17.9%     -    4s
H    0     0                    -2745.270000 -3176.8334  15.7%     -    6s
     0     2 -3176.8334    0  558 -2745.2700 -3176.8334  15.7%     -    6s
H    2     4                    -2753.270000 -3176.8174  15.4%   108    6s
H    9    12                    -2785.710000 -3175.8845  14.0%   329    6s
H   14    16                    -2791.270000 -3175.8845  13.8%   300    6s
H   20    24                    -2794.270000 -3175.8845  13.7%   256    7s
H   27    32                    -2823.270000 -3175.8845  12.5%   238    7s
H   62    64                    -2853.270000 -3175.8845  11.3%   163    7s
H  102    94                    -2892.270000 -3175.8845  9.81%   125    8s
H  136   131                    -2902.730000 -3175.8845  9.41%   108    8s
H  178   170                    -2911.730000 -3175.8845  9.07%   101    8s
H  211   207                    -2930.060000 -3175.8845  8.39%  96.8    9s
H  258   219                    -2950.060000 -3175.8845  7.65%  88.5    9s
H  308   225                    -2960.060000 -3175.2375  7.27%  88.7    9s
   316   232 -3165.9538    5  631 -2960.0600 -3175.2375  7.27%  91.0   10s
H  410   292                    -2961.060000 -3175.2375  7.23%  90.8   11s
H  583   394                    -2970.060000 -3174.7673  6.89%   100   13s
H  616   395                    -2978.060000 -3174.7673  6.61%   102   13s
H  663   413                    -2979.060000 -3174.7673  6.57%   102   14s
   692   459 -2989.0912   36  170 -2979.0600 -3174.6523  6.57%   101   15s
H  705   457                    -2980.060000 -3174.6326  6.53%   101   15s
  1029   642 -3008.2687   34  558 -2980.0600 -3174.5834  6.53%   100   21s
  1060   664 -3097.1837   13  583 -2980.0600 -3097.1837  3.93%   110   25s
H 1106   659                    -2980.060017 -3075.4995  3.20%   116   33s
H 1107   629                    -2980.060030 -3075.4995  3.20%   126   33s
  1191   674 -3026.7171   45  350 -2980.0600 -3074.8114  3.18%   134   35s
  1455   731 -3025.2194   67  219 -2980.0600 -3074.7640  3.18%   136   41s
  1726   791 -3010.1086   43  356 -2980.0600 -3073.5325  3.14%   136   45s
  1943   827 -3062.1354   43  500 -2980.0600 -3073.3082  3.13%   138   50s
  2119   897 -2999.9068   51  424 -2980.0600 -3073.3082  3.13%   140   55s
  2435   921 -3004.0583   73  364 -2980.0600 -3073.3082  3.13%   150   60s
  2683   895 -3060.2331   43  525 -2980.0600 -3067.1752  2.92%   157   65s
H 2958   916                    -2981.060000 -3064.4647  2.80%   160   68s
  2971  1010     cutoff   54      -2981.0600 -3064.0777  2.78%   161   70s
  3590  1294 -3002.4023   70  330 -2981.0600 -3063.4393  2.76%   158   75s
  3887  1393 -3036.3131   44  327 -2981.0600 -3060.9600  2.68%   161   80s
  4251  1503     cutoff   47      -2981.0600 -3059.6335  2.64%   167   85s
  4855  1822 -3039.2641   44  348 -2981.0600 -3058.0607  2.58%   169   90s
  5373  2084     cutoff   54      -2981.0600 -3057.0019  2.55%   170   96s
  5788  2336     cutoff   78      -2981.0600 -3056.4101  2.53%   167  100s
  6499  2729 -3009.1794   77  190 -2981.0600 -3055.2701  2.49%   163  106s
  6908  2886 -3026.3980   66  221 -2981.0600 -3054.6771  2.47%   165  111s
  7277  3197 -2992.9202   58  448 -2981.0600 -3054.2485  2.46%   166  115s
H 7600  3378                    -2981.060006 -3054.2376  2.45%   164  118s
  7917  3626 -3012.4902   73  306 -2981.0600 -3053.6842  2.44%   163  120s
  8620  3982 -2982.7438   64  188 -2981.0600 -3052.7612  2.41%   162  125s
  9375  4399 -2997.2378   65  179 -2981.0600 -3051.4242  2.36%   159  131s
  9761  4602 -3034.3416   55  472 -2981.0600 -3050.8667  2.34%   159  137s
 10098  4900 -2986.2960   71  133 -2981.0600 -3050.5485  2.33%   157  140s
 10590  5257 -3016.8256   54  257 -2981.0600 -3049.8832  2.31%   156  145s
 11585  5717 -3042.8657   77  398 -2981.0600 -3048.9459  2.28%   154  151s
 12441  6196 infeasible   47      -2981.0600 -3048.3890  2.26%   153  157s
 12784  6449 -2985.0642   77  230 -2981.0600 -3048.1191  2.25%   153  160s
 13670  6842 -3039.1253   45  396 -2981.0600 -3047.9808  2.24%   151  166s
 14444  7161 -2990.7162   65  383 -2981.0600 -3047.3370  2.22%   151  172s
 14698  7271 -3004.6066   54  226 -2981.0600 -3047.1923  2.22%   152  177s
 14920  7362 -3033.9246   47  466 -2981.0600 -3046.9807  2.21%   152  180s
 15515  7703 -3019.7376   51  397 -2981.0600 -3046.4229  2.19%   154  189s
 15866  7901 -3038.5280   70  458 -2981.0600 -3046.0284  2.18%   155  193s
 16248  8046 -2987.3358   93  145 -2981.0600 -3045.7957  2.17%   155  197s
 16625  8203 -2982.8362   51  465 -2981.0600 -3045.2351  2.15%   155  201s
 16985  8414     cutoff   43      -2981.0600 -3045.0558  2.15%   156  206s
 17419  8726     cutoff   93      -2981.0600 -3044.5207  2.13%   156  210s
 18393  9076 -2992.2084   70  207 -2981.0600 -3044.1967  2.12%   157  219s
 18720  9209 -2988.8731   63  196 -2981.0600 -3044.1036  2.11%   157  222s
 19081  9434 -3024.3931   81  298 -2981.0600 -3043.7350  2.10%   157  227s
 19502  9687 -3032.9906   79  435 -2981.0600 -3043.6803  2.10%   157  232s
 20051  9960     cutoff   54      -2981.0600 -3043.4297  2.09%   157  237s
 20610 10167 -3027.2119   56  432 -2981.0600 -3043.2662  2.09%   156  242s
 21012 10492 -3034.9215   63  301 -2981.0600 -3043.1478  2.08%   156  247s
 21706 10645 -3033.6402   57  343 -2981.0600 -3042.9281  2.08%   155  250s
 22456 11014 -3015.9355   63  370 -2981.0600 -3042.7077  2.07%   155  258s
 22852 11232 -3013.9859   73  128 -2981.0600 -3042.5872  2.06%   156  262s
 23357 11516 -3023.9211   83  392 -2981.0600 -3042.4301  2.06%   155  266s
H23799 11516                    -2981.060006 -3042.3558  2.06%   155  266s
 23905 11613 -3001.7433   61  333 -2981.0600 -3042.3469  2.06%   155  272s
H24046 11613                    -2981.060018 -3042.3469  2.06%   154  272s
 24078 11881 -3000.5688   62  231 -2981.0600 -3042.3469  2.06%   154  276s
 24570 12075 -3028.2303   78  328 -2981.0600 -3042.2852  2.05%   154  280s
 25637 12495 -3014.3189   75  194 -2981.0600 -3041.9874  2.04%   153  288s
 26013 12777 -3031.9827   67  272 -2981.0600 -3041.8985  2.04%   153  292s
 26563 12977 -2997.4852   78  137 -2981.0600 -3041.8157  2.04%   152  295s
 27466 13189 -3004.1122   58  197 -2981.0600 -3041.5781  2.03%   152  300s

Cutting planes:
  Gomory: 18
  Cover: 3
  Implied bound: 11
  MIR: 81
  Flow cover: 161
  Inf proof: 10
  Zero half: 87
  RLT: 81
  Relax-and-lift: 142

Explored 27509 nodes (4197299 simplex iterations) in 300.01 seconds
Thread count was 8 (of 8 available processors)

Solution count 10: -2981.06 -2981.06 -2981.06 ... -2970.06

Time limit reached
Best objective -2.981060019587e+03, best bound -3.041578123742e+03, gap 2.0301%
28407.779999999995
[[2, 4, 0, 5, 1, 3], [113, 84, 83, 86, 82, 85, 79, 80], [46, 44, 30, 61], []]
[[], [114, 175], [36, 39, 35, 78], []]
[[26, 29, 28, 20, 22, 21, 25, 18, 27, 19, 23, 24], [115], [34, 33, 73, 32], []]
[[], [130, 116, 81, 153], [45, 58, 75, 76, 72, 31, 54, 77, 59, 74, 38, 55, 57, 60, 62, 37, 56, 182, 7, 184, 181, 63], []]
[[], [117, 118, 119, 120, 121, 164, 166, 176], [], []]
[[12, 10, 13, 11], [], [], []]
[[], [122, 93, 185, 186, 92, 90, 91, 188, 189, 190, 191, 192, 200], [], [40, 65, 53, 66, 50]]
[[], [123, 124, 125, 126, 127, 128, 129, 168, 178], [], [100, 8, 9]]
[[], [131, 132, 133, 169], [], [101, 102]]
[[], [134, 135, 136, 137, 138, 170], [], [70, 71, 47, 51, 67, 49]]
[[], [139, 140, 141, 167, 177], [], [103, 104, 42, 43, 64, 69, 52, 68, 41, 48, 109]]
[[], [142, 143, 144, 171], [], [105, 108]]
[[], [145, 146, 147, 148, 149, 150, 151, 173], [], []]
[[], [152, 165, 174, 201], [], [106, 15, 99, 16, 107, 17]]
[[], [154, 155, 156, 157, 172], [183, 89, 88, 6, 87], []]
[[], [158, 159, 160, 161], [179, 180], []]
[[], [193, 194, 195, 162, 163, 187], [95, 94, 14, 98, 97, 96], []]
[[110, 111, 112], [196, 197, 198, 199, 202], [], []]
改善 shift 28151.1
改善 shift 27608.079999999994
改善 shift 27549.329999999994
改善 shift 24037.789999999997
改善 shift 23880.779999999995
改善 shift 23565.42
改善 shift 22642.429999999997
改善 shift 22600.199999999997
改善 shift 19575.909999999996
改善 shift 18571.769999999997
改善 shift 17615.92
改善 shift 15545.209999999995
改善 shift 15286.739999999996
改善 shift 14100.499999999998
改善 shift 12386.389999999998
改善 shift 12373.229999999998
改善 shift 12316.129999999997
改善 shift 12249.449999999997
改善 shift 11803.089999999998
改善 shift 9435.66
改善 shift 9430.11
改善 shift 9361.06
改善 shift 9254.529999999999
改善 shift 9057.869999999999
改善 shift 8450.58
改善 shift 7994.7
改善 shift 7987.299999999999
改善 shift 6454.08
改善 shift 6451.16
改善 shift 5858.74
改善 shift 5158.47
改善 shift 5060.47
改善 shift 4952.95
改善 shift 3561.4800000000005
改善 shift 3469.6399999999985
改善 shift 3385.959999999998
改善 shift 3068.6
改善 shift 2976.7400000000002
改善 shift 2925.3800000000006
改善 shift 2914.3100000000004
改善 shift 2816.15
改善 shift 2815.44
改善 shift 2755.44
改善 shift 2715.44
改善 shift 2516.44
改善 shift 2341.6000000000004
改善 shift 1852.94
改善 shift 1758.7799999999997
改善 shift 974.6300000000001
改善 shift 876.48
改善 shift 876.1700000000001
改善 shift 873.5299999999997
改善 shift 856.2700000000004
改善 shift 852.1300000000001
改善 shift 848.0300000000007
改善 shift 817.0800000000004
改善 shift 796.0800000000004
改善 shift 781.5800000000004
改善 shift 752.5800000000004
改善 shift 741.8400000000001
改善 shift 728.2399999999998
改善 shift 356.09000000000015
改善 shift 273.1700000000001
改善 shift -144.24000000000024
改善 shift -214.74000000000024
改善 shift -215.36000000000013
改善 shift -219.25999999999976
改善 shift -220.25999999999976
改善 shift -240.25999999999976
改善 shift -241.57999999999993
改善 shift -242.94000000000005
改善 shift -243.01999999999998
改善 shift -258.32000000000016
改善 shift -263.55999999999995
改善 shift -265.0400000000004
改善 shift -268.7000000000003
改善 shift -270.2099999999996
改善 shift -270.25999999999976
改善 shift -274.9000000000001
改善 shift -279.30999999999995
改善 shift -306.9499999999998
改善 shift -390.3499999999999
改善 shift -391.71000000000004
改善 shift -391.8499999999999
改善 shift -395.1700000000001
改善 shift -396.3599999999997
改善 shift -794.3599999999997
改善 shift -871.2600000000002
改善 shift -873.5500000000002
改善 shift -874.5100000000002
改善 shift -875.5100000000002
改善 shift -876.9400000000005
改善 shift -938.7400000000002
改善 shift -940.3100000000004
改善 shift -941.6900000000005
改善 shift -947.4500000000003
改善 shift -950.8299999999999
改善 shift -950.8300000000004
改善 shift -960.4500000000003
改善 shift -961.4000000000005
改善 shift -990.0000000000005
改善 shift -990.2300000000005
改善 shift -1020.2300000000005
改善 shift -1027.3700000000003
改善 shift -1223.6599999999999
改善 shift -1225.02
改善 shift -1226.4499999999998
改善 shift -1226.8200000000002
改善 shift -1227.8200000000002
改善 shift -1228.25
改善 shift -1228.4499999999998
改善 shift -1243.5100000000002
改善 shift -1247.37
改善 shift -1256.63
改善 shift -1266.63
改善 shift -1268.5899999999997
改善 shift -1268.5900000000001
改善 shift -1269.77
改善 shift -1270.37
改善 shift -1309.79
改善 shift -1311.79
改善 shift -1326.87
改善 shift -1348.55
改善 shift -1388.21
改善 shift -1409.65
改善 shift -1409.9099999999999
改善 shift -1409.91
改善 shift -1410.33
改善 shift -1410.41
改善 shift -1418.8700000000001
改善 shift -1418.8700000000003
改善 shift -1420.3000000000002
改善 shift -1463.3000000000002
改善 shift -1464.3000000000002
改善 shift -1464.3700000000003
改善 shift -1465.4500000000003
改善 shift -1466.83
改善 shift -1470.97
改善 shift -1470.9700000000003
改善 shift -1471.7000000000003
改善 shift -1476.5800000000002
改善 shift -1477.1000000000001
改善 shift -1478.72
改善 shift -1485.52
改善 shift -1486.4
改善 shift -1535.4
改善 shift -1805.8700000000001
改善 shift -1805.8700000000003
改善 swap  -1808.7800000000002
改善 swap  -1812.0600000000002
改善 shift -1814.7000000000003
改善 swap  -1817.9800000000002
改善 swap  -1818.0600000000002
改善 shift -1818.0600000000004
改善 swap  -1818.0900000000001
改善 swap  -1818.13
改善 swap  -1820.8500000000001
改善 swap  -1840.8500000000001
改善 swap  -1841.6900000000003
改善 swap  -1841.8900000000003
改善 swap  -1843.2500000000002
改善 shift -1843.2500000000005
改善 shift -1853.5400000000004
改善 swap  -1854.8000000000002
改善 shift -1855.5200000000004
改善 swap  -1855.5400000000004
改善 swap  -1855.6600000000003
改善 swap  -1857.38
改善 shift -1858.7400000000002
改善 swap  -1860.8000000000002
改善 shift -1871.7300000000002
改善 shift -1872.9300000000003
改善 swap  -1873.2100000000003
改善 swap  -1873.2100000000005
改善 shift -1873.6800000000003
-1873.6800000000003
----
0 0 0
160 585 1011.2799999999997 0 3629.96
-1873.6800000000003
計算時間: 3009.029251秒
