     Order_num  LPORT  DPORT  Units       RT  Weight
0            1      0      2    450   749.80    2111
1            2      0      3    176   229.74    1538
2            3      0      4    343   475.21    1651
3            4      1      2   2897  4281.20    1598
4            5      1      3    875  1207.39    1652
..         ...    ...    ...    ...      ...     ...
249        250      1      3     49     1.36    1780
250        251      1      3      1     1.36    1730
251        252      1      3      1     1.46    1980
252        253      1      3      2     1.46    2130
253        254      1      3      7     1.47    2100

[254 rows x 6 columns]
   Order_num  LPORT  DPORT  Units       RT  Weight
0          1      0      2    450   749.80    2111
1          2      0      3    176   229.74    1538
2          3      0      4    343   475.21    1651
3          4      1      2   2897  4281.20    1598
4          5      1      3    875  1207.39    1652
[0, 1, 2, 3, 4]
Academic license - for non-commercial use only - expires 2022-10-13
Using license file /home/takeda/gurobi.lic
Changed value of parameter TimeLimit to 300.0
   Prev: inf  Min: 0.0  Max: inf  Default: inf
Changed value of parameter MIPFocus to 1
   Prev: 0  Min: 0  Max: 3  Default: 0
No parameters matching 'LPMethod' found
Changed value of parameter MIPGap to 0.01
   Prev: 0.0001  Min: 0.0  Max: inf  Default: 0.0001

Statistics for model Unnamed :
  Linear constraint matrix    : 0 Constrs, 0 Vars, 0 NZs
  Matrix coefficient range    : [ 0, 0 ]
  Objective coefficient range : [ 0, 0 ]
  Variable bound range        : [ 0, 0 ]
  RHS coefficient range       : [ 0, 0 ]

========================= Solve Assignment Problem =========================
Gurobi Optimizer version 9.1.1 build v9.1.1rc0 (linux64)
Thread count: 4 physical cores, 8 logical processors, using up to 8 threads
Optimize a model with 6176 rows, 31192 columns and 19811 nonzeros
Model fingerprint: 0xbf525507
Variable types: 1363 continuous, 29829 integer (29829 binary)
Coefficient statistics:
  Matrix range     [2e-04, 7e+04]
  Objective range  [1e+00, 1e+01]
  Bounds range     [1e+00, 4e+03]
  RHS range        [1e-01, 4e+07]
Presolve removed 2678 rows and 29900 columns
Presolve time: 0.09s
Presolved: 3498 rows, 1292 columns, 12100 nonzeros
Variable types: 221 continuous, 1071 integer (1071 binary)

Root relaxation: objective -4.461980e+03, 674 iterations, 0.02 seconds

    Nodes    |    Current Node    |     Objective Bounds      |     Work
 Expl Unexpl |  Obj  Depth IntInf | Incumbent    BestBd   Gap | It/Node Time

     0     0 -4461.9800    0  106          - -4461.9800      -     -    0s
     0     0 -4461.9800    0  260          - -4461.9800      -     -    0s
     0     0 -4461.9800    0  173          - -4461.9800      -     -    0s
     0     0 -4461.3734    0  177          - -4461.3734      -     -    0s
     0     0 -4461.3042    0  381          - -4461.3042      -     -    0s
     0     0 -4460.9581    0  392          - -4460.9581      -     -    0s
     0     0 -4460.8201    0  386          - -4460.8201      -     -    0s
     0     0 -4460.8058    0  376          - -4460.8058      -     -    0s
     0     0 -4460.8039    0  377          - -4460.8039      -     -    0s
     0     0 -4460.8039    0  381          - -4460.8039      -     -    0s
H    0     0                    -4304.610000 -4460.8039  3.63%     -    0s
H    0     0                    -4309.610000 -4460.8039  3.51%     -    0s
     0     0 -4454.6734    0  338 -4309.6100 -4454.6734  3.37%     -    0s
     0     0 -4452.5292    0  429 -4309.6100 -4452.5292  3.32%     -    0s
     0     0 -4452.3388    0  372 -4309.6100 -4452.3388  3.31%     -    0s
     0     0 -4452.2900    0  374 -4309.6100 -4452.2900  3.31%     -    0s
     0     0 -4452.2881    0  333 -4309.6100 -4452.2881  3.31%     -    0s
     0     0 -4443.3082    0  389 -4309.6100 -4443.3082  3.10%     -    1s
     0     0 -4440.8129    0  309 -4309.6100 -4440.8129  3.04%     -    1s
     0     0 -4440.1673    0  269 -4309.6100 -4440.1673  3.03%     -    1s
     0     0 -4440.0954    0  299 -4309.6100 -4440.0954  3.03%     -    1s
     0     0 -4440.0757    0  297 -4309.6100 -4440.0757  3.03%     -    1s
     0     0 -4440.0627    0  297 -4309.6100 -4440.0627  3.03%     -    1s
     0     0 -4440.0417    0  297 -4309.6100 -4440.0417  3.03%     -    1s
     0     0 -4440.0417    0  297 -4309.6100 -4440.0417  3.03%     -    1s
     0     0 -4434.4999    0  224 -4309.6100 -4434.4999  2.90%     -    1s
H    0     0                    -4329.610000 -4434.4999  2.42%     -    1s
     0     2 -4434.4999    0  211 -4329.6100 -4434.4999  2.42%     -    1s
H  167   150                    -4366.980000 -4424.0357  1.31%  61.0    2s
H  650   364                    -4375.980000 -4422.2819  1.06%  55.3    3s
  1047   638 -4399.4520   17  110 -4375.9800 -4421.2227  1.03%  47.5    5s
H 1050   607                    -4375.980020 -4420.3653  1.01%  47.4    6s

Cutting planes:
  Gomory: 5
  Implied bound: 8
  MIR: 11
  Flow cover: 41
  Zero half: 31
  RLT: 23
  Relax-and-lift: 62

Explored 1056 nodes (61182 simplex iterations) in 6.40 seconds
Thread count was 8 (of 8 available processors)

Solution count 6: -4375.98 -4375.98 -4366.98 ... -4304.61

Optimal solution found (tolerance 1.00e-02)
Best objective -4.375980019891e+03, best bound -4.418980747161e+03, gap 0.9827%
21850.06999999999
[[], [259, 118, 260, 168]]
[[], [261, 116, 117, 148, 204]]
[[249, 7, 28, 27, 51], [262]]
[[], [169, 113, 256, 257, 115, 258, 149, 150, 119, 205, 206, 114]]
[[], [243, 247, 246, 212, 244, 263, 213, 210, 151, 152, 208]]
[[29, 25, 35, 22, 23], []]
[[37, 49, 33, 42, 46, 26, 40, 48, 24, 34, 39, 45, 30, 38, 44, 50, 31, 36, 43, 47, 32, 41, 68, 58], [153, 120, 264, 214, 215, 216, 217, 218, 219, 245, 220, 221, 222, 223, 224, 225, 211, 248]]
[[], [154, 170, 226, 227, 228, 229, 209, 230, 231, 232, 233, 234, 235, 236, 237, 238, 239, 240, 241, 242]]
[[], [155, 156, 121, 157, 158, 159]]
[[], [160, 161, 122, 207, 162, 163, 171, 201]]
[[10, 5], [164, 165, 203, 166, 167, 123, 124, 198]]
[[], [125, 126, 127, 172, 128, 129, 130, 131, 197]]
[[80, 70, 73, 69, 60, 74, 78, 99, 92, 67, 79, 87, 63, 109, 104, 62, 100, 105, 107, 81, 110, 106, 65, 88, 54, 111, 85, 93, 56, 112, 108, 76, 77, 55, 98, 103, 59, 72, 86, 89, 91, 94, 96, 52, 101, 102, 61, 64, 66, 71, 75, 82, 83, 84, 90, 97, 95, 53, 57], []]
[[], [132, 133, 134, 135, 136, 137, 138, 139, 199]]
[[], [140, 141, 142, 143, 144, 145, 146, 147, 173, 174, 175, 200]]
[[], [176, 177, 178, 179, 180, 181, 182, 183, 184, 185, 186, 187, 196]]
[[250, 252, 253, 6, 1], [188, 189, 190, 191, 192, 193, 194, 195, 202]]
[[254, 15, 255, 13, 3, 14, 20, 17, 251, 8, 19, 9, 21, 12, 16, 11, 18, 2, 4, 0], []]
改善 shift 21039.44999999999
改善 shift 20931.06999999999
改善 shift 19343.06999999999
改善 shift 19003.77999999999
改善 shift 18980.93999999999
改善 shift 18901.93999999999
改善 shift 17730.339999999993
改善 shift 17531.519999999993
改善 shift 17361.519999999993
改善 shift 17088.039999999994
改善 shift 15255.039999999994
改善 shift 15112.579999999993
改善 shift 14548.579999999993
改善 shift 14268.239999999993
改善 shift 13831.959999999992
改善 shift 12574.359999999993
改善 shift 12505.359999999993
改善 shift 12220.319999999989
改善 shift 12150.319999999989
改善 shift 11781.349999999993
改善 shift 11640.349999999993
改善 shift 11454.349999999993
改善 shift 11374.349999999993
改善 shift 11174.349999999993
改善 shift 11154.34999999999
改善 shift 11119.549999999994
改善 shift 10367.089999999995
改善 shift 10087.089999999995
改善 shift 9787.089999999995
改善 shift 9723.649999999996
改善 shift 9645.549999999996
改善 shift 9601.689999999995
改善 shift 7986.869999999993
改善 shift 7909.109999999991
改善 shift 7840.589999999993
改善 shift 7740.589999999993
改善 shift 6714.389999999992
改善 shift 6276.869999999994
改善 shift 6177.869999999994
改善 shift 6157.149999999992
改善 shift 5969.009999999993
改善 shift 5711.4899999999925
改善 shift 5114.229999999995
改善 shift 5110.089999999991
改善 shift 5003.989999999994
改善 shift 4908.089999999993
改善 shift 4736.089999999993
改善 shift 4720.809999999994
改善 shift 4349.809999999994
改善 shift 4122.569999999994
改善 shift 3958.849999999994
改善 shift 3938.849999999994
改善 shift 3661.329999999994
改善 shift 3612.629999999994
改善 shift 3512.629999999994
改善 shift 3501.6099999999947
改善 shift 3481.189999999994
改善 shift 3381.189999999994
改善 shift 2681.189999999994
改善 shift 2643.809999999994
改善 shift 2243.809999999994
改善 shift 2057.609999999994
改善 shift 1719.509999999993
改善 shift 1484.9099999999935
改善 shift 1183.9099999999935
改善 shift 1121.9099999999935
改善 shift 1115.3899999999935
改善 shift 1035.3899999999935
改善 shift -795.2300000000027
改善 shift -831.8500000000022
改善 shift -834.6100000000024
改善 shift -863.2500000000023
改善 shift -866.0100000000025
改善 shift -867.8500000000022
改善 shift -868.7700000000023
改善 shift -870.1500000000024
改善 shift -872.9100000000021
改善 shift -1320.9100000000021
改善 shift -1410.5100000000025
改善 shift -1410.9700000000025
改善 shift -1499.8300000000027
改善 shift -1670.8300000000027
改善 shift -1742.660000000003
改善 shift -1834.3800000000028
改善 shift -1842.660000000003
改善 shift -1844.0400000000031
改善 shift -1861.1900000000032
改善 shift -1861.570000000003
改善 shift -1875.8700000000026
改善 shift -1900.890000000002
改善 shift -2221.510000000002
改善 shift -2674.5300000000007
改善 shift -2703.5300000000007
改善 shift -2725.15
改善 shift -2726.15
改善 shift -2727.5299999999997
改善 shift -2742.71
改善 shift -2771.71
改善 shift -2796.27
改善 shift -2816.27
改善 shift -2830.27
改善 shift -2837.17
改善 shift -2857.17
改善 shift -2915.2
改善 shift -2916.58
改善 shift -3058.26
改善 shift -3059.6400000000003
改善 shift -3062.6800000000003
改善 shift -3106.26
改善 shift -3107.6400000000003
改善 shift -3108.6000000000004
改善 shift -3108.7000000000003
改善 shift -3110.0600000000004
改善 shift -3124.54
改善 shift -3124.94
改善 shift -3129.08
改善 shift -3158.08
改善 shift -3272.08
改善 shift -3281.88
改善 shift -3281.92
改善 shift -3283.88
改善 shift -3284.7
改善 shift -3303.94
改善 swap  -3308.54
改善 shift -3311.86
改善 shift -3331.86
改善 shift -3360.86
改善 swap  -3370.86
改善 swap  -3441.3600000000006
改善 swap  -3476.12
-3476.12
----
0 0 0
190 473 0 0 4139.12
-3476.12
計算時間: 1605.045265秒
